16.3679 	INFO 	Loaded monitor calibration from ['2026_03_11 12:45']
16.5480 	EXP 	Created window1 = Window(allowGUI=False, allowStencil=True, autoLog=True, backendConf=UNKNOWN, backgroundFit=<method-wrapper '__getattribute__' of attributeSetter object at 0x173db1630>, backgroundImage=<method-wrapper '__getattribute__' of attributeSetter object at 0x173db0070>, bitsMode=UNKNOWN, blendMode='avg', bpc=(8, 8, 8), color=array([0, 0, 0]), colorSpace='rgb', depthBits=8, fullscr=True, gamma=None, gammaErrorPolicy='raise', infoMsg=UNKNOWN, lms=UNKNOWN, monitor=<psychopy.monitors.calibTools.Monitor object at 0x173a520e0>, multiSample=False, name='window1', numSamples=2, pos=[0.0, 0.0], screen=0, size=array([3456, 2234]), stencilBits=8, stereo=False, title='PsychoPy', units='height', useFBO=True, useRetina=True, viewOri=0.0, viewPos=None, viewScale=None, waitBlanking=True, winType='pyglet')
16.5480 	EXP 	window1: backgroundImage = ''
16.5480 	EXP 	window1: backgroundFit = 'none'
16.5881 	EXP 	window1: Attempting to measure frame rate of screen (0) ...
16.5881 	EXP 	window1: recordFrameIntervals = False
16.7902 	EXP 	window1: recordFrameIntervals = True
17.6176 	WARNING 	Couldn't measure a consistent frame rate!
  - Is your graphics card set to sync to vertical blank?
  - Are you running other processes on your computer?

18.2944 	INFO 	keyboard.Keyboard is using ptb backend.
18.4727 	INFO 	keyboard.Keyboard is using ptb backend.
18.6489 	INFO 	keyboard.Keyboard is using ptb backend.
18.8266 	INFO 	keyboard.Keyboard is using ptb backend.
19.0026 	INFO 	keyboard.Keyboard is using ptb backend.
19.1811 	INFO 	keyboard.Keyboard is using ptb backend.
19.3603 	INFO 	keyboard.Keyboard is using ptb backend.
19.5388 	INFO 	keyboard.Keyboard is using ptb backend.
19.7167 	INFO 	keyboard.Keyboard is using ptb backend.
19.8952 	INFO 	keyboard.Keyboard is using ptb backend.
20.0724 	INFO 	keyboard.Keyboard is using ptb backend.
20.2498 	INFO 	keyboard.Keyboard is using ptb backend.
20.4277 	INFO 	keyboard.Keyboard is using ptb backend.
20.6060 	INFO 	keyboard.Keyboard is using ptb backend.
20.7835 	INFO 	keyboard.Keyboard is using ptb backend.
20.9629 	INFO 	keyboard.Keyboard is using ptb backend.
21.1410 	INFO 	keyboard.Keyboard is using ptb backend.
21.3186 	INFO 	keyboard.Keyboard is using ptb backend.
21.4967 	INFO 	keyboard.Keyboard is using ptb backend.
21.6742 	INFO 	keyboard.Keyboard is using ptb backend.
21.8521 	INFO 	keyboard.Keyboard is using ptb backend.
22.0292 	INFO 	keyboard.Keyboard is using ptb backend.
22.2075 	INFO 	keyboard.Keyboard is using ptb backend.
22.3847 	INFO 	keyboard.Keyboard is using ptb backend.
22.5628 	INFO 	keyboard.Keyboard is using ptb backend.
22.7399 	INFO 	keyboard.Keyboard is using ptb backend.
22.9183 	INFO 	keyboard.Keyboard is using ptb backend.
23.0954 	INFO 	keyboard.Keyboard is using ptb backend.
23.2736 	INFO 	keyboard.Keyboard is using ptb backend.
23.2737 	EXP 	EmoNback_Practice: status = STARTED
23.3595 	EXP 	Created FaceImage = ImageStim(__class__=<class 'psychopy.visual.image.ImageStim'>, anchor=('center', 'center'), autoLog=True, color=array([1., 1., 1.]), colorSpace='rgb', contrast=1.0, depth=-2.0, draggable=False, flipHoriz=False, flipVert=False, image='VM Stimuli/PracticeNC1.bmp', interpolate=True, mask=None, maskParams=None, name='FaceImage', opacity=1, ori=0.0, pos=array([0., 0.]), size=array([0.3, 0.3]), texRes=128.0, units='height', win=Window(...))
23.3703 	EXP 	Created PlaceImage = ImageStim(__class__=<class 'psychopy.visual.image.ImageStim'>, anchor=('center', 'center'), autoLog=True, color=array([1., 1., 1.]), colorSpace='rgb', contrast=1.0, depth=-2.0, draggable=False, flipHoriz=False, flipVert=False, image='VM Stimuli/Place1.bmp', interpolate=True, mask=None, maskParams=None, name='PlaceImage', opacity=1, ori=0.0, pos=array([0., 0.]), size=array([0.3, 0.3]), texRes=128.0, units='height', win=Window(...))
23.4043 	EXP 	Created TargetImage = ImageStim(__class__=<class 'psychopy.visual.image.ImageStim'>, anchor=('center', 'center'), autoLog=True, color=array([1., 1., 1.]), colorSpace='rgb', contrast=1.0, depth=-3.0, draggable=False, flipHoriz=False, flipVert=False, image='VM Stimuli/PracticeNC1.bmp', interpolate=True, mask=None, maskParams=None, name='TargetImage', opacity=1, ori=0.0, pos=array([0.2, 0. ]), size=array([0.22, 0.22]), texRes=128.0, units='height', win=Window(...))
23.5009 	EXP 	Created CueTargetImage_1 = ImageStim(__class__=<class 'psychopy.visual.image.ImageStim'>, anchor=('center', 'center'), autoLog=True, color=array([1., 1., 1.]), colorSpace='rgb', contrast=1.0, depth=-2.0, draggable=False, flipHoriz=False, flipVert=False, image='VM Stimuli/PracticeNC1.bmp', interpolate=True, mask=None, maskParams=None, name='CueTargetImage_1', opacity=1, ori=0.0, pos=array([0.25, 0.  ]), size=array([0.4, 0.4]), texRes=128.0, units='height', win=Window(...))
23.5161 	EXP 	Created Stim = ImageStim(__class__=<class 'psychopy.visual.image.ImageStim'>, anchor=('center', 'center'), autoLog=True, color=array([1., 1., 1.]), colorSpace='rgb', contrast=1.0, depth=-2.0, draggable=False, flipHoriz=False, flipVert=False, image='default.png', interpolate=True, mask=None, maskParams=None, name='Stim', opacity=1, ori=0.0, pos=array([0. , 0.1]), size=array([0.4, 0.4]), texRes=128.0, units='height', win=Window(...))
23.5700 	EXP 	Created CueTargetImage_2 = ImageStim(__class__=<class 'psychopy.visual.image.ImageStim'>, anchor=('center', 'center'), autoLog=True, color=array([1., 1., 1.]), colorSpace='rgb', contrast=1.0, depth=-2.0, draggable=False, flipHoriz=False, flipVert=False, image='VM Stimuli/Place1.bmp', interpolate=True, mask=None, maskParams=None, name='CueTargetImage_2', opacity=1, ori=0.0, pos=array([0.25, 0.  ]), size=array([0.4, 0.4]), texRes=128.0, units='height', win=Window(...))
23.5772 	EXP 	Created Stim = ImageStim(__class__=<class 'psychopy.visual.image.ImageStim'>, anchor=('center', 'center'), autoLog=True, color=array([1., 1., 1.]), colorSpace='rgb', contrast=1.0, depth=-2.0, draggable=False, flipHoriz=False, flipVert=False, image='default.png', interpolate=True, mask=None, maskParams=None, name='Stim', opacity=1, ori=0.0, pos=array([0. , 0.1]), size=array([0.4, 0.4]), texRes=128.0, units='height', win=Window(...))
23.6212 	EXP 	Created Example_Stim = ImageStim(__class__=<class 'psychopy.visual.image.ImageStim'>, anchor=('center', 'center'), autoLog=True, color=array([1., 1., 1.]), colorSpace='rgb', contrast=1.0, depth=-2.0, draggable=False, flipHoriz=False, flipVert=False, image='default.png', interpolate=True, mask=None, maskParams=None, name='Example_Stim', opacity=1, ori=0.0, pos=array([0., 0.]), size=array([0.22, 0.22]), texRes=128.0, units='height', win=Window(...))
23.6391 	EXP 	Created One_Back_Example_Stim = ImageStim(__class__=<class 'psychopy.visual.image.ImageStim'>, anchor=('center', 'center'), autoLog=True, color=array([1., 1., 1.]), colorSpace='rgb', contrast=1.0, depth=-2.0, draggable=False, flipHoriz=False, flipVert=False, image='VM Stimuli/PracticeFO1.bmp', interpolate=True, mask=None, maskParams=None, name='One_Back_Example_Stim', opacity=1, ori=0.0, pos=array([-0.3,  0. ]), size=array([0.15, 0.15]), texRes=128.0, units='height', win=Window(...))
23.6413 	EXP 	Created Example_Stim_2 = ImageStim(__class__=<class 'psychopy.visual.image.ImageStim'>, anchor=('center', 'center'), autoLog=True, color=array([1., 1., 1.]), colorSpace='rgb', contrast=1.0, depth=-3.0, draggable=False, flipHoriz=False, flipVert=False, image='default.png', interpolate=True, mask=None, maskParams=None, name='Example_Stim_2', opacity=1, ori=0.0, pos=array([0., 0.]), size=array([0.22, 0.22]), texRes=128.0, units='height', win=Window(...))
23.6569 	EXP 	Created Green_Border = Rect(__class__=<class 'psychopy.visual.rect.Rect'>, anchor=('center', 'center'), autoDraw=False, autoLog=True, closeShape=True, color=method-wrapper(...), colorSpace='rgb', contrast=None, depth=-2.0, draggable=False, fillColor=array([-0.60784314,  0.60784314, -0.60784314]), fillColorSpace='rgb', fillRGB=array([-0.60784314,  0.60784314, -0.60784314]), interpolate=True, lineColor=array([-0.60784314,  0.60784314, -0.60784314]), lineColorSpace='rgb', lineRGB=array([-0.60784314,  0.60784314, -0.60784314]), lineWidth=1.0, name='Green_Border', opacity=1.0, ori=0.0, pos=array([-0.5,  0. ]), size=array([0.15, 0.15]), units='height', vertices=ndarray(...), win=Window(...))
23.6581 	EXP 	Created Two_Back_Example_Stim = ImageStim(__class__=<class 'psychopy.visual.image.ImageStim'>, anchor=('center', 'center'), autoLog=True, color=array([1., 1., 1.]), colorSpace='rgb', contrast=1.0, depth=-3.0, draggable=False, flipHoriz=False, flipVert=False, image='VM Stimuli/PracticeFO1.bmp', interpolate=True, mask=None, maskParams=None, name='Two_Back_Example_Stim', opacity=1, ori=0.0, pos=array([-0.5,  0. ]), size=array([0.13, 0.13]), texRes=128.0, units='height', win=Window(...))
23.6604 	EXP 	Created One_Back_Example_Stim_2 = ImageStim(__class__=<class 'psychopy.visual.image.ImageStim'>, anchor=('center', 'center'), autoLog=True, color=array([1., 1., 1.]), colorSpace='rgb', contrast=1.0, depth=-4.0, draggable=False, flipHoriz=False, flipVert=False, image='VM Stimuli/PracticeFO2.bmp', interpolate=True, mask=None, maskParams=None, name='One_Back_Example_Stim_2', opacity=1, ori=0.0, pos=array([-0.3,  0. ]), size=array([0.15, 0.15]), texRes=128.0, units='height', win=Window(...))
23.6628 	EXP 	Created Example_Stim_3 = ImageStim(__class__=<class 'psychopy.visual.image.ImageStim'>, anchor=('center', 'center'), autoLog=True, color=array([1., 1., 1.]), colorSpace='rgb', contrast=1.0, depth=-5.0, draggable=False, flipHoriz=False, flipVert=False, image='default.png', interpolate=True, mask=None, maskParams=None, name='Example_Stim_3', opacity=1, ori=0.0, pos=array([0., 0.]), size=array([0.22, 0.22]), texRes=128.0, units='height', win=Window(...))
23.6790 	EXP 	Created Two_Back_Example_Stim_2 = ImageStim(__class__=<class 'psychopy.visual.image.ImageStim'>, anchor=('center', 'center'), autoLog=True, color=array([1., 1., 1.]), colorSpace='rgb', contrast=1.0, depth=-2.0, draggable=False, flipHoriz=False, flipVert=False, image='VM Stimuli/PracticeFO2.bmp', interpolate=True, mask=None, maskParams=None, name='Two_Back_Example_Stim_2', opacity=1, ori=0.0, pos=array([-0.5,  0. ]), size=array([0.13, 0.13]), texRes=128.0, units='height', win=Window(...))
23.6801 	EXP 	Created One_Back_Example_Stim_3 = ImageStim(__class__=<class 'psychopy.visual.image.ImageStim'>, anchor=('center', 'center'), autoLog=True, color=array([1., 1., 1.]), colorSpace='rgb', contrast=1.0, depth=-3.0, draggable=False, flipHoriz=False, flipVert=False, image='VM Stimuli/PracticeFO1.bmp', interpolate=True, mask=None, maskParams=None, name='One_Back_Example_Stim_3', opacity=1, ori=0.0, pos=array([-0.3,  0. ]), size=array([0.15, 0.15]), texRes=128.0, units='height', win=Window(...))
23.6823 	EXP 	Created Example_Stim_4 = ImageStim(__class__=<class 'psychopy.visual.image.ImageStim'>, anchor=('center', 'center'), autoLog=True, color=array([1., 1., 1.]), colorSpace='rgb', contrast=1.0, depth=-4.0, draggable=False, flipHoriz=False, flipVert=False, image='default.png', interpolate=True, mask=None, maskParams=None, name='Example_Stim_4', opacity=1, ori=0.0, pos=array([0., 0.]), size=array([0.22, 0.22]), texRes=128.0, units='height', win=Window(...))
23.7062 	EXP 	Created Example_Stim_5 = ImageStim(__class__=<class 'psychopy.visual.image.ImageStim'>, anchor=('center', 'center'), autoLog=True, color=array([1., 1., 1.]), colorSpace='rgb', contrast=1.0, depth=-2.0, draggable=False, flipHoriz=False, flipVert=False, image='VM Stimuli/PracticeFO2.bmp', interpolate=True, mask=None, maskParams=None, name='Example_Stim_5', opacity=1, ori=0.0, pos=array([0., 0.]), size=array([0.3, 0.3]), texRes=128.0, units='height', win=Window(...))
23.7222 	EXP 	Created Example_Stim_6 = ImageStim(__class__=<class 'psychopy.visual.image.ImageStim'>, anchor=('center', 'center'), autoLog=True, color=array([1., 1., 1.]), colorSpace='rgb', contrast=1.0, depth=-2.0, draggable=False, flipHoriz=False, flipVert=False, image='VM Stimuli/PracticeFO2.bmp', interpolate=True, mask=None, maskParams=None, name='Example_Stim_6', opacity=1, ori=0.0, pos=array([0., 0.]), size=array([0.3, 0.3]), texRes=128.0, units='height', win=Window(...))
23.7397 	EXP 	Created Example_Stim_7 = ImageStim(__class__=<class 'psychopy.visual.image.ImageStim'>, anchor=('center', 'center'), autoLog=True, color=array([1., 1., 1.]), colorSpace='rgb', contrast=1.0, depth=-2.0, draggable=False, flipHoriz=False, flipVert=False, image='VM Stimuli/PracticeFO3.bmp', interpolate=True, mask=None, maskParams=None, name='Example_Stim_7', opacity=1, ori=0.0, pos=array([0., 0.]), size=array([0.3, 0.3]), texRes=128.0, units='height', win=Window(...))
23.7559 	EXP 	Created One_Back_Example_Stim_4 = ImageStim(__class__=<class 'psychopy.visual.image.ImageStim'>, anchor=('center', 'center'), autoLog=True, color=array([1., 1., 1.]), colorSpace='rgb', contrast=1.0, depth=-2.0, draggable=False, flipHoriz=False, flipVert=False, image='VM Stimuli/PracticeFO2.bmp', interpolate=True, mask=None, maskParams=None, name='One_Back_Example_Stim_4', opacity=1, ori=0.0, pos=array([-0.3,  0. ]), size=array([0.15, 0.15]), texRes=128.0, units='height', win=Window(...))
23.7570 	EXP 	Created Example_Stim_8 = ImageStim(__class__=<class 'psychopy.visual.image.ImageStim'>, anchor=('center', 'center'), autoLog=True, color=array([1., 1., 1.]), colorSpace='rgb', contrast=1.0, depth=-3.0, draggable=False, flipHoriz=False, flipVert=False, image='VM Stimuli/PracticeFO3.bmp', interpolate=True, mask=None, maskParams=None, name='Example_Stim_8', opacity=1, ori=0.0, pos=array([0., 0.]), size=array([0.3, 0.3]), texRes=128.0, units='height', win=Window(...))
23.7726 	EXP 	Created Example_Stim_9 = ImageStim(__class__=<class 'psychopy.visual.image.ImageStim'>, anchor=('center', 'center'), autoLog=True, color=array([1., 1., 1.]), colorSpace='rgb', contrast=1.0, depth=-2.0, draggable=False, flipHoriz=False, flipVert=False, image='VM Stimuli/PracticeFO1.bmp', interpolate=True, mask=None, maskParams=None, name='Example_Stim_9', opacity=1, ori=0.0, pos=array([0., 0.]), size=array([0.3, 0.3]), texRes=128.0, units='height', win=Window(...))
23.7886 	EXP 	Created Two_Back_Example_Stim_3 = ImageStim(__class__=<class 'psychopy.visual.image.ImageStim'>, anchor=('center', 'center'), autoLog=True, color=array([1., 1., 1.]), colorSpace='rgb', contrast=1.0, depth=-2.0, draggable=False, flipHoriz=False, flipVert=False, image='VM Stimuli/PracticeFO2.bmp', interpolate=True, mask=None, maskParams=None, name='Two_Back_Example_Stim_3', opacity=1, ori=0.0, pos=array([-0.5,  0. ]), size=array([0.15, 0.15]), texRes=128.0, units='height', win=Window(...))
23.7896 	EXP 	Created One_Back_Example_Stim_5 = ImageStim(__class__=<class 'psychopy.visual.image.ImageStim'>, anchor=('center', 'center'), autoLog=True, color=array([1., 1., 1.]), colorSpace='rgb', contrast=1.0, depth=-3.0, draggable=False, flipHoriz=False, flipVert=False, image='VM Stimuli/PracticeFO3.bmp', interpolate=True, mask=None, maskParams=None, name='One_Back_Example_Stim_5', opacity=1, ori=0.0, pos=array([-0.3,  0. ]), size=array([0.15, 0.15]), texRes=128.0, units='height', win=Window(...))
23.7906 	EXP 	Created Example_Stim_10 = ImageStim(__class__=<class 'psychopy.visual.image.ImageStim'>, anchor=('center', 'center'), autoLog=True, color=array([1., 1., 1.]), colorSpace='rgb', contrast=1.0, depth=-4.0, draggable=False, flipHoriz=False, flipVert=False, image='VM Stimuli/PracticeFO1.bmp', interpolate=True, mask=None, maskParams=None, name='Example_Stim_10', opacity=1, ori=0.0, pos=array([0., 0.]), size=array([0.3, 0.3]), texRes=128.0, units='height', win=Window(...))
23.8063 	EXP 	Created Green_Border_2 = Rect(__class__=<class 'psychopy.visual.rect.Rect'>, anchor=('center', 'center'), autoDraw=False, autoLog=True, closeShape=True, color=method-wrapper(...), colorSpace='rgb', contrast=None, depth=-2.0, draggable=False, fillColor=array([-0.60784314,  0.60784314, -0.60784314]), fillColorSpace='rgb', fillRGB=array([-0.60784314,  0.60784314, -0.60784314]), interpolate=True, lineColor=array([-0.60784314,  0.60784314, -0.60784314]), lineColorSpace='rgb', lineRGB=array([-0.60784314,  0.60784314, -0.60784314]), lineWidth=1.0, name='Green_Border_2', opacity=1.0, ori=0.0, pos=array([-0.5,  0. ]), size=array([0.15, 0.15]), units='height', vertices=ndarray(...), win=Window(...))
23.8073 	EXP 	Created Two_Back_Example_Stim_4 = ImageStim(__class__=<class 'psychopy.visual.image.ImageStim'>, anchor=('center', 'center'), autoLog=True, color=array([1., 1., 1.]), colorSpace='rgb', contrast=1.0, depth=-3.0, draggable=False, flipHoriz=False, flipVert=False, image='VM Stimuli/PracticeFO3.bmp', interpolate=True, mask=None, maskParams=None, name='Two_Back_Example_Stim_4', opacity=1, ori=0.0, pos=array([-0.5,  0. ]), size=array([0.13, 0.13]), texRes=128.0, units='height', win=Window(...))
23.8083 	EXP 	Created One_Back_Example_Stim_6 = ImageStim(__class__=<class 'psychopy.visual.image.ImageStim'>, anchor=('center', 'center'), autoLog=True, color=array([1., 1., 1.]), colorSpace='rgb', contrast=1.0, depth=-4.0, draggable=False, flipHoriz=False, flipVert=False, image='VM Stimuli/PracticeFO1.bmp', interpolate=True, mask=None, maskParams=None, name='One_Back_Example_Stim_6', opacity=1, ori=0.0, pos=array([-0.3,  0. ]), size=array([0.15, 0.15]), texRes=128.0, units='height', win=Window(...))
23.8093 	EXP 	Created Example_Stim_11 = ImageStim(__class__=<class 'psychopy.visual.image.ImageStim'>, anchor=('center', 'center'), autoLog=True, color=array([1., 1., 1.]), colorSpace='rgb', contrast=1.0, depth=-5.0, draggable=False, flipHoriz=False, flipVert=False, image='VM Stimuli/PracticeFO3.bmp', interpolate=True, mask=None, maskParams=None, name='Example_Stim_11', opacity=1, ori=0.0, pos=array([0., 0.]), size=array([0.3, 0.3]), texRes=128.0, units='height', win=Window(...))
23.8318 	EXP 	Created Stim = ImageStim(__class__=<class 'psychopy.visual.image.ImageStim'>, anchor=('center', 'center'), autoLog=True, color=array([1., 1., 1.]), colorSpace='rgb', contrast=1.0, depth=-2.0, draggable=False, flipHoriz=False, flipVert=False, image='default.png', interpolate=True, mask=None, maskParams=None, name='Stim', opacity=1, ori=0.0, pos=array([0. , 0.1]), size=array([0.4, 0.4]), texRes=128.0, units='height', win=Window(...))
23.8587 	EXP 	Created Stim = ImageStim(__class__=<class 'psychopy.visual.image.ImageStim'>, anchor=('center', 'center'), autoLog=True, color=array([1., 1., 1.]), colorSpace='rgb', contrast=1.0, depth=-2.0, draggable=False, flipHoriz=False, flipVert=False, image='default.png', interpolate=True, mask=None, maskParams=None, name='Stim', opacity=1, ori=0.0, pos=array([0. , 0.1]), size=array([0.4, 0.4]), texRes=128.0, units='height', win=Window(...))
23.9019 	EXP 	Created Stim = ImageStim(__class__=<class 'psychopy.visual.image.ImageStim'>, anchor=('center', 'center'), autoLog=True, color=array([1., 1., 1.]), colorSpace='rgb', contrast=1.0, depth=-2.0, draggable=False, flipHoriz=False, flipVert=False, image='default.png', interpolate=True, mask=None, maskParams=None, name='Stim', opacity=1, ori=0.0, pos=array([0. , 0.1]), size=array([0.4, 0.4]), texRes=128.0, units='height', win=Window(...))
23.9340 	EXP 	Created CueTargetImage_6 = ImageStim(__class__=<class 'psychopy.visual.image.ImageStim'>, anchor=('center', 'center'), autoLog=True, color=array([1., 1., 1.]), colorSpace='rgb', contrast=1.0, depth=-2.0, draggable=False, flipHoriz=False, flipVert=False, image='VM Stimuli/Place3.bmp', interpolate=True, mask=None, maskParams=None, name='CueTargetImage_6', opacity=1, ori=0.0, pos=array([0.25, 0.  ]), size=array([0.4, 0.4]), texRes=128.0, units='height', win=Window(...))
23.9410 	EXP 	Created Stim = ImageStim(__class__=<class 'psychopy.visual.image.ImageStim'>, anchor=('center', 'center'), autoLog=True, color=array([1., 1., 1.]), colorSpace='rgb', contrast=1.0, depth=-2.0, draggable=False, flipHoriz=False, flipVert=False, image='default.png', interpolate=True, mask=None, maskParams=None, name='Stim', opacity=1, ori=0.0, pos=array([0. , 0.1]), size=array([0.4, 0.4]), texRes=128.0, units='height', win=Window(...))
23.9725 	EXP 	Created Stim = ImageStim(__class__=<class 'psychopy.visual.image.ImageStim'>, anchor=('center', 'center'), autoLog=True, color=array([1., 1., 1.]), colorSpace='rgb', contrast=1.0, depth=-2.0, draggable=False, flipHoriz=False, flipVert=False, image='default.png', interpolate=True, mask=None, maskParams=None, name='Stim', opacity=1, ori=0.0, pos=array([0. , 0.1]), size=array([0.4, 0.4]), texRes=128.0, units='height', win=Window(...))
24.0045 	EXP 	Created CueTargetImage_8 = ImageStim(__class__=<class 'psychopy.visual.image.ImageStim'>, anchor=('center', 'center'), autoLog=True, color=array([1., 1., 1.]), colorSpace='rgb', contrast=1.0, depth=-2.0, draggable=False, flipHoriz=False, flipVert=False, image='VM Stimuli/PracticeNC2.bmp', interpolate=True, mask=None, maskParams=None, name='CueTargetImage_8', opacity=1, ori=0.0, pos=array([0.25, 0.  ]), size=array([0.4, 0.4]), texRes=128.0, units='height', win=Window(...))
24.0115 	EXP 	Created Stim = ImageStim(__class__=<class 'psychopy.visual.image.ImageStim'>, anchor=('center', 'center'), autoLog=True, color=array([1., 1., 1.]), colorSpace='rgb', contrast=1.0, depth=-2.0, draggable=False, flipHoriz=False, flipVert=False, image='default.png', interpolate=True, mask=None, maskParams=None, name='Stim', opacity=1, ori=0.0, pos=array([0. , 0.1]), size=array([0.4, 0.4]), texRes=128.0, units='height', win=Window(...))
0.0187 	EXP 	NbackTitle: autoLog = True
0.0187 	EXP 	Instructions_1: autoLog = True
0.0187 	EXP 	Instructions_2: autoLog = True
0.0187 	EXP 	Instructions_3: autoLog = True
0.0187 	EXP 	Instructions_5pt5: autoLog = True
0.0187 	EXP 	Instructions_6: autoLog = True
0.0187 	EXP 	Instructions_6_Target: autoLog = True
0.0187 	EXP 	Instructions_6_Match: autoLog = True
0.0187 	EXP 	Instructions_14: autoLog = True
0.0187 	EXP 	Instructions_6pt2: autoLog = True
0.0187 	EXP 	CueFix_1: autoLog = True
0.0187 	EXP 	CueTarget_1: autoLog = True
0.0187 	EXP 	Zero_back: autoLog = True
0.0187 	EXP 	Stim_LeftScreenInstruction: autoLog = True
0.0187 	EXP 	Stim_RightScreenInstruction: autoLog = True
0.0187 	EXP 	Fix: autoLog = True
0.0187 	EXP 	Feedback: autoLog = True
0.0187 	EXP 	Instructions_Space: autoLog = True
0.0187 	EXP 	CueFix_2: autoLog = True
0.0187 	EXP 	CueTarget_2: autoLog = True
0.0187 	EXP 	Zero_back_2: autoLog = True
0.0187 	EXP 	Stim_LeftScreenInstruction: autoLog = True
0.0187 	EXP 	Stim_RightScreenInstruction: autoLog = True
0.0187 	EXP 	Fix: autoLog = True
0.0187 	EXP 	Feedback: autoLog = True
0.0187 	EXP 	Instructions_Space: autoLog = True
0.0187 	EXP 	Instructions_8: autoLog = True
0.0187 	EXP 	Instructions_11: autoLog = True
0.0187 	EXP 	Instructions_9: autoLog = True
0.0187 	EXP 	Example_LeftScreenInstruction: autoLog = True
0.0187 	EXP 	Example_RightScreenInstruction: autoLog = True
0.0187 	EXP 	Instructions_21: autoLog = True
0.0187 	EXP 	Example_LeftScreenInstruction_2: autoLog = True
0.0187 	EXP 	Example_RightScreenInstruction_2: autoLog = True
0.0187 	EXP 	Instructions_24: autoLog = True
0.0187 	EXP 	Example_LeftScreenInstruction_3: autoLog = True
0.0187 	EXP 	Example_RightScreenInstruction_3: autoLog = True
0.0187 	EXP 	Instructions_25: autoLog = True
0.0187 	EXP 	Example_LeftScreenInstruction_4: autoLog = True
0.0187 	EXP 	Example_RightScreenInstruction_4: autoLog = True
0.0187 	EXP 	Instructions_15: autoLog = True
0.0187 	EXP 	Instructions_32: autoLog = True
0.0187 	EXP 	Example_LeftScreenInstruction_5: autoLog = True
0.0187 	EXP 	Example_RightScreenInstruction_5: autoLog = True
0.0187 	EXP 	Instructions_27: autoLog = True
0.0187 	EXP 	Example_LeftScreenInstruction_6: autoLog = True
0.0187 	EXP 	Example_RightScreenInstruction_6: autoLog = True
0.0187 	EXP 	Instructions_33: autoLog = True
0.0187 	EXP 	Example_LeftScreenInstruction_7: autoLog = True
0.0187 	EXP 	Example_RightScreenInstruction_7: autoLog = True
0.0187 	EXP 	Instructions_26: autoLog = True
0.0187 	EXP 	Example_LeftScreenInstruction_8: autoLog = True
0.0187 	EXP 	Example_RightScreenInstruction_8: autoLog = True
0.0187 	EXP 	Instructions: autoLog = True
0.0187 	EXP 	Example_LeftScreenInstruction_9: autoLog = True
0.0187 	EXP 	Example_RightScreenInstruction_9: autoLog = True
0.0187 	EXP 	Instructions_28: autoLog = True
0.0187 	EXP 	Example_LeftScreenInstruction_10: autoLog = True
0.0187 	EXP 	Example_RightScreenInstruction_10: autoLog = True
0.0187 	EXP 	Instructions_29: autoLog = True
0.0187 	EXP 	Example_LeftScreenInstruction_11: autoLog = True
0.0187 	EXP 	Example_RightScreenInstruction_11: autoLog = True
0.0187 	EXP 	Instructions_22: autoLog = True
0.0187 	EXP 	Instructions_30: autoLog = True
0.0187 	EXP 	Stim_LeftScreenInstruction: autoLog = True
0.0187 	EXP 	Stim_RightScreenInstruction: autoLog = True
0.0187 	EXP 	Fix: autoLog = True
0.0187 	EXP 	Feedback: autoLog = True
0.0187 	EXP 	Instructions_Space: autoLog = True
0.0187 	EXP 	Stim_LeftScreenInstruction: autoLog = True
0.0187 	EXP 	Stim_RightScreenInstruction: autoLog = True
0.0187 	EXP 	Fix: autoLog = True
0.0187 	EXP 	Feedback: autoLog = True
0.0187 	EXP 	Instructions_36: autoLog = True
0.0187 	EXP 	CueFix_5: autoLog = True
0.0187 	EXP 	Cue_2Back: autoLog = True
0.0187 	EXP 	Stim_LeftScreenInstruction: autoLog = True
0.0187 	EXP 	Stim_RightScreenInstruction: autoLog = True
0.0187 	EXP 	Fix: autoLog = True
0.0187 	EXP 	Feedback: autoLog = True
0.0187 	EXP 	CueFix_6: autoLog = True
0.0187 	EXP 	CueTarget_6: autoLog = True
0.0187 	EXP 	Zero_back_3: autoLog = True
0.0187 	EXP 	Stim_LeftScreenInstruction: autoLog = True
0.0187 	EXP 	Stim_RightScreenInstruction: autoLog = True
0.0187 	EXP 	Fix: autoLog = True
0.0187 	EXP 	Feedback: autoLog = True
0.0187 	EXP 	CueFix_7: autoLog = True
0.0187 	EXP 	Cue_2Back_2: autoLog = True
0.0187 	EXP 	Stim_LeftScreenInstruction: autoLog = True
0.0187 	EXP 	Stim_RightScreenInstruction: autoLog = True
0.0187 	EXP 	Fix: autoLog = True
0.0187 	EXP 	Feedback: autoLog = True
0.0187 	EXP 	CueFix_8: autoLog = True
0.0187 	EXP 	CueTarget_8: autoLog = True
0.0187 	EXP 	Zero_back_4: autoLog = True
0.0187 	EXP 	Stim_LeftScreenInstruction: autoLog = True
0.0187 	EXP 	Stim_RightScreenInstruction: autoLog = True
0.0187 	EXP 	Fix: autoLog = True
0.0187 	EXP 	Feedback: autoLog = True
0.0187 	EXP 	AllDone: autoLog = True
0.0422 	INFO 	Keyboard events cleared
0.0421 	WARNING 	t of last frame was 23.43ms (=1/42)
0.0421 	EXP 	NbackTitle: autoDraw = True
0.5915 	DATA 	Keypress: space
0.5964 	INFO 	Keyboard events cleared
0.5963 	WARNING 	t of last frame was 96.65ms (=1/10)
0.5963 	EXP 	NbackTitle: autoDraw = False
0.5963 	EXP 	Instructions_1: autoDraw = True
0.6910 	DATA 	Keypress: space
0.6948 	INFO 	Keyboard events cleared
0.6947 	EXP 	Instructions_1: autoDraw = False
0.6947 	EXP 	Instructions_2: autoDraw = True
0.6947 	EXP 	FaceImage: autoDraw = True
0.8907 	INFO 	Keyboard events cleared
0.8906 	EXP 	Instructions_2: autoDraw = False
0.8906 	EXP 	FaceImage: autoDraw = False
0.8906 	EXP 	Instructions_3: autoDraw = True
0.8906 	EXP 	PlaceImage: autoDraw = True
0.8932 	DATA 	Keypress: space
1.4209 	DATA 	Keypress: space
1.4247 	INFO 	Keyboard events cleared
1.4247 	EXP 	Instructions_3: autoDraw = False
1.4247 	EXP 	PlaceImage: autoDraw = False
1.4247 	EXP 	Instructions_5pt5: autoDraw = True
1.6173 	DATA 	Keypress: space
1.6214 	INFO 	Keyboard events cleared
1.6214 	WARNING 	t of last frame was 20.00ms (=1/49)
1.6214 	EXP 	Instructions_5pt5: autoDraw = False
1.6214 	EXP 	Instructions_6: autoDraw = True
1.6214 	EXP 	Instructions_6_Target: autoDraw = True
1.6214 	EXP 	TargetImage: autoDraw = True
1.6214 	EXP 	Instructions_6_Match: autoDraw = True
1.7813 	DATA 	Keypress: space
1.9854 	DATA 	Keypress: space
2.3535 	DATA 	Keypress: left
2.3569 	INFO 	Keyboard events cleared
2.3568 	WARNING 	t of last frame was 21.02ms (=1/47)
2.3568 	EXP 	Instructions_6: autoDraw = False
2.3568 	EXP 	Instructions_6_Target: autoDraw = False
2.3568 	EXP 	TargetImage: autoDraw = False
2.3568 	EXP 	Instructions_6_Match: autoDraw = False
2.3568 	EXP 	Instructions_14: autoDraw = True
2.8698 	DATA 	Keypress: space
3.3469 	DATA 	Keypress: right
3.3505 	INFO 	Keyboard events cleared
3.3504 	EXP 	Instructions_14: autoDraw = False
3.3504 	EXP 	Instructions_6pt2: autoDraw = True
3.7385 	DATA 	Keypress: space
3.7427 	EXP 	Instructions_6pt2: autoDraw = False
3.7427 	EXP 	CueFix_1: autoDraw = True
3.9545 	DATA 	Keypress: space
4.1407 	DATA 	Keypress: space
4.2374 	EXP 	CueTarget_1: autoDraw = True
4.2374 	EXP 	CueTargetImage_1: autoDraw = True
4.2374 	EXP 	Zero_back: autoDraw = True
4.2446 	EXP 	CueFix_1: autoDraw = False
6.7419 	EXP 	Imported PracticeTrials/PracticeTrials1.xlsx as conditions, 5 conditions, 9 params
6.7426 	EXP 	New trial (rep=0, index=0): <Trial 0 (0 in rep 0) data={'ID': 2, 'Weight': 1, 'Nested': None, 'Procedure': 'PracticeTrialsPROC', 'Stimulus': 'VM Stimuli/PracticeNC2.bmp', 'TargetType': 'nontarget', 'CorrectResponse': 'Nontarget', 'StimType': 'NeutFace', 'BlockType': '0-Back', 'thisN': 0, 'thisTrialN': 0, 'thisRepN': 0}>
6.7733 	INFO 	Keyboard events cleared
6.7734 	WARNING 	Multiple dropped frames have occurred - I'll stop bothering you about them!
6.7733 	EXP 	CueTarget_1: autoDraw = False
6.7733 	EXP 	CueTargetImage_1: autoDraw = False
6.7733 	EXP 	Zero_back: autoDraw = False
6.7733 	EXP 	CueFix_1: autoDraw = False
6.7733 	EXP 	CueTarget_1: autoDraw = False
6.7733 	EXP 	CueTargetImage_1: autoDraw = False
6.7733 	EXP 	Zero_back: autoDraw = False
6.7733 	EXP 	Stim: image = 'VM Stimuli/PracticeNC2.bmp'
6.7733 	EXP 	Stim: autoDraw = True
6.7733 	EXP 	Stim_LeftScreenInstruction: autoDraw = True
6.7733 	EXP 	Stim_RightScreenInstruction: autoDraw = True
8.7452 	EXP 	Stim: autoDraw = False
8.7452 	EXP 	Stim_LeftScreenInstruction: autoDraw = False
8.7452 	EXP 	Stim_RightScreenInstruction: autoDraw = False
8.7452 	EXP 	Feedback: foreColor = <psychopy.colors.Color: yellow, alpha=1.0>
8.7452 	EXP 	Fix: autoDraw = True
9.2238 	EXP 	Feedback: autoDraw = True
9.2409 	EXP 	Fix: autoDraw = False
10.7108 	EXP 	New trial (rep=0, index=1): <Trial 1 (1 in rep 0) data={'ID': 3, 'Weight': 1, 'Nested': None, 'Procedure': 'PracticeTrialsPROC', 'Stimulus': 'VM Stimuli/PracticeNC1.bmp', 'TargetType': 'target', 'CorrectResponse': 'Target', 'StimType': 'NeutFace', 'BlockType': '0-Back', 'thisN': 1, 'thisTrialN': 1, 'thisRepN': 0}>
10.7178 	EXP 	Feedback: autoDraw = False
10.7178 	EXP 	Fix: autoDraw = False
10.7178 	EXP 	Feedback: autoDraw = False
10.7178 	EXP 	Stim: image = 'VM Stimuli/PracticeNC1.bmp'
10.7245 	INFO 	Keyboard events cleared
10.7244 	EXP 	Stim: autoDraw = True
10.7244 	EXP 	Stim_LeftScreenInstruction: autoDraw = True
10.7244 	EXP 	Stim_RightScreenInstruction: autoDraw = True
12.7154 	EXP 	Stim: autoDraw = False
12.7154 	EXP 	Stim_LeftScreenInstruction: autoDraw = False
12.7154 	EXP 	Stim_RightScreenInstruction: autoDraw = False
12.7154 	EXP 	Stim: autoDraw = False
12.7154 	EXP 	Stim_LeftScreenInstruction: autoDraw = False
12.7154 	EXP 	Stim_RightScreenInstruction: autoDraw = False
12.7154 	EXP 	Feedback: foreColor = <psychopy.colors.Color: yellow, alpha=1.0>
12.7276 	EXP 	Fix: autoDraw = True
13.2240 	EXP 	Fix: autoDraw = False
13.2240 	EXP 	Feedback: autoDraw = True
14.7072 	EXP 	New trial (rep=0, index=2): <Trial 2 (2 in rep 0) data={'ID': 4, 'Weight': 1, 'Nested': None, 'Procedure': 'PracticeTrialsPROC', 'Stimulus': 'VM Stimuli/PracticeNC3.bmp', 'TargetType': 'nontarget', 'CorrectResponse': 'Nontarget', 'StimType': 'NeutFace', 'BlockType': '0-Back', 'thisN': 2, 'thisTrialN': 2, 'thisRepN': 0}>
14.7154 	EXP 	Feedback: autoDraw = False
14.7154 	EXP 	Fix: autoDraw = False
14.7154 	EXP 	Feedback: autoDraw = False
14.7154 	EXP 	Stim: image = 'VM Stimuli/PracticeNC3.bmp'
14.7233 	INFO 	Keyboard events cleared
14.7232 	EXP 	Stim: autoDraw = True
14.7232 	EXP 	Stim_LeftScreenInstruction: autoDraw = True
14.7232 	EXP 	Stim_RightScreenInstruction: autoDraw = True
16.7185 	EXP 	Stim: autoDraw = False
16.7185 	EXP 	Stim_LeftScreenInstruction: autoDraw = False
16.7185 	EXP 	Stim_RightScreenInstruction: autoDraw = False
16.7185 	EXP 	Stim: autoDraw = False
16.7185 	EXP 	Stim_LeftScreenInstruction: autoDraw = False
16.7185 	EXP 	Stim_RightScreenInstruction: autoDraw = False
16.7185 	EXP 	Feedback: foreColor = <psychopy.colors.Color: yellow, alpha=1.0>
16.7238 	EXP 	Fix: autoDraw = True
17.2217 	EXP 	Fix: autoDraw = False
17.2292 	EXP 	Feedback: autoDraw = True
18.7207 	EXP 	New trial (rep=0, index=3): <Trial 3 (3 in rep 0) data={'ID': 5, 'Weight': 1, 'Nested': None, 'Procedure': 'PracticeTrialsPROC', 'Stimulus': 'VM Stimuli/PracticeNC2.bmp', 'TargetType': 'nontarget', 'CorrectResponse': 'Nontarget', 'StimType': 'NeutFace', 'BlockType': '0-Back', 'thisN': 3, 'thisTrialN': 3, 'thisRepN': 0}>
18.7327 	INFO 	Keyboard events cleared
18.7327 	EXP 	Feedback: autoDraw = False
18.7327 	EXP 	Fix: autoDraw = False
18.7327 	EXP 	Feedback: autoDraw = False
18.7327 	EXP 	Stim: image = 'VM Stimuli/PracticeNC2.bmp'
18.7327 	EXP 	Stim: autoDraw = True
18.7327 	EXP 	Stim_LeftScreenInstruction: autoDraw = True
18.7327 	EXP 	Stim_RightScreenInstruction: autoDraw = True
20.7239 	EXP 	Stim: autoDraw = False
20.7239 	EXP 	Stim_LeftScreenInstruction: autoDraw = False
20.7239 	EXP 	Stim_RightScreenInstruction: autoDraw = False
20.7239 	EXP 	Stim: autoDraw = False
20.7239 	EXP 	Stim_LeftScreenInstruction: autoDraw = False
20.7239 	EXP 	Stim_RightScreenInstruction: autoDraw = False
20.7239 	EXP 	Feedback: foreColor = <psychopy.colors.Color: yellow, alpha=1.0>
20.7239 	EXP 	Fix: autoDraw = True
21.2270 	EXP 	Fix: autoDraw = False
21.2270 	EXP 	Feedback: autoDraw = True
22.7130 	EXP 	New trial (rep=0, index=4): <Trial 4 (4 in rep 0) data={'ID': 6, 'Weight': 1, 'Nested': None, 'Procedure': 'PracticeTrialsPROC', 'Stimulus': 'VM Stimuli/PracticeNC1.bmp', 'TargetType': 'target', 'CorrectResponse': 'Target', 'StimType': 'NeutFace', 'BlockType': '0-Back', 'thisN': 4, 'thisTrialN': 4, 'thisRepN': 0}>
22.7219 	EXP 	Feedback: autoDraw = False
22.7219 	EXP 	Fix: autoDraw = False
22.7219 	EXP 	Feedback: autoDraw = False
22.7219 	EXP 	Stim: image = 'VM Stimuli/PracticeNC1.bmp'
22.7315 	INFO 	Keyboard events cleared
22.7314 	EXP 	Stim: autoDraw = True
22.7314 	EXP 	Stim_LeftScreenInstruction: autoDraw = True
22.7314 	EXP 	Stim_RightScreenInstruction: autoDraw = True
24.7284 	EXP 	Stim: autoDraw = False
24.7284 	EXP 	Stim_LeftScreenInstruction: autoDraw = False
24.7284 	EXP 	Stim_RightScreenInstruction: autoDraw = False
24.7284 	EXP 	Stim: autoDraw = False
24.7284 	EXP 	Stim_LeftScreenInstruction: autoDraw = False
24.7284 	EXP 	Stim_RightScreenInstruction: autoDraw = False
24.7284 	EXP 	Feedback: foreColor = <psychopy.colors.Color: yellow, alpha=1.0>
24.7284 	EXP 	Fix: autoDraw = True
25.2145 	EXP 	Fix: autoDraw = False
25.2345 	EXP 	Feedback: autoDraw = True
26.7282 	INFO 	Keyboard events cleared
26.7281 	EXP 	Feedback: autoDraw = False
26.7281 	EXP 	Fix: autoDraw = False
26.7281 	EXP 	Feedback: autoDraw = False
26.7281 	EXP 	Instructions_Space: autoDraw = True
27.6781 	DATA 	Keypress: space
27.6825 	EXP 	Instructions_Space: autoDraw = False
27.6825 	EXP 	CueFix_2: autoDraw = True
28.1666 	EXP 	CueTarget_2: autoDraw = True
28.1666 	EXP 	CueTargetImage_2: autoDraw = True
28.1666 	EXP 	Zero_back_2: autoDraw = True
28.1748 	EXP 	CueFix_2: autoDraw = False
30.6697 	EXP 	Imported PracticeTrials/PracticeTrials2.xlsx as conditions, 5 conditions, 9 params
30.6701 	EXP 	New trial (rep=0, index=0): <Trial 0 (0 in rep 0) data={'ID': 2, 'Weight': 1, 'Nested': None, 'Procedure': 'PracticeTrialsPROC', 'Stimulus': 'VM Stimuli/Place1.bmp', 'TargetType': 'target', 'CorrectResponse': 'Target', 'StimType': 'Place', 'BlockType': '0-Back', 'thisN': 0, 'thisTrialN': 0, 'thisRepN': 0}>
30.6801 	INFO 	Keyboard events cleared
30.6801 	EXP 	CueTarget_2: autoDraw = False
30.6801 	EXP 	CueTargetImage_2: autoDraw = False
30.6801 	EXP 	Zero_back_2: autoDraw = False
30.6801 	EXP 	CueFix_2: autoDraw = False
30.6801 	EXP 	CueTarget_2: autoDraw = False
30.6801 	EXP 	CueTargetImage_2: autoDraw = False
30.6801 	EXP 	Zero_back_2: autoDraw = False
30.6801 	EXP 	Stim: image = 'VM Stimuli/Place1.bmp'
30.6801 	EXP 	Stim: autoDraw = True
30.6801 	EXP 	Stim_LeftScreenInstruction: autoDraw = True
30.6801 	EXP 	Stim_RightScreenInstruction: autoDraw = True
32.6749 	EXP 	Stim: autoDraw = False
32.6749 	EXP 	Stim_LeftScreenInstruction: autoDraw = False
32.6749 	EXP 	Stim_RightScreenInstruction: autoDraw = False
32.6749 	EXP 	Stim: autoDraw = False
32.6749 	EXP 	Stim_LeftScreenInstruction: autoDraw = False
32.6749 	EXP 	Stim_RightScreenInstruction: autoDraw = False
32.6749 	EXP 	Feedback: foreColor = <psychopy.colors.Color: yellow, alpha=1.0>
32.6749 	EXP 	Fix: autoDraw = True
33.1694 	EXP 	Fix: autoDraw = False
33.1694 	EXP 	Feedback: autoDraw = True
34.6534 	EXP 	New trial (rep=0, index=1): <Trial 1 (1 in rep 0) data={'ID': 3, 'Weight': 1, 'Nested': None, 'Procedure': 'PracticeTrialsPROC', 'Stimulus': 'VM Stimuli/Place3.bmp', 'TargetType': 'nontarget', 'CorrectResponse': 'Nontarget', 'StimType': 'Place', 'BlockType': '0-Back', 'thisN': 1, 'thisTrialN': 1, 'thisRepN': 0}>
34.6611 	EXP 	Feedback: autoDraw = False
34.6611 	EXP 	Fix: autoDraw = False
34.6611 	EXP 	Feedback: autoDraw = False
34.6611 	EXP 	Stim: image = 'VM Stimuli/Place3.bmp'
34.6686 	INFO 	Keyboard events cleared
34.6686 	EXP 	Stim: autoDraw = True
34.6686 	EXP 	Stim_LeftScreenInstruction: autoDraw = True
34.6686 	EXP 	Stim_RightScreenInstruction: autoDraw = True
36.6685 	EXP 	Stim: autoDraw = False
36.6685 	EXP 	Stim_LeftScreenInstruction: autoDraw = False
36.6685 	EXP 	Stim_RightScreenInstruction: autoDraw = False
36.6685 	EXP 	Stim: autoDraw = False
36.6685 	EXP 	Stim_LeftScreenInstruction: autoDraw = False
36.6685 	EXP 	Stim_RightScreenInstruction: autoDraw = False
36.6685 	EXP 	Feedback: foreColor = <psychopy.colors.Color: yellow, alpha=1.0>
36.6685 	EXP 	Fix: autoDraw = True
37.1567 	EXP 	Fix: autoDraw = False
37.1714 	EXP 	Feedback: autoDraw = True
38.6572 	EXP 	New trial (rep=0, index=2): <Trial 2 (2 in rep 0) data={'ID': 4, 'Weight': 1, 'Nested': None, 'Procedure': 'PracticeTrialsPROC', 'Stimulus': 'VM Stimuli/Place5.bmp', 'TargetType': 'nontarget', 'CorrectResponse': 'Nontarget', 'StimType': 'Place', 'BlockType': '0-Back', 'thisN': 2, 'thisTrialN': 2, 'thisRepN': 0}>
38.6700 	INFO 	Keyboard events cleared
38.6700 	EXP 	Feedback: autoDraw = False
38.6700 	EXP 	Fix: autoDraw = False
38.6700 	EXP 	Feedback: autoDraw = False
38.6700 	EXP 	Stim: image = 'VM Stimuli/Place5.bmp'
38.6700 	EXP 	Stim: autoDraw = True
38.6700 	EXP 	Stim_LeftScreenInstruction: autoDraw = True
38.6700 	EXP 	Stim_RightScreenInstruction: autoDraw = True
40.6690 	EXP 	Stim: autoDraw = False
40.6690 	EXP 	Stim_LeftScreenInstruction: autoDraw = False
40.6690 	EXP 	Stim_RightScreenInstruction: autoDraw = False
40.6690 	EXP 	Stim: autoDraw = False
40.6690 	EXP 	Stim_LeftScreenInstruction: autoDraw = False
40.6690 	EXP 	Stim_RightScreenInstruction: autoDraw = False
40.6690 	EXP 	Feedback: foreColor = <psychopy.colors.Color: yellow, alpha=1.0>
40.6690 	EXP 	Fix: autoDraw = True
41.1689 	EXP 	Fix: autoDraw = False
41.1689 	EXP 	Feedback: autoDraw = True
42.6622 	EXP 	New trial (rep=0, index=3): <Trial 3 (3 in rep 0) data={'ID': 5, 'Weight': 1, 'Nested': None, 'Procedure': 'PracticeTrialsPROC', 'Stimulus': 'VM Stimuli/Place1.bmp', 'TargetType': 'target', 'CorrectResponse': 'Target', 'StimType': 'Place', 'BlockType': '0-Back', 'thisN': 3, 'thisTrialN': 3, 'thisRepN': 0}>
42.6745 	INFO 	Keyboard events cleared
42.6745 	EXP 	Feedback: autoDraw = False
42.6745 	EXP 	Fix: autoDraw = False
42.6745 	EXP 	Feedback: autoDraw = False
42.6745 	EXP 	Stim: image = 'VM Stimuli/Place1.bmp'
42.6745 	EXP 	Stim: autoDraw = True
42.6745 	EXP 	Stim_LeftScreenInstruction: autoDraw = True
42.6745 	EXP 	Stim_RightScreenInstruction: autoDraw = True
44.6694 	EXP 	Stim: autoDraw = False
44.6694 	EXP 	Stim_LeftScreenInstruction: autoDraw = False
44.6694 	EXP 	Stim_RightScreenInstruction: autoDraw = False
44.6694 	EXP 	Stim: autoDraw = False
44.6694 	EXP 	Stim_LeftScreenInstruction: autoDraw = False
44.6694 	EXP 	Stim_RightScreenInstruction: autoDraw = False
44.6694 	EXP 	Feedback: foreColor = <psychopy.colors.Color: yellow, alpha=1.0>
44.6694 	EXP 	Fix: autoDraw = True
45.1558 	EXP 	Fix: autoDraw = False
45.1702 	EXP 	Feedback: autoDraw = True
46.6594 	EXP 	New trial (rep=0, index=4): <Trial 4 (4 in rep 0) data={'ID': 6, 'Weight': 1, 'Nested': None, 'Procedure': 'PracticeTrialsPROC', 'Stimulus': 'VM Stimuli/Place3.bmp', 'TargetType': 'nontarget', 'CorrectResponse': 'Nontarget', 'StimType': 'Place', 'BlockType': '0-Back', 'thisN': 4, 'thisTrialN': 4, 'thisRepN': 0}>
46.6725 	INFO 	Keyboard events cleared
46.6725 	EXP 	Feedback: autoDraw = False
46.6725 	EXP 	Fix: autoDraw = False
46.6725 	EXP 	Feedback: autoDraw = False
46.6725 	EXP 	Stim: image = 'VM Stimuli/Place3.bmp'
46.6725 	EXP 	Stim: autoDraw = True
46.6725 	EXP 	Stim_LeftScreenInstruction: autoDraw = True
46.6725 	EXP 	Stim_RightScreenInstruction: autoDraw = True
48.6665 	EXP 	Stim: autoDraw = False
48.6665 	EXP 	Stim_LeftScreenInstruction: autoDraw = False
48.6665 	EXP 	Stim_RightScreenInstruction: autoDraw = False
48.6665 	EXP 	Stim: autoDraw = False
48.6665 	EXP 	Stim_LeftScreenInstruction: autoDraw = False
48.6665 	EXP 	Stim_RightScreenInstruction: autoDraw = False
48.6665 	EXP 	Feedback: foreColor = <psychopy.colors.Color: yellow, alpha=1.0>
48.6665 	EXP 	Fix: autoDraw = True
49.1583 	EXP 	Fix: autoDraw = False
49.1696 	EXP 	Feedback: autoDraw = True
50.6682 	INFO 	Keyboard events cleared
50.6682 	EXP 	Feedback: autoDraw = False
50.6682 	EXP 	Fix: autoDraw = False
50.6682 	EXP 	Feedback: autoDraw = False
50.6682 	EXP 	Instructions_Space: autoDraw = True
55.4019 	DATA 	Keypress: space
55.4062 	INFO 	Keyboard events cleared
55.4061 	EXP 	Instructions_Space: autoDraw = False
55.4061 	EXP 	Instructions_8: autoDraw = True
58.3186 	DATA 	Keypress: space
58.3224 	INFO 	Keyboard events cleared
58.3223 	EXP 	Instructions_8: autoDraw = False
58.3223 	EXP 	Instructions_11: autoDraw = True
61.8196 	DATA 	Keypress: space
61.8241 	INFO 	Keyboard events cleared
61.8241 	EXP 	Instructions_11: autoDraw = False
61.8241 	EXP 	Example_Stim: image = 'VM Stimuli/PracticeFO1.bmp'
61.8241 	EXP 	Instructions_9: autoDraw = True
61.8241 	EXP 	Example_Stim: autoDraw = True
61.8241 	EXP 	Example_LeftScreenInstruction: autoDraw = True
61.8241 	EXP 	Example_RightScreenInstruction: autoDraw = True
66.0274 	DATA 	Keypress: space
66.0310 	INFO 	Keyboard events cleared
66.0310 	EXP 	Instructions_9: autoDraw = False
66.0310 	EXP 	Example_Stim: autoDraw = False
66.0310 	EXP 	Example_LeftScreenInstruction: autoDraw = False
66.0310 	EXP 	Example_RightScreenInstruction: autoDraw = False
66.0310 	EXP 	Example_Stim_2: image = 'VM Stimuli/PracticeFO2.bmp'
66.0310 	EXP 	Instructions_21: autoDraw = True
66.0310 	EXP 	One_Back_Example_Stim: autoDraw = True
66.0310 	EXP 	Example_Stim_2: autoDraw = True
66.0310 	EXP 	Example_LeftScreenInstruction_2: autoDraw = True
66.0310 	EXP 	Example_RightScreenInstruction_2: autoDraw = True
67.3810 	DATA 	Keypress: space
67.3971 	INFO 	Keyboard events cleared
67.3971 	EXP 	Instructions_21: autoDraw = False
67.3971 	EXP 	One_Back_Example_Stim: autoDraw = False
67.3971 	EXP 	Example_Stim_2: autoDraw = False
67.3971 	EXP 	Example_LeftScreenInstruction_2: autoDraw = False
67.3971 	EXP 	Example_RightScreenInstruction_2: autoDraw = False
67.3971 	EXP 	Example_Stim_3: image = 'VM Stimuli/PracticeFO1.bmp'
67.3971 	EXP 	Instructions_24: autoDraw = True
67.3971 	EXP 	Green_Border: autoDraw = True
67.3971 	EXP 	Two_Back_Example_Stim: autoDraw = True
67.3971 	EXP 	One_Back_Example_Stim_2: autoDraw = True
67.3971 	EXP 	Example_Stim_3: autoDraw = True
67.3971 	EXP 	Example_LeftScreenInstruction_3: autoDraw = True
67.3971 	EXP 	Example_RightScreenInstruction_3: autoDraw = True
68.5251 	DATA 	Keypress: space
68.5289 	INFO 	Keyboard events cleared
68.5289 	EXP 	Instructions_24: autoDraw = False
68.5289 	EXP 	Green_Border: autoDraw = False
68.5289 	EXP 	Two_Back_Example_Stim: autoDraw = False
68.5289 	EXP 	One_Back_Example_Stim_2: autoDraw = False
68.5289 	EXP 	Example_Stim_3: autoDraw = False
68.5289 	EXP 	Example_LeftScreenInstruction_3: autoDraw = False
68.5289 	EXP 	Example_RightScreenInstruction_3: autoDraw = False
68.5289 	EXP 	Example_Stim_4: image = 'VM Stimuli/PracticeFO3.bmp'
68.5289 	EXP 	Instructions_25: autoDraw = True
68.5289 	EXP 	Two_Back_Example_Stim_2: autoDraw = True
68.5289 	EXP 	One_Back_Example_Stim_3: autoDraw = True
68.5289 	EXP 	Example_Stim_4: autoDraw = True
68.5289 	EXP 	Example_LeftScreenInstruction_4: autoDraw = True
68.5289 	EXP 	Example_RightScreenInstruction_4: autoDraw = True
69.3151 	DATA 	Keypress: space
69.3172 	INFO 	Keyboard events cleared
69.3172 	EXP 	Instructions_25: autoDraw = False
69.3172 	EXP 	Two_Back_Example_Stim_2: autoDraw = False
69.3172 	EXP 	One_Back_Example_Stim_3: autoDraw = False
69.3172 	EXP 	Example_Stim_4: autoDraw = False
69.3172 	EXP 	Example_LeftScreenInstruction_4: autoDraw = False
69.3172 	EXP 	Example_RightScreenInstruction_4: autoDraw = False
69.3172 	EXP 	Instructions_15: autoDraw = True
69.8493 	DATA 	Keypress: space
69.8532 	INFO 	Keyboard events cleared
69.8532 	EXP 	Instructions_15: autoDraw = False
69.8532 	EXP 	Instructions_32: autoDraw = True
69.8532 	EXP 	Example_Stim_5: autoDraw = True
69.8532 	EXP 	Example_LeftScreenInstruction_5: autoDraw = True
69.8532 	EXP 	Example_RightScreenInstruction_5: autoDraw = True
73.4207 	DATA 	Keypress: space
73.4246 	INFO 	Keyboard events cleared
73.4246 	EXP 	Instructions_32: autoDraw = False
73.4246 	EXP 	Example_Stim_5: autoDraw = False
73.4246 	EXP 	Example_LeftScreenInstruction_5: autoDraw = False
73.4246 	EXP 	Example_RightScreenInstruction_5: autoDraw = False
73.4246 	EXP 	Instructions_27: autoDraw = True
73.4246 	EXP 	Example_Stim_6: autoDraw = True
73.4246 	EXP 	Example_LeftScreenInstruction_6: autoDraw = True
73.4246 	EXP 	Example_RightScreenInstruction_6: autoDraw = True
74.9442 	DATA 	Keypress: space
74.9478 	INFO 	Keyboard events cleared
74.9477 	EXP 	Instructions_27: autoDraw = False
74.9477 	EXP 	Example_Stim_6: autoDraw = False
74.9477 	EXP 	Example_LeftScreenInstruction_6: autoDraw = False
74.9477 	EXP 	Example_RightScreenInstruction_6: autoDraw = False
74.9477 	EXP 	Instructions_33: autoDraw = True
74.9477 	EXP 	Example_Stim_7: autoDraw = True
74.9477 	EXP 	Example_LeftScreenInstruction_7: autoDraw = True
74.9477 	EXP 	Example_RightScreenInstruction_7: autoDraw = True
75.7854 	DATA 	Keypress: space
75.7890 	INFO 	Keyboard events cleared
75.7890 	EXP 	Instructions_33: autoDraw = False
75.7890 	EXP 	Example_Stim_7: autoDraw = False
75.7890 	EXP 	Example_LeftScreenInstruction_7: autoDraw = False
75.7890 	EXP 	Example_RightScreenInstruction_7: autoDraw = False
75.7890 	EXP 	Instructions_26: autoDraw = True
75.7890 	EXP 	One_Back_Example_Stim_4: autoDraw = True
75.7890 	EXP 	Example_Stim_8: autoDraw = True
75.7890 	EXP 	Example_LeftScreenInstruction_8: autoDraw = True
75.7890 	EXP 	Example_RightScreenInstruction_8: autoDraw = True
77.0187 	DATA 	Keypress: space
77.0223 	INFO 	Keyboard events cleared
77.0223 	EXP 	Instructions_26: autoDraw = False
77.0223 	EXP 	One_Back_Example_Stim_4: autoDraw = False
77.0223 	EXP 	Example_Stim_8: autoDraw = False
77.0223 	EXP 	Example_LeftScreenInstruction_8: autoDraw = False
77.0223 	EXP 	Example_RightScreenInstruction_8: autoDraw = False
77.0223 	EXP 	Instructions: autoDraw = True
77.0223 	EXP 	Example_Stim_9: autoDraw = True
77.0223 	EXP 	Example_LeftScreenInstruction_9: autoDraw = True
77.0223 	EXP 	Example_RightScreenInstruction_9: autoDraw = True
84.5596 	DATA 	Keypress: space
84.5635 	INFO 	Keyboard events cleared
84.5635 	EXP 	Instructions: autoDraw = False
84.5635 	EXP 	Example_Stim_9: autoDraw = False
84.5635 	EXP 	Example_LeftScreenInstruction_9: autoDraw = False
84.5635 	EXP 	Example_RightScreenInstruction_9: autoDraw = False
84.5635 	EXP 	Instructions_28: autoDraw = True
84.5635 	EXP 	Two_Back_Example_Stim_3: autoDraw = True
84.5635 	EXP 	One_Back_Example_Stim_5: autoDraw = True
84.5635 	EXP 	Example_Stim_10: autoDraw = True
84.5635 	EXP 	Example_LeftScreenInstruction_10: autoDraw = True
84.5635 	EXP 	Example_RightScreenInstruction_10: autoDraw = True
99.5615 	DATA 	Keypress: space
99.5790 	INFO 	Keyboard events cleared
99.5789 	EXP 	Instructions_28: autoDraw = False
99.5789 	EXP 	Two_Back_Example_Stim_3: autoDraw = False
99.5789 	EXP 	One_Back_Example_Stim_5: autoDraw = False
99.5789 	EXP 	Example_Stim_10: autoDraw = False
99.5789 	EXP 	Example_LeftScreenInstruction_10: autoDraw = False
99.5789 	EXP 	Example_RightScreenInstruction_10: autoDraw = False
99.5789 	EXP 	Instructions_29: autoDraw = True
99.5789 	EXP 	Green_Border_2: autoDraw = True
99.5789 	EXP 	Two_Back_Example_Stim_4: autoDraw = True
99.5789 	EXP 	One_Back_Example_Stim_6: autoDraw = True
99.5789 	EXP 	Example_Stim_11: autoDraw = True
99.5789 	EXP 	Example_LeftScreenInstruction_11: autoDraw = True
99.5789 	EXP 	Example_RightScreenInstruction_11: autoDraw = True
101.8340 	DATA 	Keypress: space
101.8379 	INFO 	Keyboard events cleared
101.8378 	EXP 	Instructions_29: autoDraw = False
101.8378 	EXP 	Green_Border_2: autoDraw = False
101.8378 	EXP 	Two_Back_Example_Stim_4: autoDraw = False
101.8378 	EXP 	One_Back_Example_Stim_6: autoDraw = False
101.8378 	EXP 	Example_Stim_11: autoDraw = False
101.8378 	EXP 	Example_LeftScreenInstruction_11: autoDraw = False
101.8378 	EXP 	Example_RightScreenInstruction_11: autoDraw = False
101.8378 	EXP 	Instructions_22: autoDraw = True
103.1116 	DATA 	Keypress: space
103.1154 	INFO 	Keyboard events cleared
103.1154 	EXP 	Instructions_22: autoDraw = False
103.1154 	EXP 	Instructions_30: autoDraw = True
103.7159 	EXP 	Imported PracticeTrials/PracticeTrials3.xlsx as conditions, 5 conditions, 9 params
103.7163 	EXP 	New trial (rep=0, index=0): <Trial 0 (0 in rep 0) data={'ID': 1, 'Weight': 1, 'Nested': None, 'Procedure': 'PracticeTrialsPROC', 'Stimulus': 'VM Stimuli/PracticeFO2.bmp', 'TargetType': 'nontarget', 'CorrectResponse': 'Nontarget', 'StimType': 'NegFace', 'BlockType': '2-Back', 'thisN': 0, 'thisTrialN': 0, 'thisRepN': 0}>
103.7247 	DATA 	Keypress: space
103.7292 	INFO 	Keyboard events cleared
103.7291 	EXP 	Instructions_30: autoDraw = False
103.7291 	EXP 	Stim: image = 'VM Stimuli/PracticeFO2.bmp'
103.7291 	EXP 	Stim: autoDraw = True
103.7291 	EXP 	Stim_LeftScreenInstruction: autoDraw = True
103.7291 	EXP 	Stim_RightScreenInstruction: autoDraw = True
104.7828 	DATA 	Keypress: escape
104.9462 	EXP 	EmoNback_Practice: status = STOPPED
104.9491 	EXP 	Stim: autoDraw = False
104.9491 	EXP 	Stim_LeftScreenInstruction: autoDraw = False
104.9491 	EXP 	Stim_RightScreenInstruction: autoDraw = False
104.9492 	EXP 	EmoNback_Practice: status = STOPPED
104.9725 	INFO 	saved data to '/Users/akashrathi/Documents/EDC_Tasks/EmoNback/EmoNback_Practice/data/42124_1.csv'
104.9730 	INFO 	saved data to /Users/akashrathi/Documents/EDC_Tasks/EmoNback/EmoNback_Practice/data/42124_1.psydat
105.0113 	WARNING 	Stopping key buffers but this could be dangerous ifother keyboards rely on the same.
105.0114 	WARNING 	Stopping key buffers but this could be dangerous ifother keyboards rely on the same.
105.0114 	WARNING 	Stopping key buffers but this could be dangerous ifother keyboards rely on the same.
105.0114 	WARNING 	Stopping key buffers but this could be dangerous ifother keyboards rely on the same.
105.0114 	WARNING 	Stopping key buffers but this could be dangerous ifother keyboards rely on the same.
105.0114 	WARNING 	Stopping key buffers but this could be dangerous ifother keyboards rely on the same.
105.0114 	WARNING 	Stopping key buffers but this could be dangerous ifother keyboards rely on the same.
105.0114 	WARNING 	Stopping key buffers but this could be dangerous ifother keyboards rely on the same.
105.0114 	WARNING 	Stopping key buffers but this could be dangerous ifother keyboards rely on the same.
105.0114 	WARNING 	Stopping key buffers but this could be dangerous ifother keyboards rely on the same.
105.0114 	WARNING 	Stopping key buffers but this could be dangerous ifother keyboards rely on the same.
105.0114 	WARNING 	Stopping key buffers but this could be dangerous ifother keyboards rely on the same.
105.0114 	WARNING 	Stopping key buffers but this could be dangerous ifother keyboards rely on the same.
105.0114 	WARNING 	Stopping key buffers but this could be dangerous ifother keyboards rely on the same.
105.0115 	WARNING 	Stopping key buffers but this could be dangerous ifother keyboards rely on the same.
105.0115 	WARNING 	Stopping key buffers but this could be dangerous ifother keyboards rely on the same.
105.0115 	WARNING 	Stopping key buffers but this could be dangerous ifother keyboards rely on the same.
105.0115 	WARNING 	Stopping key buffers but this could be dangerous ifother keyboards rely on the same.
105.0115 	WARNING 	Stopping key buffers but this could be dangerous ifother keyboards rely on the same.
105.0115 	WARNING 	Stopping key buffers but this could be dangerous ifother keyboards rely on the same.
105.0115 	WARNING 	Stopping key buffers but this could be dangerous ifother keyboards rely on the same.
105.0115 	WARNING 	Stopping key buffers but this could be dangerous ifother keyboards rely on the same.
105.0115 	WARNING 	Stopping key buffers but this could be dangerous ifother keyboards rely on the same.
105.0115 	WARNING 	Stopping key buffers but this could be dangerous ifother keyboards rely on the same.
105.0115 	WARNING 	Stopping key buffers but this could be dangerous ifother keyboards rely on the same.
105.0115 	WARNING 	Stopping key buffers but this could be dangerous ifother keyboards rely on the same.
105.0115 	WARNING 	Stopping key buffers but this could be dangerous ifother keyboards rely on the same.
105.0115 	WARNING 	Stopping key buffers but this could be dangerous ifother keyboards rely on the same.
105.0115 	WARNING 	Stopping key buffers but this could be dangerous ifother keyboards rely on the same.
