15.9843 	WARNING 	Monitor specification not found. Creating a temporary one...
15.9954 	WARNING 	User requested fullscreen with size [1728 1117], but screen is actually [2240, 1260]. Using actual size
16.1314 	INFO 	Using renderer 'Apple M1' for graphics
16.1314 	INFO 	OpenGL version supported by driver is 2..
16.1477 	EXP 	Created window1 = Window(allowGUI=False, allowStencil=True, autoLog=True, backendConf=UNKNOWN, backgroundFit=<method-wrapper '__getattribute__' of attributeSetter object at 0x14e3b2500>, backgroundImage=<method-wrapper '__getattribute__' of attributeSetter object at 0x14e3b2560>, bitsMode=UNKNOWN, blendMode='avg', bpc=(8, 8, 8), color=array([0, 0, 0]), colorSpace='rgb', depthBits=8, fullscr=True, gamma=None, gammaErrorPolicy='raise', infoMsg=UNKNOWN, lms=UNKNOWN, monitor=<psychopy.monitors.calibTools.Monitor object at 0x14df37a60>, multiSample=False, name='window1', numSamples=2, pos=[np.float64(0.0), np.float64(0.0)], screen=0, size=array([4480, 2520]), stencilBits=8, stereo=False, title='PsychoPy', units='height', useFBO=True, useRetina=True, viewOri=0.0, viewPos=None, viewScale=None, waitBlanking=True, winType='pyglet')
16.1478 	EXP 	window1: backgroundImage = ''
16.1478 	EXP 	window1: backgroundFit = 'none'
16.5906 	INFO 	keyboard.Keyboard is using ptb backend.
16.6605 	INFO 	keyboard.Keyboard is using ptb backend.
16.7099 	INFO 	keyboard.Keyboard is using ptb backend.
16.7585 	INFO 	keyboard.Keyboard is using ptb backend.
16.8090 	INFO 	keyboard.Keyboard is using ptb backend.
16.8575 	INFO 	keyboard.Keyboard is using ptb backend.
16.9057 	INFO 	keyboard.Keyboard is using ptb backend.
16.9550 	INFO 	keyboard.Keyboard is using ptb backend.
17.0036 	INFO 	keyboard.Keyboard is using ptb backend.
17.0529 	INFO 	keyboard.Keyboard is using ptb backend.
17.1012 	INFO 	keyboard.Keyboard is using ptb backend.
17.1504 	INFO 	keyboard.Keyboard is using ptb backend.
17.1989 	INFO 	keyboard.Keyboard is using ptb backend.
17.2473 	INFO 	keyboard.Keyboard is using ptb backend.
17.2957 	INFO 	keyboard.Keyboard is using ptb backend.
17.3441 	INFO 	keyboard.Keyboard is using ptb backend.
17.3925 	INFO 	keyboard.Keyboard is using ptb backend.
17.4414 	INFO 	keyboard.Keyboard is using ptb backend.
17.4898 	INFO 	keyboard.Keyboard is using ptb backend.
17.5383 	INFO 	keyboard.Keyboard is using ptb backend.
17.5874 	INFO 	keyboard.Keyboard is using ptb backend.
17.6369 	INFO 	keyboard.Keyboard is using ptb backend.
17.6896 	INFO 	keyboard.Keyboard is using ptb backend.
17.7382 	INFO 	keyboard.Keyboard is using ptb backend.
17.7875 	INFO 	keyboard.Keyboard is using ptb backend.
17.8360 	INFO 	keyboard.Keyboard is using ptb backend.
17.8843 	INFO 	keyboard.Keyboard is using ptb backend.
17.9328 	INFO 	keyboard.Keyboard is using ptb backend.
17.9821 	INFO 	keyboard.Keyboard is using ptb backend.
17.9821 	EXP 	EmoNback_Practice: status = STARTED
18.2417 	EXP 	Created Face_image = ImageStim(__class__=<class 'psychopy.visual.image.ImageStim'>, anchor=('center', 'center'), autoLog=True, color=array([1., 1., 1.]), colorSpace='rgb', contrast=1.0, depth=-4.0, draggable=False, flipHoriz=np.False_, flipVert=np.False_, image='VM Stimuli/PracticeNC1.bmp', interpolate=True, mask=None, maskParams=None, name='Face_image', opacity=1, ori=0.0, pos=array([-0.3, -0.1]), size=array([0.3, 0.3]), texRes=128.0, units='height', win=Window(...))
18.2484 	EXP 	Created Place_Image = ImageStim(__class__=<class 'psychopy.visual.image.ImageStim'>, anchor=('center', 'center'), autoLog=True, color=array([1., 1., 1.]), colorSpace='rgb', contrast=1.0, depth=-5.0, draggable=False, flipHoriz=np.False_, flipVert=np.False_, image='VM Stimuli/Place1.bmp', interpolate=True, mask=None, maskParams=None, name='Place_Image', opacity=1, ori=0.0, pos=array([ 0.3, -0.1]), size=array([0.3, 0.3]), texRes=128.0, units='height', win=Window(...))
18.2904 	EXP 	Created TargetImage = ImageStim(__class__=<class 'psychopy.visual.image.ImageStim'>, anchor=('center', 'center'), autoLog=True, color=array([1., 1., 1.]), colorSpace='rgb', contrast=1.0, depth=-3.0, draggable=False, flipHoriz=np.False_, flipVert=np.False_, image='VM Stimuli/PracticeNC1.bmp', interpolate=True, mask=None, maskParams=None, name='TargetImage', opacity=1, ori=0.0, pos=array([0.2, 0. ]), size=array([0.22, 0.22]), texRes=128.0, units='height', win=Window(...))
18.3065 	EXP 	Created TargetImage_2 = ImageStim(__class__=<class 'psychopy.visual.image.ImageStim'>, anchor=('center', 'center'), autoLog=True, color=array([1., 1., 1.]), colorSpace='rgb', contrast=1.0, depth=-2.0, draggable=False, flipHoriz=np.False_, flipVert=np.False_, image='VM Stimuli/PracticeNC1.bmp', interpolate=True, mask=None, maskParams=None, name='TargetImage_2', opacity=1, ori=0.0, pos=array([0., 0.]), size=array([0.22, 0.22]), texRes=128.0, units='height', win=Window(...))
18.3642 	EXP 	Created TargetImage_3 = ImageStim(__class__=<class 'psychopy.visual.image.ImageStim'>, anchor=('center', 'center'), autoLog=True, color=array([1., 1., 1.]), colorSpace='rgb', contrast=1.0, depth=-3.0, draggable=False, flipHoriz=np.False_, flipVert=np.False_, image='VM Stimuli/PracticeFO1.bmp', interpolate=True, mask=None, maskParams=None, name='TargetImage_3', opacity=1, ori=0.0, pos=array([0., 0.]), size=array([0.22, 0.22]), texRes=128.0, units='height', win=Window(...))
18.4730 	EXP 	Created CueTargetImage_1 = ImageStim(__class__=<class 'psychopy.visual.image.ImageStim'>, anchor=('center', 'center'), autoLog=True, color=array([1., 1., 1.]), colorSpace='rgb', contrast=1.0, depth=-2.0, draggable=False, flipHoriz=np.False_, flipVert=np.False_, image='VM Stimuli/PracticeNC1.bmp', interpolate=True, mask=None, maskParams=None, name='CueTargetImage_1', opacity=1, ori=0.0, pos=array([0.25, 0.  ]), size=array([0.4, 0.4]), texRes=128.0, units='height', win=Window(...))
18.4934 	EXP 	Created Stim = ImageStim(__class__=<class 'psychopy.visual.image.ImageStim'>, anchor=('center', 'center'), autoLog=True, color=array([1., 1., 1.]), colorSpace='rgb', contrast=1.0, depth=-2.0, draggable=False, flipHoriz=np.False_, flipVert=np.False_, image='default.png', interpolate=True, mask=None, maskParams=None, name='Stim', opacity=1, ori=0.0, pos=array([0. , 0.1]), size=array([0.4, 0.4]), texRes=128.0, units='height', win=Window(...))
18.5637 	EXP 	Created CueTargetImage_2 = ImageStim(__class__=<class 'psychopy.visual.image.ImageStim'>, anchor=('center', 'center'), autoLog=True, color=array([1., 1., 1.]), colorSpace='rgb', contrast=1.0, depth=-2.0, draggable=False, flipHoriz=np.False_, flipVert=np.False_, image='VM Stimuli/Place1.bmp', interpolate=True, mask=None, maskParams=None, name='CueTargetImage_2', opacity=1, ori=0.0, pos=array([0.25, 0.  ]), size=array([0.4, 0.4]), texRes=128.0, units='height', win=Window(...))
18.5737 	EXP 	Created Stim = ImageStim(__class__=<class 'psychopy.visual.image.ImageStim'>, anchor=('center', 'center'), autoLog=True, color=array([1., 1., 1.]), colorSpace='rgb', contrast=1.0, depth=-2.0, draggable=False, flipHoriz=np.False_, flipVert=np.False_, image='default.png', interpolate=True, mask=None, maskParams=None, name='Stim', opacity=1, ori=0.0, pos=array([0. , 0.1]), size=array([0.4, 0.4]), texRes=128.0, units='height', win=Window(...))
18.6311 	EXP 	Created Example_Stim = ImageStim(__class__=<class 'psychopy.visual.image.ImageStim'>, anchor=('center', 'center'), autoLog=True, color=array([1., 1., 1.]), colorSpace='rgb', contrast=1.0, depth=-2.0, draggable=False, flipHoriz=np.False_, flipVert=np.False_, image='default.png', interpolate=True, mask=None, maskParams=None, name='Example_Stim', opacity=1, ori=0.0, pos=array([0., 0.]), size=array([0.22, 0.22]), texRes=128.0, units='height', win=Window(...))
18.6608 	EXP 	Created One_Back_Example_Stim = ImageStim(__class__=<class 'psychopy.visual.image.ImageStim'>, anchor=('center', 'center'), autoLog=True, color=array([1., 1., 1.]), colorSpace='rgb', contrast=1.0, depth=-2.0, draggable=False, flipHoriz=np.False_, flipVert=np.False_, image='VM Stimuli/PracticeFO1.bmp', interpolate=True, mask=None, maskParams=None, name='One_Back_Example_Stim', opacity=1, ori=0.0, pos=array([-0.3,  0. ]), size=array([0.15, 0.15]), texRes=128.0, units='height', win=Window(...))
18.6641 	EXP 	Created Example_Stim_2 = ImageStim(__class__=<class 'psychopy.visual.image.ImageStim'>, anchor=('center', 'center'), autoLog=True, color=array([1., 1., 1.]), colorSpace='rgb', contrast=1.0, depth=-3.0, draggable=False, flipHoriz=np.False_, flipVert=np.False_, image='default.png', interpolate=True, mask=None, maskParams=None, name='Example_Stim_2', opacity=1, ori=0.0, pos=array([0., 0.]), size=array([0.22, 0.22]), texRes=128.0, units='height', win=Window(...))
18.6857 	EXP 	Created Green_Border = Rect(__class__=<class 'psychopy.visual.rect.Rect'>, anchor=('center', 'center'), autoDraw=False, autoLog=True, closeShape=True, color=method-wrapper(...), colorSpace='rgb', contrast=None, depth=-2.0, draggable=False, fillColor=array([-0.60784314,  0.60784314, -0.60784314]), fillColorSpace='rgb', fillRGB=array([-0.60784314,  0.60784314, -0.60784314]), interpolate=True, lineColor=array([-0.60784314,  0.60784314, -0.60784314]), lineColorSpace='rgb', lineRGB=array([-0.60784314,  0.60784314, -0.60784314]), lineWidth=1.0, name='Green_Border', opacity=1.0, ori=0.0, pos=array([-0.5,  0. ]), size=array([0.15, 0.15]), units='height', vertices=ndarray(...), win=Window(...))
18.6878 	EXP 	Created Two_Back_Example_Stim = ImageStim(__class__=<class 'psychopy.visual.image.ImageStim'>, anchor=('center', 'center'), autoLog=True, color=array([1., 1., 1.]), colorSpace='rgb', contrast=1.0, depth=-3.0, draggable=False, flipHoriz=np.False_, flipVert=np.False_, image='VM Stimuli/PracticeFO1.bmp', interpolate=True, mask=None, maskParams=None, name='Two_Back_Example_Stim', opacity=1, ori=0.0, pos=array([-0.5,  0. ]), size=array([0.13, 0.13]), texRes=128.0, units='height', win=Window(...))
18.6926 	EXP 	Created One_Back_Example_Stim_2 = ImageStim(__class__=<class 'psychopy.visual.image.ImageStim'>, anchor=('center', 'center'), autoLog=True, color=array([1., 1., 1.]), colorSpace='rgb', contrast=1.0, depth=-4.0, draggable=False, flipHoriz=np.False_, flipVert=np.False_, image='VM Stimuli/PracticeFO2.bmp', interpolate=True, mask=None, maskParams=None, name='One_Back_Example_Stim_2', opacity=1, ori=0.0, pos=array([-0.3,  0. ]), size=array([0.15, 0.15]), texRes=128.0, units='height', win=Window(...))
18.6958 	EXP 	Created Example_Stim_3 = ImageStim(__class__=<class 'psychopy.visual.image.ImageStim'>, anchor=('center', 'center'), autoLog=True, color=array([1., 1., 1.]), colorSpace='rgb', contrast=1.0, depth=-5.0, draggable=False, flipHoriz=np.False_, flipVert=np.False_, image='default.png', interpolate=True, mask=None, maskParams=None, name='Example_Stim_3', opacity=1, ori=0.0, pos=array([0., 0.]), size=array([0.22, 0.22]), texRes=128.0, units='height', win=Window(...))
18.7192 	EXP 	Created Two_Back_Example_Stim_2 = ImageStim(__class__=<class 'psychopy.visual.image.ImageStim'>, anchor=('center', 'center'), autoLog=True, color=array([1., 1., 1.]), colorSpace='rgb', contrast=1.0, depth=-2.0, draggable=False, flipHoriz=np.False_, flipVert=np.False_, image='VM Stimuli/PracticeFO2.bmp', interpolate=True, mask=None, maskParams=None, name='Two_Back_Example_Stim_2', opacity=1, ori=0.0, pos=array([-0.5,  0. ]), size=array([0.13, 0.13]), texRes=128.0, units='height', win=Window(...))
18.7209 	EXP 	Created One_Back_Example_Stim_3 = ImageStim(__class__=<class 'psychopy.visual.image.ImageStim'>, anchor=('center', 'center'), autoLog=True, color=array([1., 1., 1.]), colorSpace='rgb', contrast=1.0, depth=-3.0, draggable=False, flipHoriz=np.False_, flipVert=np.False_, image='VM Stimuli/PracticeFO1.bmp', interpolate=True, mask=None, maskParams=None, name='One_Back_Example_Stim_3', opacity=1, ori=0.0, pos=array([-0.3,  0. ]), size=array([0.15, 0.15]), texRes=128.0, units='height', win=Window(...))
18.7240 	EXP 	Created Example_Stim_4 = ImageStim(__class__=<class 'psychopy.visual.image.ImageStim'>, anchor=('center', 'center'), autoLog=True, color=array([1., 1., 1.]), colorSpace='rgb', contrast=1.0, depth=-4.0, draggable=False, flipHoriz=np.False_, flipVert=np.False_, image='default.png', interpolate=True, mask=None, maskParams=None, name='Example_Stim_4', opacity=1, ori=0.0, pos=array([0., 0.]), size=array([0.22, 0.22]), texRes=128.0, units='height', win=Window(...))
18.7581 	EXP 	Created Example_Stim_5 = ImageStim(__class__=<class 'psychopy.visual.image.ImageStim'>, anchor=('center', 'center'), autoLog=True, color=array([1., 1., 1.]), colorSpace='rgb', contrast=1.0, depth=-2.0, draggable=False, flipHoriz=np.False_, flipVert=np.False_, image='VM Stimuli/PracticeFO2.bmp', interpolate=True, mask=None, maskParams=None, name='Example_Stim_5', opacity=1, ori=0.0, pos=array([0., 0.]), size=array([0.3, 0.3]), texRes=128.0, units='height', win=Window(...))
18.7863 	EXP 	Created Example_Stim_6 = ImageStim(__class__=<class 'psychopy.visual.image.ImageStim'>, anchor=('center', 'center'), autoLog=True, color=array([1., 1., 1.]), colorSpace='rgb', contrast=1.0, depth=-2.0, draggable=False, flipHoriz=np.False_, flipVert=np.False_, image='VM Stimuli/PracticeFO2.bmp', interpolate=True, mask=None, maskParams=None, name='Example_Stim_6', opacity=1, ori=0.0, pos=array([0., 0.]), size=array([0.3, 0.3]), texRes=128.0, units='height', win=Window(...))
18.8086 	EXP 	Created Example_Stim_7 = ImageStim(__class__=<class 'psychopy.visual.image.ImageStim'>, anchor=('center', 'center'), autoLog=True, color=array([1., 1., 1.]), colorSpace='rgb', contrast=1.0, depth=-2.0, draggable=False, flipHoriz=np.False_, flipVert=np.False_, image='VM Stimuli/PracticeFO3.bmp', interpolate=True, mask=None, maskParams=None, name='Example_Stim_7', opacity=1, ori=0.0, pos=array([0., 0.]), size=array([0.3, 0.3]), texRes=128.0, units='height', win=Window(...))
18.8310 	EXP 	Created One_Back_Example_Stim_4 = ImageStim(__class__=<class 'psychopy.visual.image.ImageStim'>, anchor=('center', 'center'), autoLog=True, color=array([1., 1., 1.]), colorSpace='rgb', contrast=1.0, depth=-2.0, draggable=False, flipHoriz=np.False_, flipVert=np.False_, image='VM Stimuli/PracticeFO2.bmp', interpolate=True, mask=None, maskParams=None, name='One_Back_Example_Stim_4', opacity=1, ori=0.0, pos=array([-0.3,  0. ]), size=array([0.15, 0.15]), texRes=128.0, units='height', win=Window(...))
18.8327 	EXP 	Created Example_Stim_8 = ImageStim(__class__=<class 'psychopy.visual.image.ImageStim'>, anchor=('center', 'center'), autoLog=True, color=array([1., 1., 1.]), colorSpace='rgb', contrast=1.0, depth=-3.0, draggable=False, flipHoriz=np.False_, flipVert=np.False_, image='VM Stimuli/PracticeFO3.bmp', interpolate=True, mask=None, maskParams=None, name='Example_Stim_8', opacity=1, ori=0.0, pos=array([0., 0.]), size=array([0.3, 0.3]), texRes=128.0, units='height', win=Window(...))
18.8551 	EXP 	Created Example_Stim_9 = ImageStim(__class__=<class 'psychopy.visual.image.ImageStim'>, anchor=('center', 'center'), autoLog=True, color=array([1., 1., 1.]), colorSpace='rgb', contrast=1.0, depth=-2.0, draggable=False, flipHoriz=np.False_, flipVert=np.False_, image='VM Stimuli/PracticeFO1.bmp', interpolate=True, mask=None, maskParams=None, name='Example_Stim_9', opacity=1, ori=0.0, pos=array([0., 0.]), size=array([0.3, 0.3]), texRes=128.0, units='height', win=Window(...))
18.8781 	EXP 	Created Two_Back_Example_Stim_3 = ImageStim(__class__=<class 'psychopy.visual.image.ImageStim'>, anchor=('center', 'center'), autoLog=True, color=array([1., 1., 1.]), colorSpace='rgb', contrast=1.0, depth=-2.0, draggable=False, flipHoriz=np.False_, flipVert=np.False_, image='VM Stimuli/PracticeFO2.bmp', interpolate=True, mask=None, maskParams=None, name='Two_Back_Example_Stim_3', opacity=1, ori=0.0, pos=array([-0.5,  0. ]), size=array([0.15, 0.15]), texRes=128.0, units='height', win=Window(...))
18.8799 	EXP 	Created One_Back_Example_Stim_5 = ImageStim(__class__=<class 'psychopy.visual.image.ImageStim'>, anchor=('center', 'center'), autoLog=True, color=array([1., 1., 1.]), colorSpace='rgb', contrast=1.0, depth=-3.0, draggable=False, flipHoriz=np.False_, flipVert=np.False_, image='VM Stimuli/PracticeFO3.bmp', interpolate=True, mask=None, maskParams=None, name='One_Back_Example_Stim_5', opacity=1, ori=0.0, pos=array([-0.3,  0. ]), size=array([0.15, 0.15]), texRes=128.0, units='height', win=Window(...))
18.8816 	EXP 	Created Example_Stim_10 = ImageStim(__class__=<class 'psychopy.visual.image.ImageStim'>, anchor=('center', 'center'), autoLog=True, color=array([1., 1., 1.]), colorSpace='rgb', contrast=1.0, depth=-4.0, draggable=False, flipHoriz=np.False_, flipVert=np.False_, image='VM Stimuli/PracticeFO1.bmp', interpolate=True, mask=None, maskParams=None, name='Example_Stim_10', opacity=1, ori=0.0, pos=array([0., 0.]), size=array([0.3, 0.3]), texRes=128.0, units='height', win=Window(...))
18.9042 	EXP 	Created Example_Stim_12 = ImageStim(__class__=<class 'psychopy.visual.image.ImageStim'>, anchor=('center', 'center'), autoLog=True, color=array([1., 1., 1.]), colorSpace='rgb', contrast=1.0, depth=-2.0, draggable=False, flipHoriz=np.False_, flipVert=np.False_, image='VM Stimuli/PracticeFO3.bmp', interpolate=True, mask=None, maskParams=None, name='Example_Stim_12', opacity=1, ori=0.0, pos=array([0., 0.]), size=array([0.3, 0.3]), texRes=128.0, units='height', win=Window(...))
18.9265 	EXP 	Created Green_Border_2 = Rect(__class__=<class 'psychopy.visual.rect.Rect'>, anchor=('center', 'center'), autoDraw=False, autoLog=True, closeShape=True, color=method-wrapper(...), colorSpace='rgb', contrast=None, depth=-2.0, draggable=False, fillColor=array([-0.60784314,  0.60784314, -0.60784314]), fillColorSpace='rgb', fillRGB=array([-0.60784314,  0.60784314, -0.60784314]), interpolate=True, lineColor=array([-0.60784314,  0.60784314, -0.60784314]), lineColorSpace='rgb', lineRGB=array([-0.60784314,  0.60784314, -0.60784314]), lineWidth=1.0, name='Green_Border_2', opacity=1.0, ori=0.0, pos=array([-0.5,  0. ]), size=array([0.15, 0.15]), units='height', vertices=ndarray(...), win=Window(...))
18.9287 	EXP 	Created Two_Back_Example_Stim_4 = ImageStim(__class__=<class 'psychopy.visual.image.ImageStim'>, anchor=('center', 'center'), autoLog=True, color=array([1., 1., 1.]), colorSpace='rgb', contrast=1.0, depth=-3.0, draggable=False, flipHoriz=np.False_, flipVert=np.False_, image='VM Stimuli/PracticeFO3.bmp', interpolate=True, mask=None, maskParams=None, name='Two_Back_Example_Stim_4', opacity=1, ori=0.0, pos=array([-0.5,  0. ]), size=array([0.13, 0.13]), texRes=128.0, units='height', win=Window(...))
18.9311 	EXP 	Created One_Back_Example_Stim_6 = ImageStim(__class__=<class 'psychopy.visual.image.ImageStim'>, anchor=('center', 'center'), autoLog=True, color=array([1., 1., 1.]), colorSpace='rgb', contrast=1.0, depth=-4.0, draggable=False, flipHoriz=np.False_, flipVert=np.False_, image='VM Stimuli/PracticeFO1.bmp', interpolate=True, mask=None, maskParams=None, name='One_Back_Example_Stim_6', opacity=1, ori=0.0, pos=array([-0.3,  0. ]), size=array([0.15, 0.15]), texRes=128.0, units='height', win=Window(...))
18.9329 	EXP 	Created Example_Stim_11 = ImageStim(__class__=<class 'psychopy.visual.image.ImageStim'>, anchor=('center', 'center'), autoLog=True, color=array([1., 1., 1.]), colorSpace='rgb', contrast=1.0, depth=-5.0, draggable=False, flipHoriz=np.False_, flipVert=np.False_, image='VM Stimuli/PracticeFO3.bmp', interpolate=True, mask=None, maskParams=None, name='Example_Stim_11', opacity=1, ori=0.0, pos=array([0., 0.]), size=array([0.3, 0.3]), texRes=128.0, units='height', win=Window(...))
18.9703 	EXP 	Created Stim = ImageStim(__class__=<class 'psychopy.visual.image.ImageStim'>, anchor=('center', 'center'), autoLog=True, color=array([1., 1., 1.]), colorSpace='rgb', contrast=1.0, depth=-2.0, draggable=False, flipHoriz=np.False_, flipVert=np.False_, image='default.png', interpolate=True, mask=None, maskParams=None, name='Stim', opacity=1, ori=0.0, pos=array([0. , 0.1]), size=array([0.4, 0.4]), texRes=128.0, units='height', win=Window(...))
19.0074 	EXP 	Created Stim = ImageStim(__class__=<class 'psychopy.visual.image.ImageStim'>, anchor=('center', 'center'), autoLog=True, color=array([1., 1., 1.]), colorSpace='rgb', contrast=1.0, depth=-2.0, draggable=False, flipHoriz=np.False_, flipVert=np.False_, image='default.png', interpolate=True, mask=None, maskParams=None, name='Stim', opacity=1, ori=0.0, pos=array([0. , 0.1]), size=array([0.4, 0.4]), texRes=128.0, units='height', win=Window(...))
19.3197 	EXP 	Created Stim = ImageStim(__class__=<class 'psychopy.visual.image.ImageStim'>, anchor=('center', 'center'), autoLog=True, color=array([1., 1., 1.]), colorSpace='rgb', contrast=1.0, depth=-2.0, draggable=False, flipHoriz=np.False_, flipVert=np.False_, image='default.png', interpolate=True, mask=None, maskParams=None, name='Stim', opacity=1, ori=0.0, pos=array([0. , 0.1]), size=array([0.4, 0.4]), texRes=128.0, units='height', win=Window(...))
19.3658 	EXP 	Created CueTargetImage_6 = ImageStim(__class__=<class 'psychopy.visual.image.ImageStim'>, anchor=('center', 'center'), autoLog=True, color=array([1., 1., 1.]), colorSpace='rgb', contrast=1.0, depth=-2.0, draggable=False, flipHoriz=np.False_, flipVert=np.False_, image='VM Stimuli/Place3.bmp', interpolate=True, mask=None, maskParams=None, name='CueTargetImage_6', opacity=1, ori=0.0, pos=array([0.25, 0.  ]), size=array([0.4, 0.4]), texRes=128.0, units='height', win=Window(...))
19.3759 	EXP 	Created Stim = ImageStim(__class__=<class 'psychopy.visual.image.ImageStim'>, anchor=('center', 'center'), autoLog=True, color=array([1., 1., 1.]), colorSpace='rgb', contrast=1.0, depth=-2.0, draggable=False, flipHoriz=np.False_, flipVert=np.False_, image='default.png', interpolate=True, mask=None, maskParams=None, name='Stim', opacity=1, ori=0.0, pos=array([0. , 0.1]), size=array([0.4, 0.4]), texRes=128.0, units='height', win=Window(...))
19.4191 	EXP 	Created Stim = ImageStim(__class__=<class 'psychopy.visual.image.ImageStim'>, anchor=('center', 'center'), autoLog=True, color=array([1., 1., 1.]), colorSpace='rgb', contrast=1.0, depth=-2.0, draggable=False, flipHoriz=np.False_, flipVert=np.False_, image='default.png', interpolate=True, mask=None, maskParams=None, name='Stim', opacity=1, ori=0.0, pos=array([0. , 0.1]), size=array([0.4, 0.4]), texRes=128.0, units='height', win=Window(...))
19.4644 	EXP 	Created CueTargetImage_8 = ImageStim(__class__=<class 'psychopy.visual.image.ImageStim'>, anchor=('center', 'center'), autoLog=True, color=array([1., 1., 1.]), colorSpace='rgb', contrast=1.0, depth=-2.0, draggable=False, flipHoriz=np.False_, flipVert=np.False_, image='VM Stimuli/PracticeNC2.bmp', interpolate=True, mask=None, maskParams=None, name='CueTargetImage_8', opacity=1, ori=0.0, pos=array([0.25, 0.  ]), size=array([0.4, 0.4]), texRes=128.0, units='height', win=Window(...))
19.4745 	EXP 	Created Stim = ImageStim(__class__=<class 'psychopy.visual.image.ImageStim'>, anchor=('center', 'center'), autoLog=True, color=array([1., 1., 1.]), colorSpace='rgb', contrast=1.0, depth=-2.0, draggable=False, flipHoriz=np.False_, flipVert=np.False_, image='default.png', interpolate=True, mask=None, maskParams=None, name='Stim', opacity=1, ori=0.0, pos=array([0. , 0.1]), size=array([0.4, 0.4]), texRes=128.0, units='height', win=Window(...))
0.0304 	EXP 	NbackTitle: autoLog = True
0.0304 	EXP 	Instructions_1: autoLog = True
0.0304 	EXP 	Label_faces: autoLog = True
0.0304 	EXP 	Places_label: autoLog = True
0.0304 	EXP 	Instructions_5pt5: autoLog = True
0.0304 	EXP 	Instructions_6: autoLog = True
0.0304 	EXP 	Instructions_6_Target: autoLog = True
0.0304 	EXP 	Instructions_7: autoLog = True
0.0304 	EXP 	Instructions_6_Match_2: autoLog = True
0.0304 	EXP 	Instructions_10: autoLog = True
0.0304 	EXP 	Instructions_6_Match_3: autoLog = True
0.0304 	EXP 	Instructions_6pt2: autoLog = True
0.0304 	EXP 	CueFix_1: autoLog = True
0.0304 	EXP 	CueTarget_1: autoLog = True
0.0304 	EXP 	Zero_back: autoLog = True
0.0304 	EXP 	Stim_LeftScreenInstruction: autoLog = True
0.0304 	EXP 	Stim_RightScreenInstruction: autoLog = True
0.0304 	EXP 	Fix: autoLog = True
0.0304 	EXP 	Feedback: autoLog = True
0.0304 	EXP 	Instructions_Space: autoLog = True
0.0304 	EXP 	CueFix_2: autoLog = True
0.0304 	EXP 	CueTarget_2: autoLog = True
0.0304 	EXP 	Zero_back_2: autoLog = True
0.0304 	EXP 	Stim_LeftScreenInstruction: autoLog = True
0.0304 	EXP 	Stim_RightScreenInstruction: autoLog = True
0.0304 	EXP 	Fix: autoLog = True
0.0304 	EXP 	Feedback: autoLog = True
0.0304 	EXP 	Instructions_Space: autoLog = True
0.0304 	EXP 	Instructions_8: autoLog = True
0.0304 	EXP 	Instructions_9: autoLog = True
0.0304 	EXP 	Example_LeftScreenInstruction: autoLog = True
0.0304 	EXP 	Example_RightScreenInstruction: autoLog = True
0.0304 	EXP 	Instructions_12: autoLog = True
0.0304 	EXP 	Instructions_21: autoLog = True
0.0304 	EXP 	Example_LeftScreenInstruction_2: autoLog = True
0.0304 	EXP 	Example_RightScreenInstruction_2: autoLog = True
0.0304 	EXP 	Instructions_24: autoLog = True
0.0304 	EXP 	Example_LeftScreenInstruction_3: autoLog = True
0.0304 	EXP 	Example_RightScreenInstruction_3: autoLog = True
0.0304 	EXP 	Instructions_25: autoLog = True
0.0304 	EXP 	Example_LeftScreenInstruction_4: autoLog = True
0.0304 	EXP 	Example_RightScreenInstruction_4: autoLog = True
0.0304 	EXP 	Instructions_15: autoLog = True
0.0304 	EXP 	Instructions_32: autoLog = True
0.0304 	EXP 	Example_LeftScreenInstruction_5: autoLog = True
0.0304 	EXP 	Example_RightScreenInstruction_5: autoLog = True
0.0304 	EXP 	Instructions_27: autoLog = True
0.0304 	EXP 	Example_LeftScreenInstruction_6: autoLog = True
0.0304 	EXP 	Example_RightScreenInstruction_6: autoLog = True
0.0304 	EXP 	Instructions_33: autoLog = True
0.0304 	EXP 	Example_LeftScreenInstruction_7: autoLog = True
0.0304 	EXP 	Example_RightScreenInstruction_7: autoLog = True
0.0304 	EXP 	Instructions_26: autoLog = True
0.0304 	EXP 	Example_LeftScreenInstruction_8: autoLog = True
0.0304 	EXP 	Example_RightScreenInstruction_8: autoLog = True
0.0304 	EXP 	Instructions: autoLog = True
0.0304 	EXP 	Example_LeftScreenInstruction_9: autoLog = True
0.0304 	EXP 	Example_RightScreenInstruction_9: autoLog = True
0.0304 	EXP 	Instructions_28: autoLog = True
0.0304 	EXP 	Example_LeftScreenInstruction_10: autoLog = True
0.0304 	EXP 	Example_RightScreenInstruction_10: autoLog = True
0.0304 	EXP 	Instructions_4: autoLog = True
0.0304 	EXP 	Example_LeftScreenInstruction_12: autoLog = True
0.0304 	EXP 	Example_RightScreenInstruction_12: autoLog = True
0.0304 	EXP 	Instructions_29: autoLog = True
0.0304 	EXP 	Example_LeftScreenInstruction_11: autoLog = True
0.0304 	EXP 	Example_RightScreenInstruction_11: autoLog = True
0.0304 	EXP 	Instructions_22: autoLog = True
0.0304 	EXP 	Instructions_30: autoLog = True
0.0304 	EXP 	Stim_LeftScreenInstruction: autoLog = True
0.0304 	EXP 	Stim_RightScreenInstruction: autoLog = True
0.0304 	EXP 	Fix: autoLog = True
0.0304 	EXP 	Feedback: autoLog = True
0.0304 	EXP 	Instructions_Space: autoLog = True
0.0304 	EXP 	Stim_LeftScreenInstruction: autoLog = True
0.0304 	EXP 	Stim_RightScreenInstruction: autoLog = True
0.0304 	EXP 	Fix: autoLog = True
0.0304 	EXP 	Feedback: autoLog = True
0.0304 	EXP 	Instructions_36: autoLog = True
0.0304 	EXP 	magenta_fixcross: autoLog = True
0.0304 	EXP 	Instructions_37: autoLog = True
0.0304 	EXP 	Instructions_38: autoLog = True
0.0304 	EXP 	CueFix_5: autoLog = True
0.0304 	EXP 	Cue_2Back: autoLog = True
0.0304 	EXP 	Stim_LeftScreenInstruction: autoLog = True
0.0304 	EXP 	Stim_RightScreenInstruction: autoLog = True
0.0304 	EXP 	Fix: autoLog = True
0.0304 	EXP 	Feedback: autoLog = True
0.0304 	EXP 	CueFix_6: autoLog = True
0.0304 	EXP 	CueTarget_6: autoLog = True
0.0304 	EXP 	Zero_back_3: autoLog = True
0.0304 	EXP 	Stim_LeftScreenInstruction: autoLog = True
0.0304 	EXP 	Stim_RightScreenInstruction: autoLog = True
0.0304 	EXP 	Fix: autoLog = True
0.0304 	EXP 	Feedback: autoLog = True
0.0304 	EXP 	CueFix_7: autoLog = True
0.0304 	EXP 	Cue_2Back_2: autoLog = True
0.0304 	EXP 	Stim_LeftScreenInstruction: autoLog = True
0.0304 	EXP 	Stim_RightScreenInstruction: autoLog = True
0.0304 	EXP 	Fix: autoLog = True
0.0304 	EXP 	Feedback: autoLog = True
0.0304 	EXP 	CueFix_8: autoLog = True
0.0304 	EXP 	CueTarget_8: autoLog = True
0.0304 	EXP 	Zero_back_4: autoLog = True
0.0304 	EXP 	Stim_LeftScreenInstruction: autoLog = True
0.0304 	EXP 	Stim_RightScreenInstruction: autoLog = True
0.0304 	EXP 	Fix: autoLog = True
0.0304 	EXP 	Feedback: autoLog = True
0.0304 	EXP 	AllDone: autoLog = True
0.0581 	INFO 	Keyboard events cleared
0.0581 	EXP 	NbackTitle: autoDraw = True
6.3872 	EXP 	Device response: <KeyPress from None: t=6.225249749608338, value=space, duration=None>
6.3874 	EXP 	Device response: <KeyPress from None: t=6.225249749608338, value=space, duration=0.07931737508624792>
6.3945 	DATA 	Keypress: space
6.4082 	INFO 	Keyboard events cleared
6.4081 	EXP 	NbackTitle: autoDraw = False
6.4081 	EXP 	Instructions_1: autoDraw = True
6.4081 	EXP 	Label_faces: autoDraw = True
6.4081 	EXP 	Places_label: autoDraw = True
6.4081 	EXP 	Face_image: autoDraw = True
6.4081 	EXP 	Place_Image: autoDraw = True
13.6849 	EXP 	Device response: <KeyPress from None: t=13.67318629194051, value=escape, duration=None>
13.7400 	DATA 	Keypress: escape
13.7530 	EXP 	Device response: <KeyPress from None: t=13.67318629194051, value=escape, duration=0.05850062472745776>
13.7530 	EXP 	EmoNback_Practice: status = STOPPED
13.7605 	EXP 	Instructions_1: autoDraw = False
13.7605 	EXP 	Label_faces: autoDraw = False
13.7605 	EXP 	Places_label: autoDraw = False
13.7605 	EXP 	Face_image: autoDraw = False
13.7605 	EXP 	Place_Image: autoDraw = False
13.7605 	EXP 	EmoNback_Practice: status = STOPPED
13.7634 	INFO 	saved data to '/Users/akashrathi/Documents/EDC_tasks/EmoNback/EmoNback_Practice/data/AANNNAAA_1_1.csv'
13.7637 	INFO 	saved data to /Users/akashrathi/Documents/EDC_tasks/EmoNback/EmoNback_Practice/data/AANNNAAA_1_1.psydat
13.8642 	WARNING 	Stopping key buffers but this could be dangerous ifother keyboards rely on the same.
13.8643 	WARNING 	Stopping key buffers but this could be dangerous ifother keyboards rely on the same.
13.8643 	WARNING 	Stopping key buffers but this could be dangerous ifother keyboards rely on the same.
13.8643 	WARNING 	Stopping key buffers but this could be dangerous ifother keyboards rely on the same.
13.8643 	WARNING 	Stopping key buffers but this could be dangerous ifother keyboards rely on the same.
13.8643 	WARNING 	Stopping key buffers but this could be dangerous ifother keyboards rely on the same.
13.8643 	WARNING 	Stopping key buffers but this could be dangerous ifother keyboards rely on the same.
13.8643 	WARNING 	Stopping key buffers but this could be dangerous ifother keyboards rely on the same.
13.8643 	WARNING 	Stopping key buffers but this could be dangerous ifother keyboards rely on the same.
13.8643 	WARNING 	Stopping key buffers but this could be dangerous ifother keyboards rely on the same.
13.8643 	WARNING 	Stopping key buffers but this could be dangerous ifother keyboards rely on the same.
13.8643 	WARNING 	Stopping key buffers but this could be dangerous ifother keyboards rely on the same.
13.8643 	WARNING 	Stopping key buffers but this could be dangerous ifother keyboards rely on the same.
13.8643 	WARNING 	Stopping key buffers but this could be dangerous ifother keyboards rely on the same.
13.8644 	WARNING 	Stopping key buffers but this could be dangerous ifother keyboards rely on the same.
13.8644 	WARNING 	Stopping key buffers but this could be dangerous ifother keyboards rely on the same.
13.8644 	WARNING 	Stopping key buffers but this could be dangerous ifother keyboards rely on the same.
13.8644 	WARNING 	Stopping key buffers but this could be dangerous ifother keyboards rely on the same.
13.8644 	WARNING 	Stopping key buffers but this could be dangerous ifother keyboards rely on the same.
13.8644 	WARNING 	Stopping key buffers but this could be dangerous ifother keyboards rely on the same.
13.8644 	WARNING 	Stopping key buffers but this could be dangerous ifother keyboards rely on the same.
13.8644 	WARNING 	Stopping key buffers but this could be dangerous ifother keyboards rely on the same.
13.8644 	WARNING 	Stopping key buffers but this could be dangerous ifother keyboards rely on the same.
13.8644 	WARNING 	Stopping key buffers but this could be dangerous ifother keyboards rely on the same.
13.8644 	WARNING 	Stopping key buffers but this could be dangerous ifother keyboards rely on the same.
13.8644 	WARNING 	Stopping key buffers but this could be dangerous ifother keyboards rely on the same.
13.8644 	WARNING 	Stopping key buffers but this could be dangerous ifother keyboards rely on the same.
13.8644 	WARNING 	Stopping key buffers but this could be dangerous ifother keyboards rely on the same.
13.8644 	WARNING 	Stopping key buffers but this could be dangerous ifother keyboards rely on the same.
