17.4532 	WARNING 	Monitor specification not found. Creating a temporary one...
17.4653 	WARNING 	User requested fullscreen with size [1728 1117], but screen is actually [2240, 1260]. Using actual size
17.5989 	INFO 	Using renderer 'Apple M1' for graphics
17.5990 	INFO 	OpenGL version supported by driver is 2..
17.6163 	EXP 	Created window1 = Window(allowGUI=False, allowStencil=True, autoLog=True, backendConf=UNKNOWN, backgroundFit=<method-wrapper '__getattribute__' of attributeSetter object at 0x14c716830>, backgroundImage=<method-wrapper '__getattribute__' of attributeSetter object at 0x14c716890>, bitsMode=UNKNOWN, blendMode='avg', bpc=(8, 8, 8), color=array([0, 0, 0]), colorSpace='rgb', depthBits=8, fullscr=True, gamma=None, gammaErrorPolicy='raise', infoMsg=UNKNOWN, lms=UNKNOWN, monitor=<psychopy.monitors.calibTools.Monitor object at 0x14c87a530>, multiSample=False, name='window1', numSamples=2, pos=[np.float64(0.0), np.float64(0.0)], screen=0, size=array([4480, 2520]), stencilBits=8, stereo=False, title='PsychoPy', units='height', useFBO=True, useRetina=True, viewOri=0.0, viewPos=None, viewScale=None, waitBlanking=True, winType='pyglet')
17.6163 	EXP 	window1: backgroundImage = ''
17.6163 	EXP 	window1: backgroundFit = 'none'
18.1397 	INFO 	keyboard.Keyboard is using ptb backend.
18.2030 	INFO 	keyboard.Keyboard is using ptb backend.
18.2513 	INFO 	keyboard.Keyboard is using ptb backend.
18.3000 	INFO 	keyboard.Keyboard is using ptb backend.
18.3480 	INFO 	keyboard.Keyboard is using ptb backend.
18.3967 	INFO 	keyboard.Keyboard is using ptb backend.
18.4445 	INFO 	keyboard.Keyboard is using ptb backend.
18.4923 	INFO 	keyboard.Keyboard is using ptb backend.
18.5413 	INFO 	keyboard.Keyboard is using ptb backend.
18.5901 	INFO 	keyboard.Keyboard is using ptb backend.
18.6387 	INFO 	keyboard.Keyboard is using ptb backend.
18.6866 	INFO 	keyboard.Keyboard is using ptb backend.
18.7346 	INFO 	keyboard.Keyboard is using ptb backend.
18.7824 	INFO 	keyboard.Keyboard is using ptb backend.
18.8301 	INFO 	keyboard.Keyboard is using ptb backend.
18.8787 	INFO 	keyboard.Keyboard is using ptb backend.
18.9268 	INFO 	keyboard.Keyboard is using ptb backend.
18.9754 	INFO 	keyboard.Keyboard is using ptb backend.
19.0233 	INFO 	keyboard.Keyboard is using ptb backend.
19.0713 	INFO 	keyboard.Keyboard is using ptb backend.
19.1214 	INFO 	keyboard.Keyboard is using ptb backend.
19.1708 	INFO 	keyboard.Keyboard is using ptb backend.
19.2189 	INFO 	keyboard.Keyboard is using ptb backend.
19.2668 	INFO 	keyboard.Keyboard is using ptb backend.
19.3153 	INFO 	keyboard.Keyboard is using ptb backend.
19.3637 	INFO 	keyboard.Keyboard is using ptb backend.
19.4126 	INFO 	keyboard.Keyboard is using ptb backend.
19.4615 	INFO 	keyboard.Keyboard is using ptb backend.
19.5102 	INFO 	keyboard.Keyboard is using ptb backend.
19.5580 	INFO 	keyboard.Keyboard is using ptb backend.
19.6066 	INFO 	keyboard.Keyboard is using ptb backend.
19.6066 	EXP 	EmoNback_Practice: status = STARTED
19.8804 	EXP 	Created Face_image = ImageStim(__class__=<class 'psychopy.visual.image.ImageStim'>, anchor=('center', 'center'), autoLog=True, color=array([1., 1., 1.]), colorSpace='rgb', contrast=1.0, depth=-4.0, draggable=False, flipHoriz=np.False_, flipVert=np.False_, image='VM Stimuli/PracticeNC1.bmp', interpolate=True, mask=None, maskParams=None, name='Face_image', opacity=1, ori=0.0, pos=array([-0.3, -0.1]), size=array([0.3, 0.3]), texRes=128.0, units='height', win=Window(...))
19.8934 	EXP 	Created Place_Image = ImageStim(__class__=<class 'psychopy.visual.image.ImageStim'>, anchor=('center', 'center'), autoLog=True, color=array([1., 1., 1.]), colorSpace='rgb', contrast=1.0, depth=-5.0, draggable=False, flipHoriz=np.False_, flipVert=np.False_, image='VM Stimuli/Place1.bmp', interpolate=True, mask=None, maskParams=None, name='Place_Image', opacity=1, ori=0.0, pos=array([ 0.3, -0.1]), size=array([0.3, 0.3]), texRes=128.0, units='height', win=Window(...))
19.9445 	EXP 	Created TargetImage = ImageStim(__class__=<class 'psychopy.visual.image.ImageStim'>, anchor=('center', 'center'), autoLog=True, color=array([1., 1., 1.]), colorSpace='rgb', contrast=1.0, depth=-3.0, draggable=False, flipHoriz=np.False_, flipVert=np.False_, image='VM Stimuli/PracticeNC1.bmp', interpolate=True, mask=None, maskParams=None, name='TargetImage', opacity=1, ori=0.0, pos=array([0.2, 0. ]), size=array([0.22, 0.22]), texRes=128.0, units='height', win=Window(...))
19.9610 	EXP 	Created TargetImage_2 = ImageStim(__class__=<class 'psychopy.visual.image.ImageStim'>, anchor=('center', 'center'), autoLog=True, color=array([1., 1., 1.]), colorSpace='rgb', contrast=1.0, depth=-2.0, draggable=False, flipHoriz=np.False_, flipVert=np.False_, image='VM Stimuli/PracticeNC1.bmp', interpolate=True, mask=None, maskParams=None, name='TargetImage_2', opacity=1, ori=0.0, pos=array([0., 0.]), size=array([0.22, 0.22]), texRes=128.0, units='height', win=Window(...))
19.9982 	EXP 	Created TargetImage_4 = ImageStim(__class__=<class 'psychopy.visual.image.ImageStim'>, anchor=('center', 'center'), autoLog=True, color=array([1., 1., 1.]), colorSpace='rgb', contrast=1.0, depth=-2.0, draggable=False, flipHoriz=np.False_, flipVert=np.False_, image='VM Stimuli/PracticeNC1.bmp', interpolate=True, mask=None, maskParams=None, name='TargetImage_4', opacity=1, ori=0.0, pos=array([0., 0.]), size=array([0.22, 0.22]), texRes=128.0, units='height', win=Window(...))
20.0367 	EXP 	Created TargetImage_3 = ImageStim(__class__=<class 'psychopy.visual.image.ImageStim'>, anchor=('center', 'center'), autoLog=True, color=array([1., 1., 1.]), colorSpace='rgb', contrast=1.0, depth=-3.0, draggable=False, flipHoriz=np.False_, flipVert=np.False_, image='VM Stimuli/PracticeFO1.bmp', interpolate=True, mask=None, maskParams=None, name='TargetImage_3', opacity=1, ori=0.0, pos=array([0., 0.]), size=array([0.22, 0.22]), texRes=128.0, units='height', win=Window(...))
20.0532 	EXP 	Created TargetImage_5 = ImageStim(__class__=<class 'psychopy.visual.image.ImageStim'>, anchor=('center', 'center'), autoLog=True, color=array([1., 1., 1.]), colorSpace='rgb', contrast=1.0, depth=-3.0, draggable=False, flipHoriz=np.False_, flipVert=np.False_, image='VM Stimuli/PracticeFO1.bmp', interpolate=True, mask=None, maskParams=None, name='TargetImage_5', opacity=1, ori=0.0, pos=array([0., 0.]), size=array([0.22, 0.22]), texRes=128.0, units='height', win=Window(...))
20.1626 	EXP 	Created CueTargetImage_1 = ImageStim(__class__=<class 'psychopy.visual.image.ImageStim'>, anchor=('center', 'center'), autoLog=True, color=array([1., 1., 1.]), colorSpace='rgb', contrast=1.0, depth=-2.0, draggable=False, flipHoriz=np.False_, flipVert=np.False_, image='VM Stimuli/PracticeNC1.bmp', interpolate=True, mask=None, maskParams=None, name='CueTargetImage_1', opacity=1, ori=0.0, pos=array([0.25, 0.  ]), size=array([0.4, 0.4]), texRes=128.0, units='height', win=Window(...))
20.1834 	EXP 	Created Stim = ImageStim(__class__=<class 'psychopy.visual.image.ImageStim'>, anchor=('center', 'center'), autoLog=True, color=array([1., 1., 1.]), colorSpace='rgb', contrast=1.0, depth=-2.0, draggable=False, flipHoriz=np.False_, flipVert=np.False_, image='default.png', interpolate=True, mask=None, maskParams=None, name='Stim', opacity=1, ori=0.0, pos=array([0. , 0.1]), size=array([0.4, 0.4]), texRes=128.0, units='height', win=Window(...))
20.2543 	EXP 	Created CueTargetImage_2 = ImageStim(__class__=<class 'psychopy.visual.image.ImageStim'>, anchor=('center', 'center'), autoLog=True, color=array([1., 1., 1.]), colorSpace='rgb', contrast=1.0, depth=-2.0, draggable=False, flipHoriz=np.False_, flipVert=np.False_, image='VM Stimuli/Place1.bmp', interpolate=True, mask=None, maskParams=None, name='CueTargetImage_2', opacity=1, ori=0.0, pos=array([0.25, 0.  ]), size=array([0.4, 0.4]), texRes=128.0, units='height', win=Window(...))
20.2643 	EXP 	Created Stim = ImageStim(__class__=<class 'psychopy.visual.image.ImageStim'>, anchor=('center', 'center'), autoLog=True, color=array([1., 1., 1.]), colorSpace='rgb', contrast=1.0, depth=-2.0, draggable=False, flipHoriz=np.False_, flipVert=np.False_, image='default.png', interpolate=True, mask=None, maskParams=None, name='Stim', opacity=1, ori=0.0, pos=array([0. , 0.1]), size=array([0.4, 0.4]), texRes=128.0, units='height', win=Window(...))
20.3210 	EXP 	Created Example_Stim = ImageStim(__class__=<class 'psychopy.visual.image.ImageStim'>, anchor=('center', 'center'), autoLog=True, color=array([1., 1., 1.]), colorSpace='rgb', contrast=1.0, depth=-2.0, draggable=False, flipHoriz=np.False_, flipVert=np.False_, image='default.png', interpolate=True, mask=None, maskParams=None, name='Example_Stim', opacity=1, ori=0.0, pos=array([0., 0.]), size=array([0.22, 0.22]), texRes=128.0, units='height', win=Window(...))
20.3514 	EXP 	Created One_Back_Example_Stim = ImageStim(__class__=<class 'psychopy.visual.image.ImageStim'>, anchor=('center', 'center'), autoLog=True, color=array([1., 1., 1.]), colorSpace='rgb', contrast=1.0, depth=-2.0, draggable=False, flipHoriz=np.False_, flipVert=np.False_, image='VM Stimuli/PracticeFO1.bmp', interpolate=True, mask=None, maskParams=None, name='One_Back_Example_Stim', opacity=1, ori=0.0, pos=array([-0.3,  0. ]), size=array([0.15, 0.15]), texRes=128.0, units='height', win=Window(...))
20.3546 	EXP 	Created Example_Stim_2 = ImageStim(__class__=<class 'psychopy.visual.image.ImageStim'>, anchor=('center', 'center'), autoLog=True, color=array([1., 1., 1.]), colorSpace='rgb', contrast=1.0, depth=-3.0, draggable=False, flipHoriz=np.False_, flipVert=np.False_, image='default.png', interpolate=True, mask=None, maskParams=None, name='Example_Stim_2', opacity=1, ori=0.0, pos=array([0., 0.]), size=array([0.22, 0.22]), texRes=128.0, units='height', win=Window(...))
20.3760 	EXP 	Created Green_Border = Rect(__class__=<class 'psychopy.visual.rect.Rect'>, anchor=('center', 'center'), autoDraw=False, autoLog=True, closeShape=True, color=method-wrapper(...), colorSpace='rgb', contrast=None, depth=-2.0, draggable=False, fillColor=array([-0.60784314,  0.60784314, -0.60784314]), fillColorSpace='rgb', fillRGB=array([-0.60784314,  0.60784314, -0.60784314]), interpolate=True, lineColor=array([-0.60784314,  0.60784314, -0.60784314]), lineColorSpace='rgb', lineRGB=array([-0.60784314,  0.60784314, -0.60784314]), lineWidth=1.0, name='Green_Border', opacity=1.0, ori=0.0, pos=array([-0.5,  0. ]), size=array([0.15, 0.15]), units='height', vertices=ndarray(...), win=Window(...))
20.3780 	EXP 	Created Two_Back_Example_Stim = ImageStim(__class__=<class 'psychopy.visual.image.ImageStim'>, anchor=('center', 'center'), autoLog=True, color=array([1., 1., 1.]), colorSpace='rgb', contrast=1.0, depth=-3.0, draggable=False, flipHoriz=np.False_, flipVert=np.False_, image='VM Stimuli/PracticeFO1.bmp', interpolate=True, mask=None, maskParams=None, name='Two_Back_Example_Stim', opacity=1, ori=0.0, pos=array([-0.5,  0. ]), size=array([0.13, 0.13]), texRes=128.0, units='height', win=Window(...))
20.3820 	EXP 	Created One_Back_Example_Stim_2 = ImageStim(__class__=<class 'psychopy.visual.image.ImageStim'>, anchor=('center', 'center'), autoLog=True, color=array([1., 1., 1.]), colorSpace='rgb', contrast=1.0, depth=-4.0, draggable=False, flipHoriz=np.False_, flipVert=np.False_, image='VM Stimuli/PracticeFO2.bmp', interpolate=True, mask=None, maskParams=None, name='One_Back_Example_Stim_2', opacity=1, ori=0.0, pos=array([-0.3,  0. ]), size=array([0.15, 0.15]), texRes=128.0, units='height', win=Window(...))
20.3851 	EXP 	Created Example_Stim_3 = ImageStim(__class__=<class 'psychopy.visual.image.ImageStim'>, anchor=('center', 'center'), autoLog=True, color=array([1., 1., 1.]), colorSpace='rgb', contrast=1.0, depth=-5.0, draggable=False, flipHoriz=np.False_, flipVert=np.False_, image='default.png', interpolate=True, mask=None, maskParams=None, name='Example_Stim_3', opacity=1, ori=0.0, pos=array([0., 0.]), size=array([0.22, 0.22]), texRes=128.0, units='height', win=Window(...))
20.4080 	EXP 	Created Two_Back_Example_Stim_2 = ImageStim(__class__=<class 'psychopy.visual.image.ImageStim'>, anchor=('center', 'center'), autoLog=True, color=array([1., 1., 1.]), colorSpace='rgb', contrast=1.0, depth=-2.0, draggable=False, flipHoriz=np.False_, flipVert=np.False_, image='VM Stimuli/PracticeFO2.bmp', interpolate=True, mask=None, maskParams=None, name='Two_Back_Example_Stim_2', opacity=1, ori=0.0, pos=array([-0.5,  0. ]), size=array([0.13, 0.13]), texRes=128.0, units='height', win=Window(...))
20.4097 	EXP 	Created One_Back_Example_Stim_3 = ImageStim(__class__=<class 'psychopy.visual.image.ImageStim'>, anchor=('center', 'center'), autoLog=True, color=array([1., 1., 1.]), colorSpace='rgb', contrast=1.0, depth=-3.0, draggable=False, flipHoriz=np.False_, flipVert=np.False_, image='VM Stimuli/PracticeFO1.bmp', interpolate=True, mask=None, maskParams=None, name='One_Back_Example_Stim_3', opacity=1, ori=0.0, pos=array([-0.3,  0. ]), size=array([0.15, 0.15]), texRes=128.0, units='height', win=Window(...))
20.4129 	EXP 	Created Example_Stim_4 = ImageStim(__class__=<class 'psychopy.visual.image.ImageStim'>, anchor=('center', 'center'), autoLog=True, color=array([1., 1., 1.]), colorSpace='rgb', contrast=1.0, depth=-4.0, draggable=False, flipHoriz=np.False_, flipVert=np.False_, image='default.png', interpolate=True, mask=None, maskParams=None, name='Example_Stim_4', opacity=1, ori=0.0, pos=array([0., 0.]), size=array([0.22, 0.22]), texRes=128.0, units='height', win=Window(...))
20.4469 	EXP 	Created Example_Stim_5 = ImageStim(__class__=<class 'psychopy.visual.image.ImageStim'>, anchor=('center', 'center'), autoLog=True, color=array([1., 1., 1.]), colorSpace='rgb', contrast=1.0, depth=-2.0, draggable=False, flipHoriz=np.False_, flipVert=np.False_, image='VM Stimuli/PracticeFO2.bmp', interpolate=True, mask=None, maskParams=None, name='Example_Stim_5', opacity=1, ori=0.0, pos=array([0., 0.]), size=array([0.3, 0.3]), texRes=128.0, units='height', win=Window(...))
20.4694 	EXP 	Created Example_Stim_6 = ImageStim(__class__=<class 'psychopy.visual.image.ImageStim'>, anchor=('center', 'center'), autoLog=True, color=array([1., 1., 1.]), colorSpace='rgb', contrast=1.0, depth=-2.0, draggable=False, flipHoriz=np.False_, flipVert=np.False_, image='VM Stimuli/PracticeFO2.bmp', interpolate=True, mask=None, maskParams=None, name='Example_Stim_6', opacity=1, ori=0.0, pos=array([0., 0.]), size=array([0.3, 0.3]), texRes=128.0, units='height', win=Window(...))
20.4915 	EXP 	Created Example_Stim_7 = ImageStim(__class__=<class 'psychopy.visual.image.ImageStim'>, anchor=('center', 'center'), autoLog=True, color=array([1., 1., 1.]), colorSpace='rgb', contrast=1.0, depth=-2.0, draggable=False, flipHoriz=np.False_, flipVert=np.False_, image='VM Stimuli/PracticeFO3.bmp', interpolate=True, mask=None, maskParams=None, name='Example_Stim_7', opacity=1, ori=0.0, pos=array([0., 0.]), size=array([0.3, 0.3]), texRes=128.0, units='height', win=Window(...))
20.5140 	EXP 	Created One_Back_Example_Stim_4 = ImageStim(__class__=<class 'psychopy.visual.image.ImageStim'>, anchor=('center', 'center'), autoLog=True, color=array([1., 1., 1.]), colorSpace='rgb', contrast=1.0, depth=-2.0, draggable=False, flipHoriz=np.False_, flipVert=np.False_, image='VM Stimuli/PracticeFO2.bmp', interpolate=True, mask=None, maskParams=None, name='One_Back_Example_Stim_4', opacity=1, ori=0.0, pos=array([-0.3,  0. ]), size=array([0.15, 0.15]), texRes=128.0, units='height', win=Window(...))
20.5157 	EXP 	Created Example_Stim_8 = ImageStim(__class__=<class 'psychopy.visual.image.ImageStim'>, anchor=('center', 'center'), autoLog=True, color=array([1., 1., 1.]), colorSpace='rgb', contrast=1.0, depth=-3.0, draggable=False, flipHoriz=np.False_, flipVert=np.False_, image='VM Stimuli/PracticeFO3.bmp', interpolate=True, mask=None, maskParams=None, name='Example_Stim_8', opacity=1, ori=0.0, pos=array([0., 0.]), size=array([0.3, 0.3]), texRes=128.0, units='height', win=Window(...))
20.5381 	EXP 	Created Example_Stim_9 = ImageStim(__class__=<class 'psychopy.visual.image.ImageStim'>, anchor=('center', 'center'), autoLog=True, color=array([1., 1., 1.]), colorSpace='rgb', contrast=1.0, depth=-2.0, draggable=False, flipHoriz=np.False_, flipVert=np.False_, image='VM Stimuli/PracticeFO1.bmp', interpolate=True, mask=None, maskParams=None, name='Example_Stim_9', opacity=1, ori=0.0, pos=array([0., 0.]), size=array([0.3, 0.3]), texRes=128.0, units='height', win=Window(...))
20.5613 	EXP 	Created Two_Back_Example_Stim_3 = ImageStim(__class__=<class 'psychopy.visual.image.ImageStim'>, anchor=('center', 'center'), autoLog=True, color=array([1., 1., 1.]), colorSpace='rgb', contrast=1.0, depth=-2.0, draggable=False, flipHoriz=np.False_, flipVert=np.False_, image='VM Stimuli/PracticeFO2.bmp', interpolate=True, mask=None, maskParams=None, name='Two_Back_Example_Stim_3', opacity=1, ori=0.0, pos=array([-0.5,  0. ]), size=array([0.15, 0.15]), texRes=128.0, units='height', win=Window(...))
20.5631 	EXP 	Created One_Back_Example_Stim_5 = ImageStim(__class__=<class 'psychopy.visual.image.ImageStim'>, anchor=('center', 'center'), autoLog=True, color=array([1., 1., 1.]), colorSpace='rgb', contrast=1.0, depth=-3.0, draggable=False, flipHoriz=np.False_, flipVert=np.False_, image='VM Stimuli/PracticeFO3.bmp', interpolate=True, mask=None, maskParams=None, name='One_Back_Example_Stim_5', opacity=1, ori=0.0, pos=array([-0.3,  0. ]), size=array([0.15, 0.15]), texRes=128.0, units='height', win=Window(...))
20.5648 	EXP 	Created Example_Stim_10 = ImageStim(__class__=<class 'psychopy.visual.image.ImageStim'>, anchor=('center', 'center'), autoLog=True, color=array([1., 1., 1.]), colorSpace='rgb', contrast=1.0, depth=-4.0, draggable=False, flipHoriz=np.False_, flipVert=np.False_, image='VM Stimuli/PracticeFO1.bmp', interpolate=True, mask=None, maskParams=None, name='Example_Stim_10', opacity=1, ori=0.0, pos=array([0., 0.]), size=array([0.3, 0.3]), texRes=128.0, units='height', win=Window(...))
20.5871 	EXP 	Created Example_Stim_12 = ImageStim(__class__=<class 'psychopy.visual.image.ImageStim'>, anchor=('center', 'center'), autoLog=True, color=array([1., 1., 1.]), colorSpace='rgb', contrast=1.0, depth=-2.0, draggable=False, flipHoriz=np.False_, flipVert=np.False_, image='VM Stimuli/PracticeFO3.bmp', interpolate=True, mask=None, maskParams=None, name='Example_Stim_12', opacity=1, ori=0.0, pos=array([0., 0.]), size=array([0.3, 0.3]), texRes=128.0, units='height', win=Window(...))
20.6085 	EXP 	Created Green_Border_2 = Rect(__class__=<class 'psychopy.visual.rect.Rect'>, anchor=('center', 'center'), autoDraw=False, autoLog=True, closeShape=True, color=method-wrapper(...), colorSpace='rgb', contrast=None, depth=-2.0, draggable=False, fillColor=array([-0.60784314,  0.60784314, -0.60784314]), fillColorSpace='rgb', fillRGB=array([-0.60784314,  0.60784314, -0.60784314]), interpolate=True, lineColor=array([-0.60784314,  0.60784314, -0.60784314]), lineColorSpace='rgb', lineRGB=array([-0.60784314,  0.60784314, -0.60784314]), lineWidth=1.0, name='Green_Border_2', opacity=1.0, ori=0.0, pos=array([-0.5,  0. ]), size=array([0.15, 0.15]), units='height', vertices=ndarray(...), win=Window(...))
20.6105 	EXP 	Created Two_Back_Example_Stim_4 = ImageStim(__class__=<class 'psychopy.visual.image.ImageStim'>, anchor=('center', 'center'), autoLog=True, color=array([1., 1., 1.]), colorSpace='rgb', contrast=1.0, depth=-3.0, draggable=False, flipHoriz=np.False_, flipVert=np.False_, image='VM Stimuli/PracticeFO3.bmp', interpolate=True, mask=None, maskParams=None, name='Two_Back_Example_Stim_4', opacity=1, ori=0.0, pos=array([-0.5,  0. ]), size=array([0.13, 0.13]), texRes=128.0, units='height', win=Window(...))
20.6123 	EXP 	Created One_Back_Example_Stim_6 = ImageStim(__class__=<class 'psychopy.visual.image.ImageStim'>, anchor=('center', 'center'), autoLog=True, color=array([1., 1., 1.]), colorSpace='rgb', contrast=1.0, depth=-4.0, draggable=False, flipHoriz=np.False_, flipVert=np.False_, image='VM Stimuli/PracticeFO1.bmp', interpolate=True, mask=None, maskParams=None, name='One_Back_Example_Stim_6', opacity=1, ori=0.0, pos=array([-0.3,  0. ]), size=array([0.15, 0.15]), texRes=128.0, units='height', win=Window(...))
20.6140 	EXP 	Created Example_Stim_11 = ImageStim(__class__=<class 'psychopy.visual.image.ImageStim'>, anchor=('center', 'center'), autoLog=True, color=array([1., 1., 1.]), colorSpace='rgb', contrast=1.0, depth=-5.0, draggable=False, flipHoriz=np.False_, flipVert=np.False_, image='VM Stimuli/PracticeFO3.bmp', interpolate=True, mask=None, maskParams=None, name='Example_Stim_11', opacity=1, ori=0.0, pos=array([0., 0.]), size=array([0.3, 0.3]), texRes=128.0, units='height', win=Window(...))
20.6512 	EXP 	Created Stim = ImageStim(__class__=<class 'psychopy.visual.image.ImageStim'>, anchor=('center', 'center'), autoLog=True, color=array([1., 1., 1.]), colorSpace='rgb', contrast=1.0, depth=-2.0, draggable=False, flipHoriz=np.False_, flipVert=np.False_, image='default.png', interpolate=True, mask=None, maskParams=None, name='Stim', opacity=1, ori=0.0, pos=array([0. , 0.1]), size=array([0.4, 0.4]), texRes=128.0, units='height', win=Window(...))
20.6882 	EXP 	Created Stim = ImageStim(__class__=<class 'psychopy.visual.image.ImageStim'>, anchor=('center', 'center'), autoLog=True, color=array([1., 1., 1.]), colorSpace='rgb', contrast=1.0, depth=-2.0, draggable=False, flipHoriz=np.False_, flipVert=np.False_, image='default.png', interpolate=True, mask=None, maskParams=None, name='Stim', opacity=1, ori=0.0, pos=array([0. , 0.1]), size=array([0.4, 0.4]), texRes=128.0, units='height', win=Window(...))
21.0039 	EXP 	Created Stim = ImageStim(__class__=<class 'psychopy.visual.image.ImageStim'>, anchor=('center', 'center'), autoLog=True, color=array([1., 1., 1.]), colorSpace='rgb', contrast=1.0, depth=-2.0, draggable=False, flipHoriz=np.False_, flipVert=np.False_, image='default.png', interpolate=True, mask=None, maskParams=None, name='Stim', opacity=1, ori=0.0, pos=array([0. , 0.1]), size=array([0.4, 0.4]), texRes=128.0, units='height', win=Window(...))
21.0484 	EXP 	Created CueTargetImage_6 = ImageStim(__class__=<class 'psychopy.visual.image.ImageStim'>, anchor=('center', 'center'), autoLog=True, color=array([1., 1., 1.]), colorSpace='rgb', contrast=1.0, depth=-2.0, draggable=False, flipHoriz=np.False_, flipVert=np.False_, image='VM Stimuli/Place3.bmp', interpolate=True, mask=None, maskParams=None, name='CueTargetImage_6', opacity=1, ori=0.0, pos=array([0.25, 0.  ]), size=array([0.4, 0.4]), texRes=128.0, units='height', win=Window(...))
21.0584 	EXP 	Created Stim = ImageStim(__class__=<class 'psychopy.visual.image.ImageStim'>, anchor=('center', 'center'), autoLog=True, color=array([1., 1., 1.]), colorSpace='rgb', contrast=1.0, depth=-2.0, draggable=False, flipHoriz=np.False_, flipVert=np.False_, image='default.png', interpolate=True, mask=None, maskParams=None, name='Stim', opacity=1, ori=0.0, pos=array([0. , 0.1]), size=array([0.4, 0.4]), texRes=128.0, units='height', win=Window(...))
21.1021 	EXP 	Created Stim = ImageStim(__class__=<class 'psychopy.visual.image.ImageStim'>, anchor=('center', 'center'), autoLog=True, color=array([1., 1., 1.]), colorSpace='rgb', contrast=1.0, depth=-2.0, draggable=False, flipHoriz=np.False_, flipVert=np.False_, image='default.png', interpolate=True, mask=None, maskParams=None, name='Stim', opacity=1, ori=0.0, pos=array([0. , 0.1]), size=array([0.4, 0.4]), texRes=128.0, units='height', win=Window(...))
21.1465 	EXP 	Created CueTargetImage_8 = ImageStim(__class__=<class 'psychopy.visual.image.ImageStim'>, anchor=('center', 'center'), autoLog=True, color=array([1., 1., 1.]), colorSpace='rgb', contrast=1.0, depth=-2.0, draggable=False, flipHoriz=np.False_, flipVert=np.False_, image='VM Stimuli/PracticeNC2.bmp', interpolate=True, mask=None, maskParams=None, name='CueTargetImage_8', opacity=1, ori=0.0, pos=array([0.25, 0.  ]), size=array([0.4, 0.4]), texRes=128.0, units='height', win=Window(...))
21.1569 	EXP 	Created Stim = ImageStim(__class__=<class 'psychopy.visual.image.ImageStim'>, anchor=('center', 'center'), autoLog=True, color=array([1., 1., 1.]), colorSpace='rgb', contrast=1.0, depth=-2.0, draggable=False, flipHoriz=np.False_, flipVert=np.False_, image='default.png', interpolate=True, mask=None, maskParams=None, name='Stim', opacity=1, ori=0.0, pos=array([0. , 0.1]), size=array([0.4, 0.4]), texRes=128.0, units='height', win=Window(...))
0.0320 	EXP 	NbackTitle: autoLog = True
0.0320 	EXP 	Instructions_1: autoLog = True
0.0320 	EXP 	Label_faces: autoLog = True
0.0320 	EXP 	Places_label: autoLog = True
0.0320 	EXP 	Instructions_5pt5: autoLog = True
0.0320 	EXP 	Instructions_6: autoLog = True
0.0320 	EXP 	Instructions_6_Target: autoLog = True
0.0320 	EXP 	Instructions_7: autoLog = True
0.0320 	EXP 	Instructions_6_Match_2: autoLog = True
0.0320 	EXP 	Instructions_13: autoLog = True
0.0320 	EXP 	Instructions_6_Match_4: autoLog = True
0.0320 	EXP 	Instructions_10: autoLog = True
0.0320 	EXP 	Instructions_6_Match_3: autoLog = True
0.0320 	EXP 	Instructions_14: autoLog = True
0.0320 	EXP 	Instructions_6_Match_5: autoLog = True
0.0320 	EXP 	Instructions_6pt2: autoLog = True
0.0320 	EXP 	CueFix_1: autoLog = True
0.0320 	EXP 	CueTarget_1: autoLog = True
0.0320 	EXP 	Zero_back: autoLog = True
0.0320 	EXP 	Stim_LeftScreenInstruction: autoLog = True
0.0320 	EXP 	Stim_RightScreenInstruction: autoLog = True
0.0320 	EXP 	Fix: autoLog = True
0.0320 	EXP 	Feedback: autoLog = True
0.0320 	EXP 	Instructions_Space: autoLog = True
0.0320 	EXP 	CueFix_2: autoLog = True
0.0320 	EXP 	CueTarget_2: autoLog = True
0.0320 	EXP 	Zero_back_2: autoLog = True
0.0320 	EXP 	Stim_LeftScreenInstruction: autoLog = True
0.0320 	EXP 	Stim_RightScreenInstruction: autoLog = True
0.0320 	EXP 	Fix: autoLog = True
0.0320 	EXP 	Feedback: autoLog = True
0.0320 	EXP 	Instructions_Space: autoLog = True
0.0320 	EXP 	Instructions_8: autoLog = True
0.0320 	EXP 	Instructions_9: autoLog = True
0.0320 	EXP 	Example_LeftScreenInstruction: autoLog = True
0.0320 	EXP 	Example_RightScreenInstruction: autoLog = True
0.0320 	EXP 	Instructions_12: autoLog = True
0.0320 	EXP 	Instructions_21: autoLog = True
0.0320 	EXP 	Example_LeftScreenInstruction_2: autoLog = True
0.0320 	EXP 	Example_RightScreenInstruction_2: autoLog = True
0.0320 	EXP 	Instructions_24: autoLog = True
0.0320 	EXP 	Example_LeftScreenInstruction_3: autoLog = True
0.0320 	EXP 	Example_RightScreenInstruction_3: autoLog = True
0.0320 	EXP 	Instructions_25: autoLog = True
0.0320 	EXP 	Example_LeftScreenInstruction_4: autoLog = True
0.0320 	EXP 	Example_RightScreenInstruction_4: autoLog = True
0.0320 	EXP 	Instructions_15: autoLog = True
0.0320 	EXP 	Instructions_32: autoLog = True
0.0320 	EXP 	Example_LeftScreenInstruction_5: autoLog = True
0.0320 	EXP 	Example_RightScreenInstruction_5: autoLog = True
0.0320 	EXP 	Instructions_27: autoLog = True
0.0320 	EXP 	Example_LeftScreenInstruction_6: autoLog = True
0.0320 	EXP 	Example_RightScreenInstruction_6: autoLog = True
0.0320 	EXP 	Instructions_33: autoLog = True
0.0320 	EXP 	Example_LeftScreenInstruction_7: autoLog = True
0.0320 	EXP 	Example_RightScreenInstruction_7: autoLog = True
0.0320 	EXP 	Instructions_26: autoLog = True
0.0320 	EXP 	Example_LeftScreenInstruction_8: autoLog = True
0.0320 	EXP 	Example_RightScreenInstruction_8: autoLog = True
0.0320 	EXP 	Instructions: autoLog = True
0.0320 	EXP 	Example_LeftScreenInstruction_9: autoLog = True
0.0320 	EXP 	Example_RightScreenInstruction_9: autoLog = True
0.0320 	EXP 	Instructions_28: autoLog = True
0.0320 	EXP 	Example_LeftScreenInstruction_10: autoLog = True
0.0320 	EXP 	Example_RightScreenInstruction_10: autoLog = True
0.0320 	EXP 	Instructions_4: autoLog = True
0.0320 	EXP 	Example_LeftScreenInstruction_12: autoLog = True
0.0320 	EXP 	Example_RightScreenInstruction_12: autoLog = True
0.0320 	EXP 	Instructions_29: autoLog = True
0.0320 	EXP 	Example_LeftScreenInstruction_11: autoLog = True
0.0320 	EXP 	Example_RightScreenInstruction_11: autoLog = True
0.0320 	EXP 	Instructions_22: autoLog = True
0.0320 	EXP 	Instructions_30: autoLog = True
0.0320 	EXP 	Stim_LeftScreenInstruction: autoLog = True
0.0320 	EXP 	Stim_RightScreenInstruction: autoLog = True
0.0320 	EXP 	Fix: autoLog = True
0.0320 	EXP 	Feedback: autoLog = True
0.0320 	EXP 	Instructions_Space: autoLog = True
0.0320 	EXP 	Stim_LeftScreenInstruction: autoLog = True
0.0320 	EXP 	Stim_RightScreenInstruction: autoLog = True
0.0320 	EXP 	Fix: autoLog = True
0.0320 	EXP 	Feedback: autoLog = True
0.0320 	EXP 	Instructions_36: autoLog = True
0.0320 	EXP 	magenta_fixcross: autoLog = True
0.0320 	EXP 	Instructions_37: autoLog = True
0.0320 	EXP 	Instructions_38: autoLog = True
0.0320 	EXP 	CueFix_5: autoLog = True
0.0320 	EXP 	Cue_2Back: autoLog = True
0.0320 	EXP 	Stim_LeftScreenInstruction: autoLog = True
0.0320 	EXP 	Stim_RightScreenInstruction: autoLog = True
0.0320 	EXP 	Fix: autoLog = True
0.0320 	EXP 	Feedback: autoLog = True
0.0320 	EXP 	CueFix_6: autoLog = True
0.0320 	EXP 	CueTarget_6: autoLog = True
0.0320 	EXP 	Zero_back_3: autoLog = True
0.0320 	EXP 	Stim_LeftScreenInstruction: autoLog = True
0.0320 	EXP 	Stim_RightScreenInstruction: autoLog = True
0.0320 	EXP 	Fix: autoLog = True
0.0320 	EXP 	Feedback: autoLog = True
0.0320 	EXP 	CueFix_7: autoLog = True
0.0320 	EXP 	Cue_2Back_2: autoLog = True
0.0320 	EXP 	Stim_LeftScreenInstruction: autoLog = True
0.0320 	EXP 	Stim_RightScreenInstruction: autoLog = True
0.0320 	EXP 	Fix: autoLog = True
0.0320 	EXP 	Feedback: autoLog = True
0.0320 	EXP 	CueFix_8: autoLog = True
0.0320 	EXP 	CueTarget_8: autoLog = True
0.0320 	EXP 	Zero_back_4: autoLog = True
0.0320 	EXP 	Stim_LeftScreenInstruction: autoLog = True
0.0320 	EXP 	Stim_RightScreenInstruction: autoLog = True
0.0320 	EXP 	Fix: autoLog = True
0.0320 	EXP 	Feedback: autoLog = True
0.0320 	EXP 	AllDone: autoLog = True
0.0838 	INFO 	Keyboard events cleared
0.0836 	EXP 	NbackTitle: autoDraw = True
1.6398 	EXP 	Device response: <KeyPress from None: t=1.4727377910166979, value=space, duration=None>
1.6403 	EXP 	Device response: <KeyPress from None: t=1.4727377910166979, value=space, duration=0.07983708428218961>
1.6475 	DATA 	Keypress: space
1.6606 	INFO 	Keyboard events cleared
1.6605 	EXP 	NbackTitle: autoDraw = False
1.6605 	EXP 	Instructions_1: autoDraw = True
1.6605 	EXP 	Label_faces: autoDraw = True
1.6605 	EXP 	Places_label: autoDraw = True
1.6605 	EXP 	Face_image: autoDraw = True
1.6605 	EXP 	Place_Image: autoDraw = True
4.3350 	EXP 	Device response: <KeyPress from None: t=4.330946291331202, value=space, duration=None>
4.3440 	DATA 	Keypress: space
4.3519 	INFO 	Keyboard events cleared
4.3517 	EXP 	Instructions_1: autoDraw = False
4.3517 	EXP 	Label_faces: autoDraw = False
4.3517 	EXP 	Places_label: autoDraw = False
4.3517 	EXP 	Face_image: autoDraw = False
4.3517 	EXP 	Place_Image: autoDraw = False
4.3517 	EXP 	Instructions_5pt5: autoDraw = True
4.4300 	EXP 	Device response: <KeyPress from None: t=4.330946291331202, value=space, duration=0.09062533359974623>
5.9909 	EXP 	Device response: <KeyPress from None: t=5.9850793750956655, value=space, duration=None>
6.0007 	DATA 	Keypress: space
6.0137 	INFO 	Keyboard events cleared
6.0136 	EXP 	Instructions_5pt5: autoDraw = False
6.0136 	EXP 	Instructions_6: autoDraw = True
6.0136 	EXP 	Instructions_6_Target: autoDraw = True
6.0136 	EXP 	TargetImage: autoDraw = True
6.0638 	EXP 	Device response: <KeyPress from None: t=5.9850793750956655, value=space, duration=0.07765162503346801>
8.4289 	EXP 	Device response: <KeyPress from None: t=8.426474916283041, value=space, duration=None>
8.4374 	DATA 	Keypress: space
8.4492 	INFO 	Keyboard events cleared
8.4492 	EXP 	Instructions_6: autoDraw = False
8.4492 	EXP 	Instructions_6_Target: autoDraw = False
8.4492 	EXP 	TargetImage: autoDraw = False
8.4492 	EXP 	Instructions_7: autoDraw = True
8.4492 	EXP 	TargetImage_2: autoDraw = True
8.4492 	EXP 	Instructions_6_Match_2: autoDraw = True
8.5186 	EXP 	Device response: <KeyPress from None: t=8.426474916283041, value=space, duration=0.09000229183584452>
21.4050 	EXP 	Device response: <KeyPress from None: t=21.39745079120621, value=space, duration=None>
21.4133 	DATA 	Keypress: space
21.4252 	INFO 	Keyboard events cleared
21.4251 	EXP 	Instructions_7: autoDraw = False
21.4251 	EXP 	TargetImage_2: autoDraw = False
21.4251 	EXP 	Instructions_6_Match_2: autoDraw = False
21.4251 	EXP 	Instructions_13: autoDraw = True
21.4251 	EXP 	TargetImage_4: autoDraw = True
21.4251 	EXP 	Instructions_6_Match_4: autoDraw = True
21.4924 	EXP 	Device response: <KeyPress from None: t=21.39745079120621, value=space, duration=0.09003249974921346>
47.7369 	EXP 	Device response: <KeyPress from None: t=47.7232458749786, value=space, duration=None>
47.7424 	DATA 	Keypress: space
47.8043 	EXP 	Device response: <KeyPress from None: t=47.7232458749786, value=space, duration=0.07608037535101175>
49.3555 	EXP 	Device response: <KeyPress from None: t=49.35341600002721, value=left, duration=None>
49.3998 	DATA 	Keypress: left
49.4120 	INFO 	Keyboard events cleared
49.4119 	EXP 	Instructions_13: autoDraw = False
49.4119 	EXP 	TargetImage_4: autoDraw = False
49.4119 	EXP 	Instructions_6_Match_4: autoDraw = False
49.4119 	EXP 	Instructions_10: autoDraw = True
49.4119 	EXP 	Instructions_6_Match_3: autoDraw = True
49.4119 	EXP 	TargetImage_3: autoDraw = True
49.4337 	EXP 	Device response: <KeyPress from None: t=49.35341600002721, value=left, duration=0.07874100003391504>
54.7460 	EXP 	Device response: <KeyPress from None: t=54.74206512514502, value=right, duration=None>
54.7496 	DATA 	Keypress: right
54.9140 	EXP 	Device response: <KeyPress from None: t=54.74206512514502, value=right, duration=0.16882191598415375>
55.6193 	EXP 	Device response: <KeyPress from None: t=55.60747079132125, value=space, duration=None>
55.6272 	DATA 	Keypress: space
55.6391 	INFO 	Keyboard events cleared
55.6390 	EXP 	Instructions_10: autoDraw = False
55.6390 	EXP 	Instructions_6_Match_3: autoDraw = False
55.6390 	EXP 	TargetImage_3: autoDraw = False
55.6390 	EXP 	Instructions_14: autoDraw = True
55.6390 	EXP 	Instructions_6_Match_5: autoDraw = True
55.6390 	EXP 	TargetImage_5: autoDraw = True
55.7171 	EXP 	Device response: <KeyPress from None: t=55.60747079132125, value=space, duration=0.10143341682851315>
57.7835 	EXP 	Device response: <KeyPress from None: t=57.7799715413712, value=right, duration=None>
57.7890 	DATA 	Keypress: right
57.7968 	INFO 	Keyboard events cleared
57.7967 	EXP 	Instructions_14: autoDraw = False
57.7967 	EXP 	Instructions_6_Match_5: autoDraw = False
57.7967 	EXP 	TargetImage_5: autoDraw = False
57.7967 	EXP 	Instructions_6pt2: autoDraw = True
57.8390 	EXP 	Device response: <KeyPress from None: t=57.7799715413712, value=right, duration=0.055448333732783794>
59.3517 	EXP 	Device response: <KeyPress from None: t=59.34286637511104, value=space, duration=None>
59.3608 	DATA 	Keypress: space
59.3695 	EXP 	Instructions_6pt2: autoDraw = False
59.3695 	EXP 	CueFix_1: autoDraw = True
59.4559 	EXP 	Device response: <KeyPress from None: t=59.34286637511104, value=space, duration=0.10188191616907716>
59.8617 	EXP 	CueTarget_1: autoDraw = True
59.8617 	EXP 	CueTargetImage_1: autoDraw = True
59.8617 	EXP 	Zero_back: autoDraw = True
59.8755 	EXP 	CueFix_1: autoDraw = False
62.3713 	EXP 	Imported PracticeTrials/PracticeTrials1.xlsx as conditions, 5 conditions, 9 params
62.3726 	EXP 	New trial (rep=0, index=0): <Trial 0 (0 in rep 0) data={'ID': 2, 'Weight': 1, 'Nested': None, 'Procedure': 'PracticeTrialsPROC', 'Stimulus': 'VM Stimuli/PracticeNC2.bmp', 'TargetType': 'nontarget', 'CorrectResponse': 'Nontarget', 'StimType': 'NeutFace', 'BlockType': '0-Back', 'thisN': 0, 'thisTrialN': 0, 'thisRepN': 0}>
62.4228 	INFO 	Keyboard events cleared
62.4227 	EXP 	CueTarget_1: autoDraw = False
62.4227 	EXP 	CueTargetImage_1: autoDraw = False
62.4227 	EXP 	Zero_back: autoDraw = False
62.4227 	EXP 	CueFix_1: autoDraw = False
62.4227 	EXP 	CueTarget_1: autoDraw = False
62.4227 	EXP 	CueTargetImage_1: autoDraw = False
62.4227 	EXP 	Zero_back: autoDraw = False
62.4227 	EXP 	Stim: image = 'VM Stimuli/PracticeNC2.bmp'
62.4227 	EXP 	Stim: autoDraw = True
62.4227 	EXP 	Stim_LeftScreenInstruction: autoDraw = True
62.4227 	EXP 	Stim_RightScreenInstruction: autoDraw = True
64.3872 	EXP 	Stim: autoDraw = False
64.3872 	EXP 	Stim_LeftScreenInstruction: autoDraw = False
64.3872 	EXP 	Stim_RightScreenInstruction: autoDraw = False
64.3872 	EXP 	Feedback: foreColor = <psychopy.colors.Color: yellow, alpha=1.0>
64.3872 	EXP 	Fix: autoDraw = True
64.8544 	EXP 	Feedback: autoDraw = True
64.8902 	EXP 	Fix: autoDraw = False
66.3448 	EXP 	New trial (rep=0, index=1): <Trial 1 (1 in rep 0) data={'ID': 3, 'Weight': 1, 'Nested': None, 'Procedure': 'PracticeTrialsPROC', 'Stimulus': 'VM Stimuli/PracticeNC1.bmp', 'TargetType': 'target', 'CorrectResponse': 'Target', 'StimType': 'NeutFace', 'BlockType': '0-Back', 'thisN': 1, 'thisTrialN': 1, 'thisRepN': 0}>
66.3680 	INFO 	Keyboard events cleared
66.3679 	EXP 	Feedback: autoDraw = False
66.3679 	EXP 	Fix: autoDraw = False
66.3679 	EXP 	Feedback: autoDraw = False
66.3679 	EXP 	Stim: image = 'VM Stimuli/PracticeNC1.bmp'
66.3679 	EXP 	Stim: autoDraw = True
66.3679 	EXP 	Stim_LeftScreenInstruction: autoDraw = True
66.3679 	EXP 	Stim_RightScreenInstruction: autoDraw = True
68.3701 	EXP 	Stim: autoDraw = False
68.3701 	EXP 	Stim_LeftScreenInstruction: autoDraw = False
68.3701 	EXP 	Stim_RightScreenInstruction: autoDraw = False
68.3701 	EXP 	Feedback: foreColor = <psychopy.colors.Color: yellow, alpha=1.0>
68.3701 	EXP 	Fix: autoDraw = True
68.8603 	EXP 	Feedback: autoDraw = True
68.8706 	EXP 	Fix: autoDraw = False
70.3496 	EXP 	New trial (rep=0, index=2): <Trial 2 (2 in rep 0) data={'ID': 4, 'Weight': 1, 'Nested': None, 'Procedure': 'PracticeTrialsPROC', 'Stimulus': 'VM Stimuli/PracticeNC3.bmp', 'TargetType': 'nontarget', 'CorrectResponse': 'Nontarget', 'StimType': 'NeutFace', 'BlockType': '0-Back', 'thisN': 2, 'thisTrialN': 2, 'thisRepN': 0}>
70.3715 	INFO 	Keyboard events cleared
70.3714 	EXP 	Feedback: autoDraw = False
70.3714 	EXP 	Fix: autoDraw = False
70.3714 	EXP 	Feedback: autoDraw = False
70.3714 	EXP 	Stim: image = 'VM Stimuli/PracticeNC3.bmp'
70.3714 	EXP 	Stim: autoDraw = True
70.3714 	EXP 	Stim_LeftScreenInstruction: autoDraw = True
70.3714 	EXP 	Stim_RightScreenInstruction: autoDraw = True
72.3660 	EXP 	Stim: autoDraw = False
72.3660 	EXP 	Stim_LeftScreenInstruction: autoDraw = False
72.3660 	EXP 	Stim_RightScreenInstruction: autoDraw = False
72.3660 	EXP 	Feedback: foreColor = <psychopy.colors.Color: yellow, alpha=1.0>
72.3660 	EXP 	Fix: autoDraw = True
72.8589 	EXP 	Feedback: autoDraw = True
72.8692 	EXP 	Fix: autoDraw = False
74.3446 	EXP 	New trial (rep=0, index=3): <Trial 3 (3 in rep 0) data={'ID': 5, 'Weight': 1, 'Nested': None, 'Procedure': 'PracticeTrialsPROC', 'Stimulus': 'VM Stimuli/PracticeNC2.bmp', 'TargetType': 'nontarget', 'CorrectResponse': 'Nontarget', 'StimType': 'NeutFace', 'BlockType': '0-Back', 'thisN': 3, 'thisTrialN': 3, 'thisRepN': 0}>
74.3673 	INFO 	Keyboard events cleared
74.3672 	EXP 	Feedback: autoDraw = False
74.3672 	EXP 	Fix: autoDraw = False
74.3672 	EXP 	Feedback: autoDraw = False
74.3672 	EXP 	Stim: image = 'VM Stimuli/PracticeNC2.bmp'
74.3672 	EXP 	Stim: autoDraw = True
74.3672 	EXP 	Stim_LeftScreenInstruction: autoDraw = True
74.3672 	EXP 	Stim_RightScreenInstruction: autoDraw = True
76.3664 	EXP 	Stim: autoDraw = False
76.3664 	EXP 	Stim_LeftScreenInstruction: autoDraw = False
76.3664 	EXP 	Stim_RightScreenInstruction: autoDraw = False
76.3664 	EXP 	Feedback: foreColor = <psychopy.colors.Color: yellow, alpha=1.0>
76.3664 	EXP 	Fix: autoDraw = True
76.8606 	EXP 	Feedback: autoDraw = True
76.8708 	EXP 	Fix: autoDraw = False
78.3492 	EXP 	New trial (rep=0, index=4): <Trial 4 (4 in rep 0) data={'ID': 6, 'Weight': 1, 'Nested': None, 'Procedure': 'PracticeTrialsPROC', 'Stimulus': 'VM Stimuli/PracticeNC1.bmp', 'TargetType': 'target', 'CorrectResponse': 'Target', 'StimType': 'NeutFace', 'BlockType': '0-Back', 'thisN': 4, 'thisTrialN': 4, 'thisRepN': 0}>
78.3715 	INFO 	Keyboard events cleared
78.3714 	EXP 	Feedback: autoDraw = False
78.3714 	EXP 	Fix: autoDraw = False
78.3714 	EXP 	Feedback: autoDraw = False
78.3714 	EXP 	Stim: image = 'VM Stimuli/PracticeNC1.bmp'
78.3714 	EXP 	Stim: autoDraw = True
78.3714 	EXP 	Stim_LeftScreenInstruction: autoDraw = True
78.3714 	EXP 	Stim_RightScreenInstruction: autoDraw = True
80.3686 	EXP 	Stim: autoDraw = False
80.3686 	EXP 	Stim_LeftScreenInstruction: autoDraw = False
80.3686 	EXP 	Stim_RightScreenInstruction: autoDraw = False
80.3686 	EXP 	Feedback: foreColor = <psychopy.colors.Color: yellow, alpha=1.0>
80.3686 	EXP 	Fix: autoDraw = True
80.8535 	EXP 	Feedback: autoDraw = True
80.8648 	EXP 	Fix: autoDraw = False
82.3583 	INFO 	Keyboard events cleared
82.3582 	EXP 	Feedback: autoDraw = False
82.3582 	EXP 	Fix: autoDraw = False
82.3582 	EXP 	Feedback: autoDraw = False
82.3582 	EXP 	Instructions_Space: autoDraw = True
90.3122 	EXP 	Device response: <KeyPress from None: t=90.30493662506342, value=space, duration=None>
90.3224 	DATA 	Keypress: space
90.3312 	EXP 	Instructions_Space: autoDraw = False
90.3312 	EXP 	CueFix_2: autoDraw = True
90.3777 	EXP 	Device response: <KeyPress from None: t=90.30493662506342, value=space, duration=0.065332958009094>
90.8258 	EXP 	CueTarget_2: autoDraw = True
90.8258 	EXP 	CueTargetImage_2: autoDraw = True
90.8258 	EXP 	Zero_back_2: autoDraw = True
90.8393 	EXP 	CueFix_2: autoDraw = False
93.3223 	EXP 	Imported PracticeTrials/PracticeTrials2.xlsx as conditions, 5 conditions, 9 params
93.3227 	EXP 	New trial (rep=0, index=0): <Trial 0 (0 in rep 0) data={'ID': 2, 'Weight': 1, 'Nested': None, 'Procedure': 'PracticeTrialsPROC', 'Stimulus': 'VM Stimuli/Place1.bmp', 'TargetType': 'target', 'CorrectResponse': 'Target', 'StimType': 'Place', 'BlockType': '0-Back', 'thisN': 0, 'thisTrialN': 0, 'thisRepN': 0}>
93.3414 	INFO 	Keyboard events cleared
93.3413 	EXP 	CueTarget_2: autoDraw = False
93.3413 	EXP 	CueTargetImage_2: autoDraw = False
93.3413 	EXP 	Zero_back_2: autoDraw = False
93.3413 	EXP 	CueFix_2: autoDraw = False
93.3413 	EXP 	CueTarget_2: autoDraw = False
93.3413 	EXP 	CueTargetImage_2: autoDraw = False
93.3413 	EXP 	Zero_back_2: autoDraw = False
93.3413 	EXP 	Stim: image = 'VM Stimuli/Place1.bmp'
93.3413 	EXP 	Stim: autoDraw = True
93.3413 	EXP 	Stim_LeftScreenInstruction: autoDraw = True
93.3413 	EXP 	Stim_RightScreenInstruction: autoDraw = True
95.3343 	EXP 	Stim: autoDraw = False
95.3343 	EXP 	Stim_LeftScreenInstruction: autoDraw = False
95.3343 	EXP 	Stim_RightScreenInstruction: autoDraw = False
95.3343 	EXP 	Feedback: foreColor = <psychopy.colors.Color: yellow, alpha=1.0>
95.3343 	EXP 	Fix: autoDraw = True
95.8096 	EXP 	Feedback: autoDraw = True
95.8329 	EXP 	Fix: autoDraw = False
97.2997 	EXP 	New trial (rep=0, index=1): <Trial 1 (1 in rep 0) data={'ID': 3, 'Weight': 1, 'Nested': None, 'Procedure': 'PracticeTrialsPROC', 'Stimulus': 'VM Stimuli/Place3.bmp', 'TargetType': 'nontarget', 'CorrectResponse': 'Nontarget', 'StimType': 'Place', 'BlockType': '0-Back', 'thisN': 1, 'thisTrialN': 1, 'thisRepN': 0}>
97.3227 	INFO 	Keyboard events cleared
97.3226 	EXP 	Feedback: autoDraw = False
97.3226 	EXP 	Fix: autoDraw = False
97.3226 	EXP 	Feedback: autoDraw = False
97.3226 	EXP 	Stim: image = 'VM Stimuli/Place3.bmp'
97.3226 	EXP 	Stim: autoDraw = True
97.3226 	EXP 	Stim_LeftScreenInstruction: autoDraw = True
97.3226 	EXP 	Stim_RightScreenInstruction: autoDraw = True
99.3251 	EXP 	Stim: autoDraw = False
99.3251 	EXP 	Stim_LeftScreenInstruction: autoDraw = False
99.3251 	EXP 	Stim_RightScreenInstruction: autoDraw = False
99.3251 	EXP 	Stim: autoDraw = False
99.3251 	EXP 	Stim_LeftScreenInstruction: autoDraw = False
99.3251 	EXP 	Stim_RightScreenInstruction: autoDraw = False
99.3251 	EXP 	Feedback: foreColor = <psychopy.colors.Color: yellow, alpha=1.0>
99.3251 	EXP 	Fix: autoDraw = True
99.8145 	EXP 	Feedback: autoDraw = True
99.8286 	EXP 	Fix: autoDraw = False
101.3060 	EXP 	New trial (rep=0, index=2): <Trial 2 (2 in rep 0) data={'ID': 4, 'Weight': 1, 'Nested': None, 'Procedure': 'PracticeTrialsPROC', 'Stimulus': 'VM Stimuli/Place5.bmp', 'TargetType': 'nontarget', 'CorrectResponse': 'Nontarget', 'StimType': 'Place', 'BlockType': '0-Back', 'thisN': 2, 'thisTrialN': 2, 'thisRepN': 0}>
101.3280 	INFO 	Keyboard events cleared
101.3280 	EXP 	Feedback: autoDraw = False
101.3280 	EXP 	Fix: autoDraw = False
101.3280 	EXP 	Feedback: autoDraw = False
101.3280 	EXP 	Stim: image = 'VM Stimuli/Place5.bmp'
101.3280 	EXP 	Stim: autoDraw = True
101.3280 	EXP 	Stim_LeftScreenInstruction: autoDraw = True
101.3280 	EXP 	Stim_RightScreenInstruction: autoDraw = True
103.3238 	EXP 	Stim: autoDraw = False
103.3238 	EXP 	Stim_LeftScreenInstruction: autoDraw = False
103.3238 	EXP 	Stim_RightScreenInstruction: autoDraw = False
103.3238 	EXP 	Stim: autoDraw = False
103.3238 	EXP 	Stim_LeftScreenInstruction: autoDraw = False
103.3238 	EXP 	Stim_RightScreenInstruction: autoDraw = False
103.3238 	EXP 	Feedback: foreColor = <psychopy.colors.Color: yellow, alpha=1.0>
103.3238 	EXP 	Fix: autoDraw = True
103.8279 	EXP 	Feedback: autoDraw = True
103.8455 	EXP 	Fix: autoDraw = False
105.3123 	EXP 	New trial (rep=0, index=3): <Trial 3 (3 in rep 0) data={'ID': 5, 'Weight': 1, 'Nested': None, 'Procedure': 'PracticeTrialsPROC', 'Stimulus': 'VM Stimuli/Place1.bmp', 'TargetType': 'target', 'CorrectResponse': 'Target', 'StimType': 'Place', 'BlockType': '0-Back', 'thisN': 3, 'thisTrialN': 3, 'thisRepN': 0}>
105.3325 	INFO 	Keyboard events cleared
105.3324 	EXP 	Feedback: autoDraw = False
105.3324 	EXP 	Fix: autoDraw = False
105.3324 	EXP 	Feedback: autoDraw = False
105.3324 	EXP 	Stim: image = 'VM Stimuli/Place1.bmp'
105.3324 	EXP 	Stim: autoDraw = True
105.3324 	EXP 	Stim_LeftScreenInstruction: autoDraw = True
105.3324 	EXP 	Stim_RightScreenInstruction: autoDraw = True
107.3453 	EXP 	Stim: autoDraw = False
107.3453 	EXP 	Stim_LeftScreenInstruction: autoDraw = False
107.3453 	EXP 	Stim_RightScreenInstruction: autoDraw = False
107.3453 	EXP 	Feedback: foreColor = <psychopy.colors.Color: yellow, alpha=1.0>
107.3453 	EXP 	Fix: autoDraw = True
107.8278 	EXP 	Feedback: autoDraw = True
107.8454 	EXP 	Fix: autoDraw = False
109.3161 	EXP 	New trial (rep=0, index=4): <Trial 4 (4 in rep 0) data={'ID': 6, 'Weight': 1, 'Nested': None, 'Procedure': 'PracticeTrialsPROC', 'Stimulus': 'VM Stimuli/Place3.bmp', 'TargetType': 'nontarget', 'CorrectResponse': 'Nontarget', 'StimType': 'Place', 'BlockType': '0-Back', 'thisN': 4, 'thisTrialN': 4, 'thisRepN': 0}>
109.3363 	INFO 	Keyboard events cleared
109.3362 	EXP 	Fix: autoDraw = False
109.3362 	EXP 	Feedback: autoDraw = False
109.3362 	EXP 	Stim: image = 'VM Stimuli/Place3.bmp'
109.3362 	EXP 	Stim: autoDraw = True
109.3362 	EXP 	Stim_LeftScreenInstruction: autoDraw = True
109.3362 	EXP 	Stim_RightScreenInstruction: autoDraw = True
111.3375 	EXP 	Stim: autoDraw = False
111.3375 	EXP 	Stim_LeftScreenInstruction: autoDraw = False
111.3375 	EXP 	Stim_RightScreenInstruction: autoDraw = False
111.3375 	EXP 	Feedback: foreColor = <psychopy.colors.Color: yellow, alpha=1.0>
111.3375 	EXP 	Fix: autoDraw = True
111.8187 	EXP 	Feedback: autoDraw = True
111.8453 	EXP 	Fix: autoDraw = False
113.3245 	INFO 	Keyboard events cleared
113.3245 	EXP 	Feedback: autoDraw = False
113.3245 	EXP 	Fix: autoDraw = False
113.3245 	EXP 	Feedback: autoDraw = False
113.3245 	EXP 	Instructions_Space: autoDraw = True
114.2574 	EXP 	Device response: <KeyPress from None: t=114.25342029100284, value=space, duration=None>
114.2705 	DATA 	Keypress: space
114.2799 	INFO 	Keyboard events cleared
114.2798 	EXP 	Instructions_Space: autoDraw = False
114.2798 	EXP 	Instructions_8: autoDraw = True
114.3343 	EXP 	Device response: <KeyPress from None: t=114.25342029100284, value=space, duration=0.07822045916691422>
138.2444 	EXP 	Device response: <KeyPress from None: t=138.23827750002965, value=space, duration=None>
138.2634 	DATA 	Keypress: space
138.2831 	INFO 	Keyboard events cleared
138.2830 	EXP 	Instructions_8: autoDraw = False
138.2830 	EXP 	Example_Stim: image = 'VM Stimuli/PracticeFO1.bmp'
138.2830 	EXP 	Instructions_9: autoDraw = True
138.2830 	EXP 	Example_Stim: autoDraw = True
138.2830 	EXP 	Example_LeftScreenInstruction: autoDraw = True
138.2830 	EXP 	Example_RightScreenInstruction: autoDraw = True
138.2830 	EXP 	Instructions_12: autoDraw = True
138.3281 	EXP 	Device response: <KeyPress from None: t=138.23827750002965, value=space, duration=0.07888279110193253>
141.2467 	DATA 	Keypress: space
141.2557 	EXP 	Device response: <KeyPress from None: t=141.24134187493473, value=space, duration=None>
141.2769 	INFO 	Keyboard events cleared
141.2768 	EXP 	Instructions_9: autoDraw = False
141.2768 	EXP 	Example_Stim: autoDraw = False
141.2768 	EXP 	Example_LeftScreenInstruction: autoDraw = False
141.2768 	EXP 	Example_RightScreenInstruction: autoDraw = False
141.2768 	EXP 	Instructions_12: autoDraw = False
141.2768 	EXP 	Example_Stim_2: image = 'VM Stimuli/PracticeFO2.bmp'
141.2768 	EXP 	Instructions_21: autoDraw = True
141.2768 	EXP 	One_Back_Example_Stim: autoDraw = True
141.2768 	EXP 	Example_Stim_2: autoDraw = True
141.2768 	EXP 	Example_LeftScreenInstruction_2: autoDraw = True
141.2768 	EXP 	Example_RightScreenInstruction_2: autoDraw = True
141.3458 	EXP 	Device response: <KeyPress from None: t=141.24134187493473, value=space, duration=0.10027854144573212>
142.1367 	EXP 	Device response: <KeyPress from None: t=142.13105862494558, value=space, duration=None>
142.1454 	DATA 	Keypress: space
142.1641 	INFO 	Keyboard events cleared
142.1640 	EXP 	Instructions_21: autoDraw = False
142.1640 	EXP 	One_Back_Example_Stim: autoDraw = False
142.1640 	EXP 	Example_Stim_2: autoDraw = False
142.1640 	EXP 	Example_LeftScreenInstruction_2: autoDraw = False
142.1640 	EXP 	Example_RightScreenInstruction_2: autoDraw = False
142.1640 	EXP 	Example_Stim_3: image = 'VM Stimuli/PracticeFO1.bmp'
142.1640 	EXP 	Instructions_24: autoDraw = True
142.1640 	EXP 	Green_Border: autoDraw = True
142.1640 	EXP 	Two_Back_Example_Stim: autoDraw = True
142.1640 	EXP 	One_Back_Example_Stim_2: autoDraw = True
142.1640 	EXP 	Example_Stim_3: autoDraw = True
142.1640 	EXP 	Example_LeftScreenInstruction_3: autoDraw = True
142.1640 	EXP 	Example_RightScreenInstruction_3: autoDraw = True
142.2119 	EXP 	Device response: <KeyPress from None: t=142.13105862494558, value=space, duration=0.07848583301529288>
142.8783 	EXP 	Device response: <KeyPress from None: t=142.8730644583702, value=space, duration=None>
142.8873 	DATA 	Keypress: space
142.9009 	INFO 	Keyboard events cleared
142.9009 	EXP 	Instructions_24: autoDraw = False
142.9009 	EXP 	Green_Border: autoDraw = False
142.9009 	EXP 	Two_Back_Example_Stim: autoDraw = False
142.9009 	EXP 	One_Back_Example_Stim_2: autoDraw = False
142.9009 	EXP 	Example_Stim_3: autoDraw = False
142.9009 	EXP 	Example_LeftScreenInstruction_3: autoDraw = False
142.9009 	EXP 	Example_RightScreenInstruction_3: autoDraw = False
142.9009 	EXP 	Example_Stim_4: image = 'VM Stimuli/PracticeFO3.bmp'
142.9009 	EXP 	Instructions_25: autoDraw = True
142.9009 	EXP 	Two_Back_Example_Stim_2: autoDraw = True
142.9009 	EXP 	One_Back_Example_Stim_3: autoDraw = True
142.9009 	EXP 	Example_Stim_4: autoDraw = True
142.9009 	EXP 	Example_LeftScreenInstruction_4: autoDraw = True
142.9009 	EXP 	Example_RightScreenInstruction_4: autoDraw = True
142.9726 	EXP 	Device response: <KeyPress from None: t=142.8730644583702, value=space, duration=0.09003316657617688>
144.1411 	EXP 	Device response: <KeyPress from None: t=144.13220241619274, value=space, duration=None>
144.1459 	DATA 	Keypress: space
144.1539 	INFO 	Keyboard events cleared
144.1538 	EXP 	Instructions_25: autoDraw = False
144.1538 	EXP 	Two_Back_Example_Stim_2: autoDraw = False
144.1538 	EXP 	One_Back_Example_Stim_3: autoDraw = False
144.1538 	EXP 	Example_Stim_4: autoDraw = False
144.1538 	EXP 	Example_LeftScreenInstruction_4: autoDraw = False
144.1538 	EXP 	Example_RightScreenInstruction_4: autoDraw = False
144.1538 	EXP 	Instructions_15: autoDraw = True
144.2478 	EXP 	Device response: <KeyPress from None: t=144.13220241619274, value=space, duration=0.10179645894095302>
145.0396 	EXP 	Device response: <KeyPress from None: t=145.03262033313513, value=space, duration=None>
145.0547 	DATA 	Keypress: space
145.0690 	INFO 	Keyboard events cleared
145.0688 	EXP 	Instructions_15: autoDraw = False
145.0688 	EXP 	Instructions_32: autoDraw = True
145.0688 	EXP 	Example_Stim_5: autoDraw = True
145.0688 	EXP 	Example_LeftScreenInstruction_5: autoDraw = True
145.0688 	EXP 	Example_RightScreenInstruction_5: autoDraw = True
145.1569 	EXP 	Device response: <KeyPress from None: t=145.03262033313513, value=space, duration=0.11241349996998906>
146.0701 	EXP 	Device response: <KeyPress from None: t=146.0682350830175, value=space, duration=None>
146.0758 	DATA 	Keypress: space
146.0888 	INFO 	Keyboard events cleared
146.0887 	EXP 	Instructions_32: autoDraw = False
146.0887 	EXP 	Example_Stim_5: autoDraw = False
146.0887 	EXP 	Example_LeftScreenInstruction_5: autoDraw = False
146.0887 	EXP 	Example_RightScreenInstruction_5: autoDraw = False
146.0887 	EXP 	Instructions_27: autoDraw = True
146.0887 	EXP 	Example_Stim_6: autoDraw = True
146.0887 	EXP 	Example_LeftScreenInstruction_6: autoDraw = True
146.0887 	EXP 	Example_RightScreenInstruction_6: autoDraw = True
146.1612 	EXP 	Device response: <KeyPress from None: t=146.0682350830175, value=space, duration=0.08903766702860594>
147.3904 	EXP 	Device response: <KeyPress from None: t=147.38424491602927, value=space, duration=None>
147.3956 	DATA 	Keypress: space
147.4082 	INFO 	Keyboard events cleared
147.4081 	EXP 	Instructions_27: autoDraw = False
147.4081 	EXP 	Example_Stim_6: autoDraw = False
147.4081 	EXP 	Example_LeftScreenInstruction_6: autoDraw = False
147.4081 	EXP 	Example_RightScreenInstruction_6: autoDraw = False
147.4081 	EXP 	Instructions_33: autoDraw = True
147.4081 	EXP 	Example_Stim_7: autoDraw = True
147.4081 	EXP 	Example_LeftScreenInstruction_7: autoDraw = True
147.4081 	EXP 	Example_RightScreenInstruction_7: autoDraw = True
147.4993 	EXP 	Device response: <KeyPress from None: t=147.38424491602927, value=space, duration=0.11092695919796824>
148.0285 	EXP 	Device response: <KeyPress from None: t=148.02521929098293, value=space, duration=None>
148.0338 	DATA 	Keypress: space
148.0465 	INFO 	Keyboard events cleared
148.0464 	EXP 	Instructions_33: autoDraw = False
148.0464 	EXP 	Example_Stim_7: autoDraw = False
148.0464 	EXP 	Example_LeftScreenInstruction_7: autoDraw = False
148.0464 	EXP 	Example_RightScreenInstruction_7: autoDraw = False
148.0464 	EXP 	Instructions_26: autoDraw = True
148.0464 	EXP 	One_Back_Example_Stim_4: autoDraw = True
148.0464 	EXP 	Example_Stim_8: autoDraw = True
148.0464 	EXP 	Example_LeftScreenInstruction_8: autoDraw = True
148.0464 	EXP 	Example_RightScreenInstruction_8: autoDraw = True
148.1279 	EXP 	Device response: <KeyPress from None: t=148.02521929098293, value=space, duration=0.10132424999028444>
148.8666 	EXP 	Device response: <KeyPress from None: t=148.85734920809045, value=space, duration=None>
148.8724 	DATA 	Keypress: space
148.8860 	INFO 	Keyboard events cleared
148.8859 	EXP 	Instructions_26: autoDraw = False
148.8859 	EXP 	One_Back_Example_Stim_4: autoDraw = False
148.8859 	EXP 	Example_Stim_8: autoDraw = False
148.8859 	EXP 	Example_LeftScreenInstruction_8: autoDraw = False
148.8859 	EXP 	Example_RightScreenInstruction_8: autoDraw = False
148.8859 	EXP 	Instructions: autoDraw = True
148.8859 	EXP 	Example_Stim_9: autoDraw = True
148.8859 	EXP 	Example_LeftScreenInstruction_9: autoDraw = True
148.8859 	EXP 	Example_RightScreenInstruction_9: autoDraw = True
148.9705 	EXP 	Device response: <KeyPress from None: t=148.85734920809045, value=space, duration=0.10136187495663762>
149.6326 	EXP 	Device response: <KeyPress from None: t=149.6230211253278, value=space, duration=None>
149.6387 	DATA 	Keypress: space
149.6525 	INFO 	Keyboard events cleared
149.6525 	EXP 	Instructions: autoDraw = False
149.6525 	EXP 	Example_Stim_9: autoDraw = False
149.6525 	EXP 	Example_LeftScreenInstruction_9: autoDraw = False
149.6525 	EXP 	Example_RightScreenInstruction_9: autoDraw = False
149.6525 	EXP 	Instructions_28: autoDraw = True
149.6525 	EXP 	Two_Back_Example_Stim_3: autoDraw = True
149.6525 	EXP 	One_Back_Example_Stim_5: autoDraw = True
149.6525 	EXP 	Example_Stim_10: autoDraw = True
149.6525 	EXP 	Example_LeftScreenInstruction_10: autoDraw = True
149.6525 	EXP 	Example_RightScreenInstruction_10: autoDraw = True
149.7497 	EXP 	Device response: <KeyPress from None: t=149.6230211253278, value=space, duration=0.12214829074218869>
152.5039 	EXP 	Device response: <KeyPress from None: t=152.4921953752637, value=space, duration=None>
152.5101 	DATA 	Keypress: space
152.5232 	INFO 	Keyboard events cleared
152.5231 	EXP 	Instructions_28: autoDraw = False
152.5231 	EXP 	Two_Back_Example_Stim_3: autoDraw = False
152.5231 	EXP 	One_Back_Example_Stim_5: autoDraw = False
152.5231 	EXP 	Example_Stim_10: autoDraw = False
152.5231 	EXP 	Example_LeftScreenInstruction_10: autoDraw = False
152.5231 	EXP 	Example_RightScreenInstruction_10: autoDraw = False
152.5231 	EXP 	Instructions_4: autoDraw = True
152.5231 	EXP 	Example_Stim_12: autoDraw = True
152.5231 	EXP 	Example_LeftScreenInstruction_12: autoDraw = True
152.5231 	EXP 	Example_RightScreenInstruction_12: autoDraw = True
152.5831 	EXP 	Device response: <KeyPress from None: t=152.4921953752637, value=space, duration=0.08967120805755258>
153.4318 	EXP 	Device response: <KeyPress from None: t=153.42543550021946, value=space, duration=None>
153.4376 	DATA 	Keypress: space
153.4519 	INFO 	Keyboard events cleared
153.4518 	EXP 	Instructions_4: autoDraw = False
153.4518 	EXP 	Example_Stim_12: autoDraw = False
153.4518 	EXP 	Example_LeftScreenInstruction_12: autoDraw = False
153.4518 	EXP 	Example_RightScreenInstruction_12: autoDraw = False
153.4518 	EXP 	Instructions_29: autoDraw = True
153.4518 	EXP 	Green_Border_2: autoDraw = True
153.4518 	EXP 	Two_Back_Example_Stim_4: autoDraw = True
153.4518 	EXP 	One_Back_Example_Stim_6: autoDraw = True
153.4518 	EXP 	Example_Stim_11: autoDraw = True
153.4518 	EXP 	Example_LeftScreenInstruction_11: autoDraw = True
153.4518 	EXP 	Example_RightScreenInstruction_11: autoDraw = True
153.5353 	EXP 	Device response: <KeyPress from None: t=153.42543550021946, value=space, duration=0.10274233296513557>
154.7657 	EXP 	Device response: <KeyPress from None: t=154.76272141607478, value=space, duration=None>
154.7722 	DATA 	Keypress: space
154.7822 	INFO 	Keyboard events cleared
154.7820 	EXP 	Instructions_29: autoDraw = False
154.7820 	EXP 	Green_Border_2: autoDraw = False
154.7820 	EXP 	Two_Back_Example_Stim_4: autoDraw = False
154.7820 	EXP 	One_Back_Example_Stim_6: autoDraw = False
154.7820 	EXP 	Example_Stim_11: autoDraw = False
154.7820 	EXP 	Example_LeftScreenInstruction_11: autoDraw = False
154.7820 	EXP 	Example_RightScreenInstruction_11: autoDraw = False
154.7820 	EXP 	Instructions_22: autoDraw = True
154.8654 	EXP 	Device response: <KeyPress from None: t=154.76272141607478, value=space, duration=0.09286045888438821>
161.0548 	EXP 	Device response: <KeyPress from None: t=161.05336529109627, value=space, duration=None>
161.0634 	DATA 	Keypress: space
161.0722 	INFO 	Keyboard events cleared
161.0721 	EXP 	Instructions_22: autoDraw = False
161.0721 	EXP 	Instructions_30: autoDraw = True
161.1497 	EXP 	Device response: <KeyPress from None: t=161.05336529109627, value=space, duration=0.08949899999424815>
161.9043 	EXP 	Device response: <KeyPress from None: t=161.89675179123878, value=space, duration=None>
161.9262 	EXP 	Imported PracticeTrials/PracticeTrials3.xlsx as conditions, 5 conditions, 9 params
161.9272 	EXP 	New trial (rep=0, index=0): <Trial 0 (0 in rep 0) data={'ID': 1, 'Weight': 1, 'Nested': None, 'Procedure': 'PracticeTrialsPROC', 'Stimulus': 'VM Stimuli/PracticeFO2.bmp', 'TargetType': 'nontarget', 'CorrectResponse': 'Nontarget', 'StimType': 'NegFace', 'BlockType': '2-Back', 'thisN': 0, 'thisTrialN': 0, 'thisRepN': 0}>
161.9396 	DATA 	Keypress: space
161.9508 	INFO 	Keyboard events cleared
161.9507 	EXP 	Instructions_30: autoDraw = False
161.9507 	EXP 	Stim: image = 'VM Stimuli/PracticeFO2.bmp'
161.9507 	EXP 	Stim: autoDraw = True
161.9507 	EXP 	Stim_LeftScreenInstruction: autoDraw = True
161.9507 	EXP 	Stim_RightScreenInstruction: autoDraw = True
162.0080 	EXP 	Device response: <KeyPress from None: t=161.89675179123878, value=space, duration=0.10100954212248325>
163.9203 	EXP 	Stim: autoDraw = False
163.9203 	EXP 	Stim_LeftScreenInstruction: autoDraw = False
163.9203 	EXP 	Stim_RightScreenInstruction: autoDraw = False
163.9203 	EXP 	Feedback: foreColor = <psychopy.colors.Color: yellow, alpha=1.0>
163.9203 	EXP 	Fix: autoDraw = True
164.4028 	EXP 	Feedback: autoDraw = True
164.4143 	EXP 	Fix: autoDraw = False
165.8907 	EXP 	New trial (rep=0, index=1): <Trial 1 (1 in rep 0) data={'ID': 2, 'Weight': 1, 'Nested': None, 'Procedure': 'PracticeTrialsPROC', 'Stimulus': 'VM Stimuli/PracticeFO4.bmp', 'TargetType': 'nontarget', 'CorrectResponse': 'Nontarget', 'StimType': 'NegFace', 'BlockType': '2-Back', 'thisN': 1, 'thisTrialN': 1, 'thisRepN': 0}>
165.9136 	INFO 	Keyboard events cleared
165.9135 	EXP 	Feedback: autoDraw = False
165.9135 	EXP 	Fix: autoDraw = False
165.9135 	EXP 	Feedback: autoDraw = False
165.9135 	EXP 	Stim: image = 'VM Stimuli/PracticeFO4.bmp'
165.9135 	EXP 	Stim: autoDraw = True
165.9135 	EXP 	Stim_LeftScreenInstruction: autoDraw = True
165.9135 	EXP 	Stim_RightScreenInstruction: autoDraw = True
167.9198 	EXP 	Stim: autoDraw = False
167.9198 	EXP 	Stim_LeftScreenInstruction: autoDraw = False
167.9198 	EXP 	Stim_RightScreenInstruction: autoDraw = False
167.9198 	EXP 	Feedback: foreColor = <psychopy.colors.Color: yellow, alpha=1.0>
167.9198 	EXP 	Fix: autoDraw = True
168.4094 	EXP 	Feedback: autoDraw = True
168.4197 	EXP 	Fix: autoDraw = False
169.8935 	EXP 	New trial (rep=0, index=2): <Trial 2 (2 in rep 0) data={'ID': 3, 'Weight': 1, 'Nested': None, 'Procedure': 'PracticeTrialsPROC', 'Stimulus': 'VM Stimuli/PracticeFO2.bmp', 'TargetType': 'target', 'CorrectResponse': 'Target', 'StimType': 'NegFace', 'BlockType': '2-Back', 'thisN': 2, 'thisTrialN': 2, 'thisRepN': 0}>
169.9144 	INFO 	Keyboard events cleared
169.9143 	EXP 	Feedback: autoDraw = False
169.9143 	EXP 	Fix: autoDraw = False
169.9143 	EXP 	Feedback: autoDraw = False
169.9143 	EXP 	Stim: image = 'VM Stimuli/PracticeFO2.bmp'
169.9143 	EXP 	Stim: autoDraw = True
169.9143 	EXP 	Stim_LeftScreenInstruction: autoDraw = True
169.9143 	EXP 	Stim_RightScreenInstruction: autoDraw = True
171.9152 	EXP 	Stim: autoDraw = False
171.9152 	EXP 	Stim_LeftScreenInstruction: autoDraw = False
171.9152 	EXP 	Stim_RightScreenInstruction: autoDraw = False
171.9152 	EXP 	Stim: autoDraw = False
171.9152 	EXP 	Stim_LeftScreenInstruction: autoDraw = False
171.9152 	EXP 	Stim_RightScreenInstruction: autoDraw = False
171.9152 	EXP 	Feedback: foreColor = <psychopy.colors.Color: yellow, alpha=1.0>
171.9152 	EXP 	Fix: autoDraw = True
172.4092 	EXP 	Feedback: autoDraw = True
172.4195 	EXP 	Fix: autoDraw = False
173.8991 	EXP 	New trial (rep=0, index=3): <Trial 3 (3 in rep 0) data={'ID': 4, 'Weight': 1, 'Nested': None, 'Procedure': 'PracticeTrialsPROC', 'Stimulus': 'VM Stimuli/PracticeFO4.bmp', 'TargetType': 'target', 'CorrectResponse': 'Target', 'StimType': 'NegFace', 'BlockType': '2-Back', 'thisN': 3, 'thisTrialN': 3, 'thisRepN': 0}>
173.9215 	INFO 	Keyboard events cleared
173.9215 	EXP 	Feedback: autoDraw = False
173.9215 	EXP 	Fix: autoDraw = False
173.9215 	EXP 	Feedback: autoDraw = False
173.9215 	EXP 	Stim: image = 'VM Stimuli/PracticeFO4.bmp'
173.9215 	EXP 	Stim: autoDraw = True
173.9215 	EXP 	Stim_LeftScreenInstruction: autoDraw = True
173.9215 	EXP 	Stim_RightScreenInstruction: autoDraw = True
175.9241 	EXP 	Stim: autoDraw = False
175.9241 	EXP 	Stim_LeftScreenInstruction: autoDraw = False
175.9241 	EXP 	Stim_RightScreenInstruction: autoDraw = False
175.9241 	EXP 	Feedback: foreColor = <psychopy.colors.Color: yellow, alpha=1.0>
175.9241 	EXP 	Fix: autoDraw = True
176.4090 	EXP 	Feedback: autoDraw = True
176.4192 	EXP 	Fix: autoDraw = False
177.8982 	EXP 	New trial (rep=0, index=4): <Trial 4 (4 in rep 0) data={'ID': 5, 'Weight': 1, 'Nested': None, 'Procedure': 'PracticeTrialsPROC', 'Stimulus': 'VM Stimuli/PracticeFO1.bmp', 'TargetType': 'nontarget', 'CorrectResponse': 'Nontarget', 'StimType': 'NegFace', 'BlockType': '2-Back', 'thisN': 4, 'thisTrialN': 4, 'thisRepN': 0}>
177.9242 	INFO 	Keyboard events cleared
177.9241 	EXP 	Feedback: autoDraw = False
177.9241 	EXP 	Fix: autoDraw = False
177.9241 	EXP 	Feedback: autoDraw = False
177.9241 	EXP 	Stim: image = 'VM Stimuli/PracticeFO1.bmp'
177.9241 	EXP 	Stim: autoDraw = True
177.9241 	EXP 	Stim_LeftScreenInstruction: autoDraw = True
177.9241 	EXP 	Stim_RightScreenInstruction: autoDraw = True
179.9214 	EXP 	Stim: autoDraw = False
179.9214 	EXP 	Stim_LeftScreenInstruction: autoDraw = False
179.9214 	EXP 	Stim_RightScreenInstruction: autoDraw = False
179.9214 	EXP 	Feedback: foreColor = <psychopy.colors.Color: yellow, alpha=1.0>
179.9214 	EXP 	Fix: autoDraw = True
180.4122 	EXP 	Feedback: autoDraw = True
180.4230 	EXP 	Fix: autoDraw = False
181.9146 	INFO 	Keyboard events cleared
181.9145 	EXP 	Feedback: autoDraw = False
181.9145 	EXP 	Fix: autoDraw = False
181.9145 	EXP 	Feedback: autoDraw = False
181.9145 	EXP 	Instructions_Space: autoDraw = True
184.1243 	EXP 	Device response: <KeyPress from None: t=184.1148892501369, value=space, duration=None>
184.1400 	EXP 	Imported PracticeTrials/PracticeTrials4.xlsx as conditions, 5 conditions, 9 params
184.1405 	EXP 	New trial (rep=0, index=0): <Trial 0 (0 in rep 0) data={'ID': 1, 'Weight': 1, 'Nested': None, 'Procedure': 'PracticeTrialsPROC', 'Stimulus': 'VM Stimuli/Place1.bmp', 'TargetType': 'nontarget', 'CorrectResponse': 'Nontarget', 'StimType': 'Place', 'BlockType': '2-Back', 'thisN': 0, 'thisTrialN': 0, 'thisRepN': 0}>
184.1519 	DATA 	Keypress: space
184.1636 	INFO 	Keyboard events cleared
184.1635 	EXP 	Instructions_Space: autoDraw = False
184.1635 	EXP 	Stim: image = 'VM Stimuli/Place1.bmp'
184.1635 	EXP 	Stim: autoDraw = True
184.1635 	EXP 	Stim_LeftScreenInstruction: autoDraw = True
184.1635 	EXP 	Stim_RightScreenInstruction: autoDraw = True
184.2007 	EXP 	Device response: <KeyPress from None: t=184.1148892501369, value=space, duration=0.07880616607144475>
186.1408 	EXP 	Stim: autoDraw = False
186.1408 	EXP 	Stim_LeftScreenInstruction: autoDraw = False
186.1408 	EXP 	Stim_RightScreenInstruction: autoDraw = False
186.1408 	EXP 	Feedback: foreColor = <psychopy.colors.Color: yellow, alpha=1.0>
186.1408 	EXP 	Fix: autoDraw = True
186.6258 	EXP 	Feedback: autoDraw = True
186.6360 	EXP 	Fix: autoDraw = False
188.1149 	EXP 	New trial (rep=0, index=1): <Trial 1 (1 in rep 0) data={'ID': 2, 'Weight': 1, 'Nested': None, 'Procedure': 'PracticeTrialsPROC', 'Stimulus': 'VM Stimuli/Place5.bmp', 'TargetType': 'nontarget', 'CorrectResponse': 'Nontarget', 'StimType': 'Place', 'BlockType': '2-Back', 'thisN': 1, 'thisTrialN': 1, 'thisRepN': 0}>
188.1365 	INFO 	Keyboard events cleared
188.1364 	EXP 	Feedback: autoDraw = False
188.1364 	EXP 	Fix: autoDraw = False
188.1364 	EXP 	Feedback: autoDraw = False
188.1364 	EXP 	Stim: image = 'VM Stimuli/Place5.bmp'
188.1364 	EXP 	Stim: autoDraw = True
188.1364 	EXP 	Stim_LeftScreenInstruction: autoDraw = True
188.1364 	EXP 	Stim_RightScreenInstruction: autoDraw = True
190.1404 	EXP 	Stim: autoDraw = False
190.1404 	EXP 	Stim_LeftScreenInstruction: autoDraw = False
190.1404 	EXP 	Stim_RightScreenInstruction: autoDraw = False
190.1404 	EXP 	Feedback: foreColor = <psychopy.colors.Color: yellow, alpha=1.0>
190.1404 	EXP 	Fix: autoDraw = True
190.6274 	EXP 	Feedback: autoDraw = True
190.6375 	EXP 	Fix: autoDraw = False
192.1150 	EXP 	New trial (rep=0, index=2): <Trial 2 (2 in rep 0) data={'ID': 3, 'Weight': 1, 'Nested': None, 'Procedure': 'PracticeTrialsPROC', 'Stimulus': 'VM Stimuli/Place1.bmp', 'TargetType': 'target', 'CorrectResponse': 'Target', 'StimType': 'Place', 'BlockType': '2-Back', 'thisN': 2, 'thisTrialN': 2, 'thisRepN': 0}>
192.1350 	INFO 	Keyboard events cleared
192.1349 	EXP 	Feedback: autoDraw = False
192.1349 	EXP 	Fix: autoDraw = False
192.1349 	EXP 	Feedback: autoDraw = False
192.1349 	EXP 	Stim: image = 'VM Stimuli/Place1.bmp'
192.1349 	EXP 	Stim: autoDraw = True
192.1349 	EXP 	Stim_LeftScreenInstruction: autoDraw = True
192.1349 	EXP 	Stim_RightScreenInstruction: autoDraw = True
194.1311 	EXP 	Stim: autoDraw = False
194.1311 	EXP 	Stim_LeftScreenInstruction: autoDraw = False
194.1311 	EXP 	Stim_RightScreenInstruction: autoDraw = False
194.1311 	EXP 	Stim: autoDraw = False
194.1311 	EXP 	Stim_LeftScreenInstruction: autoDraw = False
194.1311 	EXP 	Stim_RightScreenInstruction: autoDraw = False
194.1311 	EXP 	Feedback: foreColor = <psychopy.colors.Color: yellow, alpha=1.0>
194.1311 	EXP 	Fix: autoDraw = True
194.6251 	EXP 	Feedback: autoDraw = True
194.6354 	EXP 	Fix: autoDraw = False
196.1148 	EXP 	New trial (rep=0, index=3): <Trial 3 (3 in rep 0) data={'ID': 4, 'Weight': 1, 'Nested': None, 'Procedure': 'PracticeTrialsPROC', 'Stimulus': 'VM Stimuli/Place6.bmp', 'TargetType': 'nontarget', 'CorrectResponse': 'Nontarget', 'StimType': 'Place', 'BlockType': '2-Back', 'thisN': 3, 'thisTrialN': 3, 'thisRepN': 0}>
196.1378 	INFO 	Keyboard events cleared
196.1377 	EXP 	Feedback: autoDraw = False
196.1377 	EXP 	Fix: autoDraw = False
196.1377 	EXP 	Feedback: autoDraw = False
196.1377 	EXP 	Stim: image = 'VM Stimuli/Place6.bmp'
196.1377 	EXP 	Stim: autoDraw = True
196.1377 	EXP 	Stim_LeftScreenInstruction: autoDraw = True
196.1377 	EXP 	Stim_RightScreenInstruction: autoDraw = True
198.1353 	EXP 	Stim: autoDraw = False
198.1353 	EXP 	Stim_LeftScreenInstruction: autoDraw = False
198.1353 	EXP 	Stim_RightScreenInstruction: autoDraw = False
198.1353 	EXP 	Stim: autoDraw = False
198.1353 	EXP 	Stim_LeftScreenInstruction: autoDraw = False
198.1353 	EXP 	Stim_RightScreenInstruction: autoDraw = False
198.1353 	EXP 	Feedback: foreColor = <psychopy.colors.Color: yellow, alpha=1.0>
198.1353 	EXP 	Fix: autoDraw = True
198.6252 	EXP 	Feedback: autoDraw = True
198.6354 	EXP 	Fix: autoDraw = False
200.1142 	EXP 	New trial (rep=0, index=4): <Trial 4 (4 in rep 0) data={'ID': 5, 'Weight': 1, 'Nested': None, 'Procedure': 'PracticeTrialsPROC', 'Stimulus': 'VM Stimuli/Place1.bmp', 'TargetType': 'target', 'CorrectResponse': 'Target', 'StimType': 'Place', 'BlockType': '2-Back', 'thisN': 4, 'thisTrialN': 4, 'thisRepN': 0}>
200.1336 	INFO 	Keyboard events cleared
200.1335 	EXP 	Feedback: autoDraw = False
200.1335 	EXP 	Fix: autoDraw = False
200.1335 	EXP 	Feedback: autoDraw = False
200.1335 	EXP 	Stim: image = 'VM Stimuli/Place1.bmp'
200.1335 	EXP 	Stim: autoDraw = True
200.1335 	EXP 	Stim_LeftScreenInstruction: autoDraw = True
200.1335 	EXP 	Stim_RightScreenInstruction: autoDraw = True
202.1385 	EXP 	Stim: autoDraw = False
202.1385 	EXP 	Stim_LeftScreenInstruction: autoDraw = False
202.1385 	EXP 	Stim_RightScreenInstruction: autoDraw = False
202.1385 	EXP 	Feedback: foreColor = <psychopy.colors.Color: yellow, alpha=1.0>
202.1385 	EXP 	Fix: autoDraw = True
202.6433 	EXP 	Feedback: autoDraw = True
202.6611 	EXP 	Fix: autoDraw = False
204.1555 	INFO 	Keyboard events cleared
204.1554 	EXP 	Fix: autoDraw = False
204.1554 	EXP 	Feedback: autoDraw = False
204.1554 	EXP 	Instructions_36: autoDraw = True
204.1554 	EXP 	magenta_fixcross: autoDraw = True
204.1554 	EXP 	Instructions_37: autoDraw = True
212.4886 	EXP 	Device response: <KeyPress from None: t=212.47614100016654, value=space, duration=None>
212.4969 	DATA 	Keypress: space
212.5056 	INFO 	Keyboard events cleared
212.5054 	EXP 	Instructions_36: autoDraw = False
212.5054 	EXP 	magenta_fixcross: autoDraw = False
212.5054 	EXP 	Instructions_37: autoDraw = False
212.5054 	EXP 	Instructions_38: autoDraw = True
212.5779 	EXP 	Device response: <KeyPress from None: t=212.47614100016654, value=space, duration=0.10076983319595456>
227.8569 	EXP 	Device response: <KeyPress from None: t=227.85388650000095, value=escape, duration=None>
227.8626 	DATA 	Keypress: escape
227.9152 	EXP 	Device response: <KeyPress from None: t=227.85388650000095, value=escape, duration=0.05650066630914807>
227.9154 	EXP 	EmoNback_Practice: status = STOPPED
227.9269 	EXP 	Instructions_38: autoDraw = False
227.9271 	EXP 	EmoNback_Practice: status = STOPPED
227.9742 	INFO 	saved data to '/Users/akashrathi/Documents/EDC_tasks/EmoNback/EmoNback_Practice/data/AANNNAAA_1_6.csv'
227.9759 	INFO 	saved data to /Users/akashrathi/Documents/EDC_tasks/EmoNback/EmoNback_Practice/data/AANNNAAA_1_6.psydat
228.1377 	WARNING 	Stopping key buffers but this could be dangerous ifother keyboards rely on the same.
228.1378 	WARNING 	Stopping key buffers but this could be dangerous ifother keyboards rely on the same.
228.1378 	WARNING 	Stopping key buffers but this could be dangerous ifother keyboards rely on the same.
228.1378 	WARNING 	Stopping key buffers but this could be dangerous ifother keyboards rely on the same.
228.1378 	WARNING 	Stopping key buffers but this could be dangerous ifother keyboards rely on the same.
228.1378 	WARNING 	Stopping key buffers but this could be dangerous ifother keyboards rely on the same.
228.1378 	WARNING 	Stopping key buffers but this could be dangerous ifother keyboards rely on the same.
228.1378 	WARNING 	Stopping key buffers but this could be dangerous ifother keyboards rely on the same.
228.1378 	WARNING 	Stopping key buffers but this could be dangerous ifother keyboards rely on the same.
228.1379 	WARNING 	Stopping key buffers but this could be dangerous ifother keyboards rely on the same.
228.1379 	WARNING 	Stopping key buffers but this could be dangerous ifother keyboards rely on the same.
228.1379 	WARNING 	Stopping key buffers but this could be dangerous ifother keyboards rely on the same.
228.1379 	WARNING 	Stopping key buffers but this could be dangerous ifother keyboards rely on the same.
228.1379 	WARNING 	Stopping key buffers but this could be dangerous ifother keyboards rely on the same.
228.1379 	WARNING 	Stopping key buffers but this could be dangerous ifother keyboards rely on the same.
228.1379 	WARNING 	Stopping key buffers but this could be dangerous ifother keyboards rely on the same.
228.1379 	WARNING 	Stopping key buffers but this could be dangerous ifother keyboards rely on the same.
228.1379 	WARNING 	Stopping key buffers but this could be dangerous ifother keyboards rely on the same.
228.1379 	WARNING 	Stopping key buffers but this could be dangerous ifother keyboards rely on the same.
228.1379 	WARNING 	Stopping key buffers but this could be dangerous ifother keyboards rely on the same.
228.1379 	WARNING 	Stopping key buffers but this could be dangerous ifother keyboards rely on the same.
228.1379 	WARNING 	Stopping key buffers but this could be dangerous ifother keyboards rely on the same.
228.1379 	WARNING 	Stopping key buffers but this could be dangerous ifother keyboards rely on the same.
228.1379 	WARNING 	Stopping key buffers but this could be dangerous ifother keyboards rely on the same.
228.1379 	WARNING 	Stopping key buffers but this could be dangerous ifother keyboards rely on the same.
228.1379 	WARNING 	Stopping key buffers but this could be dangerous ifother keyboards rely on the same.
228.1379 	WARNING 	Stopping key buffers but this could be dangerous ifother keyboards rely on the same.
228.1380 	WARNING 	Stopping key buffers but this could be dangerous ifother keyboards rely on the same.
228.1380 	WARNING 	Stopping key buffers but this could be dangerous ifother keyboards rely on the same.
228.1380 	WARNING 	Stopping key buffers but this could be dangerous ifother keyboards rely on the same.
228.1380 	WARNING 	Stopping key buffers but this could be dangerous ifother keyboards rely on the same.
