19.6908 	WARNING 	Monitor specification not found. Creating a temporary one...
19.7060 	WARNING 	User requested fullscreen with size [1728 1117], but screen is actually [2240, 1260]. Using actual size
19.9419 	INFO 	Using renderer 'Apple M1' for graphics
19.9420 	INFO 	OpenGL version supported by driver is 2..
19.9828 	EXP 	Created window1 = Window(allowGUI=False, allowStencil=True, autoLog=True, backendConf=UNKNOWN, backgroundFit=<method-wrapper '__getattribute__' of attributeSetter object at 0x14b75a830>, backgroundImage=<method-wrapper '__getattribute__' of attributeSetter object at 0x14b75a890>, bitsMode=UNKNOWN, blendMode='avg', bpc=(8, 8, 8), color=array([0, 0, 0]), colorSpace='rgb', depthBits=8, fullscr=True, gamma=None, gammaErrorPolicy='raise', infoMsg=UNKNOWN, lms=UNKNOWN, monitor=<psychopy.monitors.calibTools.Monitor object at 0x14b522c20>, multiSample=False, name='window1', numSamples=2, pos=[np.float64(0.0), np.float64(0.0)], screen=0, size=array([4480, 2520]), stencilBits=8, stereo=False, title='PsychoPy', units='height', useFBO=True, useRetina=True, viewOri=0.0, viewPos=None, viewScale=None, waitBlanking=True, winType='pyglet')
19.9829 	EXP 	window1: backgroundImage = ''
19.9829 	EXP 	window1: backgroundFit = 'none'
20.4997 	INFO 	keyboard.Keyboard is using ptb backend.
20.5637 	INFO 	keyboard.Keyboard is using ptb backend.
20.6131 	INFO 	keyboard.Keyboard is using ptb backend.
20.6621 	INFO 	keyboard.Keyboard is using ptb backend.
20.7110 	INFO 	keyboard.Keyboard is using ptb backend.
20.7600 	INFO 	keyboard.Keyboard is using ptb backend.
20.8109 	INFO 	keyboard.Keyboard is using ptb backend.
20.8604 	INFO 	keyboard.Keyboard is using ptb backend.
20.9092 	INFO 	keyboard.Keyboard is using ptb backend.
20.9581 	INFO 	keyboard.Keyboard is using ptb backend.
21.0077 	INFO 	keyboard.Keyboard is using ptb backend.
21.0573 	INFO 	keyboard.Keyboard is using ptb backend.
21.1066 	INFO 	keyboard.Keyboard is using ptb backend.
21.1585 	INFO 	keyboard.Keyboard is using ptb backend.
21.2080 	INFO 	keyboard.Keyboard is using ptb backend.
21.2569 	INFO 	keyboard.Keyboard is using ptb backend.
21.3057 	INFO 	keyboard.Keyboard is using ptb backend.
21.3545 	INFO 	keyboard.Keyboard is using ptb backend.
21.4034 	INFO 	keyboard.Keyboard is using ptb backend.
21.4529 	INFO 	keyboard.Keyboard is using ptb backend.
21.5039 	INFO 	keyboard.Keyboard is using ptb backend.
21.5535 	INFO 	keyboard.Keyboard is using ptb backend.
21.6029 	INFO 	keyboard.Keyboard is using ptb backend.
21.6517 	INFO 	keyboard.Keyboard is using ptb backend.
21.7005 	INFO 	keyboard.Keyboard is using ptb backend.
21.7496 	INFO 	keyboard.Keyboard is using ptb backend.
21.8001 	INFO 	keyboard.Keyboard is using ptb backend.
21.8495 	INFO 	keyboard.Keyboard is using ptb backend.
21.8987 	INFO 	keyboard.Keyboard is using ptb backend.
21.8988 	EXP 	EmoNback_Practice: status = STARTED
22.1071 	EXP 	Created FaceImage = ImageStim(__class__=<class 'psychopy.visual.image.ImageStim'>, anchor=('center', 'center'), autoLog=True, color=array([1., 1., 1.]), colorSpace='rgb', contrast=1.0, depth=-2.0, draggable=False, flipHoriz=np.False_, flipVert=np.False_, image='VM Stimuli/PracticeNC1.bmp', interpolate=True, mask=None, maskParams=None, name='FaceImage', opacity=1, ori=0.0, pos=array([0., 0.]), size=array([0.3, 0.3]), texRes=128.0, units='height', win=Window(...))
22.1260 	EXP 	Created PlaceImage = ImageStim(__class__=<class 'psychopy.visual.image.ImageStim'>, anchor=('center', 'center'), autoLog=True, color=array([1., 1., 1.]), colorSpace='rgb', contrast=1.0, depth=-2.0, draggable=False, flipHoriz=np.False_, flipVert=np.False_, image='VM Stimuli/Place1.bmp', interpolate=True, mask=None, maskParams=None, name='PlaceImage', opacity=1, ori=0.0, pos=array([0., 0.]), size=array([0.3, 0.3]), texRes=128.0, units='height', win=Window(...))
22.1808 	EXP 	Created TargetImage = ImageStim(__class__=<class 'psychopy.visual.image.ImageStim'>, anchor=('center', 'center'), autoLog=True, color=array([1., 1., 1.]), colorSpace='rgb', contrast=1.0, depth=-3.0, draggable=False, flipHoriz=np.False_, flipVert=np.False_, image='VM Stimuli/PracticeNC1.bmp', interpolate=True, mask=None, maskParams=None, name='TargetImage', opacity=1, ori=0.0, pos=array([0.2, 0. ]), size=array([0.22, 0.22]), texRes=128.0, units='height', win=Window(...))
22.3484 	EXP 	Created CueTargetImage_1 = ImageStim(__class__=<class 'psychopy.visual.image.ImageStim'>, anchor=('center', 'center'), autoLog=True, color=array([1., 1., 1.]), colorSpace='rgb', contrast=1.0, depth=-2.0, draggable=False, flipHoriz=np.False_, flipVert=np.False_, image='VM Stimuli/PracticeNC1.bmp', interpolate=True, mask=None, maskParams=None, name='CueTargetImage_1', opacity=1, ori=0.0, pos=array([0.25, 0.  ]), size=array([0.4, 0.4]), texRes=128.0, units='height', win=Window(...))
22.3695 	EXP 	Created Stim = ImageStim(__class__=<class 'psychopy.visual.image.ImageStim'>, anchor=('center', 'center'), autoLog=True, color=array([1., 1., 1.]), colorSpace='rgb', contrast=1.0, depth=-2.0, draggable=False, flipHoriz=np.False_, flipVert=np.False_, image='default.png', interpolate=True, mask=None, maskParams=None, name='Stim', opacity=1, ori=0.0, pos=array([0. , 0.1]), size=array([0.4, 0.4]), texRes=128.0, units='height', win=Window(...))
22.4533 	EXP 	Created CueTargetImage_2 = ImageStim(__class__=<class 'psychopy.visual.image.ImageStim'>, anchor=('center', 'center'), autoLog=True, color=array([1., 1., 1.]), colorSpace='rgb', contrast=1.0, depth=-2.0, draggable=False, flipHoriz=np.False_, flipVert=np.False_, image='VM Stimuli/Place1.bmp', interpolate=True, mask=None, maskParams=None, name='CueTargetImage_2', opacity=1, ori=0.0, pos=array([0.25, 0.  ]), size=array([0.4, 0.4]), texRes=128.0, units='height', win=Window(...))
22.4648 	EXP 	Created Stim = ImageStim(__class__=<class 'psychopy.visual.image.ImageStim'>, anchor=('center', 'center'), autoLog=True, color=array([1., 1., 1.]), colorSpace='rgb', contrast=1.0, depth=-2.0, draggable=False, flipHoriz=np.False_, flipVert=np.False_, image='default.png', interpolate=True, mask=None, maskParams=None, name='Stim', opacity=1, ori=0.0, pos=array([0. , 0.1]), size=array([0.4, 0.4]), texRes=128.0, units='height', win=Window(...))
22.5286 	EXP 	Created Example_Stim = ImageStim(__class__=<class 'psychopy.visual.image.ImageStim'>, anchor=('center', 'center'), autoLog=True, color=array([1., 1., 1.]), colorSpace='rgb', contrast=1.0, depth=-2.0, draggable=False, flipHoriz=np.False_, flipVert=np.False_, image='default.png', interpolate=True, mask=None, maskParams=None, name='Example_Stim', opacity=1, ori=0.0, pos=array([0., 0.]), size=array([0.22, 0.22]), texRes=128.0, units='height', win=Window(...))
22.5561 	EXP 	Created One_Back_Example_Stim = ImageStim(__class__=<class 'psychopy.visual.image.ImageStim'>, anchor=('center', 'center'), autoLog=True, color=array([1., 1., 1.]), colorSpace='rgb', contrast=1.0, depth=-2.0, draggable=False, flipHoriz=np.False_, flipVert=np.False_, image='VM Stimuli/PracticeFO1.bmp', interpolate=True, mask=None, maskParams=None, name='One_Back_Example_Stim', opacity=1, ori=0.0, pos=array([-0.3,  0. ]), size=array([0.15, 0.15]), texRes=128.0, units='height', win=Window(...))
22.5592 	EXP 	Created Example_Stim_2 = ImageStim(__class__=<class 'psychopy.visual.image.ImageStim'>, anchor=('center', 'center'), autoLog=True, color=array([1., 1., 1.]), colorSpace='rgb', contrast=1.0, depth=-3.0, draggable=False, flipHoriz=np.False_, flipVert=np.False_, image='default.png', interpolate=True, mask=None, maskParams=None, name='Example_Stim_2', opacity=1, ori=0.0, pos=array([0., 0.]), size=array([0.22, 0.22]), texRes=128.0, units='height', win=Window(...))
22.5810 	EXP 	Created Green_Border = Rect(__class__=<class 'psychopy.visual.rect.Rect'>, anchor=('center', 'center'), autoDraw=False, autoLog=True, closeShape=True, color=method-wrapper(...), colorSpace='rgb', contrast=None, depth=-2.0, draggable=False, fillColor=array([-0.60784314,  0.60784314, -0.60784314]), fillColorSpace='rgb', fillRGB=array([-0.60784314,  0.60784314, -0.60784314]), interpolate=True, lineColor=array([-0.60784314,  0.60784314, -0.60784314]), lineColorSpace='rgb', lineRGB=array([-0.60784314,  0.60784314, -0.60784314]), lineWidth=1.0, name='Green_Border', opacity=1.0, ori=0.0, pos=array([-0.5,  0. ]), size=array([0.15, 0.15]), units='height', vertices=ndarray(...), win=Window(...))
22.5831 	EXP 	Created Two_Back_Example_Stim = ImageStim(__class__=<class 'psychopy.visual.image.ImageStim'>, anchor=('center', 'center'), autoLog=True, color=array([1., 1., 1.]), colorSpace='rgb', contrast=1.0, depth=-3.0, draggable=False, flipHoriz=np.False_, flipVert=np.False_, image='VM Stimuli/PracticeFO1.bmp', interpolate=True, mask=None, maskParams=None, name='Two_Back_Example_Stim', opacity=1, ori=0.0, pos=array([-0.5,  0. ]), size=array([0.13, 0.13]), texRes=128.0, units='height', win=Window(...))
22.5913 	EXP 	Created One_Back_Example_Stim_2 = ImageStim(__class__=<class 'psychopy.visual.image.ImageStim'>, anchor=('center', 'center'), autoLog=True, color=array([1., 1., 1.]), colorSpace='rgb', contrast=1.0, depth=-4.0, draggable=False, flipHoriz=np.False_, flipVert=np.False_, image='VM Stimuli/PracticeFO2.bmp', interpolate=True, mask=None, maskParams=None, name='One_Back_Example_Stim_2', opacity=1, ori=0.0, pos=array([-0.3,  0. ]), size=array([0.15, 0.15]), texRes=128.0, units='height', win=Window(...))
22.5945 	EXP 	Created Example_Stim_3 = ImageStim(__class__=<class 'psychopy.visual.image.ImageStim'>, anchor=('center', 'center'), autoLog=True, color=array([1., 1., 1.]), colorSpace='rgb', contrast=1.0, depth=-5.0, draggable=False, flipHoriz=np.False_, flipVert=np.False_, image='default.png', interpolate=True, mask=None, maskParams=None, name='Example_Stim_3', opacity=1, ori=0.0, pos=array([0., 0.]), size=array([0.22, 0.22]), texRes=128.0, units='height', win=Window(...))
22.6183 	EXP 	Created Two_Back_Example_Stim_2 = ImageStim(__class__=<class 'psychopy.visual.image.ImageStim'>, anchor=('center', 'center'), autoLog=True, color=array([1., 1., 1.]), colorSpace='rgb', contrast=1.0, depth=-2.0, draggable=False, flipHoriz=np.False_, flipVert=np.False_, image='VM Stimuli/PracticeFO2.bmp', interpolate=True, mask=None, maskParams=None, name='Two_Back_Example_Stim_2', opacity=1, ori=0.0, pos=array([-0.5,  0. ]), size=array([0.13, 0.13]), texRes=128.0, units='height', win=Window(...))
22.6201 	EXP 	Created One_Back_Example_Stim_3 = ImageStim(__class__=<class 'psychopy.visual.image.ImageStim'>, anchor=('center', 'center'), autoLog=True, color=array([1., 1., 1.]), colorSpace='rgb', contrast=1.0, depth=-3.0, draggable=False, flipHoriz=np.False_, flipVert=np.False_, image='VM Stimuli/PracticeFO1.bmp', interpolate=True, mask=None, maskParams=None, name='One_Back_Example_Stim_3', opacity=1, ori=0.0, pos=array([-0.3,  0. ]), size=array([0.15, 0.15]), texRes=128.0, units='height', win=Window(...))
22.6232 	EXP 	Created Example_Stim_4 = ImageStim(__class__=<class 'psychopy.visual.image.ImageStim'>, anchor=('center', 'center'), autoLog=True, color=array([1., 1., 1.]), colorSpace='rgb', contrast=1.0, depth=-4.0, draggable=False, flipHoriz=np.False_, flipVert=np.False_, image='default.png', interpolate=True, mask=None, maskParams=None, name='Example_Stim_4', opacity=1, ori=0.0, pos=array([0., 0.]), size=array([0.22, 0.22]), texRes=128.0, units='height', win=Window(...))
22.6578 	EXP 	Created Example_Stim_5 = ImageStim(__class__=<class 'psychopy.visual.image.ImageStim'>, anchor=('center', 'center'), autoLog=True, color=array([1., 1., 1.]), colorSpace='rgb', contrast=1.0, depth=-2.0, draggable=False, flipHoriz=np.False_, flipVert=np.False_, image='VM Stimuli/PracticeFO2.bmp', interpolate=True, mask=None, maskParams=None, name='Example_Stim_5', opacity=1, ori=0.0, pos=array([0., 0.]), size=array([0.3, 0.3]), texRes=128.0, units='height', win=Window(...))
22.6807 	EXP 	Created Example_Stim_6 = ImageStim(__class__=<class 'psychopy.visual.image.ImageStim'>, anchor=('center', 'center'), autoLog=True, color=array([1., 1., 1.]), colorSpace='rgb', contrast=1.0, depth=-2.0, draggable=False, flipHoriz=np.False_, flipVert=np.False_, image='VM Stimuli/PracticeFO2.bmp', interpolate=True, mask=None, maskParams=None, name='Example_Stim_6', opacity=1, ori=0.0, pos=array([0., 0.]), size=array([0.3, 0.3]), texRes=128.0, units='height', win=Window(...))
22.7200 	EXP 	Created Example_Stim_7 = ImageStim(__class__=<class 'psychopy.visual.image.ImageStim'>, anchor=('center', 'center'), autoLog=True, color=array([1., 1., 1.]), colorSpace='rgb', contrast=1.0, depth=-2.0, draggable=False, flipHoriz=np.False_, flipVert=np.False_, image='VM Stimuli/PracticeFO3.bmp', interpolate=True, mask=None, maskParams=None, name='Example_Stim_7', opacity=1, ori=0.0, pos=array([0., 0.]), size=array([0.3, 0.3]), texRes=128.0, units='height', win=Window(...))
22.7434 	EXP 	Created One_Back_Example_Stim_4 = ImageStim(__class__=<class 'psychopy.visual.image.ImageStim'>, anchor=('center', 'center'), autoLog=True, color=array([1., 1., 1.]), colorSpace='rgb', contrast=1.0, depth=-2.0, draggable=False, flipHoriz=np.False_, flipVert=np.False_, image='VM Stimuli/PracticeFO2.bmp', interpolate=True, mask=None, maskParams=None, name='One_Back_Example_Stim_4', opacity=1, ori=0.0, pos=array([-0.3,  0. ]), size=array([0.15, 0.15]), texRes=128.0, units='height', win=Window(...))
22.7452 	EXP 	Created Example_Stim_8 = ImageStim(__class__=<class 'psychopy.visual.image.ImageStim'>, anchor=('center', 'center'), autoLog=True, color=array([1., 1., 1.]), colorSpace='rgb', contrast=1.0, depth=-3.0, draggable=False, flipHoriz=np.False_, flipVert=np.False_, image='VM Stimuli/PracticeFO3.bmp', interpolate=True, mask=None, maskParams=None, name='Example_Stim_8', opacity=1, ori=0.0, pos=array([0., 0.]), size=array([0.3, 0.3]), texRes=128.0, units='height', win=Window(...))
22.7680 	EXP 	Created Example_Stim_9 = ImageStim(__class__=<class 'psychopy.visual.image.ImageStim'>, anchor=('center', 'center'), autoLog=True, color=array([1., 1., 1.]), colorSpace='rgb', contrast=1.0, depth=-2.0, draggable=False, flipHoriz=np.False_, flipVert=np.False_, image='VM Stimuli/PracticeFO1.bmp', interpolate=True, mask=None, maskParams=None, name='Example_Stim_9', opacity=1, ori=0.0, pos=array([0., 0.]), size=array([0.3, 0.3]), texRes=128.0, units='height', win=Window(...))
22.7911 	EXP 	Created Two_Back_Example_Stim_3 = ImageStim(__class__=<class 'psychopy.visual.image.ImageStim'>, anchor=('center', 'center'), autoLog=True, color=array([1., 1., 1.]), colorSpace='rgb', contrast=1.0, depth=-2.0, draggable=False, flipHoriz=np.False_, flipVert=np.False_, image='VM Stimuli/PracticeFO2.bmp', interpolate=True, mask=None, maskParams=None, name='Two_Back_Example_Stim_3', opacity=1, ori=0.0, pos=array([-0.5,  0. ]), size=array([0.15, 0.15]), texRes=128.0, units='height', win=Window(...))
22.7930 	EXP 	Created One_Back_Example_Stim_5 = ImageStim(__class__=<class 'psychopy.visual.image.ImageStim'>, anchor=('center', 'center'), autoLog=True, color=array([1., 1., 1.]), colorSpace='rgb', contrast=1.0, depth=-3.0, draggable=False, flipHoriz=np.False_, flipVert=np.False_, image='VM Stimuli/PracticeFO3.bmp', interpolate=True, mask=None, maskParams=None, name='One_Back_Example_Stim_5', opacity=1, ori=0.0, pos=array([-0.3,  0. ]), size=array([0.15, 0.15]), texRes=128.0, units='height', win=Window(...))
22.7947 	EXP 	Created Example_Stim_10 = ImageStim(__class__=<class 'psychopy.visual.image.ImageStim'>, anchor=('center', 'center'), autoLog=True, color=array([1., 1., 1.]), colorSpace='rgb', contrast=1.0, depth=-4.0, draggable=False, flipHoriz=np.False_, flipVert=np.False_, image='VM Stimuli/PracticeFO1.bmp', interpolate=True, mask=None, maskParams=None, name='Example_Stim_10', opacity=1, ori=0.0, pos=array([0., 0.]), size=array([0.3, 0.3]), texRes=128.0, units='height', win=Window(...))
22.8168 	EXP 	Created Green_Border_2 = Rect(__class__=<class 'psychopy.visual.rect.Rect'>, anchor=('center', 'center'), autoDraw=False, autoLog=True, closeShape=True, color=method-wrapper(...), colorSpace='rgb', contrast=None, depth=-2.0, draggable=False, fillColor=array([-0.60784314,  0.60784314, -0.60784314]), fillColorSpace='rgb', fillRGB=array([-0.60784314,  0.60784314, -0.60784314]), interpolate=True, lineColor=array([-0.60784314,  0.60784314, -0.60784314]), lineColorSpace='rgb', lineRGB=array([-0.60784314,  0.60784314, -0.60784314]), lineWidth=1.0, name='Green_Border_2', opacity=1.0, ori=0.0, pos=array([-0.5,  0. ]), size=array([0.15, 0.15]), units='height', vertices=ndarray(...), win=Window(...))
22.8189 	EXP 	Created Two_Back_Example_Stim_4 = ImageStim(__class__=<class 'psychopy.visual.image.ImageStim'>, anchor=('center', 'center'), autoLog=True, color=array([1., 1., 1.]), colorSpace='rgb', contrast=1.0, depth=-3.0, draggable=False, flipHoriz=np.False_, flipVert=np.False_, image='VM Stimuli/PracticeFO3.bmp', interpolate=True, mask=None, maskParams=None, name='Two_Back_Example_Stim_4', opacity=1, ori=0.0, pos=array([-0.5,  0. ]), size=array([0.13, 0.13]), texRes=128.0, units='height', win=Window(...))
22.8208 	EXP 	Created One_Back_Example_Stim_6 = ImageStim(__class__=<class 'psychopy.visual.image.ImageStim'>, anchor=('center', 'center'), autoLog=True, color=array([1., 1., 1.]), colorSpace='rgb', contrast=1.0, depth=-4.0, draggable=False, flipHoriz=np.False_, flipVert=np.False_, image='VM Stimuli/PracticeFO1.bmp', interpolate=True, mask=None, maskParams=None, name='One_Back_Example_Stim_6', opacity=1, ori=0.0, pos=array([-0.3,  0. ]), size=array([0.15, 0.15]), texRes=128.0, units='height', win=Window(...))
22.8227 	EXP 	Created Example_Stim_11 = ImageStim(__class__=<class 'psychopy.visual.image.ImageStim'>, anchor=('center', 'center'), autoLog=True, color=array([1., 1., 1.]), colorSpace='rgb', contrast=1.0, depth=-5.0, draggable=False, flipHoriz=np.False_, flipVert=np.False_, image='VM Stimuli/PracticeFO3.bmp', interpolate=True, mask=None, maskParams=None, name='Example_Stim_11', opacity=1, ori=0.0, pos=array([0., 0.]), size=array([0.3, 0.3]), texRes=128.0, units='height', win=Window(...))
22.8576 	EXP 	Created Stim = ImageStim(__class__=<class 'psychopy.visual.image.ImageStim'>, anchor=('center', 'center'), autoLog=True, color=array([1., 1., 1.]), colorSpace='rgb', contrast=1.0, depth=-2.0, draggable=False, flipHoriz=np.False_, flipVert=np.False_, image='default.png', interpolate=True, mask=None, maskParams=None, name='Stim', opacity=1, ori=0.0, pos=array([0. , 0.1]), size=array([0.4, 0.4]), texRes=128.0, units='height', win=Window(...))
22.9018 	EXP 	Created Stim = ImageStim(__class__=<class 'psychopy.visual.image.ImageStim'>, anchor=('center', 'center'), autoLog=True, color=array([1., 1., 1.]), colorSpace='rgb', contrast=1.0, depth=-2.0, draggable=False, flipHoriz=np.False_, flipVert=np.False_, image='default.png', interpolate=True, mask=None, maskParams=None, name='Stim', opacity=1, ori=0.0, pos=array([0. , 0.1]), size=array([0.4, 0.4]), texRes=128.0, units='height', win=Window(...))
22.9735 	EXP 	Created Stim = ImageStim(__class__=<class 'psychopy.visual.image.ImageStim'>, anchor=('center', 'center'), autoLog=True, color=array([1., 1., 1.]), colorSpace='rgb', contrast=1.0, depth=-2.0, draggable=False, flipHoriz=np.False_, flipVert=np.False_, image='default.png', interpolate=True, mask=None, maskParams=None, name='Stim', opacity=1, ori=0.0, pos=array([0. , 0.1]), size=array([0.4, 0.4]), texRes=128.0, units='height', win=Window(...))
23.0352 	EXP 	Created CueTargetImage_6 = ImageStim(__class__=<class 'psychopy.visual.image.ImageStim'>, anchor=('center', 'center'), autoLog=True, color=array([1., 1., 1.]), colorSpace='rgb', contrast=1.0, depth=-2.0, draggable=False, flipHoriz=np.False_, flipVert=np.False_, image='VM Stimuli/Place3.bmp', interpolate=True, mask=None, maskParams=None, name='CueTargetImage_6', opacity=1, ori=0.0, pos=array([0.25, 0.  ]), size=array([0.4, 0.4]), texRes=128.0, units='height', win=Window(...))
23.0465 	EXP 	Created Stim = ImageStim(__class__=<class 'psychopy.visual.image.ImageStim'>, anchor=('center', 'center'), autoLog=True, color=array([1., 1., 1.]), colorSpace='rgb', contrast=1.0, depth=-2.0, draggable=False, flipHoriz=np.False_, flipVert=np.False_, image='default.png', interpolate=True, mask=None, maskParams=None, name='Stim', opacity=1, ori=0.0, pos=array([0. , 0.1]), size=array([0.4, 0.4]), texRes=128.0, units='height', win=Window(...))
23.0937 	EXP 	Created Stim = ImageStim(__class__=<class 'psychopy.visual.image.ImageStim'>, anchor=('center', 'center'), autoLog=True, color=array([1., 1., 1.]), colorSpace='rgb', contrast=1.0, depth=-2.0, draggable=False, flipHoriz=np.False_, flipVert=np.False_, image='default.png', interpolate=True, mask=None, maskParams=None, name='Stim', opacity=1, ori=0.0, pos=array([0. , 0.1]), size=array([0.4, 0.4]), texRes=128.0, units='height', win=Window(...))
23.1585 	EXP 	Created CueTargetImage_8 = ImageStim(__class__=<class 'psychopy.visual.image.ImageStim'>, anchor=('center', 'center'), autoLog=True, color=array([1., 1., 1.]), colorSpace='rgb', contrast=1.0, depth=-2.0, draggable=False, flipHoriz=np.False_, flipVert=np.False_, image='VM Stimuli/PracticeNC2.bmp', interpolate=True, mask=None, maskParams=None, name='CueTargetImage_8', opacity=1, ori=0.0, pos=array([0.25, 0.  ]), size=array([0.4, 0.4]), texRes=128.0, units='height', win=Window(...))
23.1693 	EXP 	Created Stim = ImageStim(__class__=<class 'psychopy.visual.image.ImageStim'>, anchor=('center', 'center'), autoLog=True, color=array([1., 1., 1.]), colorSpace='rgb', contrast=1.0, depth=-2.0, draggable=False, flipHoriz=np.False_, flipVert=np.False_, image='default.png', interpolate=True, mask=None, maskParams=None, name='Stim', opacity=1, ori=0.0, pos=array([0. , 0.1]), size=array([0.4, 0.4]), texRes=128.0, units='height', win=Window(...))
0.0750 	EXP 	NbackTitle: autoLog = True
0.0750 	EXP 	Instructions_1: autoLog = True
0.0750 	EXP 	Instructions_2: autoLog = True
0.0750 	EXP 	Instructions_3: autoLog = True
0.0750 	EXP 	Instructions_5pt5: autoLog = True
0.0750 	EXP 	Instructions_6: autoLog = True
0.0750 	EXP 	Instructions_6_Target: autoLog = True
0.0750 	EXP 	Instructions_6_Match: autoLog = True
0.0750 	EXP 	Instructions_14: autoLog = True
0.0750 	EXP 	Instructions_6pt2: autoLog = True
0.0750 	EXP 	CueFix_1: autoLog = True
0.0750 	EXP 	CueTarget_1: autoLog = True
0.0750 	EXP 	Zero_back: autoLog = True
0.0750 	EXP 	Stim_LeftScreenInstruction: autoLog = True
0.0750 	EXP 	Stim_RightScreenInstruction: autoLog = True
0.0750 	EXP 	Fix: autoLog = True
0.0750 	EXP 	Feedback: autoLog = True
0.0750 	EXP 	Instructions_Space: autoLog = True
0.0750 	EXP 	CueFix_2: autoLog = True
0.0750 	EXP 	CueTarget_2: autoLog = True
0.0750 	EXP 	Zero_back_2: autoLog = True
0.0750 	EXP 	Stim_LeftScreenInstruction: autoLog = True
0.0750 	EXP 	Stim_RightScreenInstruction: autoLog = True
0.0750 	EXP 	Fix: autoLog = True
0.0750 	EXP 	Feedback: autoLog = True
0.0750 	EXP 	Instructions_Space: autoLog = True
0.0750 	EXP 	Instructions_8: autoLog = True
0.0750 	EXP 	Instructions_11: autoLog = True
0.0750 	EXP 	Instructions_9: autoLog = True
0.0750 	EXP 	Example_LeftScreenInstruction: autoLog = True
0.0750 	EXP 	Example_RightScreenInstruction: autoLog = True
0.0750 	EXP 	Instructions_21: autoLog = True
0.0750 	EXP 	Example_LeftScreenInstruction_2: autoLog = True
0.0750 	EXP 	Example_RightScreenInstruction_2: autoLog = True
0.0750 	EXP 	Instructions_24: autoLog = True
0.0750 	EXP 	Example_LeftScreenInstruction_3: autoLog = True
0.0750 	EXP 	Example_RightScreenInstruction_3: autoLog = True
0.0750 	EXP 	Instructions_25: autoLog = True
0.0750 	EXP 	Example_LeftScreenInstruction_4: autoLog = True
0.0750 	EXP 	Example_RightScreenInstruction_4: autoLog = True
0.0750 	EXP 	Instructions_15: autoLog = True
0.0750 	EXP 	Instructions_32: autoLog = True
0.0750 	EXP 	Example_LeftScreenInstruction_5: autoLog = True
0.0750 	EXP 	Example_RightScreenInstruction_5: autoLog = True
0.0750 	EXP 	Instructions_27: autoLog = True
0.0750 	EXP 	Example_LeftScreenInstruction_6: autoLog = True
0.0750 	EXP 	Example_RightScreenInstruction_6: autoLog = True
0.0750 	EXP 	Instructions_33: autoLog = True
0.0750 	EXP 	Example_LeftScreenInstruction_7: autoLog = True
0.0750 	EXP 	Example_RightScreenInstruction_7: autoLog = True
0.0750 	EXP 	Instructions_26: autoLog = True
0.0750 	EXP 	Example_LeftScreenInstruction_8: autoLog = True
0.0750 	EXP 	Example_RightScreenInstruction_8: autoLog = True
0.0750 	EXP 	Instructions: autoLog = True
0.0750 	EXP 	Example_LeftScreenInstruction_9: autoLog = True
0.0750 	EXP 	Example_RightScreenInstruction_9: autoLog = True
0.0750 	EXP 	Instructions_28: autoLog = True
0.0750 	EXP 	Example_LeftScreenInstruction_10: autoLog = True
0.0750 	EXP 	Example_RightScreenInstruction_10: autoLog = True
0.0750 	EXP 	Instructions_29: autoLog = True
0.0750 	EXP 	Example_LeftScreenInstruction_11: autoLog = True
0.0750 	EXP 	Example_RightScreenInstruction_11: autoLog = True
0.0750 	EXP 	Instructions_22: autoLog = True
0.0750 	EXP 	Instructions_30: autoLog = True
0.0750 	EXP 	Stim_LeftScreenInstruction: autoLog = True
0.0750 	EXP 	Stim_RightScreenInstruction: autoLog = True
0.0750 	EXP 	Fix: autoLog = True
0.0750 	EXP 	Feedback: autoLog = True
0.0750 	EXP 	Instructions_Space: autoLog = True
0.0750 	EXP 	Stim_LeftScreenInstruction: autoLog = True
0.0750 	EXP 	Stim_RightScreenInstruction: autoLog = True
0.0750 	EXP 	Fix: autoLog = True
0.0750 	EXP 	Feedback: autoLog = True
0.0750 	EXP 	Instructions_36: autoLog = True
0.0750 	EXP 	CueFix_5: autoLog = True
0.0750 	EXP 	Cue_2Back: autoLog = True
0.0750 	EXP 	Stim_LeftScreenInstruction: autoLog = True
0.0750 	EXP 	Stim_RightScreenInstruction: autoLog = True
0.0750 	EXP 	Fix: autoLog = True
0.0750 	EXP 	Feedback: autoLog = True
0.0750 	EXP 	CueFix_6: autoLog = True
0.0750 	EXP 	CueTarget_6: autoLog = True
0.0750 	EXP 	Zero_back_3: autoLog = True
0.0750 	EXP 	Stim_LeftScreenInstruction: autoLog = True
0.0750 	EXP 	Stim_RightScreenInstruction: autoLog = True
0.0750 	EXP 	Fix: autoLog = True
0.0750 	EXP 	Feedback: autoLog = True
0.0750 	EXP 	CueFix_7: autoLog = True
0.0750 	EXP 	Cue_2Back_2: autoLog = True
0.0750 	EXP 	Stim_LeftScreenInstruction: autoLog = True
0.0750 	EXP 	Stim_RightScreenInstruction: autoLog = True
0.0750 	EXP 	Fix: autoLog = True
0.0750 	EXP 	Feedback: autoLog = True
0.0750 	EXP 	CueFix_8: autoLog = True
0.0750 	EXP 	CueTarget_8: autoLog = True
0.0750 	EXP 	Zero_back_4: autoLog = True
0.0750 	EXP 	Stim_LeftScreenInstruction: autoLog = True
0.0750 	EXP 	Stim_RightScreenInstruction: autoLog = True
0.0750 	EXP 	Fix: autoLog = True
0.0750 	EXP 	Feedback: autoLog = True
0.0750 	EXP 	AllDone: autoLog = True
0.1731 	INFO 	Keyboard events cleared
0.1730 	EXP 	NbackTitle: autoDraw = True
2.0645 	EXP 	Device response: <KeyPress from None: t=1.6524057500064373, value=space, duration=None>
2.0648 	EXP 	Device response: <KeyPress from None: t=1.6524057500064373, value=space, duration=0.07905545807443559>
2.0729 	DATA 	Keypress: space
2.0847 	INFO 	Keyboard events cleared
2.0846 	EXP 	NbackTitle: autoDraw = False
2.0846 	EXP 	Instructions_1: autoDraw = True
3.8191 	EXP 	Device response: <KeyPress from None: t=3.8118417910300195, value=space, duration=None>
3.8393 	DATA 	Keypress: space
3.8529 	INFO 	Keyboard events cleared
3.8528 	EXP 	Instructions_1: autoDraw = False
3.8528 	EXP 	Instructions_2: autoDraw = True
3.8528 	EXP 	FaceImage: autoDraw = True
3.9154 	EXP 	Device response: <KeyPress from None: t=3.8118417910300195, value=space, duration=0.10119958408176899>
5.1516 	EXP 	Device response: <KeyPress from None: t=5.140892916126177, value=space, duration=None>
5.1568 	DATA 	Keypress: space
5.1690 	INFO 	Keyboard events cleared
5.1689 	EXP 	Instructions_2: autoDraw = False
5.1689 	EXP 	FaceImage: autoDraw = False
5.1689 	EXP 	Instructions_3: autoDraw = True
5.1689 	EXP 	PlaceImage: autoDraw = True
5.2792 	EXP 	Device response: <KeyPress from None: t=5.140892916126177, value=space, duration=0.12367679201997817>
6.3886 	EXP 	Device response: <KeyPress from None: t=6.378265750128776, value=space, duration=None>
6.3937 	DATA 	Keypress: space
6.4067 	INFO 	Keyboard events cleared
6.4065 	EXP 	Instructions_3: autoDraw = False
6.4065 	EXP 	PlaceImage: autoDraw = False
6.4065 	EXP 	Instructions_5pt5: autoDraw = True
6.5170 	EXP 	Device response: <KeyPress from None: t=6.378265750128776, value=space, duration=0.12369320797733963>
7.3968 	EXP 	Device response: <KeyPress from None: t=7.3906693330500275, value=escape, duration=None>
7.4912 	DATA 	Keypress: escape
7.5168 	EXP 	Device response: <KeyPress from None: t=7.3906693330500275, value=escape, duration=0.12398374988697469>
7.5169 	EXP 	EmoNback_Practice: status = STOPPED
7.5269 	EXP 	Instructions_5pt5: autoDraw = False
7.5269 	EXP 	EmoNback_Practice: status = STOPPED
7.5298 	INFO 	saved data to '/Users/akashrathi/Documents/EDC_tasks/EmoNback/EmoNback_Practice/data/AANNNAAA_1_4.csv'
7.5300 	INFO 	saved data to /Users/akashrathi/Documents/EDC_tasks/EmoNback/EmoNback_Practice/data/AANNNAAA_1_4.psydat
7.7606 	WARNING 	Stopping key buffers but this could be dangerous ifother keyboards rely on the same.
7.7607 	WARNING 	Stopping key buffers but this could be dangerous ifother keyboards rely on the same.
7.7607 	WARNING 	Stopping key buffers but this could be dangerous ifother keyboards rely on the same.
7.7607 	WARNING 	Stopping key buffers but this could be dangerous ifother keyboards rely on the same.
7.7607 	WARNING 	Stopping key buffers but this could be dangerous ifother keyboards rely on the same.
7.7607 	WARNING 	Stopping key buffers but this could be dangerous ifother keyboards rely on the same.
7.7607 	WARNING 	Stopping key buffers but this could be dangerous ifother keyboards rely on the same.
7.7607 	WARNING 	Stopping key buffers but this could be dangerous ifother keyboards rely on the same.
7.7607 	WARNING 	Stopping key buffers but this could be dangerous ifother keyboards rely on the same.
7.7607 	WARNING 	Stopping key buffers but this could be dangerous ifother keyboards rely on the same.
7.7607 	WARNING 	Stopping key buffers but this could be dangerous ifother keyboards rely on the same.
7.7607 	WARNING 	Stopping key buffers but this could be dangerous ifother keyboards rely on the same.
7.7608 	WARNING 	Stopping key buffers but this could be dangerous ifother keyboards rely on the same.
7.7608 	WARNING 	Stopping key buffers but this could be dangerous ifother keyboards rely on the same.
7.7608 	WARNING 	Stopping key buffers but this could be dangerous ifother keyboards rely on the same.
7.7608 	WARNING 	Stopping key buffers but this could be dangerous ifother keyboards rely on the same.
7.7608 	WARNING 	Stopping key buffers but this could be dangerous ifother keyboards rely on the same.
7.7608 	WARNING 	Stopping key buffers but this could be dangerous ifother keyboards rely on the same.
7.7608 	WARNING 	Stopping key buffers but this could be dangerous ifother keyboards rely on the same.
7.7608 	WARNING 	Stopping key buffers but this could be dangerous ifother keyboards rely on the same.
7.7608 	WARNING 	Stopping key buffers but this could be dangerous ifother keyboards rely on the same.
7.7608 	WARNING 	Stopping key buffers but this could be dangerous ifother keyboards rely on the same.
7.7608 	WARNING 	Stopping key buffers but this could be dangerous ifother keyboards rely on the same.
7.7608 	WARNING 	Stopping key buffers but this could be dangerous ifother keyboards rely on the same.
7.7608 	WARNING 	Stopping key buffers but this could be dangerous ifother keyboards rely on the same.
7.7608 	WARNING 	Stopping key buffers but this could be dangerous ifother keyboards rely on the same.
7.7608 	WARNING 	Stopping key buffers but this could be dangerous ifother keyboards rely on the same.
7.7608 	WARNING 	Stopping key buffers but this could be dangerous ifother keyboards rely on the same.
7.7609 	WARNING 	Stopping key buffers but this could be dangerous ifother keyboards rely on the same.
