16.3701 	WARNING 	Monitor specification not found. Creating a temporary one...
16.3799 	WARNING 	User requested fullscreen with size [1728 1117], but screen is actually [2240, 1260]. Using actual size
16.5068 	INFO 	Using renderer 'Apple M1' for graphics
16.5068 	INFO 	OpenGL version supported by driver is 2..
16.5235 	EXP 	Created window1 = Window(allowGUI=False, allowStencil=True, autoLog=True, backendConf=UNKNOWN, backgroundFit=<method-wrapper '__getattribute__' of attributeSetter object at 0x14bdfdc00>, backgroundImage=<method-wrapper '__getattribute__' of attributeSetter object at 0x14bdfdc60>, bitsMode=UNKNOWN, blendMode='avg', bpc=(8, 8, 8), color=array([0, 0, 0]), colorSpace='rgb', depthBits=8, fullscr=True, gamma=None, gammaErrorPolicy='raise', infoMsg=UNKNOWN, lms=UNKNOWN, monitor=<psychopy.monitors.calibTools.Monitor object at 0x14bf7b9d0>, multiSample=False, name='window1', numSamples=2, pos=[np.float64(0.0), np.float64(0.0)], screen=0, size=array([4480, 2520]), stencilBits=8, stereo=False, title='PsychoPy', units='height', useFBO=True, useRetina=True, viewOri=0.0, viewPos=None, viewScale=None, waitBlanking=True, winType='pyglet')
16.5236 	EXP 	window1: backgroundImage = ''
16.5236 	EXP 	window1: backgroundFit = 'none'
16.8480 	INFO 	keyboard.Keyboard is using ptb backend.
16.9117 	INFO 	keyboard.Keyboard is using ptb backend.
16.9621 	INFO 	keyboard.Keyboard is using ptb backend.
17.0114 	INFO 	keyboard.Keyboard is using ptb backend.
17.0607 	INFO 	keyboard.Keyboard is using ptb backend.
17.1099 	INFO 	keyboard.Keyboard is using ptb backend.
17.1593 	INFO 	keyboard.Keyboard is using ptb backend.
17.2086 	INFO 	keyboard.Keyboard is using ptb backend.
17.2578 	INFO 	keyboard.Keyboard is using ptb backend.
17.3069 	INFO 	keyboard.Keyboard is using ptb backend.
17.3561 	INFO 	keyboard.Keyboard is using ptb backend.
17.4051 	INFO 	keyboard.Keyboard is using ptb backend.
17.4544 	INFO 	keyboard.Keyboard is using ptb backend.
17.5036 	INFO 	keyboard.Keyboard is using ptb backend.
17.5528 	INFO 	keyboard.Keyboard is using ptb backend.
17.6020 	INFO 	keyboard.Keyboard is using ptb backend.
17.6511 	INFO 	keyboard.Keyboard is using ptb backend.
17.7002 	INFO 	keyboard.Keyboard is using ptb backend.
17.7496 	INFO 	keyboard.Keyboard is using ptb backend.
17.7988 	INFO 	keyboard.Keyboard is using ptb backend.
17.8479 	INFO 	keyboard.Keyboard is using ptb backend.
17.8970 	INFO 	keyboard.Keyboard is using ptb backend.
17.9461 	INFO 	keyboard.Keyboard is using ptb backend.
17.9954 	INFO 	keyboard.Keyboard is using ptb backend.
18.0445 	INFO 	keyboard.Keyboard is using ptb backend.
18.0953 	INFO 	keyboard.Keyboard is using ptb backend.
18.1446 	INFO 	keyboard.Keyboard is using ptb backend.
18.1938 	INFO 	keyboard.Keyboard is using ptb backend.
18.2431 	INFO 	keyboard.Keyboard is using ptb backend.
18.2431 	EXP 	EmoNback_Practice: status = STARTED
18.5182 	EXP 	Created Face_image = ImageStim(__class__=<class 'psychopy.visual.image.ImageStim'>, anchor=('center', 'center'), autoLog=True, color=array([1., 1., 1.]), colorSpace='rgb', contrast=1.0, depth=-4.0, draggable=False, flipHoriz=np.False_, flipVert=np.False_, image='VM Stimuli/PracticeNC1.bmp', interpolate=True, mask=None, maskParams=None, name='Face_image', opacity=1, ori=0.0, pos=array([-0.3, -0.1]), size=array([0.3, 0.3]), texRes=128.0, units='height', win=Window(...))
18.5234 	EXP 	Created Place_Image = ImageStim(__class__=<class 'psychopy.visual.image.ImageStim'>, anchor=('center', 'center'), autoLog=True, color=array([1., 1., 1.]), colorSpace='rgb', contrast=1.0, depth=-5.0, draggable=False, flipHoriz=np.False_, flipVert=np.False_, image='VM Stimuli/Place1.bmp', interpolate=True, mask=None, maskParams=None, name='Place_Image', opacity=1, ori=0.0, pos=array([ 0.3, -0.1]), size=array([0.3, 0.3]), texRes=128.0, units='height', win=Window(...))
18.5679 	EXP 	Created TargetImage = ImageStim(__class__=<class 'psychopy.visual.image.ImageStim'>, anchor=('center', 'center'), autoLog=True, color=array([1., 1., 1.]), colorSpace='rgb', contrast=1.0, depth=-3.0, draggable=False, flipHoriz=np.False_, flipVert=np.False_, image='VM Stimuli/PracticeNC1.bmp', interpolate=True, mask=None, maskParams=None, name='TargetImage', opacity=1, ori=0.0, pos=array([0.2, 0. ]), size=array([0.22, 0.22]), texRes=128.0, units='height', win=Window(...))
18.5844 	EXP 	Created TargetImage_2 = ImageStim(__class__=<class 'psychopy.visual.image.ImageStim'>, anchor=('center', 'center'), autoLog=True, color=array([1., 1., 1.]), colorSpace='rgb', contrast=1.0, depth=-2.0, draggable=False, flipHoriz=np.False_, flipVert=np.False_, image='VM Stimuli/PracticeNC1.bmp', interpolate=True, mask=None, maskParams=None, name='TargetImage_2', opacity=1, ori=0.0, pos=array([0., 0.]), size=array([0.22, 0.22]), texRes=128.0, units='height', win=Window(...))
18.6429 	EXP 	Created TargetImage_3 = ImageStim(__class__=<class 'psychopy.visual.image.ImageStim'>, anchor=('center', 'center'), autoLog=True, color=array([1., 1., 1.]), colorSpace='rgb', contrast=1.0, depth=-3.0, draggable=False, flipHoriz=np.False_, flipVert=np.False_, image='VM Stimuli/PracticeFO1.bmp', interpolate=True, mask=None, maskParams=None, name='TargetImage_3', opacity=1, ori=0.0, pos=array([0., 0.]), size=array([0.22, 0.22]), texRes=128.0, units='height', win=Window(...))
18.7534 	EXP 	Created CueTargetImage_1 = ImageStim(__class__=<class 'psychopy.visual.image.ImageStim'>, anchor=('center', 'center'), autoLog=True, color=array([1., 1., 1.]), colorSpace='rgb', contrast=1.0, depth=-2.0, draggable=False, flipHoriz=np.False_, flipVert=np.False_, image='VM Stimuli/PracticeNC1.bmp', interpolate=True, mask=None, maskParams=None, name='CueTargetImage_1', opacity=1, ori=0.0, pos=array([0.25, 0.  ]), size=array([0.4, 0.4]), texRes=128.0, units='height', win=Window(...))
18.7780 	EXP 	Created Stim = ImageStim(__class__=<class 'psychopy.visual.image.ImageStim'>, anchor=('center', 'center'), autoLog=True, color=array([1., 1., 1.]), colorSpace='rgb', contrast=1.0, depth=-2.0, draggable=False, flipHoriz=np.False_, flipVert=np.False_, image='default.png', interpolate=True, mask=None, maskParams=None, name='Stim', opacity=1, ori=0.0, pos=array([0. , 0.1]), size=array([0.4, 0.4]), texRes=128.0, units='height', win=Window(...))
18.8496 	EXP 	Created CueTargetImage_2 = ImageStim(__class__=<class 'psychopy.visual.image.ImageStim'>, anchor=('center', 'center'), autoLog=True, color=array([1., 1., 1.]), colorSpace='rgb', contrast=1.0, depth=-2.0, draggable=False, flipHoriz=np.False_, flipVert=np.False_, image='VM Stimuli/Place1.bmp', interpolate=True, mask=None, maskParams=None, name='CueTargetImage_2', opacity=1, ori=0.0, pos=array([0.25, 0.  ]), size=array([0.4, 0.4]), texRes=128.0, units='height', win=Window(...))
18.8597 	EXP 	Created Stim = ImageStim(__class__=<class 'psychopy.visual.image.ImageStim'>, anchor=('center', 'center'), autoLog=True, color=array([1., 1., 1.]), colorSpace='rgb', contrast=1.0, depth=-2.0, draggable=False, flipHoriz=np.False_, flipVert=np.False_, image='default.png', interpolate=True, mask=None, maskParams=None, name='Stim', opacity=1, ori=0.0, pos=array([0. , 0.1]), size=array([0.4, 0.4]), texRes=128.0, units='height', win=Window(...))
18.9178 	EXP 	Created Example_Stim = ImageStim(__class__=<class 'psychopy.visual.image.ImageStim'>, anchor=('center', 'center'), autoLog=True, color=array([1., 1., 1.]), colorSpace='rgb', contrast=1.0, depth=-2.0, draggable=False, flipHoriz=np.False_, flipVert=np.False_, image='default.png', interpolate=True, mask=None, maskParams=None, name='Example_Stim', opacity=1, ori=0.0, pos=array([0., 0.]), size=array([0.22, 0.22]), texRes=128.0, units='height', win=Window(...))
18.9480 	EXP 	Created One_Back_Example_Stim = ImageStim(__class__=<class 'psychopy.visual.image.ImageStim'>, anchor=('center', 'center'), autoLog=True, color=array([1., 1., 1.]), colorSpace='rgb', contrast=1.0, depth=-2.0, draggable=False, flipHoriz=np.False_, flipVert=np.False_, image='VM Stimuli/PracticeFO1.bmp', interpolate=True, mask=None, maskParams=None, name='One_Back_Example_Stim', opacity=1, ori=0.0, pos=array([-0.3,  0. ]), size=array([0.15, 0.15]), texRes=128.0, units='height', win=Window(...))
18.9514 	EXP 	Created Example_Stim_2 = ImageStim(__class__=<class 'psychopy.visual.image.ImageStim'>, anchor=('center', 'center'), autoLog=True, color=array([1., 1., 1.]), colorSpace='rgb', contrast=1.0, depth=-3.0, draggable=False, flipHoriz=np.False_, flipVert=np.False_, image='default.png', interpolate=True, mask=None, maskParams=None, name='Example_Stim_2', opacity=1, ori=0.0, pos=array([0., 0.]), size=array([0.22, 0.22]), texRes=128.0, units='height', win=Window(...))
18.9741 	EXP 	Created Green_Border = Rect(__class__=<class 'psychopy.visual.rect.Rect'>, anchor=('center', 'center'), autoDraw=False, autoLog=True, closeShape=True, color=method-wrapper(...), colorSpace='rgb', contrast=None, depth=-2.0, draggable=False, fillColor=array([-0.60784314,  0.60784314, -0.60784314]), fillColorSpace='rgb', fillRGB=array([-0.60784314,  0.60784314, -0.60784314]), interpolate=True, lineColor=array([-0.60784314,  0.60784314, -0.60784314]), lineColorSpace='rgb', lineRGB=array([-0.60784314,  0.60784314, -0.60784314]), lineWidth=1.0, name='Green_Border', opacity=1.0, ori=0.0, pos=array([-0.5,  0. ]), size=array([0.15, 0.15]), units='height', vertices=ndarray(...), win=Window(...))
18.9762 	EXP 	Created Two_Back_Example_Stim = ImageStim(__class__=<class 'psychopy.visual.image.ImageStim'>, anchor=('center', 'center'), autoLog=True, color=array([1., 1., 1.]), colorSpace='rgb', contrast=1.0, depth=-3.0, draggable=False, flipHoriz=np.False_, flipVert=np.False_, image='VM Stimuli/PracticeFO1.bmp', interpolate=True, mask=None, maskParams=None, name='Two_Back_Example_Stim', opacity=1, ori=0.0, pos=array([-0.5,  0. ]), size=array([0.13, 0.13]), texRes=128.0, units='height', win=Window(...))
18.9804 	EXP 	Created One_Back_Example_Stim_2 = ImageStim(__class__=<class 'psychopy.visual.image.ImageStim'>, anchor=('center', 'center'), autoLog=True, color=array([1., 1., 1.]), colorSpace='rgb', contrast=1.0, depth=-4.0, draggable=False, flipHoriz=np.False_, flipVert=np.False_, image='VM Stimuli/PracticeFO2.bmp', interpolate=True, mask=None, maskParams=None, name='One_Back_Example_Stim_2', opacity=1, ori=0.0, pos=array([-0.3,  0. ]), size=array([0.15, 0.15]), texRes=128.0, units='height', win=Window(...))
18.9840 	EXP 	Created Example_Stim_3 = ImageStim(__class__=<class 'psychopy.visual.image.ImageStim'>, anchor=('center', 'center'), autoLog=True, color=array([1., 1., 1.]), colorSpace='rgb', contrast=1.0, depth=-5.0, draggable=False, flipHoriz=np.False_, flipVert=np.False_, image='default.png', interpolate=True, mask=None, maskParams=None, name='Example_Stim_3', opacity=1, ori=0.0, pos=array([0., 0.]), size=array([0.22, 0.22]), texRes=128.0, units='height', win=Window(...))
19.0109 	EXP 	Created Two_Back_Example_Stim_2 = ImageStim(__class__=<class 'psychopy.visual.image.ImageStim'>, anchor=('center', 'center'), autoLog=True, color=array([1., 1., 1.]), colorSpace='rgb', contrast=1.0, depth=-2.0, draggable=False, flipHoriz=np.False_, flipVert=np.False_, image='VM Stimuli/PracticeFO2.bmp', interpolate=True, mask=None, maskParams=None, name='Two_Back_Example_Stim_2', opacity=1, ori=0.0, pos=array([-0.5,  0. ]), size=array([0.13, 0.13]), texRes=128.0, units='height', win=Window(...))
19.0127 	EXP 	Created One_Back_Example_Stim_3 = ImageStim(__class__=<class 'psychopy.visual.image.ImageStim'>, anchor=('center', 'center'), autoLog=True, color=array([1., 1., 1.]), colorSpace='rgb', contrast=1.0, depth=-3.0, draggable=False, flipHoriz=np.False_, flipVert=np.False_, image='VM Stimuli/PracticeFO1.bmp', interpolate=True, mask=None, maskParams=None, name='One_Back_Example_Stim_3', opacity=1, ori=0.0, pos=array([-0.3,  0. ]), size=array([0.15, 0.15]), texRes=128.0, units='height', win=Window(...))
19.0158 	EXP 	Created Example_Stim_4 = ImageStim(__class__=<class 'psychopy.visual.image.ImageStim'>, anchor=('center', 'center'), autoLog=True, color=array([1., 1., 1.]), colorSpace='rgb', contrast=1.0, depth=-4.0, draggable=False, flipHoriz=np.False_, flipVert=np.False_, image='default.png', interpolate=True, mask=None, maskParams=None, name='Example_Stim_4', opacity=1, ori=0.0, pos=array([0., 0.]), size=array([0.22, 0.22]), texRes=128.0, units='height', win=Window(...))
19.0505 	EXP 	Created Example_Stim_5 = ImageStim(__class__=<class 'psychopy.visual.image.ImageStim'>, anchor=('center', 'center'), autoLog=True, color=array([1., 1., 1.]), colorSpace='rgb', contrast=1.0, depth=-2.0, draggable=False, flipHoriz=np.False_, flipVert=np.False_, image='VM Stimuli/PracticeFO2.bmp', interpolate=True, mask=None, maskParams=None, name='Example_Stim_5', opacity=1, ori=0.0, pos=array([0., 0.]), size=array([0.3, 0.3]), texRes=128.0, units='height', win=Window(...))
19.0735 	EXP 	Created Example_Stim_6 = ImageStim(__class__=<class 'psychopy.visual.image.ImageStim'>, anchor=('center', 'center'), autoLog=True, color=array([1., 1., 1.]), colorSpace='rgb', contrast=1.0, depth=-2.0, draggable=False, flipHoriz=np.False_, flipVert=np.False_, image='VM Stimuli/PracticeFO2.bmp', interpolate=True, mask=None, maskParams=None, name='Example_Stim_6', opacity=1, ori=0.0, pos=array([0., 0.]), size=array([0.3, 0.3]), texRes=128.0, units='height', win=Window(...))
19.0961 	EXP 	Created Example_Stim_7 = ImageStim(__class__=<class 'psychopy.visual.image.ImageStim'>, anchor=('center', 'center'), autoLog=True, color=array([1., 1., 1.]), colorSpace='rgb', contrast=1.0, depth=-2.0, draggable=False, flipHoriz=np.False_, flipVert=np.False_, image='VM Stimuli/PracticeFO3.bmp', interpolate=True, mask=None, maskParams=None, name='Example_Stim_7', opacity=1, ori=0.0, pos=array([0., 0.]), size=array([0.3, 0.3]), texRes=128.0, units='height', win=Window(...))
19.1189 	EXP 	Created One_Back_Example_Stim_4 = ImageStim(__class__=<class 'psychopy.visual.image.ImageStim'>, anchor=('center', 'center'), autoLog=True, color=array([1., 1., 1.]), colorSpace='rgb', contrast=1.0, depth=-2.0, draggable=False, flipHoriz=np.False_, flipVert=np.False_, image='VM Stimuli/PracticeFO2.bmp', interpolate=True, mask=None, maskParams=None, name='One_Back_Example_Stim_4', opacity=1, ori=0.0, pos=array([-0.3,  0. ]), size=array([0.15, 0.15]), texRes=128.0, units='height', win=Window(...))
19.1207 	EXP 	Created Example_Stim_8 = ImageStim(__class__=<class 'psychopy.visual.image.ImageStim'>, anchor=('center', 'center'), autoLog=True, color=array([1., 1., 1.]), colorSpace='rgb', contrast=1.0, depth=-3.0, draggable=False, flipHoriz=np.False_, flipVert=np.False_, image='VM Stimuli/PracticeFO3.bmp', interpolate=True, mask=None, maskParams=None, name='Example_Stim_8', opacity=1, ori=0.0, pos=array([0., 0.]), size=array([0.3, 0.3]), texRes=128.0, units='height', win=Window(...))
19.1434 	EXP 	Created Example_Stim_9 = ImageStim(__class__=<class 'psychopy.visual.image.ImageStim'>, anchor=('center', 'center'), autoLog=True, color=array([1., 1., 1.]), colorSpace='rgb', contrast=1.0, depth=-2.0, draggable=False, flipHoriz=np.False_, flipVert=np.False_, image='VM Stimuli/PracticeFO1.bmp', interpolate=True, mask=None, maskParams=None, name='Example_Stim_9', opacity=1, ori=0.0, pos=array([0., 0.]), size=array([0.3, 0.3]), texRes=128.0, units='height', win=Window(...))
19.1664 	EXP 	Created Two_Back_Example_Stim_3 = ImageStim(__class__=<class 'psychopy.visual.image.ImageStim'>, anchor=('center', 'center'), autoLog=True, color=array([1., 1., 1.]), colorSpace='rgb', contrast=1.0, depth=-2.0, draggable=False, flipHoriz=np.False_, flipVert=np.False_, image='VM Stimuli/PracticeFO2.bmp', interpolate=True, mask=None, maskParams=None, name='Two_Back_Example_Stim_3', opacity=1, ori=0.0, pos=array([-0.5,  0. ]), size=array([0.15, 0.15]), texRes=128.0, units='height', win=Window(...))
19.1682 	EXP 	Created One_Back_Example_Stim_5 = ImageStim(__class__=<class 'psychopy.visual.image.ImageStim'>, anchor=('center', 'center'), autoLog=True, color=array([1., 1., 1.]), colorSpace='rgb', contrast=1.0, depth=-3.0, draggable=False, flipHoriz=np.False_, flipVert=np.False_, image='VM Stimuli/PracticeFO3.bmp', interpolate=True, mask=None, maskParams=None, name='One_Back_Example_Stim_5', opacity=1, ori=0.0, pos=array([-0.3,  0. ]), size=array([0.15, 0.15]), texRes=128.0, units='height', win=Window(...))
19.1699 	EXP 	Created Example_Stim_10 = ImageStim(__class__=<class 'psychopy.visual.image.ImageStim'>, anchor=('center', 'center'), autoLog=True, color=array([1., 1., 1.]), colorSpace='rgb', contrast=1.0, depth=-4.0, draggable=False, flipHoriz=np.False_, flipVert=np.False_, image='VM Stimuli/PracticeFO1.bmp', interpolate=True, mask=None, maskParams=None, name='Example_Stim_10', opacity=1, ori=0.0, pos=array([0., 0.]), size=array([0.3, 0.3]), texRes=128.0, units='height', win=Window(...))
19.1927 	EXP 	Created Example_Stim_12 = ImageStim(__class__=<class 'psychopy.visual.image.ImageStim'>, anchor=('center', 'center'), autoLog=True, color=array([1., 1., 1.]), colorSpace='rgb', contrast=1.0, depth=-2.0, draggable=False, flipHoriz=np.False_, flipVert=np.False_, image='VM Stimuli/PracticeFO3.bmp', interpolate=True, mask=None, maskParams=None, name='Example_Stim_12', opacity=1, ori=0.0, pos=array([0., 0.]), size=array([0.3, 0.3]), texRes=128.0, units='height', win=Window(...))
19.2152 	EXP 	Created Green_Border_2 = Rect(__class__=<class 'psychopy.visual.rect.Rect'>, anchor=('center', 'center'), autoDraw=False, autoLog=True, closeShape=True, color=method-wrapper(...), colorSpace='rgb', contrast=None, depth=-2.0, draggable=False, fillColor=array([-0.60784314,  0.60784314, -0.60784314]), fillColorSpace='rgb', fillRGB=array([-0.60784314,  0.60784314, -0.60784314]), interpolate=True, lineColor=array([-0.60784314,  0.60784314, -0.60784314]), lineColorSpace='rgb', lineRGB=array([-0.60784314,  0.60784314, -0.60784314]), lineWidth=1.0, name='Green_Border_2', opacity=1.0, ori=0.0, pos=array([-0.5,  0. ]), size=array([0.15, 0.15]), units='height', vertices=ndarray(...), win=Window(...))
19.2173 	EXP 	Created Two_Back_Example_Stim_4 = ImageStim(__class__=<class 'psychopy.visual.image.ImageStim'>, anchor=('center', 'center'), autoLog=True, color=array([1., 1., 1.]), colorSpace='rgb', contrast=1.0, depth=-3.0, draggable=False, flipHoriz=np.False_, flipVert=np.False_, image='VM Stimuli/PracticeFO3.bmp', interpolate=True, mask=None, maskParams=None, name='Two_Back_Example_Stim_4', opacity=1, ori=0.0, pos=array([-0.5,  0. ]), size=array([0.13, 0.13]), texRes=128.0, units='height', win=Window(...))
19.2191 	EXP 	Created One_Back_Example_Stim_6 = ImageStim(__class__=<class 'psychopy.visual.image.ImageStim'>, anchor=('center', 'center'), autoLog=True, color=array([1., 1., 1.]), colorSpace='rgb', contrast=1.0, depth=-4.0, draggable=False, flipHoriz=np.False_, flipVert=np.False_, image='VM Stimuli/PracticeFO1.bmp', interpolate=True, mask=None, maskParams=None, name='One_Back_Example_Stim_6', opacity=1, ori=0.0, pos=array([-0.3,  0. ]), size=array([0.15, 0.15]), texRes=128.0, units='height', win=Window(...))
19.2209 	EXP 	Created Example_Stim_11 = ImageStim(__class__=<class 'psychopy.visual.image.ImageStim'>, anchor=('center', 'center'), autoLog=True, color=array([1., 1., 1.]), colorSpace='rgb', contrast=1.0, depth=-5.0, draggable=False, flipHoriz=np.False_, flipVert=np.False_, image='VM Stimuli/PracticeFO3.bmp', interpolate=True, mask=None, maskParams=None, name='Example_Stim_11', opacity=1, ori=0.0, pos=array([0., 0.]), size=array([0.3, 0.3]), texRes=128.0, units='height', win=Window(...))
19.2586 	EXP 	Created Stim = ImageStim(__class__=<class 'psychopy.visual.image.ImageStim'>, anchor=('center', 'center'), autoLog=True, color=array([1., 1., 1.]), colorSpace='rgb', contrast=1.0, depth=-2.0, draggable=False, flipHoriz=np.False_, flipVert=np.False_, image='default.png', interpolate=True, mask=None, maskParams=None, name='Stim', opacity=1, ori=0.0, pos=array([0. , 0.1]), size=array([0.4, 0.4]), texRes=128.0, units='height', win=Window(...))
19.2963 	EXP 	Created Stim = ImageStim(__class__=<class 'psychopy.visual.image.ImageStim'>, anchor=('center', 'center'), autoLog=True, color=array([1., 1., 1.]), colorSpace='rgb', contrast=1.0, depth=-2.0, draggable=False, flipHoriz=np.False_, flipVert=np.False_, image='default.png', interpolate=True, mask=None, maskParams=None, name='Stim', opacity=1, ori=0.0, pos=array([0. , 0.1]), size=array([0.4, 0.4]), texRes=128.0, units='height', win=Window(...))
19.6110 	EXP 	Created Stim = ImageStim(__class__=<class 'psychopy.visual.image.ImageStim'>, anchor=('center', 'center'), autoLog=True, color=array([1., 1., 1.]), colorSpace='rgb', contrast=1.0, depth=-2.0, draggable=False, flipHoriz=np.False_, flipVert=np.False_, image='default.png', interpolate=True, mask=None, maskParams=None, name='Stim', opacity=1, ori=0.0, pos=array([0. , 0.1]), size=array([0.4, 0.4]), texRes=128.0, units='height', win=Window(...))
19.6579 	EXP 	Created CueTargetImage_6 = ImageStim(__class__=<class 'psychopy.visual.image.ImageStim'>, anchor=('center', 'center'), autoLog=True, color=array([1., 1., 1.]), colorSpace='rgb', contrast=1.0, depth=-2.0, draggable=False, flipHoriz=np.False_, flipVert=np.False_, image='VM Stimuli/Place3.bmp', interpolate=True, mask=None, maskParams=None, name='CueTargetImage_6', opacity=1, ori=0.0, pos=array([0.25, 0.  ]), size=array([0.4, 0.4]), texRes=128.0, units='height', win=Window(...))
19.6680 	EXP 	Created Stim = ImageStim(__class__=<class 'psychopy.visual.image.ImageStim'>, anchor=('center', 'center'), autoLog=True, color=array([1., 1., 1.]), colorSpace='rgb', contrast=1.0, depth=-2.0, draggable=False, flipHoriz=np.False_, flipVert=np.False_, image='default.png', interpolate=True, mask=None, maskParams=None, name='Stim', opacity=1, ori=0.0, pos=array([0. , 0.1]), size=array([0.4, 0.4]), texRes=128.0, units='height', win=Window(...))
19.7120 	EXP 	Created Stim = ImageStim(__class__=<class 'psychopy.visual.image.ImageStim'>, anchor=('center', 'center'), autoLog=True, color=array([1., 1., 1.]), colorSpace='rgb', contrast=1.0, depth=-2.0, draggable=False, flipHoriz=np.False_, flipVert=np.False_, image='default.png', interpolate=True, mask=None, maskParams=None, name='Stim', opacity=1, ori=0.0, pos=array([0. , 0.1]), size=array([0.4, 0.4]), texRes=128.0, units='height', win=Window(...))
19.7580 	EXP 	Created CueTargetImage_8 = ImageStim(__class__=<class 'psychopy.visual.image.ImageStim'>, anchor=('center', 'center'), autoLog=True, color=array([1., 1., 1.]), colorSpace='rgb', contrast=1.0, depth=-2.0, draggable=False, flipHoriz=np.False_, flipVert=np.False_, image='VM Stimuli/PracticeNC2.bmp', interpolate=True, mask=None, maskParams=None, name='CueTargetImage_8', opacity=1, ori=0.0, pos=array([0.25, 0.  ]), size=array([0.4, 0.4]), texRes=128.0, units='height', win=Window(...))
19.7682 	EXP 	Created Stim = ImageStim(__class__=<class 'psychopy.visual.image.ImageStim'>, anchor=('center', 'center'), autoLog=True, color=array([1., 1., 1.]), colorSpace='rgb', contrast=1.0, depth=-2.0, draggable=False, flipHoriz=np.False_, flipVert=np.False_, image='default.png', interpolate=True, mask=None, maskParams=None, name='Stim', opacity=1, ori=0.0, pos=array([0. , 0.1]), size=array([0.4, 0.4]), texRes=128.0, units='height', win=Window(...))
0.0701 	EXP 	NbackTitle: autoLog = True
0.0701 	EXP 	Instructions_1: autoLog = True
0.0701 	EXP 	Label_faces: autoLog = True
0.0701 	EXP 	Places_label: autoLog = True
0.0701 	EXP 	Instructions_5pt5: autoLog = True
0.0701 	EXP 	Instructions_6: autoLog = True
0.0701 	EXP 	Instructions_6_Target: autoLog = True
0.0701 	EXP 	Instructions_7: autoLog = True
0.0701 	EXP 	Instructions_6_Match_2: autoLog = True
0.0701 	EXP 	Instructions_10: autoLog = True
0.0701 	EXP 	Instructions_6_Match_3: autoLog = True
0.0701 	EXP 	Instructions_6pt2: autoLog = True
0.0701 	EXP 	CueFix_1: autoLog = True
0.0701 	EXP 	CueTarget_1: autoLog = True
0.0701 	EXP 	Zero_back: autoLog = True
0.0701 	EXP 	Stim_LeftScreenInstruction: autoLog = True
0.0701 	EXP 	Stim_RightScreenInstruction: autoLog = True
0.0701 	EXP 	Fix: autoLog = True
0.0701 	EXP 	Feedback: autoLog = True
0.0701 	EXP 	Instructions_Space: autoLog = True
0.0701 	EXP 	CueFix_2: autoLog = True
0.0701 	EXP 	CueTarget_2: autoLog = True
0.0701 	EXP 	Zero_back_2: autoLog = True
0.0701 	EXP 	Stim_LeftScreenInstruction: autoLog = True
0.0701 	EXP 	Stim_RightScreenInstruction: autoLog = True
0.0701 	EXP 	Fix: autoLog = True
0.0701 	EXP 	Feedback: autoLog = True
0.0701 	EXP 	Instructions_Space: autoLog = True
0.0701 	EXP 	Instructions_8: autoLog = True
0.0701 	EXP 	Instructions_9: autoLog = True
0.0701 	EXP 	Example_LeftScreenInstruction: autoLog = True
0.0701 	EXP 	Example_RightScreenInstruction: autoLog = True
0.0701 	EXP 	Instructions_12: autoLog = True
0.0701 	EXP 	Instructions_21: autoLog = True
0.0701 	EXP 	Example_LeftScreenInstruction_2: autoLog = True
0.0701 	EXP 	Example_RightScreenInstruction_2: autoLog = True
0.0701 	EXP 	Instructions_24: autoLog = True
0.0701 	EXP 	Example_LeftScreenInstruction_3: autoLog = True
0.0701 	EXP 	Example_RightScreenInstruction_3: autoLog = True
0.0701 	EXP 	Instructions_25: autoLog = True
0.0701 	EXP 	Example_LeftScreenInstruction_4: autoLog = True
0.0701 	EXP 	Example_RightScreenInstruction_4: autoLog = True
0.0701 	EXP 	Instructions_15: autoLog = True
0.0701 	EXP 	Instructions_32: autoLog = True
0.0701 	EXP 	Example_LeftScreenInstruction_5: autoLog = True
0.0701 	EXP 	Example_RightScreenInstruction_5: autoLog = True
0.0701 	EXP 	Instructions_27: autoLog = True
0.0701 	EXP 	Example_LeftScreenInstruction_6: autoLog = True
0.0701 	EXP 	Example_RightScreenInstruction_6: autoLog = True
0.0701 	EXP 	Instructions_33: autoLog = True
0.0701 	EXP 	Example_LeftScreenInstruction_7: autoLog = True
0.0701 	EXP 	Example_RightScreenInstruction_7: autoLog = True
0.0701 	EXP 	Instructions_26: autoLog = True
0.0701 	EXP 	Example_LeftScreenInstruction_8: autoLog = True
0.0701 	EXP 	Example_RightScreenInstruction_8: autoLog = True
0.0701 	EXP 	Instructions: autoLog = True
0.0701 	EXP 	Example_LeftScreenInstruction_9: autoLog = True
0.0701 	EXP 	Example_RightScreenInstruction_9: autoLog = True
0.0701 	EXP 	Instructions_28: autoLog = True
0.0701 	EXP 	Example_LeftScreenInstruction_10: autoLog = True
0.0701 	EXP 	Example_RightScreenInstruction_10: autoLog = True
0.0701 	EXP 	Instructions_4: autoLog = True
0.0701 	EXP 	Example_LeftScreenInstruction_12: autoLog = True
0.0701 	EXP 	Example_RightScreenInstruction_12: autoLog = True
0.0701 	EXP 	Instructions_29: autoLog = True
0.0701 	EXP 	Example_LeftScreenInstruction_11: autoLog = True
0.0701 	EXP 	Example_RightScreenInstruction_11: autoLog = True
0.0701 	EXP 	Instructions_22: autoLog = True
0.0701 	EXP 	Instructions_30: autoLog = True
0.0701 	EXP 	Stim_LeftScreenInstruction: autoLog = True
0.0701 	EXP 	Stim_RightScreenInstruction: autoLog = True
0.0701 	EXP 	Fix: autoLog = True
0.0701 	EXP 	Feedback: autoLog = True
0.0701 	EXP 	Instructions_Space: autoLog = True
0.0701 	EXP 	Stim_LeftScreenInstruction: autoLog = True
0.0701 	EXP 	Stim_RightScreenInstruction: autoLog = True
0.0701 	EXP 	Fix: autoLog = True
0.0701 	EXP 	Feedback: autoLog = True
0.0701 	EXP 	Instructions_36: autoLog = True
0.0701 	EXP 	magenta_fixcross: autoLog = True
0.0701 	EXP 	Instructions_37: autoLog = True
0.0701 	EXP 	Instructions_38: autoLog = True
0.0701 	EXP 	CueFix_5: autoLog = True
0.0701 	EXP 	Cue_2Back: autoLog = True
0.0701 	EXP 	Stim_LeftScreenInstruction: autoLog = True
0.0701 	EXP 	Stim_RightScreenInstruction: autoLog = True
0.0701 	EXP 	Fix: autoLog = True
0.0701 	EXP 	Feedback: autoLog = True
0.0701 	EXP 	CueFix_6: autoLog = True
0.0701 	EXP 	CueTarget_6: autoLog = True
0.0701 	EXP 	Zero_back_3: autoLog = True
0.0701 	EXP 	Stim_LeftScreenInstruction: autoLog = True
0.0701 	EXP 	Stim_RightScreenInstruction: autoLog = True
0.0701 	EXP 	Fix: autoLog = True
0.0701 	EXP 	Feedback: autoLog = True
0.0701 	EXP 	CueFix_7: autoLog = True
0.0701 	EXP 	Cue_2Back_2: autoLog = True
0.0701 	EXP 	Stim_LeftScreenInstruction: autoLog = True
0.0701 	EXP 	Stim_RightScreenInstruction: autoLog = True
0.0701 	EXP 	Fix: autoLog = True
0.0701 	EXP 	Feedback: autoLog = True
0.0701 	EXP 	CueFix_8: autoLog = True
0.0701 	EXP 	CueTarget_8: autoLog = True
0.0701 	EXP 	Zero_back_4: autoLog = True
0.0701 	EXP 	Stim_LeftScreenInstruction: autoLog = True
0.0701 	EXP 	Stim_RightScreenInstruction: autoLog = True
0.0701 	EXP 	Fix: autoLog = True
0.0701 	EXP 	Feedback: autoLog = True
0.0701 	EXP 	AllDone: autoLog = True
0.1613 	INFO 	Keyboard events cleared
0.1612 	EXP 	NbackTitle: autoDraw = True
27.5660 	EXP 	Device response: <KeyPress from None: t=27.390469916630536, value=space, duration=None>
27.5662 	EXP 	Device response: <KeyPress from None: t=27.390469916630536, value=space, duration=0.1333127082325518>
27.5715 	DATA 	Keypress: space
27.5855 	INFO 	Keyboard events cleared
27.5854 	EXP 	NbackTitle: autoDraw = False
27.5854 	EXP 	Instructions_1: autoDraw = True
27.5854 	EXP 	Label_faces: autoDraw = True
27.5854 	EXP 	Places_label: autoDraw = True
27.5854 	EXP 	Face_image: autoDraw = True
27.5854 	EXP 	Place_Image: autoDraw = True
38.3693 	EXP 	Device response: <KeyPress from None: t=38.3587621669285, value=space, duration=None>
38.3784 	DATA 	Keypress: space
38.3864 	INFO 	Keyboard events cleared
38.3863 	EXP 	Instructions_1: autoDraw = False
38.3863 	EXP 	Label_faces: autoDraw = False
38.3863 	EXP 	Places_label: autoDraw = False
38.3863 	EXP 	Face_image: autoDraw = False
38.3863 	EXP 	Place_Image: autoDraw = False
38.3863 	EXP 	Instructions_5pt5: autoDraw = True
38.4896 	EXP 	Device response: <KeyPress from None: t=38.3587621669285, value=space, duration=0.1234447080641985>
48.1724 	EXP 	Device response: <KeyPress from None: t=48.15665274998173, value=space, duration=None>
48.1885 	DATA 	Keypress: space
48.2172 	INFO 	Keyboard events cleared
48.2171 	EXP 	Instructions_5pt5: autoDraw = False
48.2171 	EXP 	Instructions_6: autoDraw = True
48.2171 	EXP 	Instructions_6_Target: autoDraw = True
48.2171 	EXP 	TargetImage: autoDraw = True
48.2182 	EXP 	Device response: <KeyPress from None: t=48.15665274998173, value=space, duration=0.06050649983808398>
57.5531 	EXP 	Device response: <KeyPress from None: t=57.53948724968359, value=space, duration=None>
57.5660 	DATA 	Keypress: space
57.5794 	INFO 	Keyboard events cleared
57.5793 	EXP 	Instructions_6: autoDraw = False
57.5793 	EXP 	Instructions_6_Target: autoDraw = False
57.5793 	EXP 	TargetImage: autoDraw = False
57.5793 	EXP 	Instructions_7: autoDraw = True
57.5793 	EXP 	TargetImage_2: autoDraw = True
57.5793 	EXP 	Instructions_6_Match_2: autoDraw = True
57.6238 	EXP 	Device response: <KeyPress from None: t=57.53948724968359, value=space, duration=0.06819266732782125>
73.5354 	EXP 	Device response: <KeyPress from None: t=73.52581529179588, value=left, duration=None>
73.5648 	DATA 	Keypress: left
73.5772 	INFO 	Keyboard events cleared
73.5770 	EXP 	Instructions_7: autoDraw = False
73.5770 	EXP 	TargetImage_2: autoDraw = False
73.5770 	EXP 	Instructions_6_Match_2: autoDraw = False
73.5770 	EXP 	Instructions_10: autoDraw = True
73.5770 	EXP 	Instructions_6_Match_3: autoDraw = True
73.5770 	EXP 	TargetImage_3: autoDraw = True
82.5070 	EXP 	Device response: <KeyPress from None: t=82.50424049980938, value=right, duration=None>
82.5137 	DATA 	Keypress: right
82.5225 	INFO 	Keyboard events cleared
82.5224 	EXP 	Instructions_10: autoDraw = False
82.5224 	EXP 	Instructions_6_Match_3: autoDraw = False
82.5224 	EXP 	TargetImage_3: autoDraw = False
82.5224 	EXP 	Instructions_6pt2: autoDraw = True
82.5894 	EXP 	Device response: <KeyPress from None: t=82.50424049980938, value=right, duration=0.0775287919677794>
85.7693 	EXP 	Device response: <KeyPress from None: t=85.76544920774177, value=space, duration=None>
85.7801 	DATA 	Keypress: space
85.7893 	EXP 	Instructions_6pt2: autoDraw = False
85.7893 	EXP 	CueFix_1: autoDraw = True
85.8013 	EXP 	Device response: <KeyPress from None: t=85.76544920774177, value=space, duration=0.0343436673283577>
86.2753 	EXP 	CueTarget_1: autoDraw = True
86.2753 	EXP 	CueTargetImage_1: autoDraw = True
86.2753 	EXP 	Zero_back: autoDraw = True
86.2891 	EXP 	CueFix_1: autoDraw = False
88.7783 	EXP 	Imported PracticeTrials/PracticeTrials1.xlsx as conditions, 5 conditions, 9 params
88.7795 	EXP 	New trial (rep=0, index=0): <Trial 0 (0 in rep 0) data={'ID': 2, 'Weight': 1, 'Nested': None, 'Procedure': 'PracticeTrialsPROC', 'Stimulus': 'VM Stimuli/PracticeNC2.bmp', 'TargetType': 'nontarget', 'CorrectResponse': 'Nontarget', 'StimType': 'NeutFace', 'BlockType': '0-Back', 'thisN': 0, 'thisTrialN': 0, 'thisRepN': 0}>
88.8302 	INFO 	Keyboard events cleared
88.8301 	EXP 	CueTarget_1: autoDraw = False
88.8301 	EXP 	CueTargetImage_1: autoDraw = False
88.8301 	EXP 	Zero_back: autoDraw = False
88.8301 	EXP 	CueFix_1: autoDraw = False
88.8301 	EXP 	CueTarget_1: autoDraw = False
88.8301 	EXP 	CueTargetImage_1: autoDraw = False
88.8301 	EXP 	Zero_back: autoDraw = False
88.8301 	EXP 	Stim: image = 'VM Stimuli/PracticeNC2.bmp'
88.8301 	EXP 	Stim: autoDraw = True
88.8301 	EXP 	Stim_LeftScreenInstruction: autoDraw = True
88.8301 	EXP 	Stim_RightScreenInstruction: autoDraw = True
90.8017 	EXP 	Stim: autoDraw = False
90.8017 	EXP 	Stim_LeftScreenInstruction: autoDraw = False
90.8017 	EXP 	Stim_RightScreenInstruction: autoDraw = False
90.8017 	EXP 	Feedback: foreColor = <psychopy.colors.Color: yellow, alpha=1.0>
90.8017 	EXP 	Fix: autoDraw = True
91.2756 	EXP 	Feedback: autoDraw = True
91.2994 	EXP 	Fix: autoDraw = False
92.7682 	EXP 	New trial (rep=0, index=1): <Trial 1 (1 in rep 0) data={'ID': 3, 'Weight': 1, 'Nested': None, 'Procedure': 'PracticeTrialsPROC', 'Stimulus': 'VM Stimuli/PracticeNC1.bmp', 'TargetType': 'target', 'CorrectResponse': 'Target', 'StimType': 'NeutFace', 'BlockType': '0-Back', 'thisN': 1, 'thisTrialN': 1, 'thisRepN': 0}>
92.7918 	INFO 	Keyboard events cleared
92.7917 	EXP 	Feedback: autoDraw = False
92.7917 	EXP 	Fix: autoDraw = False
92.7917 	EXP 	Feedback: autoDraw = False
92.7917 	EXP 	Stim: image = 'VM Stimuli/PracticeNC1.bmp'
92.7917 	EXP 	Stim: autoDraw = True
92.7917 	EXP 	Stim_LeftScreenInstruction: autoDraw = True
92.7917 	EXP 	Stim_RightScreenInstruction: autoDraw = True
94.4152 	EXP 	Device response: <KeyPress from None: t=94.40485008293763, value=left, duration=None>
94.4192 	DATA 	Keypress: left
94.5314 	EXP 	Device response: <KeyPress from None: t=73.52581529179588, value=left, duration=20.993209790904075>
94.7899 	EXP 	Stim: autoDraw = False
94.7899 	EXP 	Stim_LeftScreenInstruction: autoDraw = False
94.7899 	EXP 	Stim_RightScreenInstruction: autoDraw = False
94.7899 	EXP 	Feedback: foreColor = <psychopy.colors.Color: limegreen, alpha=1.0>
94.7899 	EXP 	Fix: autoDraw = True
95.2840 	EXP 	Feedback: autoDraw = True
95.3016 	EXP 	Fix: autoDraw = False
96.7735 	EXP 	New trial (rep=0, index=2): <Trial 2 (2 in rep 0) data={'ID': 4, 'Weight': 1, 'Nested': None, 'Procedure': 'PracticeTrialsPROC', 'Stimulus': 'VM Stimuli/PracticeNC3.bmp', 'TargetType': 'nontarget', 'CorrectResponse': 'Nontarget', 'StimType': 'NeutFace', 'BlockType': '0-Back', 'thisN': 2, 'thisTrialN': 2, 'thisRepN': 0}>
96.7966 	INFO 	Keyboard events cleared
96.7965 	EXP 	Fix: autoDraw = False
96.7965 	EXP 	Feedback: autoDraw = False
96.7965 	EXP 	Stim: image = 'VM Stimuli/PracticeNC3.bmp'
96.7965 	EXP 	Stim: autoDraw = True
96.7965 	EXP 	Stim_LeftScreenInstruction: autoDraw = True
96.7965 	EXP 	Stim_RightScreenInstruction: autoDraw = True
97.0739 	EXP 	Device response: <KeyPress from None: t=97.07164270803332, value=right, duration=None>
97.0776 	DATA 	Keypress: right
97.2567 	EXP 	Device response: <KeyPress from None: t=97.07164270803332, value=right, duration=0.17994187492877245>
98.7835 	EXP 	Stim: autoDraw = False
98.7835 	EXP 	Stim_LeftScreenInstruction: autoDraw = False
98.7835 	EXP 	Stim_RightScreenInstruction: autoDraw = False
98.7835 	EXP 	Feedback: foreColor = <psychopy.colors.Color: limegreen, alpha=1.0>
98.7835 	EXP 	Fix: autoDraw = True
99.2706 	EXP 	Feedback: autoDraw = True
99.2845 	EXP 	Fix: autoDraw = False
100.7604 	EXP 	New trial (rep=0, index=3): <Trial 3 (3 in rep 0) data={'ID': 5, 'Weight': 1, 'Nested': None, 'Procedure': 'PracticeTrialsPROC', 'Stimulus': 'VM Stimuli/PracticeNC2.bmp', 'TargetType': 'nontarget', 'CorrectResponse': 'Nontarget', 'StimType': 'NeutFace', 'BlockType': '0-Back', 'thisN': 3, 'thisTrialN': 3, 'thisRepN': 0}>
100.7834 	INFO 	Keyboard events cleared
100.7833 	EXP 	Feedback: autoDraw = False
100.7833 	EXP 	Fix: autoDraw = False
100.7833 	EXP 	Feedback: autoDraw = False
100.7833 	EXP 	Stim: image = 'VM Stimuli/PracticeNC2.bmp'
100.7833 	EXP 	Stim: autoDraw = True
100.7833 	EXP 	Stim_LeftScreenInstruction: autoDraw = True
100.7833 	EXP 	Stim_RightScreenInstruction: autoDraw = True
101.1230 	EXP 	Device response: <KeyPress from None: t=101.1216417918913, value=left, duration=None>
101.1283 	DATA 	Keypress: left
101.2693 	EXP 	Device response: <KeyPress from None: t=94.40485008293763, value=left, duration=6.863410833757371>
102.7944 	EXP 	Stim: autoDraw = False
102.7944 	EXP 	Stim_LeftScreenInstruction: autoDraw = False
102.7944 	EXP 	Stim_RightScreenInstruction: autoDraw = False
102.7944 	EXP 	Feedback: foreColor = <psychopy.colors.Color: red, alpha=1.0>
102.7944 	EXP 	Fix: autoDraw = True
103.2686 	EXP 	Feedback: autoDraw = True
103.2921 	EXP 	Fix: autoDraw = False
104.7567 	EXP 	New trial (rep=0, index=4): <Trial 4 (4 in rep 0) data={'ID': 6, 'Weight': 1, 'Nested': None, 'Procedure': 'PracticeTrialsPROC', 'Stimulus': 'VM Stimuli/PracticeNC1.bmp', 'TargetType': 'target', 'CorrectResponse': 'Target', 'StimType': 'NeutFace', 'BlockType': '0-Back', 'thisN': 4, 'thisTrialN': 4, 'thisRepN': 0}>
104.7769 	INFO 	Keyboard events cleared
104.7768 	EXP 	Feedback: autoDraw = False
104.7768 	EXP 	Fix: autoDraw = False
104.7768 	EXP 	Feedback: autoDraw = False
104.7768 	EXP 	Stim: image = 'VM Stimuli/PracticeNC1.bmp'
104.7768 	EXP 	Stim: autoDraw = True
104.7768 	EXP 	Stim_LeftScreenInstruction: autoDraw = True
104.7768 	EXP 	Stim_RightScreenInstruction: autoDraw = True
106.2252 	EXP 	Device response: <KeyPress from None: t=106.2176702497527, value=right, duration=None>
106.2286 	DATA 	Keypress: right
106.2396 	EXP 	Device response: <KeyPress from None: t=106.2176702497527, value=right, duration=0.012140125036239624>
106.7807 	EXP 	Stim: autoDraw = False
106.7807 	EXP 	Stim_LeftScreenInstruction: autoDraw = False
106.7807 	EXP 	Stim_RightScreenInstruction: autoDraw = False
106.7807 	EXP 	Stim: autoDraw = False
106.7807 	EXP 	Stim_LeftScreenInstruction: autoDraw = False
106.7807 	EXP 	Stim_RightScreenInstruction: autoDraw = False
106.7807 	EXP 	Feedback: foreColor = <psychopy.colors.Color: red, alpha=1.0>
106.7807 	EXP 	Fix: autoDraw = True
107.2736 	EXP 	Feedback: autoDraw = True
107.2840 	EXP 	Fix: autoDraw = False
108.7800 	INFO 	Keyboard events cleared
108.7799 	EXP 	Feedback: autoDraw = False
108.7799 	EXP 	Fix: autoDraw = False
108.7799 	EXP 	Feedback: autoDraw = False
108.7799 	EXP 	Instructions_Space: autoDraw = True
109.8681 	EXP 	Device response: <KeyPress from None: t=109.86166425002739, value=space, duration=None>
109.8781 	DATA 	Keypress: space
109.8868 	EXP 	Instructions_Space: autoDraw = False
109.8868 	EXP 	CueFix_2: autoDraw = True
109.9688 	EXP 	Device response: <KeyPress from None: t=109.86166425002739, value=space, duration=0.1022049579769373>
110.3757 	EXP 	CueTarget_2: autoDraw = True
110.3757 	EXP 	CueTargetImage_2: autoDraw = True
110.3757 	EXP 	Zero_back_2: autoDraw = True
110.3891 	EXP 	CueFix_2: autoDraw = False
112.8705 	EXP 	Imported PracticeTrials/PracticeTrials2.xlsx as conditions, 5 conditions, 9 params
112.8708 	EXP 	New trial (rep=0, index=0): <Trial 0 (0 in rep 0) data={'ID': 2, 'Weight': 1, 'Nested': None, 'Procedure': 'PracticeTrialsPROC', 'Stimulus': 'VM Stimuli/Place1.bmp', 'TargetType': 'target', 'CorrectResponse': 'Target', 'StimType': 'Place', 'BlockType': '0-Back', 'thisN': 0, 'thisTrialN': 0, 'thisRepN': 0}>
112.8878 	INFO 	Keyboard events cleared
112.8877 	EXP 	CueTarget_2: autoDraw = False
112.8877 	EXP 	CueTargetImage_2: autoDraw = False
112.8877 	EXP 	Zero_back_2: autoDraw = False
112.8877 	EXP 	CueFix_2: autoDraw = False
112.8877 	EXP 	CueTarget_2: autoDraw = False
112.8877 	EXP 	CueTargetImage_2: autoDraw = False
112.8877 	EXP 	Zero_back_2: autoDraw = False
112.8877 	EXP 	Stim: image = 'VM Stimuli/Place1.bmp'
112.8877 	EXP 	Stim: autoDraw = True
112.8877 	EXP 	Stim_LeftScreenInstruction: autoDraw = True
112.8877 	EXP 	Stim_RightScreenInstruction: autoDraw = True
114.8835 	EXP 	Stim: autoDraw = False
114.8835 	EXP 	Stim_LeftScreenInstruction: autoDraw = False
114.8835 	EXP 	Stim_RightScreenInstruction: autoDraw = False
114.8835 	EXP 	Feedback: foreColor = <psychopy.colors.Color: yellow, alpha=1.0>
114.8835 	EXP 	Fix: autoDraw = True
115.3678 	EXP 	Feedback: autoDraw = True
115.3781 	EXP 	Fix: autoDraw = False
116.8552 	EXP 	New trial (rep=0, index=1): <Trial 1 (1 in rep 0) data={'ID': 3, 'Weight': 1, 'Nested': None, 'Procedure': 'PracticeTrialsPROC', 'Stimulus': 'VM Stimuli/Place3.bmp', 'TargetType': 'nontarget', 'CorrectResponse': 'Nontarget', 'StimType': 'Place', 'BlockType': '0-Back', 'thisN': 1, 'thisTrialN': 1, 'thisRepN': 0}>
116.8776 	INFO 	Keyboard events cleared
116.8775 	EXP 	Feedback: autoDraw = False
116.8775 	EXP 	Fix: autoDraw = False
116.8775 	EXP 	Feedback: autoDraw = False
116.8775 	EXP 	Stim: image = 'VM Stimuli/Place3.bmp'
116.8775 	EXP 	Stim: autoDraw = True
116.8775 	EXP 	Stim_LeftScreenInstruction: autoDraw = True
116.8775 	EXP 	Stim_RightScreenInstruction: autoDraw = True
118.8740 	EXP 	Stim: autoDraw = False
118.8740 	EXP 	Stim_LeftScreenInstruction: autoDraw = False
118.8740 	EXP 	Stim_RightScreenInstruction: autoDraw = False
118.8740 	EXP 	Stim: autoDraw = False
118.8740 	EXP 	Stim_LeftScreenInstruction: autoDraw = False
118.8740 	EXP 	Stim_RightScreenInstruction: autoDraw = False
118.8740 	EXP 	Feedback: foreColor = <psychopy.colors.Color: yellow, alpha=1.0>
118.8740 	EXP 	Fix: autoDraw = True
119.3718 	EXP 	Fix: autoDraw = False
119.3718 	EXP 	Feedback: autoDraw = True
120.8547 	EXP 	New trial (rep=0, index=2): <Trial 2 (2 in rep 0) data={'ID': 4, 'Weight': 1, 'Nested': None, 'Procedure': 'PracticeTrialsPROC', 'Stimulus': 'VM Stimuli/Place5.bmp', 'TargetType': 'nontarget', 'CorrectResponse': 'Nontarget', 'StimType': 'Place', 'BlockType': '0-Back', 'thisN': 2, 'thisTrialN': 2, 'thisRepN': 0}>
120.8770 	INFO 	Keyboard events cleared
120.8769 	EXP 	Feedback: autoDraw = False
120.8769 	EXP 	Fix: autoDraw = False
120.8769 	EXP 	Feedback: autoDraw = False
120.8769 	EXP 	Stim: image = 'VM Stimuli/Place5.bmp'
120.8769 	EXP 	Stim: autoDraw = True
120.8769 	EXP 	Stim_LeftScreenInstruction: autoDraw = True
120.8769 	EXP 	Stim_RightScreenInstruction: autoDraw = True
122.8811 	EXP 	Stim: autoDraw = False
122.8811 	EXP 	Stim_LeftScreenInstruction: autoDraw = False
122.8811 	EXP 	Stim_RightScreenInstruction: autoDraw = False
122.8811 	EXP 	Feedback: foreColor = <psychopy.colors.Color: yellow, alpha=1.0>
122.8811 	EXP 	Fix: autoDraw = True
123.3710 	EXP 	Feedback: autoDraw = True
123.3843 	EXP 	Fix: autoDraw = False
124.8554 	EXP 	New trial (rep=0, index=3): <Trial 3 (3 in rep 0) data={'ID': 5, 'Weight': 1, 'Nested': None, 'Procedure': 'PracticeTrialsPROC', 'Stimulus': 'VM Stimuli/Place1.bmp', 'TargetType': 'target', 'CorrectResponse': 'Target', 'StimType': 'Place', 'BlockType': '0-Back', 'thisN': 3, 'thisTrialN': 3, 'thisRepN': 0}>
124.8760 	INFO 	Keyboard events cleared
124.8759 	EXP 	Feedback: autoDraw = False
124.8759 	EXP 	Fix: autoDraw = False
124.8759 	EXP 	Feedback: autoDraw = False
124.8759 	EXP 	Stim: image = 'VM Stimuli/Place1.bmp'
124.8759 	EXP 	Stim: autoDraw = True
124.8759 	EXP 	Stim_LeftScreenInstruction: autoDraw = True
124.8759 	EXP 	Stim_RightScreenInstruction: autoDraw = True
126.8715 	EXP 	Stim: autoDraw = False
126.8715 	EXP 	Stim_LeftScreenInstruction: autoDraw = False
126.8715 	EXP 	Stim_RightScreenInstruction: autoDraw = False
126.8715 	EXP 	Stim: autoDraw = False
126.8715 	EXP 	Stim_LeftScreenInstruction: autoDraw = False
126.8715 	EXP 	Stim_RightScreenInstruction: autoDraw = False
126.8715 	EXP 	Feedback: foreColor = <psychopy.colors.Color: yellow, alpha=1.0>
126.8715 	EXP 	Fix: autoDraw = True
127.3656 	EXP 	Feedback: autoDraw = True
127.3758 	EXP 	Fix: autoDraw = False
128.8555 	EXP 	New trial (rep=0, index=4): <Trial 4 (4 in rep 0) data={'ID': 6, 'Weight': 1, 'Nested': None, 'Procedure': 'PracticeTrialsPROC', 'Stimulus': 'VM Stimuli/Place3.bmp', 'TargetType': 'nontarget', 'CorrectResponse': 'Nontarget', 'StimType': 'Place', 'BlockType': '0-Back', 'thisN': 4, 'thisTrialN': 4, 'thisRepN': 0}>
128.8780 	INFO 	Keyboard events cleared
128.8779 	EXP 	Feedback: autoDraw = False
128.8779 	EXP 	Fix: autoDraw = False
128.8779 	EXP 	Feedback: autoDraw = False
128.8779 	EXP 	Stim: image = 'VM Stimuli/Place3.bmp'
128.8779 	EXP 	Stim: autoDraw = True
128.8779 	EXP 	Stim_LeftScreenInstruction: autoDraw = True
128.8779 	EXP 	Stim_RightScreenInstruction: autoDraw = True
130.8788 	EXP 	Stim: autoDraw = False
130.8788 	EXP 	Stim_LeftScreenInstruction: autoDraw = False
130.8788 	EXP 	Stim_RightScreenInstruction: autoDraw = False
130.8788 	EXP 	Stim: autoDraw = False
130.8788 	EXP 	Stim_LeftScreenInstruction: autoDraw = False
130.8788 	EXP 	Stim_RightScreenInstruction: autoDraw = False
130.8788 	EXP 	Feedback: foreColor = <psychopy.colors.Color: yellow, alpha=1.0>
130.8788 	EXP 	Fix: autoDraw = True
131.3678 	EXP 	Feedback: autoDraw = True
131.3780 	EXP 	Fix: autoDraw = False
132.8679 	INFO 	Keyboard events cleared
132.8678 	EXP 	Feedback: autoDraw = False
132.8678 	EXP 	Fix: autoDraw = False
132.8678 	EXP 	Feedback: autoDraw = False
132.8678 	EXP 	Instructions_Space: autoDraw = True
144.5402 	EXP 	Device response: <KeyPress from None: t=144.53443929180503, value=space, duration=None>
144.5538 	DATA 	Keypress: space
144.5633 	INFO 	Keyboard events cleared
144.5632 	EXP 	Instructions_Space: autoDraw = False
144.5632 	EXP 	Instructions_8: autoDraw = True
144.6059 	EXP 	Device response: <KeyPress from None: t=144.53443929180503, value=space, duration=0.06719962507486343>
159.6408 	EXP 	Device response: <KeyPress from None: t=159.6316360416822, value=space, duration=None>
159.6597 	DATA 	Keypress: space
159.6786 	INFO 	Keyboard events cleared
159.6785 	EXP 	Instructions_8: autoDraw = False
159.6785 	EXP 	Example_Stim: image = 'VM Stimuli/PracticeFO1.bmp'
159.6785 	EXP 	Instructions_9: autoDraw = True
159.6785 	EXP 	Example_Stim: autoDraw = True
159.6785 	EXP 	Example_LeftScreenInstruction: autoDraw = True
159.6785 	EXP 	Example_RightScreenInstruction: autoDraw = True
159.6785 	EXP 	Instructions_12: autoDraw = True
159.7232 	EXP 	Device response: <KeyPress from None: t=159.6316360416822, value=space, duration=0.07872862508520484>
181.7685 	EXP 	Device response: <KeyPress from None: t=181.7589179999195, value=space, duration=None>
181.7804 	DATA 	Keypress: space
181.7929 	INFO 	Keyboard events cleared
181.7927 	EXP 	Instructions_9: autoDraw = False
181.7927 	EXP 	Example_Stim: autoDraw = False
181.7927 	EXP 	Example_LeftScreenInstruction: autoDraw = False
181.7927 	EXP 	Example_RightScreenInstruction: autoDraw = False
181.7927 	EXP 	Instructions_12: autoDraw = False
181.7927 	EXP 	Example_Stim_2: image = 'VM Stimuli/PracticeFO2.bmp'
181.7927 	EXP 	Instructions_21: autoDraw = True
181.7927 	EXP 	One_Back_Example_Stim: autoDraw = True
181.7927 	EXP 	Example_Stim_2: autoDraw = True
181.7927 	EXP 	Example_LeftScreenInstruction_2: autoDraw = True
181.7927 	EXP 	Example_RightScreenInstruction_2: autoDraw = True
181.8499 	EXP 	Device response: <KeyPress from None: t=181.7589179999195, value=space, duration=0.07853862503543496>
187.9843 	EXP 	Device response: <KeyPress from None: t=187.98054004181176, value=space, duration=None>
187.9977 	DATA 	Keypress: space
188.0166 	INFO 	Keyboard events cleared
188.0165 	EXP 	Instructions_21: autoDraw = False
188.0165 	EXP 	One_Back_Example_Stim: autoDraw = False
188.0165 	EXP 	Example_Stim_2: autoDraw = False
188.0165 	EXP 	Example_LeftScreenInstruction_2: autoDraw = False
188.0165 	EXP 	Example_RightScreenInstruction_2: autoDraw = False
188.0165 	EXP 	Example_Stim_3: image = 'VM Stimuli/PracticeFO1.bmp'
188.0165 	EXP 	Instructions_24: autoDraw = True
188.0165 	EXP 	Green_Border: autoDraw = True
188.0165 	EXP 	Two_Back_Example_Stim: autoDraw = True
188.0165 	EXP 	One_Back_Example_Stim_2: autoDraw = True
188.0165 	EXP 	Example_Stim_3: autoDraw = True
188.0165 	EXP 	Example_LeftScreenInstruction_3: autoDraw = True
188.0165 	EXP 	Example_RightScreenInstruction_3: autoDraw = True
188.0842 	EXP 	Device response: <KeyPress from None: t=187.98054004181176, value=space, duration=0.10037962486967444>
192.8400 	EXP 	Device response: <KeyPress from None: t=192.8284060419537, value=space, duration=None>
192.8482 	DATA 	Keypress: space
192.8610 	INFO 	Keyboard events cleared
192.8610 	EXP 	Instructions_24: autoDraw = False
192.8610 	EXP 	Green_Border: autoDraw = False
192.8610 	EXP 	Two_Back_Example_Stim: autoDraw = False
192.8610 	EXP 	One_Back_Example_Stim_2: autoDraw = False
192.8610 	EXP 	Example_Stim_3: autoDraw = False
192.8610 	EXP 	Example_LeftScreenInstruction_3: autoDraw = False
192.8610 	EXP 	Example_RightScreenInstruction_3: autoDraw = False
192.8610 	EXP 	Example_Stim_4: image = 'VM Stimuli/PracticeFO3.bmp'
192.8610 	EXP 	Instructions_25: autoDraw = True
192.8610 	EXP 	Two_Back_Example_Stim_2: autoDraw = True
192.8610 	EXP 	One_Back_Example_Stim_3: autoDraw = True
192.8610 	EXP 	Example_Stim_4: autoDraw = True
192.8610 	EXP 	Example_LeftScreenInstruction_4: autoDraw = True
192.8610 	EXP 	Example_RightScreenInstruction_4: autoDraw = True
192.9077 	EXP 	Device response: <KeyPress from None: t=192.8284060419537, value=space, duration=0.06744512496516109>
199.0680 	EXP 	Device response: <KeyPress from None: t=199.06111554196104, value=space, duration=None>
199.0732 	DATA 	Keypress: space
199.0813 	INFO 	Keyboard events cleared
199.0812 	EXP 	Instructions_25: autoDraw = False
199.0812 	EXP 	Two_Back_Example_Stim_2: autoDraw = False
199.0812 	EXP 	One_Back_Example_Stim_3: autoDraw = False
199.0812 	EXP 	Example_Stim_4: autoDraw = False
199.0812 	EXP 	Example_LeftScreenInstruction_4: autoDraw = False
199.0812 	EXP 	Example_RightScreenInstruction_4: autoDraw = False
199.0812 	EXP 	Instructions_15: autoDraw = True
199.1608 	EXP 	Device response: <KeyPress from None: t=199.06111554196104, value=space, duration=0.08955658273771405>
201.1944 	EXP 	Device response: <KeyPress from None: t=201.18728416692466, value=space, duration=None>
201.2050 	DATA 	Keypress: space
201.2222 	INFO 	Keyboard events cleared
201.2220 	EXP 	Instructions_15: autoDraw = False
201.2220 	EXP 	Instructions_32: autoDraw = True
201.2220 	EXP 	Example_Stim_5: autoDraw = True
201.2220 	EXP 	Example_LeftScreenInstruction_5: autoDraw = True
201.2220 	EXP 	Example_RightScreenInstruction_5: autoDraw = True
201.2521 	EXP 	Device response: <KeyPress from None: t=201.18728416692466, value=space, duration=0.056236375123262405>
207.9777 	EXP 	Device response: <KeyPress from None: t=207.97056495770812, value=right, duration=None>
207.9833 	DATA 	Keypress: right
207.9961 	INFO 	Keyboard events cleared
207.9960 	EXP 	Instructions_32: autoDraw = False
207.9960 	EXP 	Example_Stim_5: autoDraw = False
207.9960 	EXP 	Example_LeftScreenInstruction_5: autoDraw = False
207.9960 	EXP 	Example_RightScreenInstruction_5: autoDraw = False
207.9960 	EXP 	Instructions_27: autoDraw = True
207.9960 	EXP 	Example_Stim_6: autoDraw = True
207.9960 	EXP 	Example_LeftScreenInstruction_6: autoDraw = True
207.9960 	EXP 	Example_RightScreenInstruction_6: autoDraw = True
208.0551 	EXP 	Device response: <KeyPress from None: t=207.97056495770812, value=right, duration=0.07872004201635718>
263.5270 	EXP 	Device response: <KeyPress from None: t=263.52380199963227, value=space, duration=None>
263.5332 	DATA 	Keypress: space
263.5460 	INFO 	Keyboard events cleared
263.5458 	EXP 	Instructions_27: autoDraw = False
263.5458 	EXP 	Example_Stim_6: autoDraw = False
263.5458 	EXP 	Example_LeftScreenInstruction_6: autoDraw = False
263.5458 	EXP 	Example_RightScreenInstruction_6: autoDraw = False
263.5458 	EXP 	Instructions_33: autoDraw = True
263.5458 	EXP 	Example_Stim_7: autoDraw = True
263.5458 	EXP 	Example_LeftScreenInstruction_7: autoDraw = True
263.5458 	EXP 	Example_RightScreenInstruction_7: autoDraw = True
263.5924 	EXP 	Device response: <KeyPress from None: t=263.52380199963227, value=space, duration=0.0675270832143724>
273.4164 	EXP 	Device response: <KeyPress from None: t=273.4109512497671, value=space, duration=None>
273.4233 	DATA 	Keypress: space
273.4374 	INFO 	Keyboard events cleared
273.4373 	EXP 	Instructions_33: autoDraw = False
273.4373 	EXP 	Example_Stim_7: autoDraw = False
273.4373 	EXP 	Example_LeftScreenInstruction_7: autoDraw = False
273.4373 	EXP 	Example_RightScreenInstruction_7: autoDraw = False
273.4373 	EXP 	Instructions_26: autoDraw = True
273.4373 	EXP 	One_Back_Example_Stim_4: autoDraw = True
273.4373 	EXP 	Example_Stim_8: autoDraw = True
273.4373 	EXP 	Example_LeftScreenInstruction_8: autoDraw = True
273.4373 	EXP 	Example_RightScreenInstruction_8: autoDraw = True
273.4996 	EXP 	Device response: <KeyPress from None: t=273.4109512497671, value=space, duration=0.0788178751245141>
285.8875 	EXP 	Device response: <KeyPress from None: t=285.8753991667181, value=space, duration=None>
285.8935 	DATA 	Keypress: space
285.9068 	INFO 	Keyboard events cleared
285.9067 	EXP 	Instructions_26: autoDraw = False
285.9067 	EXP 	One_Back_Example_Stim_4: autoDraw = False
285.9067 	EXP 	Example_Stim_8: autoDraw = False
285.9067 	EXP 	Example_LeftScreenInstruction_8: autoDraw = False
285.9067 	EXP 	Example_RightScreenInstruction_8: autoDraw = False
285.9067 	EXP 	Instructions: autoDraw = True
285.9067 	EXP 	Example_Stim_9: autoDraw = True
285.9067 	EXP 	Example_LeftScreenInstruction_9: autoDraw = True
285.9067 	EXP 	Example_RightScreenInstruction_9: autoDraw = True
286.0150 	EXP 	Device response: <KeyPress from None: t=285.8753991667181, value=space, duration=0.1363789583556354>
291.1818 	EXP 	Device response: <KeyPress from None: t=291.16448829183355, value=space, duration=None>
291.1886 	DATA 	Keypress: space
291.2036 	INFO 	Keyboard events cleared
291.2035 	EXP 	Instructions: autoDraw = False
291.2035 	EXP 	Example_Stim_9: autoDraw = False
291.2035 	EXP 	Example_LeftScreenInstruction_9: autoDraw = False
291.2035 	EXP 	Example_RightScreenInstruction_9: autoDraw = False
291.2035 	EXP 	Instructions_28: autoDraw = True
291.2035 	EXP 	Two_Back_Example_Stim_3: autoDraw = True
291.2035 	EXP 	One_Back_Example_Stim_5: autoDraw = True
291.2035 	EXP 	Example_Stim_10: autoDraw = True
291.2035 	EXP 	Example_LeftScreenInstruction_10: autoDraw = True
291.2035 	EXP 	Example_RightScreenInstruction_10: autoDraw = True
291.2535 	EXP 	Device response: <KeyPress from None: t=291.16448829183355, value=space, duration=0.07853895798325539>
296.8994 	EXP 	Device response: <KeyPress from None: t=296.89051537495106, value=space, duration=None>
296.9050 	DATA 	Keypress: space
296.9178 	INFO 	Keyboard events cleared
296.9177 	EXP 	Instructions_28: autoDraw = False
296.9177 	EXP 	Two_Back_Example_Stim_3: autoDraw = False
296.9177 	EXP 	One_Back_Example_Stim_5: autoDraw = False
296.9177 	EXP 	Example_Stim_10: autoDraw = False
296.9177 	EXP 	Example_LeftScreenInstruction_10: autoDraw = False
296.9177 	EXP 	Example_RightScreenInstruction_10: autoDraw = False
296.9177 	EXP 	Instructions_4: autoDraw = True
296.9177 	EXP 	Example_Stim_12: autoDraw = True
296.9177 	EXP 	Example_LeftScreenInstruction_12: autoDraw = True
296.9177 	EXP 	Example_RightScreenInstruction_12: autoDraw = True
297.0149 	EXP 	Device response: <KeyPress from None: t=296.89051537495106, value=space, duration=0.10182658303529024>
297.9043 	EXP 	Device response: <KeyPress from None: t=297.9027166250162, value=space, duration=None>
297.9100 	DATA 	Keypress: space
297.9242 	INFO 	Keyboard events cleared
297.9241 	EXP 	Instructions_4: autoDraw = False
297.9241 	EXP 	Example_Stim_12: autoDraw = False
297.9241 	EXP 	Example_LeftScreenInstruction_12: autoDraw = False
297.9241 	EXP 	Example_RightScreenInstruction_12: autoDraw = False
297.9241 	EXP 	Instructions_29: autoDraw = True
297.9241 	EXP 	Green_Border_2: autoDraw = True
297.9241 	EXP 	Two_Back_Example_Stim_4: autoDraw = True
297.9241 	EXP 	One_Back_Example_Stim_6: autoDraw = True
297.9241 	EXP 	Example_Stim_11: autoDraw = True
297.9241 	EXP 	Example_LeftScreenInstruction_11: autoDraw = True
297.9241 	EXP 	Example_RightScreenInstruction_11: autoDraw = True
298.0071 	EXP 	Device response: <KeyPress from None: t=297.9027166250162, value=space, duration=0.10066374996677041>
298.6886 	EXP 	Device response: <KeyPress from None: t=298.67769529204816, value=space, duration=None>
298.6959 	DATA 	Keypress: space
298.7045 	INFO 	Keyboard events cleared
298.7044 	EXP 	Instructions_29: autoDraw = False
298.7044 	EXP 	Green_Border_2: autoDraw = False
298.7044 	EXP 	Two_Back_Example_Stim_4: autoDraw = False
298.7044 	EXP 	One_Back_Example_Stim_6: autoDraw = False
298.7044 	EXP 	Example_Stim_11: autoDraw = False
298.7044 	EXP 	Example_LeftScreenInstruction_11: autoDraw = False
298.7044 	EXP 	Example_RightScreenInstruction_11: autoDraw = False
298.7044 	EXP 	Instructions_22: autoDraw = True
298.7655 	EXP 	Device response: <KeyPress from None: t=298.67769529204816, value=space, duration=0.08225645776838064>
316.1823 	EXP 	Device response: <KeyPress from None: t=316.1722612497397, value=space, duration=None>
316.1912 	DATA 	Keypress: space
316.2000 	INFO 	Keyboard events cleared
316.1999 	EXP 	Instructions_22: autoDraw = False
316.1999 	EXP 	Instructions_30: autoDraw = True
316.2582 	EXP 	Device response: <KeyPress from None: t=316.1722612497397, value=space, duration=0.07956808293238282>
316.8199 	DATA 	Keypress: space
316.8289 	EXP 	Device response: <KeyPress from None: t=316.8155143330805, value=space, duration=None>
316.8506 	EXP 	Imported PracticeTrials/PracticeTrials3.xlsx as conditions, 5 conditions, 9 params
316.8516 	EXP 	New trial (rep=0, index=0): <Trial 0 (0 in rep 0) data={'ID': 1, 'Weight': 1, 'Nested': None, 'Procedure': 'PracticeTrialsPROC', 'Stimulus': 'VM Stimuli/PracticeFO2.bmp', 'TargetType': 'nontarget', 'CorrectResponse': 'Nontarget', 'StimType': 'NegFace', 'BlockType': '2-Back', 'thisN': 0, 'thisTrialN': 0, 'thisRepN': 0}>
316.8739 	INFO 	Keyboard events cleared
316.8738 	EXP 	Instructions_30: autoDraw = False
316.8738 	EXP 	Stim: image = 'VM Stimuli/PracticeFO2.bmp'
316.8738 	EXP 	Stim: autoDraw = True
316.8738 	EXP 	Stim_LeftScreenInstruction: autoDraw = True
316.8738 	EXP 	Stim_RightScreenInstruction: autoDraw = True
316.9212 	EXP 	Device response: <KeyPress from None: t=316.8155143330805, value=space, duration=0.0996539588086307>
318.8525 	EXP 	Stim: autoDraw = False
318.8525 	EXP 	Stim_LeftScreenInstruction: autoDraw = False
318.8525 	EXP 	Stim_RightScreenInstruction: autoDraw = False
318.8525 	EXP 	Feedback: foreColor = <psychopy.colors.Color: yellow, alpha=1.0>
318.8525 	EXP 	Fix: autoDraw = True
319.3324 	EXP 	Feedback: autoDraw = True
319.3561 	EXP 	Fix: autoDraw = False
320.8236 	EXP 	New trial (rep=0, index=1): <Trial 1 (1 in rep 0) data={'ID': 2, 'Weight': 1, 'Nested': None, 'Procedure': 'PracticeTrialsPROC', 'Stimulus': 'VM Stimuli/PracticeFO4.bmp', 'TargetType': 'nontarget', 'CorrectResponse': 'Nontarget', 'StimType': 'NegFace', 'BlockType': '2-Back', 'thisN': 1, 'thisTrialN': 1, 'thisRepN': 0}>
320.8472 	INFO 	Keyboard events cleared
320.8472 	EXP 	Feedback: autoDraw = False
320.8472 	EXP 	Fix: autoDraw = False
320.8472 	EXP 	Feedback: autoDraw = False
320.8472 	EXP 	Stim: image = 'VM Stimuli/PracticeFO4.bmp'
320.8472 	EXP 	Stim: autoDraw = True
320.8472 	EXP 	Stim_LeftScreenInstruction: autoDraw = True
320.8472 	EXP 	Stim_RightScreenInstruction: autoDraw = True
322.8423 	EXP 	Stim: autoDraw = False
322.8423 	EXP 	Stim_LeftScreenInstruction: autoDraw = False
322.8423 	EXP 	Stim_RightScreenInstruction: autoDraw = False
322.8423 	EXP 	Feedback: foreColor = <psychopy.colors.Color: yellow, alpha=1.0>
322.8423 	EXP 	Fix: autoDraw = True
323.3319 	EXP 	Feedback: autoDraw = True
323.3422 	EXP 	Fix: autoDraw = False
324.8151 	EXP 	New trial (rep=0, index=2): <Trial 2 (2 in rep 0) data={'ID': 3, 'Weight': 1, 'Nested': None, 'Procedure': 'PracticeTrialsPROC', 'Stimulus': 'VM Stimuli/PracticeFO2.bmp', 'TargetType': 'target', 'CorrectResponse': 'Target', 'StimType': 'NegFace', 'BlockType': '2-Back', 'thisN': 2, 'thisTrialN': 2, 'thisRepN': 0}>
324.8354 	INFO 	Keyboard events cleared
324.8353 	EXP 	Feedback: autoDraw = False
324.8353 	EXP 	Fix: autoDraw = False
324.8353 	EXP 	Feedback: autoDraw = False
324.8353 	EXP 	Stim: image = 'VM Stimuli/PracticeFO2.bmp'
324.8353 	EXP 	Stim: autoDraw = True
324.8353 	EXP 	Stim_LeftScreenInstruction: autoDraw = True
324.8353 	EXP 	Stim_RightScreenInstruction: autoDraw = True
326.3450 	EXP 	Device response: <KeyPress from None: t=326.3427642076276, value=left, duration=None>
326.3507 	DATA 	Keypress: left
326.4317 	EXP 	Device response: <KeyPress from None: t=101.1216417918913, value=left, duration=225.29953379090875>
326.8307 	EXP 	Stim: autoDraw = False
326.8307 	EXP 	Stim_LeftScreenInstruction: autoDraw = False
326.8307 	EXP 	Stim_RightScreenInstruction: autoDraw = False
326.8307 	EXP 	Stim: autoDraw = False
326.8307 	EXP 	Stim_LeftScreenInstruction: autoDraw = False
326.8307 	EXP 	Stim_RightScreenInstruction: autoDraw = False
326.8307 	EXP 	Feedback: foreColor = <psychopy.colors.Color: limegreen, alpha=1.0>
326.8307 	EXP 	Fix: autoDraw = True
327.3262 	EXP 	Fix: autoDraw = False
327.3262 	EXP 	Feedback: autoDraw = True
328.8149 	EXP 	New trial (rep=0, index=3): <Trial 3 (3 in rep 0) data={'ID': 4, 'Weight': 1, 'Nested': None, 'Procedure': 'PracticeTrialsPROC', 'Stimulus': 'VM Stimuli/PracticeFO4.bmp', 'TargetType': 'target', 'CorrectResponse': 'Target', 'StimType': 'NegFace', 'BlockType': '2-Back', 'thisN': 3, 'thisTrialN': 3, 'thisRepN': 0}>
328.8351 	INFO 	Keyboard events cleared
328.8350 	EXP 	Feedback: autoDraw = False
328.8350 	EXP 	Fix: autoDraw = False
328.8350 	EXP 	Feedback: autoDraw = False
328.8350 	EXP 	Stim: image = 'VM Stimuli/PracticeFO4.bmp'
328.8350 	EXP 	Stim: autoDraw = True
328.8350 	EXP 	Stim_LeftScreenInstruction: autoDraw = True
328.8350 	EXP 	Stim_RightScreenInstruction: autoDraw = True
330.1237 	EXP 	Device response: <KeyPress from None: t=330.1226277919486, value=right, duration=None>
330.1288 	DATA 	Keypress: right
330.2477 	EXP 	Device response: <KeyPress from None: t=330.1226277919486, value=right, duration=0.11305566597729921>
330.8402 	EXP 	Stim: autoDraw = False
330.8402 	EXP 	Stim_LeftScreenInstruction: autoDraw = False
330.8402 	EXP 	Stim_RightScreenInstruction: autoDraw = False
330.8402 	EXP 	Stim: autoDraw = False
330.8402 	EXP 	Stim_LeftScreenInstruction: autoDraw = False
330.8402 	EXP 	Stim_RightScreenInstruction: autoDraw = False
330.8402 	EXP 	Feedback: foreColor = <psychopy.colors.Color: red, alpha=1.0>
330.8402 	EXP 	Fix: autoDraw = True
331.3316 	EXP 	Feedback: autoDraw = True
331.3419 	EXP 	Fix: autoDraw = False
332.8177 	EXP 	New trial (rep=0, index=4): <Trial 4 (4 in rep 0) data={'ID': 5, 'Weight': 1, 'Nested': None, 'Procedure': 'PracticeTrialsPROC', 'Stimulus': 'VM Stimuli/PracticeFO1.bmp', 'TargetType': 'nontarget', 'CorrectResponse': 'Nontarget', 'StimType': 'NegFace', 'BlockType': '2-Back', 'thisN': 4, 'thisTrialN': 4, 'thisRepN': 0}>
332.8410 	INFO 	Keyboard events cleared
332.8409 	EXP 	Feedback: autoDraw = False
332.8409 	EXP 	Fix: autoDraw = False
332.8409 	EXP 	Feedback: autoDraw = False
332.8409 	EXP 	Stim: image = 'VM Stimuli/PracticeFO1.bmp'
332.8409 	EXP 	Stim: autoDraw = True
332.8409 	EXP 	Stim_LeftScreenInstruction: autoDraw = True
332.8409 	EXP 	Stim_RightScreenInstruction: autoDraw = True
334.8468 	EXP 	Stim: autoDraw = False
334.8468 	EXP 	Stim_LeftScreenInstruction: autoDraw = False
334.8468 	EXP 	Stim_RightScreenInstruction: autoDraw = False
334.8468 	EXP 	Feedback: foreColor = <psychopy.colors.Color: yellow, alpha=1.0>
334.8468 	EXP 	Fix: autoDraw = True
335.3470 	EXP 	Feedback: autoDraw = True
335.3647 	EXP 	Fix: autoDraw = False
336.8481 	INFO 	Keyboard events cleared
336.8480 	EXP 	Fix: autoDraw = False
336.8480 	EXP 	Feedback: autoDraw = False
336.8480 	EXP 	Instructions_Space: autoDraw = True
338.0030 	EXP 	Device response: <KeyPress from None: t=337.9956371667795, value=space, duration=None>
338.0187 	EXP 	Imported PracticeTrials/PracticeTrials4.xlsx as conditions, 5 conditions, 9 params
338.0192 	EXP 	New trial (rep=0, index=0): <Trial 0 (0 in rep 0) data={'ID': 1, 'Weight': 1, 'Nested': None, 'Procedure': 'PracticeTrialsPROC', 'Stimulus': 'VM Stimuli/Place1.bmp', 'TargetType': 'nontarget', 'CorrectResponse': 'Nontarget', 'StimType': 'Place', 'BlockType': '2-Back', 'thisN': 0, 'thisTrialN': 0, 'thisRepN': 0}>
338.0298 	DATA 	Keypress: space
338.0411 	INFO 	Keyboard events cleared
338.0410 	EXP 	Instructions_Space: autoDraw = False
338.0410 	EXP 	Stim: image = 'VM Stimuli/Place1.bmp'
338.0410 	EXP 	Stim: autoDraw = True
338.0410 	EXP 	Stim_LeftScreenInstruction: autoDraw = True
338.0410 	EXP 	Stim_RightScreenInstruction: autoDraw = True
338.1005 	EXP 	Device response: <KeyPress from None: t=337.9956371667795, value=space, duration=0.09173120791092515>
340.0151 	EXP 	Stim: autoDraw = False
340.0151 	EXP 	Stim_LeftScreenInstruction: autoDraw = False
340.0151 	EXP 	Stim_RightScreenInstruction: autoDraw = False
340.0151 	EXP 	Feedback: foreColor = <psychopy.colors.Color: yellow, alpha=1.0>
340.0151 	EXP 	Fix: autoDraw = True
340.5039 	EXP 	Feedback: autoDraw = True
340.5144 	EXP 	Fix: autoDraw = False
341.9981 	EXP 	New trial (rep=0, index=1): <Trial 1 (1 in rep 0) data={'ID': 2, 'Weight': 1, 'Nested': None, 'Procedure': 'PracticeTrialsPROC', 'Stimulus': 'VM Stimuli/Place5.bmp', 'TargetType': 'nontarget', 'CorrectResponse': 'Nontarget', 'StimType': 'Place', 'BlockType': '2-Back', 'thisN': 1, 'thisTrialN': 1, 'thisRepN': 0}>
342.0204 	INFO 	Keyboard events cleared
342.0203 	EXP 	Feedback: autoDraw = False
342.0203 	EXP 	Fix: autoDraw = False
342.0203 	EXP 	Feedback: autoDraw = False
342.0203 	EXP 	Stim: image = 'VM Stimuli/Place5.bmp'
342.0203 	EXP 	Stim: autoDraw = True
342.0203 	EXP 	Stim_LeftScreenInstruction: autoDraw = True
342.0203 	EXP 	Stim_RightScreenInstruction: autoDraw = True
344.0310 	EXP 	Stim: autoDraw = False
344.0310 	EXP 	Stim_LeftScreenInstruction: autoDraw = False
344.0310 	EXP 	Stim_RightScreenInstruction: autoDraw = False
344.0310 	EXP 	Feedback: foreColor = <psychopy.colors.Color: yellow, alpha=1.0>
344.0310 	EXP 	Fix: autoDraw = True
344.5011 	EXP 	Feedback: autoDraw = True
344.5243 	EXP 	Fix: autoDraw = False
345.9924 	EXP 	New trial (rep=0, index=2): <Trial 2 (2 in rep 0) data={'ID': 3, 'Weight': 1, 'Nested': None, 'Procedure': 'PracticeTrialsPROC', 'Stimulus': 'VM Stimuli/Place1.bmp', 'TargetType': 'target', 'CorrectResponse': 'Target', 'StimType': 'Place', 'BlockType': '2-Back', 'thisN': 2, 'thisTrialN': 2, 'thisRepN': 0}>
346.0131 	INFO 	Keyboard events cleared
346.0130 	EXP 	Feedback: autoDraw = False
346.0130 	EXP 	Fix: autoDraw = False
346.0130 	EXP 	Feedback: autoDraw = False
346.0130 	EXP 	Stim: image = 'VM Stimuli/Place1.bmp'
346.0130 	EXP 	Stim: autoDraw = True
346.0130 	EXP 	Stim_LeftScreenInstruction: autoDraw = True
346.0130 	EXP 	Stim_RightScreenInstruction: autoDraw = True
348.0181 	EXP 	Stim: autoDraw = False
348.0181 	EXP 	Stim_LeftScreenInstruction: autoDraw = False
348.0181 	EXP 	Stim_RightScreenInstruction: autoDraw = False
348.0181 	EXP 	Feedback: foreColor = <psychopy.colors.Color: yellow, alpha=1.0>
348.0181 	EXP 	Fix: autoDraw = True
348.5045 	EXP 	Feedback: autoDraw = True
348.5151 	EXP 	Fix: autoDraw = False
349.9981 	EXP 	New trial (rep=0, index=3): <Trial 3 (3 in rep 0) data={'ID': 4, 'Weight': 1, 'Nested': None, 'Procedure': 'PracticeTrialsPROC', 'Stimulus': 'VM Stimuli/Place6.bmp', 'TargetType': 'nontarget', 'CorrectResponse': 'Nontarget', 'StimType': 'Place', 'BlockType': '2-Back', 'thisN': 3, 'thisTrialN': 3, 'thisRepN': 0}>
350.0217 	INFO 	Keyboard events cleared
350.0216 	EXP 	Feedback: autoDraw = False
350.0216 	EXP 	Fix: autoDraw = False
350.0216 	EXP 	Feedback: autoDraw = False
350.0216 	EXP 	Stim: image = 'VM Stimuli/Place6.bmp'
350.0216 	EXP 	Stim: autoDraw = True
350.0216 	EXP 	Stim_LeftScreenInstruction: autoDraw = True
350.0216 	EXP 	Stim_RightScreenInstruction: autoDraw = True
352.0193 	EXP 	Stim: autoDraw = False
352.0193 	EXP 	Stim_LeftScreenInstruction: autoDraw = False
352.0193 	EXP 	Stim_RightScreenInstruction: autoDraw = False
352.0193 	EXP 	Feedback: foreColor = <psychopy.colors.Color: yellow, alpha=1.0>
352.0193 	EXP 	Fix: autoDraw = True
352.5060 	EXP 	Feedback: autoDraw = True
352.5174 	EXP 	Fix: autoDraw = False
353.9962 	EXP 	New trial (rep=0, index=4): <Trial 4 (4 in rep 0) data={'ID': 5, 'Weight': 1, 'Nested': None, 'Procedure': 'PracticeTrialsPROC', 'Stimulus': 'VM Stimuli/Place1.bmp', 'TargetType': 'target', 'CorrectResponse': 'Target', 'StimType': 'Place', 'BlockType': '2-Back', 'thisN': 4, 'thisTrialN': 4, 'thisRepN': 0}>
354.0166 	INFO 	Keyboard events cleared
354.0165 	EXP 	Feedback: autoDraw = False
354.0165 	EXP 	Fix: autoDraw = False
354.0165 	EXP 	Feedback: autoDraw = False
354.0165 	EXP 	Stim: image = 'VM Stimuli/Place1.bmp'
354.0165 	EXP 	Stim: autoDraw = True
354.0165 	EXP 	Stim_LeftScreenInstruction: autoDraw = True
354.0165 	EXP 	Stim_RightScreenInstruction: autoDraw = True
356.0224 	EXP 	Stim: autoDraw = False
356.0224 	EXP 	Stim_LeftScreenInstruction: autoDraw = False
356.0224 	EXP 	Stim_RightScreenInstruction: autoDraw = False
356.0224 	EXP 	Feedback: foreColor = <psychopy.colors.Color: yellow, alpha=1.0>
356.0224 	EXP 	Fix: autoDraw = True
356.5127 	EXP 	Feedback: autoDraw = True
356.5231 	EXP 	Fix: autoDraw = False
358.0326 	INFO 	Keyboard events cleared
358.0325 	EXP 	Feedback: autoDraw = False
358.0325 	EXP 	Fix: autoDraw = False
358.0325 	EXP 	Feedback: autoDraw = False
358.0325 	EXP 	Instructions_36: autoDraw = True
358.0325 	EXP 	magenta_fixcross: autoDraw = True
358.0325 	EXP 	Instructions_37: autoDraw = True
373.7488 	EXP 	Device response: <KeyPress from None: t=373.7364702918567, value=space, duration=None>
373.7547 	DATA 	Keypress: space
373.7630 	INFO 	Keyboard events cleared
373.7629 	EXP 	Instructions_36: autoDraw = False
373.7629 	EXP 	magenta_fixcross: autoDraw = False
373.7629 	EXP 	Instructions_37: autoDraw = False
373.7629 	EXP 	Instructions_38: autoDraw = True
373.8012 	EXP 	Device response: <KeyPress from None: t=373.7364702918567, value=space, duration=0.05779837490990758>
379.6738 	EXP 	Device response: <KeyPress from None: t=379.66666249977425, value=escape, duration=None>
379.6788 	DATA 	Keypress: escape
379.6879 	EXP 	Device response: <KeyPress from None: t=379.6771952076815, value=f1, duration=None>
379.7316 	EXP 	Device response: <KeyPress from None: t=379.6771952076815, value=f1, duration=0.04573125019669533>
379.7434 	EXP 	Device response: <KeyPress from None: t=379.66666249977425, value=escape, duration=0.06887804204598069>
379.7435 	EXP 	EmoNback_Practice: status = STOPPED
379.7521 	EXP 	Instructions_38: autoDraw = False
379.7523 	EXP 	EmoNback_Practice: status = STOPPED
379.7967 	INFO 	saved data to '/Users/akashrathi/Documents/EDC_tasks/EmoNback/EmoNback_Practice/data/AANNNAAA_1_2.csv'
379.7979 	INFO 	saved data to /Users/akashrathi/Documents/EDC_tasks/EmoNback/EmoNback_Practice/data/AANNNAAA_1_2.psydat
379.9544 	WARNING 	Stopping key buffers but this could be dangerous ifother keyboards rely on the same.
379.9545 	WARNING 	Stopping key buffers but this could be dangerous ifother keyboards rely on the same.
379.9545 	WARNING 	Stopping key buffers but this could be dangerous ifother keyboards rely on the same.
379.9545 	WARNING 	Stopping key buffers but this could be dangerous ifother keyboards rely on the same.
379.9545 	WARNING 	Stopping key buffers but this could be dangerous ifother keyboards rely on the same.
379.9545 	WARNING 	Stopping key buffers but this could be dangerous ifother keyboards rely on the same.
379.9545 	WARNING 	Stopping key buffers but this could be dangerous ifother keyboards rely on the same.
379.9546 	WARNING 	Stopping key buffers but this could be dangerous ifother keyboards rely on the same.
379.9546 	WARNING 	Stopping key buffers but this could be dangerous ifother keyboards rely on the same.
379.9546 	WARNING 	Stopping key buffers but this could be dangerous ifother keyboards rely on the same.
379.9546 	WARNING 	Stopping key buffers but this could be dangerous ifother keyboards rely on the same.
379.9546 	WARNING 	Stopping key buffers but this could be dangerous ifother keyboards rely on the same.
379.9546 	WARNING 	Stopping key buffers but this could be dangerous ifother keyboards rely on the same.
379.9546 	WARNING 	Stopping key buffers but this could be dangerous ifother keyboards rely on the same.
379.9546 	WARNING 	Stopping key buffers but this could be dangerous ifother keyboards rely on the same.
379.9546 	WARNING 	Stopping key buffers but this could be dangerous ifother keyboards rely on the same.
379.9546 	WARNING 	Stopping key buffers but this could be dangerous ifother keyboards rely on the same.
379.9546 	WARNING 	Stopping key buffers but this could be dangerous ifother keyboards rely on the same.
379.9546 	WARNING 	Stopping key buffers but this could be dangerous ifother keyboards rely on the same.
379.9546 	WARNING 	Stopping key buffers but this could be dangerous ifother keyboards rely on the same.
379.9546 	WARNING 	Stopping key buffers but this could be dangerous ifother keyboards rely on the same.
379.9546 	WARNING 	Stopping key buffers but this could be dangerous ifother keyboards rely on the same.
379.9546 	WARNING 	Stopping key buffers but this could be dangerous ifother keyboards rely on the same.
379.9546 	WARNING 	Stopping key buffers but this could be dangerous ifother keyboards rely on the same.
379.9546 	WARNING 	Stopping key buffers but this could be dangerous ifother keyboards rely on the same.
379.9547 	WARNING 	Stopping key buffers but this could be dangerous ifother keyboards rely on the same.
379.9547 	WARNING 	Stopping key buffers but this could be dangerous ifother keyboards rely on the same.
379.9547 	WARNING 	Stopping key buffers but this could be dangerous ifother keyboards rely on the same.
379.9547 	WARNING 	Stopping key buffers but this could be dangerous ifother keyboards rely on the same.
