31.8184 	WARNING 	Monitor specification not found. Creating a temporary one...
31.8312 	WARNING 	User requested fullscreen with size [1728 1117], but screen is actually [2240, 1260]. Using actual size
32.0107 	INFO 	Using renderer 'Apple M1' for graphics
32.0107 	INFO 	OpenGL version supported by driver is 2..
32.0274 	EXP 	Created window1 = Window(allowGUI=False, allowStencil=True, autoLog=True, backendConf=UNKNOWN, backgroundFit=<method-wrapper '__getattribute__' of attributeSetter object at 0x14c79a920>, backgroundImage=<method-wrapper '__getattribute__' of attributeSetter object at 0x14c79a980>, bitsMode=UNKNOWN, blendMode='avg', bpc=(8, 8, 8), color=array([0, 0, 0]), colorSpace='rgb', depthBits=8, fullscr=True, gamma=None, gammaErrorPolicy='raise', infoMsg=UNKNOWN, lms=UNKNOWN, monitor=<psychopy.monitors.calibTools.Monitor object at 0x14c4da4d0>, multiSample=False, name='window1', numSamples=2, pos=[np.float64(0.0), np.float64(0.0)], screen=0, size=array([4480, 2520]), stencilBits=8, stereo=False, title='PsychoPy', units='height', useFBO=True, useRetina=True, viewOri=0.0, viewPos=None, viewScale=None, waitBlanking=True, winType='pyglet')
32.0274 	EXP 	window1: backgroundImage = ''
32.0274 	EXP 	window1: backgroundFit = 'none'
32.4691 	INFO 	keyboard.Keyboard is using ptb backend.
32.5328 	INFO 	keyboard.Keyboard is using ptb backend.
32.5824 	INFO 	keyboard.Keyboard is using ptb backend.
32.6306 	INFO 	keyboard.Keyboard is using ptb backend.
32.6787 	INFO 	keyboard.Keyboard is using ptb backend.
32.7269 	INFO 	keyboard.Keyboard is using ptb backend.
32.7757 	INFO 	keyboard.Keyboard is using ptb backend.
32.8240 	INFO 	keyboard.Keyboard is using ptb backend.
32.8721 	INFO 	keyboard.Keyboard is using ptb backend.
32.9202 	INFO 	keyboard.Keyboard is using ptb backend.
32.9690 	INFO 	keyboard.Keyboard is using ptb backend.
33.0173 	INFO 	keyboard.Keyboard is using ptb backend.
33.0655 	INFO 	keyboard.Keyboard is using ptb backend.
33.1137 	INFO 	keyboard.Keyboard is using ptb backend.
33.1625 	INFO 	keyboard.Keyboard is using ptb backend.
33.2108 	INFO 	keyboard.Keyboard is using ptb backend.
33.2590 	INFO 	keyboard.Keyboard is using ptb backend.
33.3079 	INFO 	keyboard.Keyboard is using ptb backend.
33.3571 	INFO 	keyboard.Keyboard is using ptb backend.
33.4060 	INFO 	keyboard.Keyboard is using ptb backend.
33.4552 	INFO 	keyboard.Keyboard is using ptb backend.
33.5034 	INFO 	keyboard.Keyboard is using ptb backend.
33.5516 	INFO 	keyboard.Keyboard is using ptb backend.
33.5996 	INFO 	keyboard.Keyboard is using ptb backend.
33.6477 	INFO 	keyboard.Keyboard is using ptb backend.
33.6982 	INFO 	keyboard.Keyboard is using ptb backend.
33.7464 	INFO 	keyboard.Keyboard is using ptb backend.
33.7952 	INFO 	keyboard.Keyboard is using ptb backend.
33.8435 	INFO 	keyboard.Keyboard is using ptb backend.
33.8917 	INFO 	keyboard.Keyboard is using ptb backend.
33.9399 	INFO 	keyboard.Keyboard is using ptb backend.
33.9400 	EXP 	EmoNback_Practice: status = STARTED
34.2035 	EXP 	Created Face_image = ImageStim(__class__=<class 'psychopy.visual.image.ImageStim'>, anchor=('center', 'center'), autoLog=True, color=array([1., 1., 1.]), colorSpace='rgb', contrast=1.0, depth=-4.0, draggable=False, flipHoriz=np.False_, flipVert=np.False_, image='VM Stimuli/PracticeNC1.bmp', interpolate=True, mask=None, maskParams=None, name='Face_image', opacity=1, ori=0.0, pos=array([-0.3, -0.1]), size=array([0.3, 0.3]), texRes=128.0, units='height', win=Window(...))
34.2105 	EXP 	Created Place_Image = ImageStim(__class__=<class 'psychopy.visual.image.ImageStim'>, anchor=('center', 'center'), autoLog=True, color=array([1., 1., 1.]), colorSpace='rgb', contrast=1.0, depth=-5.0, draggable=False, flipHoriz=np.False_, flipVert=np.False_, image='VM Stimuli/Place1.bmp', interpolate=True, mask=None, maskParams=None, name='Place_Image', opacity=1, ori=0.0, pos=array([ 0.3, -0.1]), size=array([0.3, 0.3]), texRes=128.0, units='height', win=Window(...))
34.2519 	EXP 	Created TargetImage = ImageStim(__class__=<class 'psychopy.visual.image.ImageStim'>, anchor=('center', 'center'), autoLog=True, color=array([1., 1., 1.]), colorSpace='rgb', contrast=1.0, depth=-3.0, draggable=False, flipHoriz=np.False_, flipVert=np.False_, image='VM Stimuli/PracticeNC1.bmp', interpolate=True, mask=None, maskParams=None, name='TargetImage', opacity=1, ori=0.0, pos=array([0.2, 0. ]), size=array([0.22, 0.22]), texRes=128.0, units='height', win=Window(...))
34.2682 	EXP 	Created TargetImage_2 = ImageStim(__class__=<class 'psychopy.visual.image.ImageStim'>, anchor=('center', 'center'), autoLog=True, color=array([1., 1., 1.]), colorSpace='rgb', contrast=1.0, depth=-2.0, draggable=False, flipHoriz=np.False_, flipVert=np.False_, image='VM Stimuli/PracticeNC1.bmp', interpolate=True, mask=None, maskParams=None, name='TargetImage_2', opacity=1, ori=0.0, pos=array([0., 0.]), size=array([0.22, 0.22]), texRes=128.0, units='height', win=Window(...))
34.3046 	EXP 	Created TargetImage_4 = ImageStim(__class__=<class 'psychopy.visual.image.ImageStim'>, anchor=('center', 'center'), autoLog=True, color=array([1., 1., 1.]), colorSpace='rgb', contrast=1.0, depth=-2.0, draggable=False, flipHoriz=np.False_, flipVert=np.False_, image='VM Stimuli/PracticeNC1.bmp', interpolate=True, mask=None, maskParams=None, name='TargetImage_4', opacity=1, ori=0.0, pos=array([0., 0.]), size=array([0.22, 0.22]), texRes=128.0, units='height', win=Window(...))
34.3501 	EXP 	Created TargetImage_3 = ImageStim(__class__=<class 'psychopy.visual.image.ImageStim'>, anchor=('center', 'center'), autoLog=True, color=array([1., 1., 1.]), colorSpace='rgb', contrast=1.0, depth=-3.0, draggable=False, flipHoriz=np.False_, flipVert=np.False_, image='VM Stimuli/PracticeFO1.bmp', interpolate=True, mask=None, maskParams=None, name='TargetImage_3', opacity=1, ori=0.0, pos=array([0., 0.]), size=array([0.22, 0.22]), texRes=128.0, units='height', win=Window(...))
34.3662 	EXP 	Created TargetImage_5 = ImageStim(__class__=<class 'psychopy.visual.image.ImageStim'>, anchor=('center', 'center'), autoLog=True, color=array([1., 1., 1.]), colorSpace='rgb', contrast=1.0, depth=-3.0, draggable=False, flipHoriz=np.False_, flipVert=np.False_, image='VM Stimuli/PracticeFO1.bmp', interpolate=True, mask=None, maskParams=None, name='TargetImage_5', opacity=1, ori=0.0, pos=array([0., 0.]), size=array([0.22, 0.22]), texRes=128.0, units='height', win=Window(...))
34.4818 	EXP 	Created CueTargetImage_1 = ImageStim(__class__=<class 'psychopy.visual.image.ImageStim'>, anchor=('center', 'center'), autoLog=True, color=array([1., 1., 1.]), colorSpace='rgb', contrast=1.0, depth=-2.0, draggable=False, flipHoriz=np.False_, flipVert=np.False_, image='VM Stimuli/PracticeNC1.bmp', interpolate=True, mask=None, maskParams=None, name='CueTargetImage_1', opacity=1, ori=0.0, pos=array([0.25, 0.  ]), size=array([0.4, 0.4]), texRes=128.0, units='height', win=Window(...))
34.5026 	EXP 	Created Stim = ImageStim(__class__=<class 'psychopy.visual.image.ImageStim'>, anchor=('center', 'center'), autoLog=True, color=array([1., 1., 1.]), colorSpace='rgb', contrast=1.0, depth=-2.0, draggable=False, flipHoriz=np.False_, flipVert=np.False_, image='default.png', interpolate=True, mask=None, maskParams=None, name='Stim', opacity=1, ori=0.0, pos=array([0. , 0.1]), size=array([0.4, 0.4]), texRes=128.0, units='height', win=Window(...))
34.5738 	EXP 	Created CueTargetImage_2 = ImageStim(__class__=<class 'psychopy.visual.image.ImageStim'>, anchor=('center', 'center'), autoLog=True, color=array([1., 1., 1.]), colorSpace='rgb', contrast=1.0, depth=-2.0, draggable=False, flipHoriz=np.False_, flipVert=np.False_, image='VM Stimuli/Place1.bmp', interpolate=True, mask=None, maskParams=None, name='CueTargetImage_2', opacity=1, ori=0.0, pos=array([0.25, 0.  ]), size=array([0.4, 0.4]), texRes=128.0, units='height', win=Window(...))
34.5841 	EXP 	Created Stim = ImageStim(__class__=<class 'psychopy.visual.image.ImageStim'>, anchor=('center', 'center'), autoLog=True, color=array([1., 1., 1.]), colorSpace='rgb', contrast=1.0, depth=-2.0, draggable=False, flipHoriz=np.False_, flipVert=np.False_, image='default.png', interpolate=True, mask=None, maskParams=None, name='Stim', opacity=1, ori=0.0, pos=array([0. , 0.1]), size=array([0.4, 0.4]), texRes=128.0, units='height', win=Window(...))
34.6412 	EXP 	Created Example_Stim = ImageStim(__class__=<class 'psychopy.visual.image.ImageStim'>, anchor=('center', 'center'), autoLog=True, color=array([1., 1., 1.]), colorSpace='rgb', contrast=1.0, depth=-2.0, draggable=False, flipHoriz=np.False_, flipVert=np.False_, image='default.png', interpolate=True, mask=None, maskParams=None, name='Example_Stim', opacity=1, ori=0.0, pos=array([0., 0.]), size=array([0.22, 0.22]), texRes=128.0, units='height', win=Window(...))
34.6718 	EXP 	Created One_Back_Example_Stim = ImageStim(__class__=<class 'psychopy.visual.image.ImageStim'>, anchor=('center', 'center'), autoLog=True, color=array([1., 1., 1.]), colorSpace='rgb', contrast=1.0, depth=-2.0, draggable=False, flipHoriz=np.False_, flipVert=np.False_, image='VM Stimuli/PracticeFO1.bmp', interpolate=True, mask=None, maskParams=None, name='One_Back_Example_Stim', opacity=1, ori=0.0, pos=array([-0.3,  0. ]), size=array([0.15, 0.15]), texRes=128.0, units='height', win=Window(...))
34.6749 	EXP 	Created Example_Stim_2 = ImageStim(__class__=<class 'psychopy.visual.image.ImageStim'>, anchor=('center', 'center'), autoLog=True, color=array([1., 1., 1.]), colorSpace='rgb', contrast=1.0, depth=-3.0, draggable=False, flipHoriz=np.False_, flipVert=np.False_, image='default.png', interpolate=True, mask=None, maskParams=None, name='Example_Stim_2', opacity=1, ori=0.0, pos=array([0., 0.]), size=array([0.22, 0.22]), texRes=128.0, units='height', win=Window(...))
34.6963 	EXP 	Created Green_Border = Rect(__class__=<class 'psychopy.visual.rect.Rect'>, anchor=('center', 'center'), autoDraw=False, autoLog=True, closeShape=True, color=method-wrapper(...), colorSpace='rgb', contrast=None, depth=-2.0, draggable=False, fillColor=array([-0.60784314,  0.60784314, -0.60784314]), fillColorSpace='rgb', fillRGB=array([-0.60784314,  0.60784314, -0.60784314]), interpolate=True, lineColor=array([-0.60784314,  0.60784314, -0.60784314]), lineColorSpace='rgb', lineRGB=array([-0.60784314,  0.60784314, -0.60784314]), lineWidth=1.0, name='Green_Border', opacity=1.0, ori=0.0, pos=array([-0.5,  0. ]), size=array([0.15, 0.15]), units='height', vertices=ndarray(...), win=Window(...))
34.6984 	EXP 	Created Two_Back_Example_Stim = ImageStim(__class__=<class 'psychopy.visual.image.ImageStim'>, anchor=('center', 'center'), autoLog=True, color=array([1., 1., 1.]), colorSpace='rgb', contrast=1.0, depth=-3.0, draggable=False, flipHoriz=np.False_, flipVert=np.False_, image='VM Stimuli/PracticeFO1.bmp', interpolate=True, mask=None, maskParams=None, name='Two_Back_Example_Stim', opacity=1, ori=0.0, pos=array([-0.5,  0. ]), size=array([0.13, 0.13]), texRes=128.0, units='height', win=Window(...))
34.7031 	EXP 	Created One_Back_Example_Stim_2 = ImageStim(__class__=<class 'psychopy.visual.image.ImageStim'>, anchor=('center', 'center'), autoLog=True, color=array([1., 1., 1.]), colorSpace='rgb', contrast=1.0, depth=-4.0, draggable=False, flipHoriz=np.False_, flipVert=np.False_, image='VM Stimuli/PracticeFO2.bmp', interpolate=True, mask=None, maskParams=None, name='One_Back_Example_Stim_2', opacity=1, ori=0.0, pos=array([-0.3,  0. ]), size=array([0.15, 0.15]), texRes=128.0, units='height', win=Window(...))
34.7063 	EXP 	Created Example_Stim_3 = ImageStim(__class__=<class 'psychopy.visual.image.ImageStim'>, anchor=('center', 'center'), autoLog=True, color=array([1., 1., 1.]), colorSpace='rgb', contrast=1.0, depth=-5.0, draggable=False, flipHoriz=np.False_, flipVert=np.False_, image='default.png', interpolate=True, mask=None, maskParams=None, name='Example_Stim_3', opacity=1, ori=0.0, pos=array([0., 0.]), size=array([0.22, 0.22]), texRes=128.0, units='height', win=Window(...))
34.7291 	EXP 	Created Two_Back_Example_Stim_2 = ImageStim(__class__=<class 'psychopy.visual.image.ImageStim'>, anchor=('center', 'center'), autoLog=True, color=array([1., 1., 1.]), colorSpace='rgb', contrast=1.0, depth=-2.0, draggable=False, flipHoriz=np.False_, flipVert=np.False_, image='VM Stimuli/PracticeFO2.bmp', interpolate=True, mask=None, maskParams=None, name='Two_Back_Example_Stim_2', opacity=1, ori=0.0, pos=array([-0.5,  0. ]), size=array([0.13, 0.13]), texRes=128.0, units='height', win=Window(...))
34.7308 	EXP 	Created One_Back_Example_Stim_3 = ImageStim(__class__=<class 'psychopy.visual.image.ImageStim'>, anchor=('center', 'center'), autoLog=True, color=array([1., 1., 1.]), colorSpace='rgb', contrast=1.0, depth=-3.0, draggable=False, flipHoriz=np.False_, flipVert=np.False_, image='VM Stimuli/PracticeFO1.bmp', interpolate=True, mask=None, maskParams=None, name='One_Back_Example_Stim_3', opacity=1, ori=0.0, pos=array([-0.3,  0. ]), size=array([0.15, 0.15]), texRes=128.0, units='height', win=Window(...))
34.7340 	EXP 	Created Example_Stim_4 = ImageStim(__class__=<class 'psychopy.visual.image.ImageStim'>, anchor=('center', 'center'), autoLog=True, color=array([1., 1., 1.]), colorSpace='rgb', contrast=1.0, depth=-4.0, draggable=False, flipHoriz=np.False_, flipVert=np.False_, image='default.png', interpolate=True, mask=None, maskParams=None, name='Example_Stim_4', opacity=1, ori=0.0, pos=array([0., 0.]), size=array([0.22, 0.22]), texRes=128.0, units='height', win=Window(...))
34.7682 	EXP 	Created Example_Stim_5 = ImageStim(__class__=<class 'psychopy.visual.image.ImageStim'>, anchor=('center', 'center'), autoLog=True, color=array([1., 1., 1.]), colorSpace='rgb', contrast=1.0, depth=-2.0, draggable=False, flipHoriz=np.False_, flipVert=np.False_, image='VM Stimuli/PracticeFO2.bmp', interpolate=True, mask=None, maskParams=None, name='Example_Stim_5', opacity=1, ori=0.0, pos=array([0., 0.]), size=array([0.3, 0.3]), texRes=128.0, units='height', win=Window(...))
34.7908 	EXP 	Created Example_Stim_6 = ImageStim(__class__=<class 'psychopy.visual.image.ImageStim'>, anchor=('center', 'center'), autoLog=True, color=array([1., 1., 1.]), colorSpace='rgb', contrast=1.0, depth=-2.0, draggable=False, flipHoriz=np.False_, flipVert=np.False_, image='VM Stimuli/PracticeFO2.bmp', interpolate=True, mask=None, maskParams=None, name='Example_Stim_6', opacity=1, ori=0.0, pos=array([0., 0.]), size=array([0.3, 0.3]), texRes=128.0, units='height', win=Window(...))
34.8130 	EXP 	Created Example_Stim_7 = ImageStim(__class__=<class 'psychopy.visual.image.ImageStim'>, anchor=('center', 'center'), autoLog=True, color=array([1., 1., 1.]), colorSpace='rgb', contrast=1.0, depth=-2.0, draggable=False, flipHoriz=np.False_, flipVert=np.False_, image='VM Stimuli/PracticeFO3.bmp', interpolate=True, mask=None, maskParams=None, name='Example_Stim_7', opacity=1, ori=0.0, pos=array([0., 0.]), size=array([0.3, 0.3]), texRes=128.0, units='height', win=Window(...))
34.8359 	EXP 	Created One_Back_Example_Stim_4 = ImageStim(__class__=<class 'psychopy.visual.image.ImageStim'>, anchor=('center', 'center'), autoLog=True, color=array([1., 1., 1.]), colorSpace='rgb', contrast=1.0, depth=-2.0, draggable=False, flipHoriz=np.False_, flipVert=np.False_, image='VM Stimuli/PracticeFO2.bmp', interpolate=True, mask=None, maskParams=None, name='One_Back_Example_Stim_4', opacity=1, ori=0.0, pos=array([-0.3,  0. ]), size=array([0.15, 0.15]), texRes=128.0, units='height', win=Window(...))
34.8377 	EXP 	Created Example_Stim_8 = ImageStim(__class__=<class 'psychopy.visual.image.ImageStim'>, anchor=('center', 'center'), autoLog=True, color=array([1., 1., 1.]), colorSpace='rgb', contrast=1.0, depth=-3.0, draggable=False, flipHoriz=np.False_, flipVert=np.False_, image='VM Stimuli/PracticeFO3.bmp', interpolate=True, mask=None, maskParams=None, name='Example_Stim_8', opacity=1, ori=0.0, pos=array([0., 0.]), size=array([0.3, 0.3]), texRes=128.0, units='height', win=Window(...))
34.8603 	EXP 	Created Example_Stim_9 = ImageStim(__class__=<class 'psychopy.visual.image.ImageStim'>, anchor=('center', 'center'), autoLog=True, color=array([1., 1., 1.]), colorSpace='rgb', contrast=1.0, depth=-2.0, draggable=False, flipHoriz=np.False_, flipVert=np.False_, image='VM Stimuli/PracticeFO1.bmp', interpolate=True, mask=None, maskParams=None, name='Example_Stim_9', opacity=1, ori=0.0, pos=array([0., 0.]), size=array([0.3, 0.3]), texRes=128.0, units='height', win=Window(...))
34.8842 	EXP 	Created Two_Back_Example_Stim_3 = ImageStim(__class__=<class 'psychopy.visual.image.ImageStim'>, anchor=('center', 'center'), autoLog=True, color=array([1., 1., 1.]), colorSpace='rgb', contrast=1.0, depth=-2.0, draggable=False, flipHoriz=np.False_, flipVert=np.False_, image='VM Stimuli/PracticeFO2.bmp', interpolate=True, mask=None, maskParams=None, name='Two_Back_Example_Stim_3', opacity=1, ori=0.0, pos=array([-0.5,  0. ]), size=array([0.15, 0.15]), texRes=128.0, units='height', win=Window(...))
34.8872 	EXP 	Created One_Back_Example_Stim_5 = ImageStim(__class__=<class 'psychopy.visual.image.ImageStim'>, anchor=('center', 'center'), autoLog=True, color=array([1., 1., 1.]), colorSpace='rgb', contrast=1.0, depth=-3.0, draggable=False, flipHoriz=np.False_, flipVert=np.False_, image='VM Stimuli/PracticeFO3.bmp', interpolate=True, mask=None, maskParams=None, name='One_Back_Example_Stim_5', opacity=1, ori=0.0, pos=array([-0.3,  0. ]), size=array([0.15, 0.15]), texRes=128.0, units='height', win=Window(...))
34.8894 	EXP 	Created Example_Stim_10 = ImageStim(__class__=<class 'psychopy.visual.image.ImageStim'>, anchor=('center', 'center'), autoLog=True, color=array([1., 1., 1.]), colorSpace='rgb', contrast=1.0, depth=-4.0, draggable=False, flipHoriz=np.False_, flipVert=np.False_, image='VM Stimuli/PracticeFO1.bmp', interpolate=True, mask=None, maskParams=None, name='Example_Stim_10', opacity=1, ori=0.0, pos=array([0., 0.]), size=array([0.3, 0.3]), texRes=128.0, units='height', win=Window(...))
34.9121 	EXP 	Created Example_Stim_12 = ImageStim(__class__=<class 'psychopy.visual.image.ImageStim'>, anchor=('center', 'center'), autoLog=True, color=array([1., 1., 1.]), colorSpace='rgb', contrast=1.0, depth=-2.0, draggable=False, flipHoriz=np.False_, flipVert=np.False_, image='VM Stimuli/PracticeFO3.bmp', interpolate=True, mask=None, maskParams=None, name='Example_Stim_12', opacity=1, ori=0.0, pos=array([0., 0.]), size=array([0.3, 0.3]), texRes=128.0, units='height', win=Window(...))
34.9338 	EXP 	Created Green_Border_2 = Rect(__class__=<class 'psychopy.visual.rect.Rect'>, anchor=('center', 'center'), autoDraw=False, autoLog=True, closeShape=True, color=method-wrapper(...), colorSpace='rgb', contrast=None, depth=-2.0, draggable=False, fillColor=array([-0.60784314,  0.60784314, -0.60784314]), fillColorSpace='rgb', fillRGB=array([-0.60784314,  0.60784314, -0.60784314]), interpolate=True, lineColor=array([-0.60784314,  0.60784314, -0.60784314]), lineColorSpace='rgb', lineRGB=array([-0.60784314,  0.60784314, -0.60784314]), lineWidth=1.0, name='Green_Border_2', opacity=1.0, ori=0.0, pos=array([-0.5,  0. ]), size=array([0.15, 0.15]), units='height', vertices=ndarray(...), win=Window(...))
34.9359 	EXP 	Created Two_Back_Example_Stim_4 = ImageStim(__class__=<class 'psychopy.visual.image.ImageStim'>, anchor=('center', 'center'), autoLog=True, color=array([1., 1., 1.]), colorSpace='rgb', contrast=1.0, depth=-3.0, draggable=False, flipHoriz=np.False_, flipVert=np.False_, image='VM Stimuli/PracticeFO3.bmp', interpolate=True, mask=None, maskParams=None, name='Two_Back_Example_Stim_4', opacity=1, ori=0.0, pos=array([-0.5,  0. ]), size=array([0.13, 0.13]), texRes=128.0, units='height', win=Window(...))
34.9377 	EXP 	Created One_Back_Example_Stim_6 = ImageStim(__class__=<class 'psychopy.visual.image.ImageStim'>, anchor=('center', 'center'), autoLog=True, color=array([1., 1., 1.]), colorSpace='rgb', contrast=1.0, depth=-4.0, draggable=False, flipHoriz=np.False_, flipVert=np.False_, image='VM Stimuli/PracticeFO1.bmp', interpolate=True, mask=None, maskParams=None, name='One_Back_Example_Stim_6', opacity=1, ori=0.0, pos=array([-0.3,  0. ]), size=array([0.15, 0.15]), texRes=128.0, units='height', win=Window(...))
34.9394 	EXP 	Created Example_Stim_11 = ImageStim(__class__=<class 'psychopy.visual.image.ImageStim'>, anchor=('center', 'center'), autoLog=True, color=array([1., 1., 1.]), colorSpace='rgb', contrast=1.0, depth=-5.0, draggable=False, flipHoriz=np.False_, flipVert=np.False_, image='VM Stimuli/PracticeFO3.bmp', interpolate=True, mask=None, maskParams=None, name='Example_Stim_11', opacity=1, ori=0.0, pos=array([0., 0.]), size=array([0.3, 0.3]), texRes=128.0, units='height', win=Window(...))
34.9768 	EXP 	Created Stim = ImageStim(__class__=<class 'psychopy.visual.image.ImageStim'>, anchor=('center', 'center'), autoLog=True, color=array([1., 1., 1.]), colorSpace='rgb', contrast=1.0, depth=-2.0, draggable=False, flipHoriz=np.False_, flipVert=np.False_, image='default.png', interpolate=True, mask=None, maskParams=None, name='Stim', opacity=1, ori=0.0, pos=array([0. , 0.1]), size=array([0.4, 0.4]), texRes=128.0, units='height', win=Window(...))
35.0145 	EXP 	Created Stim = ImageStim(__class__=<class 'psychopy.visual.image.ImageStim'>, anchor=('center', 'center'), autoLog=True, color=array([1., 1., 1.]), colorSpace='rgb', contrast=1.0, depth=-2.0, draggable=False, flipHoriz=np.False_, flipVert=np.False_, image='default.png', interpolate=True, mask=None, maskParams=None, name='Stim', opacity=1, ori=0.0, pos=array([0. , 0.1]), size=array([0.4, 0.4]), texRes=128.0, units='height', win=Window(...))
35.3266 	EXP 	Created Stim = ImageStim(__class__=<class 'psychopy.visual.image.ImageStim'>, anchor=('center', 'center'), autoLog=True, color=array([1., 1., 1.]), colorSpace='rgb', contrast=1.0, depth=-2.0, draggable=False, flipHoriz=np.False_, flipVert=np.False_, image='default.png', interpolate=True, mask=None, maskParams=None, name='Stim', opacity=1, ori=0.0, pos=array([0. , 0.1]), size=array([0.4, 0.4]), texRes=128.0, units='height', win=Window(...))
35.3716 	EXP 	Created CueTargetImage_6 = ImageStim(__class__=<class 'psychopy.visual.image.ImageStim'>, anchor=('center', 'center'), autoLog=True, color=array([1., 1., 1.]), colorSpace='rgb', contrast=1.0, depth=-2.0, draggable=False, flipHoriz=np.False_, flipVert=np.False_, image='VM Stimuli/Place3.bmp', interpolate=True, mask=None, maskParams=None, name='CueTargetImage_6', opacity=1, ori=0.0, pos=array([0.25, 0.  ]), size=array([0.4, 0.4]), texRes=128.0, units='height', win=Window(...))
35.3817 	EXP 	Created Stim = ImageStim(__class__=<class 'psychopy.visual.image.ImageStim'>, anchor=('center', 'center'), autoLog=True, color=array([1., 1., 1.]), colorSpace='rgb', contrast=1.0, depth=-2.0, draggable=False, flipHoriz=np.False_, flipVert=np.False_, image='default.png', interpolate=True, mask=None, maskParams=None, name='Stim', opacity=1, ori=0.0, pos=array([0. , 0.1]), size=array([0.4, 0.4]), texRes=128.0, units='height', win=Window(...))
35.4257 	EXP 	Created Stim = ImageStim(__class__=<class 'psychopy.visual.image.ImageStim'>, anchor=('center', 'center'), autoLog=True, color=array([1., 1., 1.]), colorSpace='rgb', contrast=1.0, depth=-2.0, draggable=False, flipHoriz=np.False_, flipVert=np.False_, image='default.png', interpolate=True, mask=None, maskParams=None, name='Stim', opacity=1, ori=0.0, pos=array([0. , 0.1]), size=array([0.4, 0.4]), texRes=128.0, units='height', win=Window(...))
35.4710 	EXP 	Created CueTargetImage_8 = ImageStim(__class__=<class 'psychopy.visual.image.ImageStim'>, anchor=('center', 'center'), autoLog=True, color=array([1., 1., 1.]), colorSpace='rgb', contrast=1.0, depth=-2.0, draggable=False, flipHoriz=np.False_, flipVert=np.False_, image='VM Stimuli/PracticeNC2.bmp', interpolate=True, mask=None, maskParams=None, name='CueTargetImage_8', opacity=1, ori=0.0, pos=array([0.25, 0.  ]), size=array([0.4, 0.4]), texRes=128.0, units='height', win=Window(...))
35.4809 	EXP 	Created Stim = ImageStim(__class__=<class 'psychopy.visual.image.ImageStim'>, anchor=('center', 'center'), autoLog=True, color=array([1., 1., 1.]), colorSpace='rgb', contrast=1.0, depth=-2.0, draggable=False, flipHoriz=np.False_, flipVert=np.False_, image='default.png', interpolate=True, mask=None, maskParams=None, name='Stim', opacity=1, ori=0.0, pos=array([0. , 0.1]), size=array([0.4, 0.4]), texRes=128.0, units='height', win=Window(...))
0.0383 	EXP 	NbackTitle: autoLog = True
0.0383 	EXP 	Instructions_1: autoLog = True
0.0383 	EXP 	Label_faces: autoLog = True
0.0383 	EXP 	Places_label: autoLog = True
0.0383 	EXP 	Instructions_5pt5: autoLog = True
0.0383 	EXP 	Instructions_6: autoLog = True
0.0383 	EXP 	Instructions_6_Target: autoLog = True
0.0383 	EXP 	Instructions_7: autoLog = True
0.0383 	EXP 	Instructions_6_Match_2: autoLog = True
0.0383 	EXP 	Instructions_13: autoLog = True
0.0383 	EXP 	Instructions_6_Match_4: autoLog = True
0.0383 	EXP 	Instructions_6_Match_6: autoLog = True
0.0383 	EXP 	Instructions_10: autoLog = True
0.0383 	EXP 	Instructions_6_Match_3: autoLog = True
0.0383 	EXP 	Instructions_14: autoLog = True
0.0383 	EXP 	Instructions_6_Match_5: autoLog = True
0.0383 	EXP 	Instructions_6_Match_7: autoLog = True
0.0383 	EXP 	Instructions_6pt2: autoLog = True
0.0383 	EXP 	CueFix_1: autoLog = True
0.0383 	EXP 	CueTarget_1: autoLog = True
0.0383 	EXP 	Zero_back: autoLog = True
0.0383 	EXP 	Stim_LeftScreenInstruction: autoLog = True
0.0383 	EXP 	Stim_RightScreenInstruction: autoLog = True
0.0383 	EXP 	Fix: autoLog = True
0.0383 	EXP 	Feedback: autoLog = True
0.0383 	EXP 	Instructions_Space: autoLog = True
0.0383 	EXP 	CueFix_2: autoLog = True
0.0383 	EXP 	CueTarget_2: autoLog = True
0.0383 	EXP 	Zero_back_2: autoLog = True
0.0383 	EXP 	Stim_LeftScreenInstruction: autoLog = True
0.0383 	EXP 	Stim_RightScreenInstruction: autoLog = True
0.0383 	EXP 	Fix: autoLog = True
0.0383 	EXP 	Feedback: autoLog = True
0.0383 	EXP 	Instructions_Space: autoLog = True
0.0383 	EXP 	Instructions_8: autoLog = True
0.0383 	EXP 	Instructions_9: autoLog = True
0.0383 	EXP 	Example_LeftScreenInstruction: autoLog = True
0.0383 	EXP 	Example_RightScreenInstruction: autoLog = True
0.0383 	EXP 	Instructions_12: autoLog = True
0.0383 	EXP 	Instructions_21: autoLog = True
0.0383 	EXP 	Example_LeftScreenInstruction_2: autoLog = True
0.0383 	EXP 	Example_RightScreenInstruction_2: autoLog = True
0.0383 	EXP 	Instructions_24: autoLog = True
0.0383 	EXP 	Example_LeftScreenInstruction_3: autoLog = True
0.0383 	EXP 	Example_RightScreenInstruction_3: autoLog = True
0.0383 	EXP 	Instructions_25: autoLog = True
0.0383 	EXP 	Example_LeftScreenInstruction_4: autoLog = True
0.0383 	EXP 	Example_RightScreenInstruction_4: autoLog = True
0.0383 	EXP 	Instructions_15: autoLog = True
0.0383 	EXP 	Instructions_32: autoLog = True
0.0383 	EXP 	Example_LeftScreenInstruction_5: autoLog = True
0.0383 	EXP 	Example_RightScreenInstruction_5: autoLog = True
0.0383 	EXP 	Instructions_27: autoLog = True
0.0383 	EXP 	Example_LeftScreenInstruction_6: autoLog = True
0.0383 	EXP 	Example_RightScreenInstruction_6: autoLog = True
0.0383 	EXP 	Instructions_33: autoLog = True
0.0383 	EXP 	Example_LeftScreenInstruction_7: autoLog = True
0.0383 	EXP 	Example_RightScreenInstruction_7: autoLog = True
0.0383 	EXP 	Instructions_26: autoLog = True
0.0383 	EXP 	Example_LeftScreenInstruction_8: autoLog = True
0.0383 	EXP 	Example_RightScreenInstruction_8: autoLog = True
0.0383 	EXP 	Instructions: autoLog = True
0.0383 	EXP 	Example_LeftScreenInstruction_9: autoLog = True
0.0383 	EXP 	Example_RightScreenInstruction_9: autoLog = True
0.0383 	EXP 	Instructions_28: autoLog = True
0.0383 	EXP 	Example_LeftScreenInstruction_10: autoLog = True
0.0383 	EXP 	Example_RightScreenInstruction_10: autoLog = True
0.0383 	EXP 	Instructions_4: autoLog = True
0.0383 	EXP 	Example_LeftScreenInstruction_12: autoLog = True
0.0383 	EXP 	Example_RightScreenInstruction_12: autoLog = True
0.0383 	EXP 	Instructions_29: autoLog = True
0.0383 	EXP 	Example_LeftScreenInstruction_11: autoLog = True
0.0383 	EXP 	Example_RightScreenInstruction_11: autoLog = True
0.0383 	EXP 	Instructions_22: autoLog = True
0.0383 	EXP 	Instructions_30: autoLog = True
0.0383 	EXP 	Stim_LeftScreenInstruction: autoLog = True
0.0383 	EXP 	Stim_RightScreenInstruction: autoLog = True
0.0383 	EXP 	Fix: autoLog = True
0.0383 	EXP 	Feedback: autoLog = True
0.0383 	EXP 	Instructions_Space: autoLog = True
0.0383 	EXP 	Stim_LeftScreenInstruction: autoLog = True
0.0383 	EXP 	Stim_RightScreenInstruction: autoLog = True
0.0383 	EXP 	Fix: autoLog = True
0.0383 	EXP 	Feedback: autoLog = True
0.0383 	EXP 	Instructions_36: autoLog = True
0.0383 	EXP 	magenta_fixcross: autoLog = True
0.0383 	EXP 	Instructions_37: autoLog = True
0.0383 	EXP 	Instructions_38: autoLog = True
0.0383 	EXP 	CueFix_5: autoLog = True
0.0383 	EXP 	Cue_2Back: autoLog = True
0.0383 	EXP 	Stim_LeftScreenInstruction: autoLog = True
0.0383 	EXP 	Stim_RightScreenInstruction: autoLog = True
0.0383 	EXP 	Fix: autoLog = True
0.0383 	EXP 	Feedback: autoLog = True
0.0383 	EXP 	CueFix_6: autoLog = True
0.0383 	EXP 	CueTarget_6: autoLog = True
0.0383 	EXP 	Zero_back_3: autoLog = True
0.0383 	EXP 	Stim_LeftScreenInstruction: autoLog = True
0.0383 	EXP 	Stim_RightScreenInstruction: autoLog = True
0.0383 	EXP 	Fix: autoLog = True
0.0383 	EXP 	Feedback: autoLog = True
0.0383 	EXP 	CueFix_7: autoLog = True
0.0383 	EXP 	Cue_2Back_2: autoLog = True
0.0383 	EXP 	Stim_LeftScreenInstruction: autoLog = True
0.0383 	EXP 	Stim_RightScreenInstruction: autoLog = True
0.0383 	EXP 	Fix: autoLog = True
0.0383 	EXP 	Feedback: autoLog = True
0.0383 	EXP 	CueFix_8: autoLog = True
0.0383 	EXP 	CueTarget_8: autoLog = True
0.0383 	EXP 	Zero_back_4: autoLog = True
0.0383 	EXP 	Stim_LeftScreenInstruction: autoLog = True
0.0383 	EXP 	Stim_RightScreenInstruction: autoLog = True
0.0383 	EXP 	Fix: autoLog = True
0.0383 	EXP 	Feedback: autoLog = True
0.0383 	EXP 	AllDone: autoLog = True
0.0849 	INFO 	Keyboard events cleared
0.0845 	EXP 	NbackTitle: autoDraw = True
2.1138 	EXP 	Device response: <KeyPress from None: t=1.9333885838277638, value=space, duration=None>
2.1142 	EXP 	Device response: <KeyPress from None: t=1.9333885838277638, value=space, duration=0.1106526660732925>
2.1374 	DATA 	Keypress: space
2.1674 	INFO 	Keyboard events cleared
2.1671 	EXP 	NbackTitle: autoDraw = False
2.1671 	EXP 	Instructions_1: autoDraw = True
2.1671 	EXP 	Label_faces: autoDraw = True
2.1671 	EXP 	Places_label: autoDraw = True
2.1671 	EXP 	Face_image: autoDraw = True
2.1671 	EXP 	Place_Image: autoDraw = True
3.3145 	EXP 	Device response: <KeyPress from None: t=3.305614209268242, value=space, duration=None>
3.3239 	DATA 	Keypress: space
3.3322 	INFO 	Keyboard events cleared
3.3320 	EXP 	Instructions_1: autoDraw = False
3.3320 	EXP 	Label_faces: autoDraw = False
3.3320 	EXP 	Places_label: autoDraw = False
3.3320 	EXP 	Face_image: autoDraw = False
3.3320 	EXP 	Place_Image: autoDraw = False
3.3320 	EXP 	Instructions_5pt5: autoDraw = True
3.4242 	EXP 	Device response: <KeyPress from None: t=3.305614209268242, value=space, duration=0.11189291579648852>
4.5136 	EXP 	Device response: <KeyPress from None: t=4.50902608409524, value=space, duration=None>
4.5237 	DATA 	Keypress: space
4.5370 	INFO 	Keyboard events cleared
4.5369 	EXP 	Instructions_5pt5: autoDraw = False
4.5369 	EXP 	Instructions_6: autoDraw = True
4.5369 	EXP 	Instructions_6_Target: autoDraw = True
4.5369 	EXP 	TargetImage: autoDraw = True
4.6205 	EXP 	Device response: <KeyPress from None: t=4.50902608409524, value=space, duration=0.10251424973830581>
7.0810 	EXP 	Device response: <KeyPress from None: t=7.061575334053487, value=space, duration=None>
7.0904 	DATA 	Keypress: space
7.1031 	INFO 	Keyboard events cleared
7.1030 	EXP 	Instructions_6: autoDraw = False
7.1030 	EXP 	Instructions_6_Target: autoDraw = False
7.1030 	EXP 	TargetImage: autoDraw = False
7.1030 	EXP 	Instructions_7: autoDraw = True
7.1030 	EXP 	TargetImage_2: autoDraw = True
7.1030 	EXP 	Instructions_6_Match_2: autoDraw = True
7.1642 	EXP 	Device response: <KeyPress from None: t=7.061575334053487, value=space, duration=0.1012289160862565>
9.8532 	EXP 	Device response: <KeyPress from None: t=9.841868500225246, value=space, duration=None>
9.8582 	EXP 	Device response: <KeyPress from None: t=9.841868500225246, value=space, duration=0.012137374840676785>
9.8634 	DATA 	Keypress: space
9.8791 	INFO 	Keyboard events cleared
9.8790 	EXP 	Instructions_7: autoDraw = False
9.8790 	EXP 	TargetImage_2: autoDraw = False
9.8790 	EXP 	Instructions_6_Match_2: autoDraw = False
9.8790 	EXP 	Instructions_13: autoDraw = True
9.8790 	EXP 	TargetImage_4: autoDraw = True
9.8790 	EXP 	Instructions_6_Match_4: autoDraw = True
9.8790 	EXP 	Instructions_6_Match_6: autoDraw = True
11.1738 	EXP 	Device response: <KeyPress from None: t=11.169343875255436, value=left, duration=None>
11.1953 	DATA 	Keypress: left
11.2067 	INFO 	Keyboard events cleared
11.2065 	EXP 	Instructions_13: autoDraw = False
11.2065 	EXP 	TargetImage_4: autoDraw = False
11.2065 	EXP 	Instructions_6_Match_4: autoDraw = False
11.2065 	EXP 	Instructions_6_Match_6: autoDraw = False
11.2065 	EXP 	Instructions_10: autoDraw = True
11.2065 	EXP 	Instructions_6_Match_3: autoDraw = True
11.2065 	EXP 	TargetImage_3: autoDraw = True
11.2646 	EXP 	Device response: <KeyPress from None: t=11.169343875255436, value=left, duration=0.08871574979275465>
12.3616 	EXP 	Device response: <KeyPress from None: t=12.350441375281662, value=space, duration=None>
12.3703 	DATA 	Keypress: space
12.3854 	INFO 	Keyboard events cleared
12.3853 	EXP 	Instructions_10: autoDraw = False
12.3853 	EXP 	Instructions_6_Match_3: autoDraw = False
12.3853 	EXP 	TargetImage_3: autoDraw = False
12.3853 	EXP 	Instructions_14: autoDraw = True
12.3853 	EXP 	Instructions_6_Match_5: autoDraw = True
12.3853 	EXP 	TargetImage_5: autoDraw = True
12.3853 	EXP 	Instructions_6_Match_7: autoDraw = True
12.4499 	EXP 	Device response: <KeyPress from None: t=12.350441375281662, value=space, duration=0.09027216676622629>
14.2684 	EXP 	Device response: <KeyPress from None: t=14.262511083856225, value=right, duration=None>
14.2725 	DATA 	Keypress: right
14.2804 	INFO 	Keyboard events cleared
14.2803 	EXP 	Instructions_14: autoDraw = False
14.2803 	EXP 	Instructions_6_Match_5: autoDraw = False
14.2803 	EXP 	TargetImage_5: autoDraw = False
14.2803 	EXP 	Instructions_6_Match_7: autoDraw = False
14.2803 	EXP 	Instructions_6pt2: autoDraw = True
14.3577 	EXP 	Device response: <KeyPress from None: t=14.262511083856225, value=right, duration=0.08994200034067035>
15.5590 	EXP 	Device response: <KeyPress from None: t=15.555957584176213, value=space, duration=None>
15.5679 	DATA 	Keypress: space
15.5766 	EXP 	Instructions_6pt2: autoDraw = False
15.5766 	EXP 	CueFix_1: autoDraw = True
15.6757 	EXP 	Device response: <KeyPress from None: t=15.555957584176213, value=space, duration=0.11323333298787475>
16.0853 	EXP 	CueFix_1: autoDraw = False
16.0853 	EXP 	CueTarget_1: autoDraw = True
16.0853 	EXP 	CueTargetImage_1: autoDraw = True
16.0853 	EXP 	Zero_back: autoDraw = True
18.5754 	EXP 	Imported PracticeTrials/PracticeTrials1.xlsx as conditions, 5 conditions, 9 params
18.5763 	EXP 	New trial (rep=0, index=0): <Trial 0 (0 in rep 0) data={'ID': 2, 'Weight': 1, 'Nested': None, 'Procedure': 'PracticeTrialsPROC', 'Stimulus': 'VM Stimuli/PracticeNC2.bmp', 'TargetType': 'nontarget', 'CorrectResponse': 'Nontarget', 'StimType': 'NeutFace', 'BlockType': '0-Back', 'thisN': 0, 'thisTrialN': 0, 'thisRepN': 0}>
18.6265 	INFO 	Keyboard events cleared
18.6265 	EXP 	CueFix_1: autoDraw = False
18.6265 	EXP 	CueTarget_1: autoDraw = False
18.6265 	EXP 	CueTargetImage_1: autoDraw = False
18.6265 	EXP 	Zero_back: autoDraw = False
18.6265 	EXP 	Stim: image = 'VM Stimuli/PracticeNC2.bmp'
18.6265 	EXP 	Stim: autoDraw = True
18.6265 	EXP 	Stim_LeftScreenInstruction: autoDraw = True
18.6265 	EXP 	Stim_RightScreenInstruction: autoDraw = True
20.5885 	EXP 	Stim: autoDraw = False
20.5885 	EXP 	Stim_LeftScreenInstruction: autoDraw = False
20.5885 	EXP 	Stim_RightScreenInstruction: autoDraw = False
20.5885 	EXP 	Feedback: foreColor = <psychopy.colors.Color: yellow, alpha=1.0>
20.5885 	EXP 	Fix: autoDraw = True
21.0628 	EXP 	Feedback: autoDraw = True
21.0864 	EXP 	Fix: autoDraw = False
22.5522 	EXP 	New trial (rep=0, index=1): <Trial 1 (1 in rep 0) data={'ID': 3, 'Weight': 1, 'Nested': None, 'Procedure': 'PracticeTrialsPROC', 'Stimulus': 'VM Stimuli/PracticeNC1.bmp', 'TargetType': 'target', 'CorrectResponse': 'Target', 'StimType': 'NeutFace', 'BlockType': '0-Back', 'thisN': 1, 'thisTrialN': 1, 'thisRepN': 0}>
22.5776 	INFO 	Keyboard events cleared
22.5775 	EXP 	Feedback: autoDraw = False
22.5775 	EXP 	Fix: autoDraw = False
22.5775 	EXP 	Feedback: autoDraw = False
22.5775 	EXP 	Stim: image = 'VM Stimuli/PracticeNC1.bmp'
22.5775 	EXP 	Stim: autoDraw = True
22.5775 	EXP 	Stim_LeftScreenInstruction: autoDraw = True
22.5775 	EXP 	Stim_RightScreenInstruction: autoDraw = True
24.5744 	EXP 	Stim: autoDraw = False
24.5744 	EXP 	Stim_LeftScreenInstruction: autoDraw = False
24.5744 	EXP 	Stim_RightScreenInstruction: autoDraw = False
24.5744 	EXP 	Feedback: foreColor = <psychopy.colors.Color: yellow, alpha=1.0>
24.5744 	EXP 	Fix: autoDraw = True
25.0566 	EXP 	Feedback: autoDraw = True
25.0797 	EXP 	Fix: autoDraw = False
26.5479 	EXP 	New trial (rep=0, index=2): <Trial 2 (2 in rep 0) data={'ID': 4, 'Weight': 1, 'Nested': None, 'Procedure': 'PracticeTrialsPROC', 'Stimulus': 'VM Stimuli/PracticeNC3.bmp', 'TargetType': 'nontarget', 'CorrectResponse': 'Nontarget', 'StimType': 'NeutFace', 'BlockType': '0-Back', 'thisN': 2, 'thisTrialN': 2, 'thisRepN': 0}>
26.5707 	INFO 	Keyboard events cleared
26.5705 	EXP 	Feedback: autoDraw = False
26.5705 	EXP 	Fix: autoDraw = False
26.5705 	EXP 	Feedback: autoDraw = False
26.5705 	EXP 	Stim: image = 'VM Stimuli/PracticeNC3.bmp'
26.5705 	EXP 	Stim: autoDraw = True
26.5705 	EXP 	Stim_LeftScreenInstruction: autoDraw = True
26.5705 	EXP 	Stim_RightScreenInstruction: autoDraw = True
28.5674 	EXP 	Stim: autoDraw = False
28.5674 	EXP 	Stim_LeftScreenInstruction: autoDraw = False
28.5674 	EXP 	Stim_RightScreenInstruction: autoDraw = False
28.5674 	EXP 	Stim: autoDraw = False
28.5674 	EXP 	Stim_LeftScreenInstruction: autoDraw = False
28.5674 	EXP 	Stim_RightScreenInstruction: autoDraw = False
28.5674 	EXP 	Feedback: foreColor = <psychopy.colors.Color: yellow, alpha=1.0>
28.5674 	EXP 	Fix: autoDraw = True
29.0605 	EXP 	Feedback: autoDraw = True
29.0708 	EXP 	Fix: autoDraw = False
30.5510 	EXP 	New trial (rep=0, index=3): <Trial 3 (3 in rep 0) data={'ID': 5, 'Weight': 1, 'Nested': None, 'Procedure': 'PracticeTrialsPROC', 'Stimulus': 'VM Stimuli/PracticeNC2.bmp', 'TargetType': 'nontarget', 'CorrectResponse': 'Nontarget', 'StimType': 'NeutFace', 'BlockType': '0-Back', 'thisN': 3, 'thisTrialN': 3, 'thisRepN': 0}>
30.5722 	INFO 	Keyboard events cleared
30.5721 	EXP 	Feedback: autoDraw = False
30.5721 	EXP 	Fix: autoDraw = False
30.5721 	EXP 	Feedback: autoDraw = False
30.5721 	EXP 	Stim: image = 'VM Stimuli/PracticeNC2.bmp'
30.5721 	EXP 	Stim: autoDraw = True
30.5721 	EXP 	Stim_LeftScreenInstruction: autoDraw = True
30.5721 	EXP 	Stim_RightScreenInstruction: autoDraw = True
32.5726 	EXP 	Stim: autoDraw = False
32.5726 	EXP 	Stim_LeftScreenInstruction: autoDraw = False
32.5726 	EXP 	Stim_RightScreenInstruction: autoDraw = False
32.5726 	EXP 	Feedback: foreColor = <psychopy.colors.Color: yellow, alpha=1.0>
32.5726 	EXP 	Fix: autoDraw = True
33.0602 	EXP 	Feedback: autoDraw = True
33.0705 	EXP 	Fix: autoDraw = False
34.5545 	EXP 	New trial (rep=0, index=4): <Trial 4 (4 in rep 0) data={'ID': 6, 'Weight': 1, 'Nested': None, 'Procedure': 'PracticeTrialsPROC', 'Stimulus': 'VM Stimuli/PracticeNC1.bmp', 'TargetType': 'target', 'CorrectResponse': 'Target', 'StimType': 'NeutFace', 'BlockType': '0-Back', 'thisN': 4, 'thisTrialN': 4, 'thisRepN': 0}>
34.5749 	INFO 	Keyboard events cleared
34.5747 	EXP 	Feedback: autoDraw = False
34.5747 	EXP 	Fix: autoDraw = False
34.5747 	EXP 	Feedback: autoDraw = False
34.5747 	EXP 	Stim: image = 'VM Stimuli/PracticeNC1.bmp'
34.5747 	EXP 	Stim: autoDraw = True
34.5747 	EXP 	Stim_LeftScreenInstruction: autoDraw = True
34.5747 	EXP 	Stim_RightScreenInstruction: autoDraw = True
36.5769 	EXP 	Stim: autoDraw = False
36.5769 	EXP 	Stim_LeftScreenInstruction: autoDraw = False
36.5769 	EXP 	Stim_RightScreenInstruction: autoDraw = False
36.5769 	EXP 	Feedback: foreColor = <psychopy.colors.Color: yellow, alpha=1.0>
36.5769 	EXP 	Fix: autoDraw = True
37.0623 	EXP 	Feedback: autoDraw = True
37.0725 	EXP 	Fix: autoDraw = False
38.5649 	INFO 	Keyboard events cleared
38.5648 	EXP 	Feedback: autoDraw = False
38.5648 	EXP 	Fix: autoDraw = False
38.5648 	EXP 	Feedback: autoDraw = False
38.5648 	EXP 	Instructions_Space: autoDraw = True
42.5810 	EXP 	Device response: <KeyPress from None: t=42.577450416982174, value=space, duration=None>
42.5906 	DATA 	Keypress: space
42.5994 	EXP 	Instructions_Space: autoDraw = False
42.5994 	EXP 	CueFix_2: autoDraw = True
42.6796 	EXP 	Device response: <KeyPress from None: t=42.577450416982174, value=space, duration=0.09238087525591254>
43.0903 	EXP 	CueTarget_2: autoDraw = True
43.0903 	EXP 	CueTargetImage_2: autoDraw = True
43.0903 	EXP 	Zero_back_2: autoDraw = True
43.1039 	EXP 	CueFix_2: autoDraw = False
45.5922 	EXP 	Imported PracticeTrials/PracticeTrials2.xlsx as conditions, 5 conditions, 9 params
45.5926 	EXP 	New trial (rep=0, index=0): <Trial 0 (0 in rep 0) data={'ID': 2, 'Weight': 1, 'Nested': None, 'Procedure': 'PracticeTrialsPROC', 'Stimulus': 'VM Stimuli/Place1.bmp', 'TargetType': 'target', 'CorrectResponse': 'Target', 'StimType': 'Place', 'BlockType': '0-Back', 'thisN': 0, 'thisTrialN': 0, 'thisRepN': 0}>
45.6098 	INFO 	Keyboard events cleared
45.6097 	EXP 	CueTarget_2: autoDraw = False
45.6097 	EXP 	CueTargetImage_2: autoDraw = False
45.6097 	EXP 	Zero_back_2: autoDraw = False
45.6097 	EXP 	CueFix_2: autoDraw = False
45.6097 	EXP 	CueTarget_2: autoDraw = False
45.6097 	EXP 	CueTargetImage_2: autoDraw = False
45.6097 	EXP 	Zero_back_2: autoDraw = False
45.6097 	EXP 	Stim: image = 'VM Stimuli/Place1.bmp'
45.6097 	EXP 	Stim: autoDraw = True
45.6097 	EXP 	Stim_LeftScreenInstruction: autoDraw = True
45.6097 	EXP 	Stim_RightScreenInstruction: autoDraw = True
47.6024 	EXP 	Stim: autoDraw = False
47.6024 	EXP 	Stim_LeftScreenInstruction: autoDraw = False
47.6024 	EXP 	Stim_RightScreenInstruction: autoDraw = False
47.6024 	EXP 	Feedback: foreColor = <psychopy.colors.Color: yellow, alpha=1.0>
47.6024 	EXP 	Fix: autoDraw = True
48.0873 	EXP 	Feedback: autoDraw = True
48.0979 	EXP 	Fix: autoDraw = False
49.5751 	EXP 	New trial (rep=0, index=1): <Trial 1 (1 in rep 0) data={'ID': 3, 'Weight': 1, 'Nested': None, 'Procedure': 'PracticeTrialsPROC', 'Stimulus': 'VM Stimuli/Place3.bmp', 'TargetType': 'nontarget', 'CorrectResponse': 'Nontarget', 'StimType': 'Place', 'BlockType': '0-Back', 'thisN': 1, 'thisTrialN': 1, 'thisRepN': 0}>
49.5979 	INFO 	Keyboard events cleared
49.5978 	EXP 	Feedback: autoDraw = False
49.5978 	EXP 	Fix: autoDraw = False
49.5978 	EXP 	Feedback: autoDraw = False
49.5978 	EXP 	Stim: image = 'VM Stimuli/Place3.bmp'
49.5978 	EXP 	Stim: autoDraw = True
49.5978 	EXP 	Stim_LeftScreenInstruction: autoDraw = True
49.5978 	EXP 	Stim_RightScreenInstruction: autoDraw = True
51.6132 	EXP 	Stim: autoDraw = False
51.6132 	EXP 	Stim_LeftScreenInstruction: autoDraw = False
51.6132 	EXP 	Stim_RightScreenInstruction: autoDraw = False
51.6132 	EXP 	Feedback: foreColor = <psychopy.colors.Color: yellow, alpha=1.0>
51.6132 	EXP 	Fix: autoDraw = True
52.0862 	EXP 	Feedback: autoDraw = True
52.1139 	EXP 	Fix: autoDraw = False
53.5810 	EXP 	New trial (rep=0, index=2): <Trial 2 (2 in rep 0) data={'ID': 4, 'Weight': 1, 'Nested': None, 'Procedure': 'PracticeTrialsPROC', 'Stimulus': 'VM Stimuli/Place5.bmp', 'TargetType': 'nontarget', 'CorrectResponse': 'Nontarget', 'StimType': 'Place', 'BlockType': '0-Back', 'thisN': 2, 'thisTrialN': 2, 'thisRepN': 0}>
53.6037 	INFO 	Keyboard events cleared
53.6036 	EXP 	Feedback: autoDraw = False
53.6036 	EXP 	Fix: autoDraw = False
53.6036 	EXP 	Feedback: autoDraw = False
53.6036 	EXP 	Stim: image = 'VM Stimuli/Place5.bmp'
53.6036 	EXP 	Stim: autoDraw = True
53.6036 	EXP 	Stim_LeftScreenInstruction: autoDraw = True
53.6036 	EXP 	Stim_RightScreenInstruction: autoDraw = True
55.6034 	EXP 	Stim: autoDraw = False
55.6034 	EXP 	Stim_LeftScreenInstruction: autoDraw = False
55.6034 	EXP 	Stim_RightScreenInstruction: autoDraw = False
55.6034 	EXP 	Feedback: foreColor = <psychopy.colors.Color: yellow, alpha=1.0>
55.6034 	EXP 	Fix: autoDraw = True
56.0836 	EXP 	Feedback: autoDraw = True
56.1095 	EXP 	Fix: autoDraw = False
57.5754 	EXP 	New trial (rep=0, index=3): <Trial 3 (3 in rep 0) data={'ID': 5, 'Weight': 1, 'Nested': None, 'Procedure': 'PracticeTrialsPROC', 'Stimulus': 'VM Stimuli/Place1.bmp', 'TargetType': 'target', 'CorrectResponse': 'Target', 'StimType': 'Place', 'BlockType': '0-Back', 'thisN': 3, 'thisTrialN': 3, 'thisRepN': 0}>
57.5985 	INFO 	Keyboard events cleared
57.5983 	EXP 	Feedback: autoDraw = False
57.5983 	EXP 	Fix: autoDraw = False
57.5983 	EXP 	Feedback: autoDraw = False
57.5983 	EXP 	Stim: image = 'VM Stimuli/Place1.bmp'
57.5983 	EXP 	Stim: autoDraw = True
57.5983 	EXP 	Stim_LeftScreenInstruction: autoDraw = True
57.5983 	EXP 	Stim_RightScreenInstruction: autoDraw = True
59.5971 	EXP 	Stim: autoDraw = False
59.5971 	EXP 	Stim_LeftScreenInstruction: autoDraw = False
59.5971 	EXP 	Stim_RightScreenInstruction: autoDraw = False
59.5971 	EXP 	Feedback: foreColor = <psychopy.colors.Color: yellow, alpha=1.0>
59.5971 	EXP 	Fix: autoDraw = True
60.0813 	EXP 	Feedback: autoDraw = True
60.0915 	EXP 	Fix: autoDraw = False
61.5683 	EXP 	New trial (rep=0, index=4): <Trial 4 (4 in rep 0) data={'ID': 6, 'Weight': 1, 'Nested': None, 'Procedure': 'PracticeTrialsPROC', 'Stimulus': 'VM Stimuli/Place3.bmp', 'TargetType': 'nontarget', 'CorrectResponse': 'Nontarget', 'StimType': 'Place', 'BlockType': '0-Back', 'thisN': 4, 'thisTrialN': 4, 'thisRepN': 0}>
61.5908 	INFO 	Keyboard events cleared
61.5907 	EXP 	Feedback: autoDraw = False
61.5907 	EXP 	Fix: autoDraw = False
61.5907 	EXP 	Feedback: autoDraw = False
61.5907 	EXP 	Stim: image = 'VM Stimuli/Place3.bmp'
61.5907 	EXP 	Stim: autoDraw = True
61.5907 	EXP 	Stim_LeftScreenInstruction: autoDraw = True
61.5907 	EXP 	Stim_RightScreenInstruction: autoDraw = True
63.6003 	EXP 	Stim: autoDraw = False
63.6003 	EXP 	Stim_LeftScreenInstruction: autoDraw = False
63.6003 	EXP 	Stim_RightScreenInstruction: autoDraw = False
63.6003 	EXP 	Feedback: foreColor = <psychopy.colors.Color: yellow, alpha=1.0>
63.6003 	EXP 	Fix: autoDraw = True
64.0830 	EXP 	Feedback: autoDraw = True
64.0973 	EXP 	Fix: autoDraw = False
65.5842 	INFO 	Keyboard events cleared
65.5840 	EXP 	Feedback: autoDraw = False
65.5840 	EXP 	Fix: autoDraw = False
65.5840 	EXP 	Feedback: autoDraw = False
65.5840 	EXP 	Instructions_Space: autoDraw = True
71.7467 	EXP 	Device response: <KeyPress from None: t=71.7276036250405, value=space, duration=None>
71.7622 	DATA 	Keypress: space
71.7725 	INFO 	Keyboard events cleared
71.7723 	EXP 	Instructions_Space: autoDraw = False
71.7723 	EXP 	Instructions_8: autoDraw = True
71.8645 	EXP 	Device response: <KeyPress from None: t=71.7276036250405, value=space, duration=0.1358115840703249>
74.8972 	EXP 	Device response: <KeyPress from None: t=74.88836066704243, value=space, duration=None>
74.9192 	DATA 	Keypress: space
74.9389 	INFO 	Keyboard events cleared
74.9388 	EXP 	Instructions_8: autoDraw = False
74.9388 	EXP 	Example_Stim: image = 'VM Stimuli/PracticeFO1.bmp'
74.9388 	EXP 	Instructions_9: autoDraw = True
74.9388 	EXP 	Example_Stim: autoDraw = True
74.9388 	EXP 	Example_LeftScreenInstruction: autoDraw = True
74.9388 	EXP 	Example_RightScreenInstruction: autoDraw = True
74.9388 	EXP 	Instructions_12: autoDraw = True
75.0141 	EXP 	Device response: <KeyPress from None: t=74.88836066704243, value=space, duration=0.11254287511110306>
77.6087 	EXP 	Device response: <KeyPress from None: t=77.59918029187247, value=space, duration=None>
77.6179 	DATA 	Keypress: space
77.6299 	INFO 	Keyboard events cleared
77.6298 	EXP 	Instructions_9: autoDraw = False
77.6298 	EXP 	Example_Stim: autoDraw = False
77.6298 	EXP 	Example_LeftScreenInstruction: autoDraw = False
77.6298 	EXP 	Example_RightScreenInstruction: autoDraw = False
77.6298 	EXP 	Instructions_12: autoDraw = False
77.6298 	EXP 	Example_Stim_2: image = 'VM Stimuli/PracticeFO2.bmp'
77.6298 	EXP 	Instructions_21: autoDraw = True
77.6298 	EXP 	One_Back_Example_Stim: autoDraw = True
77.6298 	EXP 	Example_Stim_2: autoDraw = True
77.6298 	EXP 	Example_LeftScreenInstruction_2: autoDraw = True
77.6298 	EXP 	Example_RightScreenInstruction_2: autoDraw = True
77.7088 	EXP 	Device response: <KeyPress from None: t=77.59918029187247, value=space, duration=0.1009326670318842>
79.5773 	EXP 	Device response: <KeyPress from None: t=79.56778470892459, value=space, duration=None>
79.5863 	DATA 	Keypress: space
79.6059 	INFO 	Keyboard events cleared
79.6058 	EXP 	Instructions_21: autoDraw = False
79.6058 	EXP 	One_Back_Example_Stim: autoDraw = False
79.6058 	EXP 	Example_Stim_2: autoDraw = False
79.6058 	EXP 	Example_LeftScreenInstruction_2: autoDraw = False
79.6058 	EXP 	Example_RightScreenInstruction_2: autoDraw = False
79.6058 	EXP 	Example_Stim_3: image = 'VM Stimuli/PracticeFO1.bmp'
79.6058 	EXP 	Instructions_24: autoDraw = True
79.6058 	EXP 	Green_Border: autoDraw = True
79.6058 	EXP 	Two_Back_Example_Stim: autoDraw = True
79.6058 	EXP 	One_Back_Example_Stim_2: autoDraw = True
79.6058 	EXP 	Example_Stim_3: autoDraw = True
79.6058 	EXP 	Example_LeftScreenInstruction_3: autoDraw = True
79.6058 	EXP 	Example_RightScreenInstruction_3: autoDraw = True
79.7022 	EXP 	Device response: <KeyPress from None: t=79.56778470892459, value=space, duration=0.12422708328813314>
81.5412 	DATA 	Keypress: space
81.5516 	EXP 	Device response: <KeyPress from None: t=81.53711566701531, value=space, duration=None>
81.5715 	INFO 	Keyboard events cleared
81.5714 	EXP 	Instructions_24: autoDraw = False
81.5714 	EXP 	Green_Border: autoDraw = False
81.5714 	EXP 	Two_Back_Example_Stim: autoDraw = False
81.5714 	EXP 	One_Back_Example_Stim_2: autoDraw = False
81.5714 	EXP 	Example_Stim_3: autoDraw = False
81.5714 	EXP 	Example_LeftScreenInstruction_3: autoDraw = False
81.5714 	EXP 	Example_RightScreenInstruction_3: autoDraw = False
81.5714 	EXP 	Example_Stim_4: image = 'VM Stimuli/PracticeFO3.bmp'
81.5714 	EXP 	Instructions_25: autoDraw = True
81.5714 	EXP 	Two_Back_Example_Stim_2: autoDraw = True
81.5714 	EXP 	One_Back_Example_Stim_3: autoDraw = True
81.5714 	EXP 	Example_Stim_4: autoDraw = True
81.5714 	EXP 	Example_LeftScreenInstruction_4: autoDraw = True
81.5714 	EXP 	Example_RightScreenInstruction_4: autoDraw = True
81.6799 	EXP 	Device response: <KeyPress from None: t=81.53711566701531, value=space, duration=0.13492212491109967>
83.8267 	EXP 	Device response: <KeyPress from None: t=83.82082670927048, value=space, duration=None>
83.8315 	DATA 	Keypress: space
83.8394 	INFO 	Keyboard events cleared
83.8393 	EXP 	Instructions_25: autoDraw = False
83.8393 	EXP 	Two_Back_Example_Stim_2: autoDraw = False
83.8393 	EXP 	One_Back_Example_Stim_3: autoDraw = False
83.8393 	EXP 	Example_Stim_4: autoDraw = False
83.8393 	EXP 	Example_LeftScreenInstruction_4: autoDraw = False
83.8393 	EXP 	Example_RightScreenInstruction_4: autoDraw = False
83.8393 	EXP 	Instructions_15: autoDraw = True
83.9673 	EXP 	Device response: <KeyPress from None: t=83.82082670927048, value=space, duration=0.1452040825970471>
84.8797 	EXP 	Device response: <KeyPress from None: t=84.87786737503484, value=space, duration=None>
84.8906 	DATA 	Keypress: space
84.9076 	INFO 	Keyboard events cleared
84.9075 	EXP 	Instructions_15: autoDraw = False
84.9075 	EXP 	Instructions_32: autoDraw = True
84.9075 	EXP 	Example_Stim_5: autoDraw = True
84.9075 	EXP 	Example_LeftScreenInstruction_5: autoDraw = True
84.9075 	EXP 	Example_RightScreenInstruction_5: autoDraw = True
85.0430 	EXP 	Device response: <KeyPress from None: t=84.87786737503484, value=space, duration=0.15789379179477692>
86.0726 	EXP 	Device response: <KeyPress from None: t=86.07040716707706, value=space, duration=None>
86.0784 	DATA 	Keypress: space
86.0916 	INFO 	Keyboard events cleared
86.0915 	EXP 	Instructions_32: autoDraw = False
86.0915 	EXP 	Example_Stim_5: autoDraw = False
86.0915 	EXP 	Example_LeftScreenInstruction_5: autoDraw = False
86.0915 	EXP 	Example_RightScreenInstruction_5: autoDraw = False
86.0915 	EXP 	Instructions_27: autoDraw = True
86.0915 	EXP 	Example_Stim_6: autoDraw = True
86.0915 	EXP 	Example_LeftScreenInstruction_6: autoDraw = True
86.0915 	EXP 	Example_RightScreenInstruction_6: autoDraw = True
86.2650 	EXP 	Device response: <KeyPress from None: t=86.07040716707706, value=space, duration=0.19176287483423948>
87.2389 	EXP 	Device response: <KeyPress from None: t=87.22847250010818, value=space, duration=None>
87.2447 	DATA 	Keypress: space
87.2580 	INFO 	Keyboard events cleared
87.2579 	EXP 	Instructions_27: autoDraw = False
87.2579 	EXP 	Example_Stim_6: autoDraw = False
87.2579 	EXP 	Example_LeftScreenInstruction_6: autoDraw = False
87.2579 	EXP 	Example_RightScreenInstruction_6: autoDraw = False
87.2579 	EXP 	Instructions_33: autoDraw = True
87.2579 	EXP 	Example_Stim_7: autoDraw = True
87.2579 	EXP 	Example_LeftScreenInstruction_7: autoDraw = True
87.2579 	EXP 	Example_RightScreenInstruction_7: autoDraw = True
87.3756 	EXP 	Device response: <KeyPress from None: t=87.22847250010818, value=space, duration=0.1369617497548461>
88.1054 	EXP 	Device response: <KeyPress from None: t=88.09596658404917, value=space, duration=None>
88.1116 	DATA 	Keypress: space
88.1254 	INFO 	Keyboard events cleared
88.1253 	EXP 	Instructions_33: autoDraw = False
88.1253 	EXP 	Example_Stim_7: autoDraw = False
88.1253 	EXP 	Example_LeftScreenInstruction_7: autoDraw = False
88.1253 	EXP 	Example_RightScreenInstruction_7: autoDraw = False
88.1253 	EXP 	Instructions_26: autoDraw = True
88.1253 	EXP 	One_Back_Example_Stim_4: autoDraw = True
88.1253 	EXP 	Example_Stim_8: autoDraw = True
88.1253 	EXP 	Example_LeftScreenInstruction_8: autoDraw = True
88.1253 	EXP 	Example_RightScreenInstruction_8: autoDraw = True
88.2097 	EXP 	Device response: <KeyPress from None: t=88.09596658404917, value=space, duration=0.11237437510862947>
89.2618 	EXP 	Device response: <KeyPress from None: t=89.25443479185924, value=space, duration=None>
89.2679 	DATA 	Keypress: space
89.2811 	INFO 	Keyboard events cleared
89.2810 	EXP 	Instructions_26: autoDraw = False
89.2810 	EXP 	One_Back_Example_Stim_4: autoDraw = False
89.2810 	EXP 	Example_Stim_8: autoDraw = False
89.2810 	EXP 	Example_LeftScreenInstruction_8: autoDraw = False
89.2810 	EXP 	Example_RightScreenInstruction_8: autoDraw = False
89.2810 	EXP 	Instructions: autoDraw = True
89.2810 	EXP 	Example_Stim_9: autoDraw = True
89.2810 	EXP 	Example_LeftScreenInstruction_9: autoDraw = True
89.2810 	EXP 	Example_RightScreenInstruction_9: autoDraw = True
89.3522 	EXP 	Device response: <KeyPress from None: t=89.25443479185924, value=space, duration=0.08950575022026896>
89.7644 	EXP 	Device response: <KeyPress from None: t=89.76063300017267, value=space, duration=None>
89.7711 	DATA 	Keypress: space
89.7854 	INFO 	Keyboard events cleared
89.7853 	EXP 	Instructions: autoDraw = False
89.7853 	EXP 	Example_Stim_9: autoDraw = False
89.7853 	EXP 	Example_LeftScreenInstruction_9: autoDraw = False
89.7853 	EXP 	Example_RightScreenInstruction_9: autoDraw = False
89.7853 	EXP 	Instructions_28: autoDraw = True
89.7853 	EXP 	Two_Back_Example_Stim_3: autoDraw = True
89.7853 	EXP 	One_Back_Example_Stim_5: autoDraw = True
89.7853 	EXP 	Example_Stim_10: autoDraw = True
89.7853 	EXP 	Example_LeftScreenInstruction_10: autoDraw = True
89.7853 	EXP 	Example_RightScreenInstruction_10: autoDraw = True
89.8608 	EXP 	Device response: <KeyPress from None: t=89.76063300017267, value=space, duration=0.08939799992367625>
91.5706 	EXP 	Device response: <KeyPress from None: t=91.56089612515643, value=space, duration=None>
91.5765 	DATA 	Keypress: space
91.5897 	INFO 	Keyboard events cleared
91.5896 	EXP 	Instructions_28: autoDraw = False
91.5896 	EXP 	Two_Back_Example_Stim_3: autoDraw = False
91.5896 	EXP 	One_Back_Example_Stim_5: autoDraw = False
91.5896 	EXP 	Example_Stim_10: autoDraw = False
91.5896 	EXP 	Example_LeftScreenInstruction_10: autoDraw = False
91.5896 	EXP 	Example_RightScreenInstruction_10: autoDraw = False
91.5896 	EXP 	Instructions_4: autoDraw = True
91.5896 	EXP 	Example_Stim_12: autoDraw = True
91.5896 	EXP 	Example_LeftScreenInstruction_12: autoDraw = True
91.5896 	EXP 	Example_RightScreenInstruction_12: autoDraw = True
91.6965 	EXP 	Device response: <KeyPress from None: t=91.56089612515643, value=space, duration=0.1122107501141727>
92.0553 	EXP 	Device response: <KeyPress from None: t=92.04430537484586, value=space, duration=None>
92.0620 	DATA 	Keypress: space
92.0769 	INFO 	Keyboard events cleared
92.0768 	EXP 	Instructions_4: autoDraw = False
92.0768 	EXP 	Example_Stim_12: autoDraw = False
92.0768 	EXP 	Example_LeftScreenInstruction_12: autoDraw = False
92.0768 	EXP 	Example_RightScreenInstruction_12: autoDraw = False
92.0768 	EXP 	Instructions_29: autoDraw = True
92.0768 	EXP 	Green_Border_2: autoDraw = True
92.0768 	EXP 	Two_Back_Example_Stim_4: autoDraw = True
92.0768 	EXP 	One_Back_Example_Stim_6: autoDraw = True
92.0768 	EXP 	Example_Stim_11: autoDraw = True
92.0768 	EXP 	Example_LeftScreenInstruction_11: autoDraw = True
92.0768 	EXP 	Example_RightScreenInstruction_11: autoDraw = True
92.1512 	EXP 	Device response: <KeyPress from None: t=92.04430537484586, value=space, duration=0.10097462497651577>
93.0396 	EXP 	Device response: <KeyPress from None: t=93.03400162514299, value=space, duration=None>
93.0470 	DATA 	Keypress: space
93.0556 	INFO 	Keyboard events cleared
93.0555 	EXP 	Instructions_29: autoDraw = False
93.0555 	EXP 	Green_Border_2: autoDraw = False
93.0555 	EXP 	Two_Back_Example_Stim_4: autoDraw = False
93.0555 	EXP 	One_Back_Example_Stim_6: autoDraw = False
93.0555 	EXP 	Example_Stim_11: autoDraw = False
93.0555 	EXP 	Example_LeftScreenInstruction_11: autoDraw = False
93.0555 	EXP 	Example_RightScreenInstruction_11: autoDraw = False
93.0555 	EXP 	Instructions_22: autoDraw = True
93.1306 	EXP 	Device response: <KeyPress from None: t=93.03400162514299, value=space, duration=0.09030041703954339>
105.1468 	EXP 	Device response: <KeyPress from None: t=105.13874691724777, value=space, duration=None>
105.1559 	DATA 	Keypress: space
105.1647 	INFO 	Keyboard events cleared
105.1646 	EXP 	Instructions_22: autoDraw = False
105.1646 	EXP 	Instructions_30: autoDraw = True
105.3183 	EXP 	Device response: <KeyPress from None: t=105.13874691724777, value=space, duration=0.16847870778292418>
105.8067 	EXP 	Device response: <KeyPress from None: t=105.80298562487587, value=space, duration=None>
105.8277 	EXP 	Imported PracticeTrials/PracticeTrials3.xlsx as conditions, 5 conditions, 9 params
105.8286 	EXP 	New trial (rep=0, index=0): <Trial 0 (0 in rep 0) data={'ID': 1, 'Weight': 1, 'Nested': None, 'Procedure': 'PracticeTrialsPROC', 'Stimulus': 'VM Stimuli/PracticeFO2.bmp', 'TargetType': 'nontarget', 'CorrectResponse': 'Nontarget', 'StimType': 'NegFace', 'BlockType': '2-Back', 'thisN': 0, 'thisTrialN': 0, 'thisRepN': 0}>
105.8400 	DATA 	Keypress: space
105.8512 	INFO 	Keyboard events cleared
105.8511 	EXP 	Instructions_30: autoDraw = False
105.8511 	EXP 	Stim: image = 'VM Stimuli/PracticeFO2.bmp'
105.8511 	EXP 	Stim: autoDraw = True
105.8511 	EXP 	Stim_LeftScreenInstruction: autoDraw = True
105.8511 	EXP 	Stim_RightScreenInstruction: autoDraw = True
105.9679 	EXP 	Device response: <KeyPress from None: t=105.80298562487587, value=space, duration=0.15741833439096808>
107.8292 	EXP 	Stim: autoDraw = False
107.8292 	EXP 	Stim_LeftScreenInstruction: autoDraw = False
107.8292 	EXP 	Stim_RightScreenInstruction: autoDraw = False
107.8292 	EXP 	Feedback: foreColor = <psychopy.colors.Color: yellow, alpha=1.0>
107.8292 	EXP 	Fix: autoDraw = True
108.3132 	EXP 	Feedback: autoDraw = True
108.3237 	EXP 	Fix: autoDraw = False
109.8032 	EXP 	New trial (rep=0, index=1): <Trial 1 (1 in rep 0) data={'ID': 2, 'Weight': 1, 'Nested': None, 'Procedure': 'PracticeTrialsPROC', 'Stimulus': 'VM Stimuli/PracticeFO4.bmp', 'TargetType': 'nontarget', 'CorrectResponse': 'Nontarget', 'StimType': 'NegFace', 'BlockType': '2-Back', 'thisN': 1, 'thisTrialN': 1, 'thisRepN': 0}>
109.8272 	INFO 	Keyboard events cleared
109.8271 	EXP 	Feedback: autoDraw = False
109.8271 	EXP 	Fix: autoDraw = False
109.8271 	EXP 	Feedback: autoDraw = False
109.8271 	EXP 	Stim: image = 'VM Stimuli/PracticeFO4.bmp'
109.8271 	EXP 	Stim: autoDraw = True
109.8271 	EXP 	Stim_LeftScreenInstruction: autoDraw = True
109.8271 	EXP 	Stim_RightScreenInstruction: autoDraw = True
111.8195 	EXP 	Stim: autoDraw = False
111.8195 	EXP 	Stim_LeftScreenInstruction: autoDraw = False
111.8195 	EXP 	Stim_RightScreenInstruction: autoDraw = False
111.8195 	EXP 	Feedback: foreColor = <psychopy.colors.Color: yellow, alpha=1.0>
111.8195 	EXP 	Fix: autoDraw = True
112.3041 	EXP 	Feedback: autoDraw = True
112.3293 	EXP 	Fix: autoDraw = False
113.7953 	EXP 	New trial (rep=0, index=2): <Trial 2 (2 in rep 0) data={'ID': 3, 'Weight': 1, 'Nested': None, 'Procedure': 'PracticeTrialsPROC', 'Stimulus': 'VM Stimuli/PracticeFO2.bmp', 'TargetType': 'target', 'CorrectResponse': 'Target', 'StimType': 'NegFace', 'BlockType': '2-Back', 'thisN': 2, 'thisTrialN': 2, 'thisRepN': 0}>
113.8158 	INFO 	Keyboard events cleared
113.8157 	EXP 	Feedback: autoDraw = False
113.8157 	EXP 	Fix: autoDraw = False
113.8157 	EXP 	Feedback: autoDraw = False
113.8157 	EXP 	Stim: image = 'VM Stimuli/PracticeFO2.bmp'
113.8157 	EXP 	Stim: autoDraw = True
113.8157 	EXP 	Stim_LeftScreenInstruction: autoDraw = True
113.8157 	EXP 	Stim_RightScreenInstruction: autoDraw = True
115.8197 	EXP 	Stim: autoDraw = False
115.8197 	EXP 	Stim_LeftScreenInstruction: autoDraw = False
115.8197 	EXP 	Stim_RightScreenInstruction: autoDraw = False
115.8197 	EXP 	Feedback: foreColor = <psychopy.colors.Color: yellow, alpha=1.0>
115.8197 	EXP 	Fix: autoDraw = True
116.1685 	EXP 	Device response: <KeyPress from None: t=116.16401437483728, value=escape, duration=None>
116.1737 	DATA 	Keypress: escape
116.3111 	EXP 	Feedback: autoDraw = True
116.3122 	EXP 	Device response: <KeyPress from None: t=116.16401437483728, value=escape, duration=0.13463200023397803>
116.3123 	EXP 	EmoNback_Practice: status = STOPPED
116.3202 	EXP 	Fix: autoDraw = False
116.3202 	EXP 	Feedback: autoDraw = False
116.3203 	EXP 	EmoNback_Practice: status = STOPPED
116.3577 	INFO 	saved data to '/Users/akashrathi/Documents/EDC_tasks/EmoNback/EmoNback_Practice/data/AANNNAAA_1_9.csv'
116.3634 	INFO 	saved data to /Users/akashrathi/Documents/EDC_tasks/EmoNback/EmoNback_Practice/data/AANNNAAA_1_9.psydat
116.5238 	WARNING 	Stopping key buffers but this could be dangerous ifother keyboards rely on the same.
116.5239 	WARNING 	Stopping key buffers but this could be dangerous ifother keyboards rely on the same.
116.5239 	WARNING 	Stopping key buffers but this could be dangerous ifother keyboards rely on the same.
116.5239 	WARNING 	Stopping key buffers but this could be dangerous ifother keyboards rely on the same.
116.5239 	WARNING 	Stopping key buffers but this could be dangerous ifother keyboards rely on the same.
116.5239 	WARNING 	Stopping key buffers but this could be dangerous ifother keyboards rely on the same.
116.5239 	WARNING 	Stopping key buffers but this could be dangerous ifother keyboards rely on the same.
116.5239 	WARNING 	Stopping key buffers but this could be dangerous ifother keyboards rely on the same.
116.5239 	WARNING 	Stopping key buffers but this could be dangerous ifother keyboards rely on the same.
116.5239 	WARNING 	Stopping key buffers but this could be dangerous ifother keyboards rely on the same.
116.5239 	WARNING 	Stopping key buffers but this could be dangerous ifother keyboards rely on the same.
116.5239 	WARNING 	Stopping key buffers but this could be dangerous ifother keyboards rely on the same.
116.5239 	WARNING 	Stopping key buffers but this could be dangerous ifother keyboards rely on the same.
116.5239 	WARNING 	Stopping key buffers but this could be dangerous ifother keyboards rely on the same.
116.5239 	WARNING 	Stopping key buffers but this could be dangerous ifother keyboards rely on the same.
116.5239 	WARNING 	Stopping key buffers but this could be dangerous ifother keyboards rely on the same.
116.5239 	WARNING 	Stopping key buffers but this could be dangerous ifother keyboards rely on the same.
116.5240 	WARNING 	Stopping key buffers but this could be dangerous ifother keyboards rely on the same.
116.5240 	WARNING 	Stopping key buffers but this could be dangerous ifother keyboards rely on the same.
116.5240 	WARNING 	Stopping key buffers but this could be dangerous ifother keyboards rely on the same.
116.5240 	WARNING 	Stopping key buffers but this could be dangerous ifother keyboards rely on the same.
116.5240 	WARNING 	Stopping key buffers but this could be dangerous ifother keyboards rely on the same.
116.5240 	WARNING 	Stopping key buffers but this could be dangerous ifother keyboards rely on the same.
116.5240 	WARNING 	Stopping key buffers but this could be dangerous ifother keyboards rely on the same.
116.5240 	WARNING 	Stopping key buffers but this could be dangerous ifother keyboards rely on the same.
116.5240 	WARNING 	Stopping key buffers but this could be dangerous ifother keyboards rely on the same.
116.5240 	WARNING 	Stopping key buffers but this could be dangerous ifother keyboards rely on the same.
116.5240 	WARNING 	Stopping key buffers but this could be dangerous ifother keyboards rely on the same.
116.5240 	WARNING 	Stopping key buffers but this could be dangerous ifother keyboards rely on the same.
116.5240 	WARNING 	Stopping key buffers but this could be dangerous ifother keyboards rely on the same.
116.5240 	WARNING 	Stopping key buffers but this could be dangerous ifother keyboards rely on the same.
