27.5289 	INFO 	Loaded monitor calibration from ['2025_02_25 08:51']
27.5461 	WARNING 	User requested fullscreen with size [1024  768], but screen is actually [2240, 1260]. Using actual size
27.7300 	INFO 	Using renderer 'Apple M1' for graphics
27.7300 	INFO 	OpenGL version supported by driver is 2..
27.7649 	EXP 	Created window1 = Window(allowGUI=False, allowStencil=True, autoLog=True, backendConf=UNKNOWN, backgroundFit=<method-wrapper '__getattribute__' of attributeSetter object at 0x14ffd2ce0>, backgroundImage=<method-wrapper '__getattribute__' of attributeSetter object at 0x14ffd2d40>, bitsMode=UNKNOWN, blendMode='avg', bpc=(8, 8, 8), color=array([0, 0, 0]), colorSpace='rgb', depthBits=8, fullscr=True, gamma=None, gammaErrorPolicy='raise', infoMsg=UNKNOWN, lms=UNKNOWN, monitor=<psychopy.monitors.calibTools.Monitor object at 0x150119840>, multiSample=False, name='window1', numSamples=2, pos=[np.float64(0.0), np.float64(0.0)], screen=0, size=array([4480, 2520]), stencilBits=8, stereo=False, title='PsychoPy', units='height', useFBO=True, useRetina=True, viewOri=0.0, viewPos=None, viewScale=None, waitBlanking=True, winType='pyglet')
27.7650 	EXP 	window1: backgroundImage = ''
27.7650 	EXP 	window1: backgroundFit = 'none'
28.1418 	EXP 	window1: Attempting to measure frame rate of screen (0) ...
28.1418 	EXP 	window1: recordFrameIntervals = False
28.4236 	EXP 	window1: recordFrameIntervals = True
28.5553 	EXP 	Screen (0) actual frame rate measured at 84.02Hz
28.5553 	EXP 	window1: recordFrameIntervals = False
29.0842 	INFO 	keyboard.Keyboard is using ptb backend.
29.1325 	INFO 	keyboard.Keyboard is using ptb backend.
29.1797 	INFO 	keyboard.Keyboard is using ptb backend.
29.2287 	INFO 	keyboard.Keyboard is using ptb backend.
29.2765 	INFO 	keyboard.Keyboard is using ptb backend.
29.3236 	INFO 	keyboard.Keyboard is using ptb backend.
29.3712 	INFO 	keyboard.Keyboard is using ptb backend.
29.4182 	INFO 	keyboard.Keyboard is using ptb backend.
29.4659 	INFO 	keyboard.Keyboard is using ptb backend.
29.5128 	INFO 	keyboard.Keyboard is using ptb backend.
29.5599 	INFO 	keyboard.Keyboard is using ptb backend.
29.6068 	INFO 	keyboard.Keyboard is using ptb backend.
29.6536 	INFO 	keyboard.Keyboard is using ptb backend.
29.7016 	INFO 	keyboard.Keyboard is using ptb backend.
29.7486 	INFO 	keyboard.Keyboard is using ptb backend.
29.7965 	INFO 	keyboard.Keyboard is using ptb backend.
29.8434 	INFO 	keyboard.Keyboard is using ptb backend.
29.8903 	INFO 	keyboard.Keyboard is using ptb backend.
29.9372 	INFO 	keyboard.Keyboard is using ptb backend.
29.9840 	INFO 	keyboard.Keyboard is using ptb backend.
30.0317 	INFO 	keyboard.Keyboard is using ptb backend.
30.0792 	INFO 	keyboard.Keyboard is using ptb backend.
30.1260 	INFO 	keyboard.Keyboard is using ptb backend.
30.1735 	INFO 	keyboard.Keyboard is using ptb backend.
30.2203 	INFO 	keyboard.Keyboard is using ptb backend.
30.2672 	INFO 	keyboard.Keyboard is using ptb backend.
30.3149 	INFO 	keyboard.Keyboard is using ptb backend.
30.3652 	INFO 	keyboard.Keyboard is using ptb backend.
30.4133 	INFO 	keyboard.Keyboard is using ptb backend.
30.4133 	EXP 	EmoNback_Practice: status = STARTED
30.5264 	EXP 	Created FaceImage = ImageStim(__class__=<class 'psychopy.visual.image.ImageStim'>, anchor=('center', 'center'), autoLog=True, color=array([1., 1., 1.]), colorSpace='rgb', contrast=1.0, depth=-2.0, draggable=False, flipHoriz=np.False_, flipVert=np.False_, image='VM Stimuli/PracticeNC1.bmp', interpolate=True, mask=None, maskParams=None, name='FaceImage', opacity=1, ori=0.0, pos=array([0., 0.]), size=array([0.22, 0.22]), texRes=128.0, units='height', win=Window(...))
30.5416 	EXP 	Created PlaceImage = ImageStim(__class__=<class 'psychopy.visual.image.ImageStim'>, anchor=('center', 'center'), autoLog=True, color=array([1., 1., 1.]), colorSpace='rgb', contrast=1.0, depth=-2.0, draggable=False, flipHoriz=np.False_, flipVert=np.False_, image='VM Stimuli/Place1.bmp', interpolate=True, mask=None, maskParams=None, name='PlaceImage', opacity=1, ori=0.0, pos=array([0., 0.]), size=array([0.22, 0.22]), texRes=128.0, units='height', win=Window(...))
30.5867 	EXP 	Created TargetImage = ImageStim(__class__=<class 'psychopy.visual.image.ImageStim'>, anchor=('center', 'center'), autoLog=True, color=array([1., 1., 1.]), colorSpace='rgb', contrast=1.0, depth=-3.0, draggable=False, flipHoriz=np.False_, flipVert=np.False_, image='VM Stimuli/PracticeNC1.bmp', interpolate=True, mask=None, maskParams=None, name='TargetImage', opacity=1, ori=0.0, pos=array([0.2, 0. ]), size=array([0.22, 0.22]), texRes=128.0, units='height', win=Window(...))
30.6492 	EXP 	Created CueTargetImage_1 = ImageStim(__class__=<class 'psychopy.visual.image.ImageStim'>, anchor=('center', 'center'), autoLog=True, color=array([1., 1., 1.]), colorSpace='rgb', contrast=1.0, depth=-2.0, draggable=False, flipHoriz=np.False_, flipVert=np.False_, image='VM Stimuli/PracticeNC1.bmp', interpolate=True, mask=None, maskParams=None, name='CueTargetImage_1', opacity=1, ori=0.0, pos=array([0.15, 0.  ]), size=array([0.22, 0.22]), texRes=128.0, units='height', win=Window(...))
30.6558 	EXP 	Created Stim = ImageStim(__class__=<class 'psychopy.visual.image.ImageStim'>, anchor=('center', 'center'), autoLog=True, color=array([1., 1., 1.]), colorSpace='rgb', contrast=1.0, depth=-2.0, draggable=False, flipHoriz=np.False_, flipVert=np.False_, image='default.png', interpolate=True, mask=None, maskParams=None, name='Stim', opacity=1, ori=0.0, pos=array([0., 0.]), size=array([0.22, 0.22]), texRes=128.0, units='height', win=Window(...))
30.7093 	EXP 	Created CueTargetImage_2 = ImageStim(__class__=<class 'psychopy.visual.image.ImageStim'>, anchor=('center', 'center'), autoLog=True, color=array([1., 1., 1.]), colorSpace='rgb', contrast=1.0, depth=-2.0, draggable=False, flipHoriz=np.False_, flipVert=np.False_, image='VM Stimuli/Place1.bmp', interpolate=True, mask=None, maskParams=None, name='CueTargetImage_2', opacity=1, ori=0.0, pos=array([0.15, 0.  ]), size=array([0.22, 0.22]), texRes=128.0, units='height', win=Window(...))
30.7125 	EXP 	Created Stim = ImageStim(__class__=<class 'psychopy.visual.image.ImageStim'>, anchor=('center', 'center'), autoLog=True, color=array([1., 1., 1.]), colorSpace='rgb', contrast=1.0, depth=-2.0, draggable=False, flipHoriz=np.False_, flipVert=np.False_, image='default.png', interpolate=True, mask=None, maskParams=None, name='Stim', opacity=1, ori=0.0, pos=array([0., 0.]), size=array([0.22, 0.22]), texRes=128.0, units='height', win=Window(...))
30.7724 	EXP 	Created Example_Stim = ImageStim(__class__=<class 'psychopy.visual.image.ImageStim'>, anchor=('center', 'center'), autoLog=True, color=array([1., 1., 1.]), colorSpace='rgb', contrast=1.0, depth=-2.0, draggable=False, flipHoriz=np.False_, flipVert=np.False_, image='default.png', interpolate=True, mask=None, maskParams=None, name='Example_Stim', opacity=1, ori=0.0, pos=array([0., 0.]), size=array([0.22, 0.22]), texRes=128.0, units='height', win=Window(...))
30.7967 	EXP 	Created One_Back_Example_Stim = ImageStim(__class__=<class 'psychopy.visual.image.ImageStim'>, anchor=('center', 'center'), autoLog=True, color=array([1., 1., 1.]), colorSpace='rgb', contrast=1.0, depth=-2.0, draggable=False, flipHoriz=np.False_, flipVert=np.False_, image='VM Stimuli/PracticeFO1.bmp', interpolate=True, mask=None, maskParams=None, name='One_Back_Example_Stim', opacity=1, ori=0.0, pos=array([-0.3,  0. ]), size=array([0.15, 0.15]), texRes=128.0, units='height', win=Window(...))
30.7999 	EXP 	Created Example_Stim_2 = ImageStim(__class__=<class 'psychopy.visual.image.ImageStim'>, anchor=('center', 'center'), autoLog=True, color=array([1., 1., 1.]), colorSpace='rgb', contrast=1.0, depth=-3.0, draggable=False, flipHoriz=np.False_, flipVert=np.False_, image='default.png', interpolate=True, mask=None, maskParams=None, name='Example_Stim_2', opacity=1, ori=0.0, pos=array([0., 0.]), size=array([0.22, 0.22]), texRes=128.0, units='height', win=Window(...))
30.8226 	EXP 	Created Green_Border = Rect(__class__=<class 'psychopy.visual.rect.Rect'>, anchor=('center', 'center'), autoDraw=False, autoLog=True, closeShape=True, color=method-wrapper(...), colorSpace='rgb', contrast=None, depth=-2.0, draggable=False, fillColor=array([-0.60784314,  0.60784314, -0.60784314]), fillColorSpace='rgb', fillRGB=array([-0.60784314,  0.60784314, -0.60784314]), interpolate=True, lineColor=array([-0.60784314,  0.60784314, -0.60784314]), lineColorSpace='rgb', lineRGB=array([-0.60784314,  0.60784314, -0.60784314]), lineWidth=1.0, name='Green_Border', opacity=1.0, ori=0.0, pos=array([-0.5,  0. ]), size=array([0.15, 0.15]), units='height', vertices=ndarray(...), win=Window(...))
30.8248 	EXP 	Created Two_Back_Example_Stim = ImageStim(__class__=<class 'psychopy.visual.image.ImageStim'>, anchor=('center', 'center'), autoLog=True, color=array([1., 1., 1.]), colorSpace='rgb', contrast=1.0, depth=-3.0, draggable=False, flipHoriz=np.False_, flipVert=np.False_, image='VM Stimuli/PracticeFO1.bmp', interpolate=True, mask=None, maskParams=None, name='Two_Back_Example_Stim', opacity=1, ori=0.0, pos=array([-0.5,  0. ]), size=array([0.13, 0.13]), texRes=128.0, units='height', win=Window(...))
30.8276 	EXP 	Created One_Back_Example_Stim_2 = ImageStim(__class__=<class 'psychopy.visual.image.ImageStim'>, anchor=('center', 'center'), autoLog=True, color=array([1., 1., 1.]), colorSpace='rgb', contrast=1.0, depth=-4.0, draggable=False, flipHoriz=np.False_, flipVert=np.False_, image='VM Stimuli/PracticeFO2.bmp', interpolate=True, mask=None, maskParams=None, name='One_Back_Example_Stim_2', opacity=1, ori=0.0, pos=array([-0.3,  0. ]), size=array([0.15, 0.15]), texRes=128.0, units='height', win=Window(...))
30.8309 	EXP 	Created Example_Stim_3 = ImageStim(__class__=<class 'psychopy.visual.image.ImageStim'>, anchor=('center', 'center'), autoLog=True, color=array([1., 1., 1.]), colorSpace='rgb', contrast=1.0, depth=-5.0, draggable=False, flipHoriz=np.False_, flipVert=np.False_, image='default.png', interpolate=True, mask=None, maskParams=None, name='Example_Stim_3', opacity=1, ori=0.0, pos=array([0., 0.]), size=array([0.22, 0.22]), texRes=128.0, units='height', win=Window(...))
30.8540 	EXP 	Created Two_Back_Example_Stim_2 = ImageStim(__class__=<class 'psychopy.visual.image.ImageStim'>, anchor=('center', 'center'), autoLog=True, color=array([1., 1., 1.]), colorSpace='rgb', contrast=1.0, depth=-2.0, draggable=False, flipHoriz=np.False_, flipVert=np.False_, image='VM Stimuli/PracticeFO2.bmp', interpolate=True, mask=None, maskParams=None, name='Two_Back_Example_Stim_2', opacity=1, ori=0.0, pos=array([-0.5,  0. ]), size=array([0.13, 0.13]), texRes=128.0, units='height', win=Window(...))
30.8558 	EXP 	Created One_Back_Example_Stim_3 = ImageStim(__class__=<class 'psychopy.visual.image.ImageStim'>, anchor=('center', 'center'), autoLog=True, color=array([1., 1., 1.]), colorSpace='rgb', contrast=1.0, depth=-3.0, draggable=False, flipHoriz=np.False_, flipVert=np.False_, image='VM Stimuli/PracticeFO1.bmp', interpolate=True, mask=None, maskParams=None, name='One_Back_Example_Stim_3', opacity=1, ori=0.0, pos=array([-0.3,  0. ]), size=array([0.15, 0.15]), texRes=128.0, units='height', win=Window(...))
30.8590 	EXP 	Created Example_Stim_4 = ImageStim(__class__=<class 'psychopy.visual.image.ImageStim'>, anchor=('center', 'center'), autoLog=True, color=array([1., 1., 1.]), colorSpace='rgb', contrast=1.0, depth=-4.0, draggable=False, flipHoriz=np.False_, flipVert=np.False_, image='default.png', interpolate=True, mask=None, maskParams=None, name='Example_Stim_4', opacity=1, ori=0.0, pos=array([0., 0.]), size=array([0.22, 0.22]), texRes=128.0, units='height', win=Window(...))
30.8928 	EXP 	Created Example_Stim_5 = ImageStim(__class__=<class 'psychopy.visual.image.ImageStim'>, anchor=('center', 'center'), autoLog=True, color=array([1., 1., 1.]), colorSpace='rgb', contrast=1.0, depth=-2.0, draggable=False, flipHoriz=np.False_, flipVert=np.False_, image='VM Stimuli/PracticeFO2.bmp', interpolate=True, mask=None, maskParams=None, name='Example_Stim_5', opacity=1, ori=0.0, pos=array([0., 0.]), size=array([0.22, 0.22]), texRes=128.0, units='height', win=Window(...))
30.9157 	EXP 	Created Example_Stim_6 = ImageStim(__class__=<class 'psychopy.visual.image.ImageStim'>, anchor=('center', 'center'), autoLog=True, color=array([1., 1., 1.]), colorSpace='rgb', contrast=1.0, depth=-2.0, draggable=False, flipHoriz=np.False_, flipVert=np.False_, image='VM Stimuli/PracticeFO2.bmp', interpolate=True, mask=None, maskParams=None, name='Example_Stim_6', opacity=1, ori=0.0, pos=array([0., 0.]), size=array([0.22, 0.22]), texRes=128.0, units='height', win=Window(...))
30.9509 	EXP 	Created Example_Stim_7 = ImageStim(__class__=<class 'psychopy.visual.image.ImageStim'>, anchor=('center', 'center'), autoLog=True, color=array([1., 1., 1.]), colorSpace='rgb', contrast=1.0, depth=-2.0, draggable=False, flipHoriz=np.False_, flipVert=np.False_, image='VM Stimuli/PracticeFO3.bmp', interpolate=True, mask=None, maskParams=None, name='Example_Stim_7', opacity=1, ori=0.0, pos=array([0., 0.]), size=array([0.22, 0.22]), texRes=128.0, units='height', win=Window(...))
30.9743 	EXP 	Created One_Back_Example_Stim_4 = ImageStim(__class__=<class 'psychopy.visual.image.ImageStim'>, anchor=('center', 'center'), autoLog=True, color=array([1., 1., 1.]), colorSpace='rgb', contrast=1.0, depth=-2.0, draggable=False, flipHoriz=np.False_, flipVert=np.False_, image='VM Stimuli/PracticeFO2.bmp', interpolate=True, mask=None, maskParams=None, name='One_Back_Example_Stim_4', opacity=1, ori=0.0, pos=array([-0.3,  0. ]), size=array([0.15, 0.15]), texRes=128.0, units='height', win=Window(...))
30.9761 	EXP 	Created Example_Stim_8 = ImageStim(__class__=<class 'psychopy.visual.image.ImageStim'>, anchor=('center', 'center'), autoLog=True, color=array([1., 1., 1.]), colorSpace='rgb', contrast=1.0, depth=-3.0, draggable=False, flipHoriz=np.False_, flipVert=np.False_, image='VM Stimuli/PracticeFO3.bmp', interpolate=True, mask=None, maskParams=None, name='Example_Stim_8', opacity=1, ori=0.0, pos=array([0., 0.]), size=array([0.22, 0.22]), texRes=128.0, units='height', win=Window(...))
30.9983 	EXP 	Created Example_Stim_9 = ImageStim(__class__=<class 'psychopy.visual.image.ImageStim'>, anchor=('center', 'center'), autoLog=True, color=array([1., 1., 1.]), colorSpace='rgb', contrast=1.0, depth=-2.0, draggable=False, flipHoriz=np.False_, flipVert=np.False_, image='VM Stimuli/PracticeFO1.bmp', interpolate=True, mask=None, maskParams=None, name='Example_Stim_9', opacity=1, ori=0.0, pos=array([0., 0.]), size=array([0.22, 0.22]), texRes=128.0, units='height', win=Window(...))
31.0211 	EXP 	Created Two_Back_Example_Stim_3 = ImageStim(__class__=<class 'psychopy.visual.image.ImageStim'>, anchor=('center', 'center'), autoLog=True, color=array([1., 1., 1.]), colorSpace='rgb', contrast=1.0, depth=-2.0, draggable=False, flipHoriz=np.False_, flipVert=np.False_, image='VM Stimuli/PracticeFO2.bmp', interpolate=True, mask=None, maskParams=None, name='Two_Back_Example_Stim_3', opacity=1, ori=0.0, pos=array([-0.5,  0. ]), size=array([0.15, 0.15]), texRes=128.0, units='height', win=Window(...))
31.0229 	EXP 	Created One_Back_Example_Stim_5 = ImageStim(__class__=<class 'psychopy.visual.image.ImageStim'>, anchor=('center', 'center'), autoLog=True, color=array([1., 1., 1.]), colorSpace='rgb', contrast=1.0, depth=-3.0, draggable=False, flipHoriz=np.False_, flipVert=np.False_, image='VM Stimuli/PracticeFO3.bmp', interpolate=True, mask=None, maskParams=None, name='One_Back_Example_Stim_5', opacity=1, ori=0.0, pos=array([-0.3,  0. ]), size=array([0.15, 0.15]), texRes=128.0, units='height', win=Window(...))
31.0246 	EXP 	Created Example_Stim_10 = ImageStim(__class__=<class 'psychopy.visual.image.ImageStim'>, anchor=('center', 'center'), autoLog=True, color=array([1., 1., 1.]), colorSpace='rgb', contrast=1.0, depth=-4.0, draggable=False, flipHoriz=np.False_, flipVert=np.False_, image='VM Stimuli/PracticeFO1.bmp', interpolate=True, mask=None, maskParams=None, name='Example_Stim_10', opacity=1, ori=0.0, pos=array([0., 0.]), size=array([0.22, 0.22]), texRes=128.0, units='height', win=Window(...))
31.0468 	EXP 	Created Green_Border_2 = Rect(__class__=<class 'psychopy.visual.rect.Rect'>, anchor=('center', 'center'), autoDraw=False, autoLog=True, closeShape=True, color=method-wrapper(...), colorSpace='rgb', contrast=None, depth=-2.0, draggable=False, fillColor=array([-0.60784314,  0.60784314, -0.60784314]), fillColorSpace='rgb', fillRGB=array([-0.60784314,  0.60784314, -0.60784314]), interpolate=True, lineColor=array([-0.60784314,  0.60784314, -0.60784314]), lineColorSpace='rgb', lineRGB=array([-0.60784314,  0.60784314, -0.60784314]), lineWidth=1.0, name='Green_Border_2', opacity=1.0, ori=0.0, pos=array([-0.5,  0. ]), size=array([0.15, 0.15]), units='height', vertices=ndarray(...), win=Window(...))
31.0489 	EXP 	Created Two_Back_Example_Stim_4 = ImageStim(__class__=<class 'psychopy.visual.image.ImageStim'>, anchor=('center', 'center'), autoLog=True, color=array([1., 1., 1.]), colorSpace='rgb', contrast=1.0, depth=-3.0, draggable=False, flipHoriz=np.False_, flipVert=np.False_, image='VM Stimuli/PracticeFO3.bmp', interpolate=True, mask=None, maskParams=None, name='Two_Back_Example_Stim_4', opacity=1, ori=0.0, pos=array([-0.5,  0. ]), size=array([0.13, 0.13]), texRes=128.0, units='height', win=Window(...))
31.0507 	EXP 	Created One_Back_Example_Stim_6 = ImageStim(__class__=<class 'psychopy.visual.image.ImageStim'>, anchor=('center', 'center'), autoLog=True, color=array([1., 1., 1.]), colorSpace='rgb', contrast=1.0, depth=-4.0, draggable=False, flipHoriz=np.False_, flipVert=np.False_, image='VM Stimuli/PracticeFO1.bmp', interpolate=True, mask=None, maskParams=None, name='One_Back_Example_Stim_6', opacity=1, ori=0.0, pos=array([-0.3,  0. ]), size=array([0.15, 0.15]), texRes=128.0, units='height', win=Window(...))
31.0524 	EXP 	Created Example_Stim_11 = ImageStim(__class__=<class 'psychopy.visual.image.ImageStim'>, anchor=('center', 'center'), autoLog=True, color=array([1., 1., 1.]), colorSpace='rgb', contrast=1.0, depth=-5.0, draggable=False, flipHoriz=np.False_, flipVert=np.False_, image='VM Stimuli/PracticeFO3.bmp', interpolate=True, mask=None, maskParams=None, name='Example_Stim_11', opacity=1, ori=0.0, pos=array([0., 0.]), size=array([0.22, 0.22]), texRes=128.0, units='height', win=Window(...))
31.0836 	EXP 	Created Stim = ImageStim(__class__=<class 'psychopy.visual.image.ImageStim'>, anchor=('center', 'center'), autoLog=True, color=array([1., 1., 1.]), colorSpace='rgb', contrast=1.0, depth=-2.0, draggable=False, flipHoriz=np.False_, flipVert=np.False_, image='default.png', interpolate=True, mask=None, maskParams=None, name='Stim', opacity=1, ori=0.0, pos=array([0., 0.]), size=array([0.22, 0.22]), texRes=128.0, units='height', win=Window(...))
31.1211 	EXP 	Created Stim = ImageStim(__class__=<class 'psychopy.visual.image.ImageStim'>, anchor=('center', 'center'), autoLog=True, color=array([1., 1., 1.]), colorSpace='rgb', contrast=1.0, depth=-2.0, draggable=False, flipHoriz=np.False_, flipVert=np.False_, image='default.png', interpolate=True, mask=None, maskParams=None, name='Stim', opacity=1, ori=0.0, pos=array([0., 0.]), size=array([0.22, 0.22]), texRes=128.0, units='height', win=Window(...))
31.1823 	EXP 	Created Stim = ImageStim(__class__=<class 'psychopy.visual.image.ImageStim'>, anchor=('center', 'center'), autoLog=True, color=array([1., 1., 1.]), colorSpace='rgb', contrast=1.0, depth=-2.0, draggable=False, flipHoriz=np.False_, flipVert=np.False_, image='default.png', interpolate=True, mask=None, maskParams=None, name='Stim', opacity=1, ori=0.0, pos=array([0., 0.]), size=array([0.22, 0.22]), texRes=128.0, units='height', win=Window(...))
31.2262 	EXP 	Created CueTargetImage_6 = ImageStim(__class__=<class 'psychopy.visual.image.ImageStim'>, anchor=('center', 'center'), autoLog=True, color=array([1., 1., 1.]), colorSpace='rgb', contrast=1.0, depth=-2.0, draggable=False, flipHoriz=np.False_, flipVert=np.False_, image='VM Stimuli/Place3.bmp', interpolate=True, mask=None, maskParams=None, name='CueTargetImage_6', opacity=1, ori=0.0, pos=array([0.15, 0.  ]), size=array([0.22, 0.22]), texRes=128.0, units='height', win=Window(...))
31.2295 	EXP 	Created Stim = ImageStim(__class__=<class 'psychopy.visual.image.ImageStim'>, anchor=('center', 'center'), autoLog=True, color=array([1., 1., 1.]), colorSpace='rgb', contrast=1.0, depth=-2.0, draggable=False, flipHoriz=np.False_, flipVert=np.False_, image='default.png', interpolate=True, mask=None, maskParams=None, name='Stim', opacity=1, ori=0.0, pos=array([0., 0.]), size=array([0.22, 0.22]), texRes=128.0, units='height', win=Window(...))
31.2739 	EXP 	Created Stim = ImageStim(__class__=<class 'psychopy.visual.image.ImageStim'>, anchor=('center', 'center'), autoLog=True, color=array([1., 1., 1.]), colorSpace='rgb', contrast=1.0, depth=-2.0, draggable=False, flipHoriz=np.False_, flipVert=np.False_, image='default.png', interpolate=True, mask=None, maskParams=None, name='Stim', opacity=1, ori=0.0, pos=array([0., 0.]), size=array([0.22, 0.22]), texRes=128.0, units='height', win=Window(...))
31.3186 	EXP 	Created CueTargetImage_8 = ImageStim(__class__=<class 'psychopy.visual.image.ImageStim'>, anchor=('center', 'center'), autoLog=True, color=array([1., 1., 1.]), colorSpace='rgb', contrast=1.0, depth=-2.0, draggable=False, flipHoriz=np.False_, flipVert=np.False_, image='VM Stimuli/PracticeNC2.bmp', interpolate=True, mask=None, maskParams=None, name='CueTargetImage_8', opacity=1, ori=0.0, pos=array([0.15, 0.  ]), size=array([0.22, 0.22]), texRes=128.0, units='height', win=Window(...))
31.3217 	EXP 	Created Stim = ImageStim(__class__=<class 'psychopy.visual.image.ImageStim'>, anchor=('center', 'center'), autoLog=True, color=array([1., 1., 1.]), colorSpace='rgb', contrast=1.0, depth=-2.0, draggable=False, flipHoriz=np.False_, flipVert=np.False_, image='default.png', interpolate=True, mask=None, maskParams=None, name='Stim', opacity=1, ori=0.0, pos=array([0., 0.]), size=array([0.22, 0.22]), texRes=128.0, units='height', win=Window(...))
0.0551 	EXP 	NbackTitle: autoLog = True
0.0551 	EXP 	Instructions_1: autoLog = True
0.0551 	EXP 	Instructions_2: autoLog = True
0.0551 	EXP 	Instructions_3: autoLog = True
0.0551 	EXP 	Instructions_5pt5: autoLog = True
0.0551 	EXP 	Instructions_6: autoLog = True
0.0551 	EXP 	Instructions_6_Target: autoLog = True
0.0551 	EXP 	Instructions_6_Match: autoLog = True
0.0551 	EXP 	Instructions_14: autoLog = True
0.0551 	EXP 	Instructions_6pt2: autoLog = True
0.0551 	EXP 	CueFix_1: autoLog = True
0.0551 	EXP 	CueTarget_1: autoLog = True
0.0551 	EXP 	Stim_LeftScreenInstruction: autoLog = True
0.0551 	EXP 	Stim_RightScreenInstruction: autoLog = True
0.0551 	EXP 	Fix: autoLog = True
0.0551 	EXP 	Feedback: autoLog = True
0.0551 	EXP 	Instructions_Space: autoLog = True
0.0551 	EXP 	CueFix_2: autoLog = True
0.0551 	EXP 	CueTarget_2: autoLog = True
0.0551 	EXP 	Stim_LeftScreenInstruction: autoLog = True
0.0551 	EXP 	Stim_RightScreenInstruction: autoLog = True
0.0551 	EXP 	Fix: autoLog = True
0.0551 	EXP 	Feedback: autoLog = True
0.0551 	EXP 	Instructions_Space: autoLog = True
0.0551 	EXP 	Instructions_8: autoLog = True
0.0551 	EXP 	Instructions_11: autoLog = True
0.0551 	EXP 	Instructions_9: autoLog = True
0.0551 	EXP 	Example_LeftScreenInstruction: autoLog = True
0.0551 	EXP 	Example_RightScreenInstruction: autoLog = True
0.0551 	EXP 	Instructions_21: autoLog = True
0.0551 	EXP 	Example_LeftScreenInstruction_2: autoLog = True
0.0551 	EXP 	Example_RightScreenInstruction_2: autoLog = True
0.0551 	EXP 	Instructions_24: autoLog = True
0.0551 	EXP 	Example_LeftScreenInstruction_3: autoLog = True
0.0551 	EXP 	Example_RightScreenInstruction_3: autoLog = True
0.0551 	EXP 	Instructions_25: autoLog = True
0.0551 	EXP 	Example_LeftScreenInstruction_4: autoLog = True
0.0551 	EXP 	Example_RightScreenInstruction_4: autoLog = True
0.0551 	EXP 	Instructions_15: autoLog = True
0.0551 	EXP 	Instructions_32: autoLog = True
0.0551 	EXP 	Example_LeftScreenInstruction_5: autoLog = True
0.0551 	EXP 	Example_RightScreenInstruction_5: autoLog = True
0.0551 	EXP 	Instructions_27: autoLog = True
0.0551 	EXP 	Example_LeftScreenInstruction_6: autoLog = True
0.0551 	EXP 	Example_RightScreenInstruction_6: autoLog = True
0.0551 	EXP 	Instructions_33: autoLog = True
0.0551 	EXP 	Example_LeftScreenInstruction_7: autoLog = True
0.0551 	EXP 	Example_RightScreenInstruction_7: autoLog = True
0.0551 	EXP 	Instructions_26: autoLog = True
0.0551 	EXP 	Example_LeftScreenInstruction_8: autoLog = True
0.0551 	EXP 	Example_RightScreenInstruction_8: autoLog = True
0.0551 	EXP 	Instructions: autoLog = True
0.0551 	EXP 	Example_LeftScreenInstruction_9: autoLog = True
0.0551 	EXP 	Example_RightScreenInstruction_9: autoLog = True
0.0551 	EXP 	Instructions_28: autoLog = True
0.0551 	EXP 	Example_LeftScreenInstruction_10: autoLog = True
0.0551 	EXP 	Example_RightScreenInstruction_10: autoLog = True
0.0551 	EXP 	Instructions_29: autoLog = True
0.0551 	EXP 	Example_LeftScreenInstruction_11: autoLog = True
0.0551 	EXP 	Example_RightScreenInstruction_11: autoLog = True
0.0551 	EXP 	Instructions_22: autoLog = True
0.0551 	EXP 	Instructions_30: autoLog = True
0.0551 	EXP 	Stim_LeftScreenInstruction: autoLog = True
0.0551 	EXP 	Stim_RightScreenInstruction: autoLog = True
0.0551 	EXP 	Fix: autoLog = True
0.0551 	EXP 	Feedback: autoLog = True
0.0551 	EXP 	Instructions_Space: autoLog = True
0.0551 	EXP 	Stim_LeftScreenInstruction: autoLog = True
0.0551 	EXP 	Stim_RightScreenInstruction: autoLog = True
0.0551 	EXP 	Fix: autoLog = True
0.0551 	EXP 	Feedback: autoLog = True
0.0551 	EXP 	Instructions_36: autoLog = True
0.0551 	EXP 	CueFix_5: autoLog = True
0.0551 	EXP 	Cue_2Back: autoLog = True
0.0551 	EXP 	Stim_LeftScreenInstruction: autoLog = True
0.0551 	EXP 	Stim_RightScreenInstruction: autoLog = True
0.0551 	EXP 	Fix: autoLog = True
0.0551 	EXP 	Feedback: autoLog = True
0.0551 	EXP 	CueFix_6: autoLog = True
0.0551 	EXP 	CueTarget_6: autoLog = True
0.0551 	EXP 	Stim_LeftScreenInstruction: autoLog = True
0.0551 	EXP 	Stim_RightScreenInstruction: autoLog = True
0.0551 	EXP 	Fix: autoLog = True
0.0551 	EXP 	Feedback: autoLog = True
0.0551 	EXP 	CueFix_7: autoLog = True
0.0551 	EXP 	Cue_2Back_2: autoLog = True
0.0551 	EXP 	Stim_LeftScreenInstruction: autoLog = True
0.0551 	EXP 	Stim_RightScreenInstruction: autoLog = True
0.0551 	EXP 	Fix: autoLog = True
0.0551 	EXP 	Feedback: autoLog = True
0.0551 	EXP 	CueFix_8: autoLog = True
0.0551 	EXP 	CueTarget_8: autoLog = True
0.0551 	EXP 	Stim_LeftScreenInstruction: autoLog = True
0.0551 	EXP 	Stim_RightScreenInstruction: autoLog = True
0.0551 	EXP 	Fix: autoLog = True
0.0551 	EXP 	Feedback: autoLog = True
0.0551 	EXP 	AllDone: autoLog = True
0.0713 	INFO 	Keyboard events cleared
0.0712 	EXP 	NbackTitle: autoDraw = True
0.7909 	EXP 	Device response: <KeyPress from None: t=0.6141707487404346, value=escape, duration=None>
0.7911 	EXP 	Device response: <KeyPress from None: t=0.6141707487404346, value=escape, duration=0.06882970873266459>
0.7912 	EXP 	EmoNback_Practice: status = STOPPED
0.8794 	DATA 	Keypress: escape
0.8891 	EXP 	NbackTitle: autoDraw = False
0.8891 	EXP 	EmoNback_Practice: status = STOPPED
0.8910 	INFO 	saved data to '/Users/akashrathi/Documents/GitHub/EmoNback/EmoNback_Practice/data/AANNNAAA_2.csv'
0.8920 	INFO 	saved data to /Users/akashrathi/Documents/GitHub/EmoNback/EmoNback_Practice/data/AANNNAAA_2.psydat
1.1211 	WARNING 	Stopping key buffers but this could be dangerous ifother keyboards rely on the same.
1.1212 	WARNING 	Stopping key buffers but this could be dangerous ifother keyboards rely on the same.
1.1212 	WARNING 	Stopping key buffers but this could be dangerous ifother keyboards rely on the same.
1.1212 	WARNING 	Stopping key buffers but this could be dangerous ifother keyboards rely on the same.
1.1212 	WARNING 	Stopping key buffers but this could be dangerous ifother keyboards rely on the same.
1.1212 	WARNING 	Stopping key buffers but this could be dangerous ifother keyboards rely on the same.
1.1213 	WARNING 	Stopping key buffers but this could be dangerous ifother keyboards rely on the same.
1.1213 	WARNING 	Stopping key buffers but this could be dangerous ifother keyboards rely on the same.
1.1213 	WARNING 	Stopping key buffers but this could be dangerous ifother keyboards rely on the same.
1.1213 	WARNING 	Stopping key buffers but this could be dangerous ifother keyboards rely on the same.
1.1213 	WARNING 	Stopping key buffers but this could be dangerous ifother keyboards rely on the same.
1.1213 	WARNING 	Stopping key buffers but this could be dangerous ifother keyboards rely on the same.
1.1213 	WARNING 	Stopping key buffers but this could be dangerous ifother keyboards rely on the same.
1.1213 	WARNING 	Stopping key buffers but this could be dangerous ifother keyboards rely on the same.
1.1213 	WARNING 	Stopping key buffers but this could be dangerous ifother keyboards rely on the same.
1.1213 	WARNING 	Stopping key buffers but this could be dangerous ifother keyboards rely on the same.
1.1213 	WARNING 	Stopping key buffers but this could be dangerous ifother keyboards rely on the same.
1.1213 	WARNING 	Stopping key buffers but this could be dangerous ifother keyboards rely on the same.
1.1213 	WARNING 	Stopping key buffers but this could be dangerous ifother keyboards rely on the same.
1.1213 	WARNING 	Stopping key buffers but this could be dangerous ifother keyboards rely on the same.
1.1213 	WARNING 	Stopping key buffers but this could be dangerous ifother keyboards rely on the same.
1.1214 	WARNING 	Stopping key buffers but this could be dangerous ifother keyboards rely on the same.
1.1214 	WARNING 	Stopping key buffers but this could be dangerous ifother keyboards rely on the same.
1.1214 	WARNING 	Stopping key buffers but this could be dangerous ifother keyboards rely on the same.
1.1214 	WARNING 	Stopping key buffers but this could be dangerous ifother keyboards rely on the same.
1.1214 	WARNING 	Stopping key buffers but this could be dangerous ifother keyboards rely on the same.
1.1214 	WARNING 	Stopping key buffers but this could be dangerous ifother keyboards rely on the same.
1.1214 	WARNING 	Stopping key buffers but this could be dangerous ifother keyboards rely on the same.
1.1214 	WARNING 	Stopping key buffers but this could be dangerous ifother keyboards rely on the same.
