16.1435 	WARNING 	Monitor specification not found. Creating a temporary one...
16.1542 	WARNING 	User requested fullscreen with size [1728 1117], but screen is actually [2240, 1260]. Using actual size
16.2841 	INFO 	Using renderer 'Apple M1' for graphics
16.2841 	INFO 	OpenGL version supported by driver is 2..
16.3010 	EXP 	Created window1 = Window(allowGUI=False, allowStencil=True, autoLog=True, backendConf=UNKNOWN, backgroundFit=<method-wrapper '__getattribute__' of attributeSetter object at 0x1502116f0>, backgroundImage=<method-wrapper '__getattribute__' of attributeSetter object at 0x150211690>, bitsMode=UNKNOWN, blendMode='avg', bpc=(8, 8, 8), color=array([0, 0, 0]), colorSpace='rgb', depthBits=8, fullscr=True, gamma=None, gammaErrorPolicy='raise', infoMsg=UNKNOWN, lms=UNKNOWN, monitor=<psychopy.monitors.calibTools.Monitor object at 0x1502dc310>, multiSample=False, name='window1', numSamples=2, pos=[np.float64(0.0), np.float64(0.0)], screen=0, size=array([4480, 2520]), stencilBits=8, stereo=False, title='PsychoPy', units='height', useFBO=True, useRetina=True, viewOri=0.0, viewPos=None, viewScale=None, waitBlanking=True, winType='pyglet')
16.3011 	EXP 	window1: backgroundImage = ''
16.3011 	EXP 	window1: backgroundFit = 'none'
16.7772 	INFO 	keyboard.Keyboard is using ptb backend.
16.8411 	INFO 	keyboard.Keyboard is using ptb backend.
16.8895 	INFO 	keyboard.Keyboard is using ptb backend.
16.9374 	INFO 	keyboard.Keyboard is using ptb backend.
16.9856 	INFO 	keyboard.Keyboard is using ptb backend.
17.0346 	INFO 	keyboard.Keyboard is using ptb backend.
17.0825 	INFO 	keyboard.Keyboard is using ptb backend.
17.1306 	INFO 	keyboard.Keyboard is using ptb backend.
17.1787 	INFO 	keyboard.Keyboard is using ptb backend.
17.2269 	INFO 	keyboard.Keyboard is using ptb backend.
17.2750 	INFO 	keyboard.Keyboard is using ptb backend.
17.3229 	INFO 	keyboard.Keyboard is using ptb backend.
17.3710 	INFO 	keyboard.Keyboard is using ptb backend.
17.4190 	INFO 	keyboard.Keyboard is using ptb backend.
17.4670 	INFO 	keyboard.Keyboard is using ptb backend.
17.5151 	INFO 	keyboard.Keyboard is using ptb backend.
17.5633 	INFO 	keyboard.Keyboard is using ptb backend.
17.6114 	INFO 	keyboard.Keyboard is using ptb backend.
17.6594 	INFO 	keyboard.Keyboard is using ptb backend.
17.7073 	INFO 	keyboard.Keyboard is using ptb backend.
17.7554 	INFO 	keyboard.Keyboard is using ptb backend.
17.8040 	INFO 	keyboard.Keyboard is using ptb backend.
17.8522 	INFO 	keyboard.Keyboard is using ptb backend.
17.9001 	INFO 	keyboard.Keyboard is using ptb backend.
17.9484 	INFO 	keyboard.Keyboard is using ptb backend.
17.9966 	INFO 	keyboard.Keyboard is using ptb backend.
18.0448 	INFO 	keyboard.Keyboard is using ptb backend.
18.0929 	INFO 	keyboard.Keyboard is using ptb backend.
18.1411 	INFO 	keyboard.Keyboard is using ptb backend.
18.1892 	INFO 	keyboard.Keyboard is using ptb backend.
18.2396 	INFO 	keyboard.Keyboard is using ptb backend.
18.2396 	EXP 	EmoNback_Practice: status = STARTED
18.5089 	EXP 	Created Face_image = ImageStim(__class__=<class 'psychopy.visual.image.ImageStim'>, anchor=('center', 'center'), autoLog=True, color=array([1., 1., 1.]), colorSpace='rgb', contrast=1.0, depth=-4.0, draggable=False, flipHoriz=np.False_, flipVert=np.False_, image='VM Stimuli/PracticeNC1.bmp', interpolate=True, mask=None, maskParams=None, name='Face_image', opacity=1, ori=0.0, pos=array([-0.3, -0.1]), size=array([0.3, 0.3]), texRes=128.0, units='height', win=Window(...))
18.5152 	EXP 	Created Place_Image = ImageStim(__class__=<class 'psychopy.visual.image.ImageStim'>, anchor=('center', 'center'), autoLog=True, color=array([1., 1., 1.]), colorSpace='rgb', contrast=1.0, depth=-5.0, draggable=False, flipHoriz=np.False_, flipVert=np.False_, image='VM Stimuli/Place1.bmp', interpolate=True, mask=None, maskParams=None, name='Place_Image', opacity=1, ori=0.0, pos=array([ 0.3, -0.1]), size=array([0.3, 0.3]), texRes=128.0, units='height', win=Window(...))
18.5594 	EXP 	Created TargetImage = ImageStim(__class__=<class 'psychopy.visual.image.ImageStim'>, anchor=('center', 'center'), autoLog=True, color=array([1., 1., 1.]), colorSpace='rgb', contrast=1.0, depth=-3.0, draggable=False, flipHoriz=np.False_, flipVert=np.False_, image='VM Stimuli/PracticeNC1.bmp', interpolate=True, mask=None, maskParams=None, name='TargetImage', opacity=1, ori=0.0, pos=array([0.2, 0. ]), size=array([0.22, 0.22]), texRes=128.0, units='height', win=Window(...))
18.5758 	EXP 	Created TargetImage_2 = ImageStim(__class__=<class 'psychopy.visual.image.ImageStim'>, anchor=('center', 'center'), autoLog=True, color=array([1., 1., 1.]), colorSpace='rgb', contrast=1.0, depth=-2.0, draggable=False, flipHoriz=np.False_, flipVert=np.False_, image='VM Stimuli/PracticeNC1.bmp', interpolate=True, mask=None, maskParams=None, name='TargetImage_2', opacity=1, ori=0.0, pos=array([0., 0.]), size=array([0.22, 0.22]), texRes=128.0, units='height', win=Window(...))
18.6128 	EXP 	Created TargetImage_4 = ImageStim(__class__=<class 'psychopy.visual.image.ImageStim'>, anchor=('center', 'center'), autoLog=True, color=array([1., 1., 1.]), colorSpace='rgb', contrast=1.0, depth=-2.0, draggable=False, flipHoriz=np.False_, flipVert=np.False_, image='VM Stimuli/PracticeNC1.bmp', interpolate=True, mask=None, maskParams=None, name='TargetImage_4', opacity=1, ori=0.0, pos=array([0., 0.]), size=array([0.22, 0.22]), texRes=128.0, units='height', win=Window(...))
18.6591 	EXP 	Created TargetImage_3 = ImageStim(__class__=<class 'psychopy.visual.image.ImageStim'>, anchor=('center', 'center'), autoLog=True, color=array([1., 1., 1.]), colorSpace='rgb', contrast=1.0, depth=-3.0, draggable=False, flipHoriz=np.False_, flipVert=np.False_, image='VM Stimuli/PracticeFO1.bmp', interpolate=True, mask=None, maskParams=None, name='TargetImage_3', opacity=1, ori=0.0, pos=array([0., 0.]), size=array([0.22, 0.22]), texRes=128.0, units='height', win=Window(...))
18.6753 	EXP 	Created TargetImage_5 = ImageStim(__class__=<class 'psychopy.visual.image.ImageStim'>, anchor=('center', 'center'), autoLog=True, color=array([1., 1., 1.]), colorSpace='rgb', contrast=1.0, depth=-3.0, draggable=False, flipHoriz=np.False_, flipVert=np.False_, image='VM Stimuli/PracticeFO1.bmp', interpolate=True, mask=None, maskParams=None, name='TargetImage_5', opacity=1, ori=0.0, pos=array([0., 0.]), size=array([0.22, 0.22]), texRes=128.0, units='height', win=Window(...))
18.7937 	EXP 	Created CueTargetImage_1 = ImageStim(__class__=<class 'psychopy.visual.image.ImageStim'>, anchor=('center', 'center'), autoLog=True, color=array([1., 1., 1.]), colorSpace='rgb', contrast=1.0, depth=-2.0, draggable=False, flipHoriz=np.False_, flipVert=np.False_, image='VM Stimuli/PracticeNC1.bmp', interpolate=True, mask=None, maskParams=None, name='CueTargetImage_1', opacity=1, ori=0.0, pos=array([0.25, 0.  ]), size=array([0.4, 0.4]), texRes=128.0, units='height', win=Window(...))
18.8155 	EXP 	Created Stim = ImageStim(__class__=<class 'psychopy.visual.image.ImageStim'>, anchor=('center', 'center'), autoLog=True, color=array([1., 1., 1.]), colorSpace='rgb', contrast=1.0, depth=-2.0, draggable=False, flipHoriz=np.False_, flipVert=np.False_, image='default.png', interpolate=True, mask=None, maskParams=None, name='Stim', opacity=1, ori=0.0, pos=array([0. , 0.1]), size=array([0.4, 0.4]), texRes=128.0, units='height', win=Window(...))
18.8876 	EXP 	Created CueTargetImage_2 = ImageStim(__class__=<class 'psychopy.visual.image.ImageStim'>, anchor=('center', 'center'), autoLog=True, color=array([1., 1., 1.]), colorSpace='rgb', contrast=1.0, depth=-2.0, draggable=False, flipHoriz=np.False_, flipVert=np.False_, image='VM Stimuli/Place1.bmp', interpolate=True, mask=None, maskParams=None, name='CueTargetImage_2', opacity=1, ori=0.0, pos=array([0.25, 0.  ]), size=array([0.4, 0.4]), texRes=128.0, units='height', win=Window(...))
18.8978 	EXP 	Created Stim = ImageStim(__class__=<class 'psychopy.visual.image.ImageStim'>, anchor=('center', 'center'), autoLog=True, color=array([1., 1., 1.]), colorSpace='rgb', contrast=1.0, depth=-2.0, draggable=False, flipHoriz=np.False_, flipVert=np.False_, image='default.png', interpolate=True, mask=None, maskParams=None, name='Stim', opacity=1, ori=0.0, pos=array([0. , 0.1]), size=array([0.4, 0.4]), texRes=128.0, units='height', win=Window(...))
18.9555 	EXP 	Created Example_Stim = ImageStim(__class__=<class 'psychopy.visual.image.ImageStim'>, anchor=('center', 'center'), autoLog=True, color=array([1., 1., 1.]), colorSpace='rgb', contrast=1.0, depth=-2.0, draggable=False, flipHoriz=np.False_, flipVert=np.False_, image='default.png', interpolate=True, mask=None, maskParams=None, name='Example_Stim', opacity=1, ori=0.0, pos=array([0., 0.]), size=array([0.22, 0.22]), texRes=128.0, units='height', win=Window(...))
18.9863 	EXP 	Created One_Back_Example_Stim = ImageStim(__class__=<class 'psychopy.visual.image.ImageStim'>, anchor=('center', 'center'), autoLog=True, color=array([1., 1., 1.]), colorSpace='rgb', contrast=1.0, depth=-2.0, draggable=False, flipHoriz=np.False_, flipVert=np.False_, image='VM Stimuli/PracticeFO1.bmp', interpolate=True, mask=None, maskParams=None, name='One_Back_Example_Stim', opacity=1, ori=0.0, pos=array([-0.3,  0. ]), size=array([0.15, 0.15]), texRes=128.0, units='height', win=Window(...))
18.9895 	EXP 	Created Example_Stim_2 = ImageStim(__class__=<class 'psychopy.visual.image.ImageStim'>, anchor=('center', 'center'), autoLog=True, color=array([1., 1., 1.]), colorSpace='rgb', contrast=1.0, depth=-3.0, draggable=False, flipHoriz=np.False_, flipVert=np.False_, image='default.png', interpolate=True, mask=None, maskParams=None, name='Example_Stim_2', opacity=1, ori=0.0, pos=array([0., 0.]), size=array([0.22, 0.22]), texRes=128.0, units='height', win=Window(...))
19.0113 	EXP 	Created Green_Border = Rect(__class__=<class 'psychopy.visual.rect.Rect'>, anchor=('center', 'center'), autoDraw=False, autoLog=True, closeShape=True, color=method-wrapper(...), colorSpace='rgb', contrast=None, depth=-2.0, draggable=False, fillColor=array([-0.60784314,  0.60784314, -0.60784314]), fillColorSpace='rgb', fillRGB=array([-0.60784314,  0.60784314, -0.60784314]), interpolate=True, lineColor=array([-0.60784314,  0.60784314, -0.60784314]), lineColorSpace='rgb', lineRGB=array([-0.60784314,  0.60784314, -0.60784314]), lineWidth=1.0, name='Green_Border', opacity=1.0, ori=0.0, pos=array([-0.5,  0. ]), size=array([0.15, 0.15]), units='height', vertices=ndarray(...), win=Window(...))
19.0134 	EXP 	Created Two_Back_Example_Stim = ImageStim(__class__=<class 'psychopy.visual.image.ImageStim'>, anchor=('center', 'center'), autoLog=True, color=array([1., 1., 1.]), colorSpace='rgb', contrast=1.0, depth=-3.0, draggable=False, flipHoriz=np.False_, flipVert=np.False_, image='VM Stimuli/PracticeFO1.bmp', interpolate=True, mask=None, maskParams=None, name='Two_Back_Example_Stim', opacity=1, ori=0.0, pos=array([-0.5,  0. ]), size=array([0.13, 0.13]), texRes=128.0, units='height', win=Window(...))
19.0180 	EXP 	Created One_Back_Example_Stim_2 = ImageStim(__class__=<class 'psychopy.visual.image.ImageStim'>, anchor=('center', 'center'), autoLog=True, color=array([1., 1., 1.]), colorSpace='rgb', contrast=1.0, depth=-4.0, draggable=False, flipHoriz=np.False_, flipVert=np.False_, image='VM Stimuli/PracticeFO2.bmp', interpolate=True, mask=None, maskParams=None, name='One_Back_Example_Stim_2', opacity=1, ori=0.0, pos=array([-0.3,  0. ]), size=array([0.15, 0.15]), texRes=128.0, units='height', win=Window(...))
19.0213 	EXP 	Created Example_Stim_3 = ImageStim(__class__=<class 'psychopy.visual.image.ImageStim'>, anchor=('center', 'center'), autoLog=True, color=array([1., 1., 1.]), colorSpace='rgb', contrast=1.0, depth=-5.0, draggable=False, flipHoriz=np.False_, flipVert=np.False_, image='default.png', interpolate=True, mask=None, maskParams=None, name='Example_Stim_3', opacity=1, ori=0.0, pos=array([0., 0.]), size=array([0.22, 0.22]), texRes=128.0, units='height', win=Window(...))
19.0465 	EXP 	Created Two_Back_Example_Stim_2 = ImageStim(__class__=<class 'psychopy.visual.image.ImageStim'>, anchor=('center', 'center'), autoLog=True, color=array([1., 1., 1.]), colorSpace='rgb', contrast=1.0, depth=-2.0, draggable=False, flipHoriz=np.False_, flipVert=np.False_, image='VM Stimuli/PracticeFO2.bmp', interpolate=True, mask=None, maskParams=None, name='Two_Back_Example_Stim_2', opacity=1, ori=0.0, pos=array([-0.5,  0. ]), size=array([0.13, 0.13]), texRes=128.0, units='height', win=Window(...))
19.0486 	EXP 	Created One_Back_Example_Stim_3 = ImageStim(__class__=<class 'psychopy.visual.image.ImageStim'>, anchor=('center', 'center'), autoLog=True, color=array([1., 1., 1.]), colorSpace='rgb', contrast=1.0, depth=-3.0, draggable=False, flipHoriz=np.False_, flipVert=np.False_, image='VM Stimuli/PracticeFO1.bmp', interpolate=True, mask=None, maskParams=None, name='One_Back_Example_Stim_3', opacity=1, ori=0.0, pos=array([-0.3,  0. ]), size=array([0.15, 0.15]), texRes=128.0, units='height', win=Window(...))
19.0520 	EXP 	Created Example_Stim_4 = ImageStim(__class__=<class 'psychopy.visual.image.ImageStim'>, anchor=('center', 'center'), autoLog=True, color=array([1., 1., 1.]), colorSpace='rgb', contrast=1.0, depth=-4.0, draggable=False, flipHoriz=np.False_, flipVert=np.False_, image='default.png', interpolate=True, mask=None, maskParams=None, name='Example_Stim_4', opacity=1, ori=0.0, pos=array([0., 0.]), size=array([0.22, 0.22]), texRes=128.0, units='height', win=Window(...))
19.0871 	EXP 	Created Example_Stim_5 = ImageStim(__class__=<class 'psychopy.visual.image.ImageStim'>, anchor=('center', 'center'), autoLog=True, color=array([1., 1., 1.]), colorSpace='rgb', contrast=1.0, depth=-2.0, draggable=False, flipHoriz=np.False_, flipVert=np.False_, image='VM Stimuli/PracticeFO2.bmp', interpolate=True, mask=None, maskParams=None, name='Example_Stim_5', opacity=1, ori=0.0, pos=array([0., 0.]), size=array([0.3, 0.3]), texRes=128.0, units='height', win=Window(...))
19.1101 	EXP 	Created Example_Stim_6 = ImageStim(__class__=<class 'psychopy.visual.image.ImageStim'>, anchor=('center', 'center'), autoLog=True, color=array([1., 1., 1.]), colorSpace='rgb', contrast=1.0, depth=-2.0, draggable=False, flipHoriz=np.False_, flipVert=np.False_, image='VM Stimuli/PracticeFO2.bmp', interpolate=True, mask=None, maskParams=None, name='Example_Stim_6', opacity=1, ori=0.0, pos=array([0., 0.]), size=array([0.3, 0.3]), texRes=128.0, units='height', win=Window(...))
19.1327 	EXP 	Created Example_Stim_7 = ImageStim(__class__=<class 'psychopy.visual.image.ImageStim'>, anchor=('center', 'center'), autoLog=True, color=array([1., 1., 1.]), colorSpace='rgb', contrast=1.0, depth=-2.0, draggable=False, flipHoriz=np.False_, flipVert=np.False_, image='VM Stimuli/PracticeFO3.bmp', interpolate=True, mask=None, maskParams=None, name='Example_Stim_7', opacity=1, ori=0.0, pos=array([0., 0.]), size=array([0.3, 0.3]), texRes=128.0, units='height', win=Window(...))
19.1556 	EXP 	Created One_Back_Example_Stim_4 = ImageStim(__class__=<class 'psychopy.visual.image.ImageStim'>, anchor=('center', 'center'), autoLog=True, color=array([1., 1., 1.]), colorSpace='rgb', contrast=1.0, depth=-2.0, draggable=False, flipHoriz=np.False_, flipVert=np.False_, image='VM Stimuli/PracticeFO2.bmp', interpolate=True, mask=None, maskParams=None, name='One_Back_Example_Stim_4', opacity=1, ori=0.0, pos=array([-0.3,  0. ]), size=array([0.15, 0.15]), texRes=128.0, units='height', win=Window(...))
19.1574 	EXP 	Created Example_Stim_8 = ImageStim(__class__=<class 'psychopy.visual.image.ImageStim'>, anchor=('center', 'center'), autoLog=True, color=array([1., 1., 1.]), colorSpace='rgb', contrast=1.0, depth=-3.0, draggable=False, flipHoriz=np.False_, flipVert=np.False_, image='VM Stimuli/PracticeFO3.bmp', interpolate=True, mask=None, maskParams=None, name='Example_Stim_8', opacity=1, ori=0.0, pos=array([0., 0.]), size=array([0.3, 0.3]), texRes=128.0, units='height', win=Window(...))
19.1802 	EXP 	Created Example_Stim_9 = ImageStim(__class__=<class 'psychopy.visual.image.ImageStim'>, anchor=('center', 'center'), autoLog=True, color=array([1., 1., 1.]), colorSpace='rgb', contrast=1.0, depth=-2.0, draggable=False, flipHoriz=np.False_, flipVert=np.False_, image='VM Stimuli/PracticeFO1.bmp', interpolate=True, mask=None, maskParams=None, name='Example_Stim_9', opacity=1, ori=0.0, pos=array([0., 0.]), size=array([0.3, 0.3]), texRes=128.0, units='height', win=Window(...))
19.2042 	EXP 	Created Two_Back_Example_Stim_3 = ImageStim(__class__=<class 'psychopy.visual.image.ImageStim'>, anchor=('center', 'center'), autoLog=True, color=array([1., 1., 1.]), colorSpace='rgb', contrast=1.0, depth=-2.0, draggable=False, flipHoriz=np.False_, flipVert=np.False_, image='VM Stimuli/PracticeFO2.bmp', interpolate=True, mask=None, maskParams=None, name='Two_Back_Example_Stim_3', opacity=1, ori=0.0, pos=array([-0.5,  0. ]), size=array([0.15, 0.15]), texRes=128.0, units='height', win=Window(...))
19.2061 	EXP 	Created One_Back_Example_Stim_5 = ImageStim(__class__=<class 'psychopy.visual.image.ImageStim'>, anchor=('center', 'center'), autoLog=True, color=array([1., 1., 1.]), colorSpace='rgb', contrast=1.0, depth=-3.0, draggable=False, flipHoriz=np.False_, flipVert=np.False_, image='VM Stimuli/PracticeFO3.bmp', interpolate=True, mask=None, maskParams=None, name='One_Back_Example_Stim_5', opacity=1, ori=0.0, pos=array([-0.3,  0. ]), size=array([0.15, 0.15]), texRes=128.0, units='height', win=Window(...))
19.2078 	EXP 	Created Example_Stim_10 = ImageStim(__class__=<class 'psychopy.visual.image.ImageStim'>, anchor=('center', 'center'), autoLog=True, color=array([1., 1., 1.]), colorSpace='rgb', contrast=1.0, depth=-4.0, draggable=False, flipHoriz=np.False_, flipVert=np.False_, image='VM Stimuli/PracticeFO1.bmp', interpolate=True, mask=None, maskParams=None, name='Example_Stim_10', opacity=1, ori=0.0, pos=array([0., 0.]), size=array([0.3, 0.3]), texRes=128.0, units='height', win=Window(...))
19.2307 	EXP 	Created Example_Stim_12 = ImageStim(__class__=<class 'psychopy.visual.image.ImageStim'>, anchor=('center', 'center'), autoLog=True, color=array([1., 1., 1.]), colorSpace='rgb', contrast=1.0, depth=-2.0, draggable=False, flipHoriz=np.False_, flipVert=np.False_, image='VM Stimuli/PracticeFO3.bmp', interpolate=True, mask=None, maskParams=None, name='Example_Stim_12', opacity=1, ori=0.0, pos=array([0., 0.]), size=array([0.3, 0.3]), texRes=128.0, units='height', win=Window(...))
19.2525 	EXP 	Created Green_Border_2 = Rect(__class__=<class 'psychopy.visual.rect.Rect'>, anchor=('center', 'center'), autoDraw=False, autoLog=True, closeShape=True, color=method-wrapper(...), colorSpace='rgb', contrast=None, depth=-2.0, draggable=False, fillColor=array([-0.60784314,  0.60784314, -0.60784314]), fillColorSpace='rgb', fillRGB=array([-0.60784314,  0.60784314, -0.60784314]), interpolate=True, lineColor=array([-0.60784314,  0.60784314, -0.60784314]), lineColorSpace='rgb', lineRGB=array([-0.60784314,  0.60784314, -0.60784314]), lineWidth=1.0, name='Green_Border_2', opacity=1.0, ori=0.0, pos=array([-0.5,  0. ]), size=array([0.15, 0.15]), units='height', vertices=ndarray(...), win=Window(...))
19.2546 	EXP 	Created Two_Back_Example_Stim_4 = ImageStim(__class__=<class 'psychopy.visual.image.ImageStim'>, anchor=('center', 'center'), autoLog=True, color=array([1., 1., 1.]), colorSpace='rgb', contrast=1.0, depth=-3.0, draggable=False, flipHoriz=np.False_, flipVert=np.False_, image='VM Stimuli/PracticeFO3.bmp', interpolate=True, mask=None, maskParams=None, name='Two_Back_Example_Stim_4', opacity=1, ori=0.0, pos=array([-0.5,  0. ]), size=array([0.13, 0.13]), texRes=128.0, units='height', win=Window(...))
19.2564 	EXP 	Created One_Back_Example_Stim_6 = ImageStim(__class__=<class 'psychopy.visual.image.ImageStim'>, anchor=('center', 'center'), autoLog=True, color=array([1., 1., 1.]), colorSpace='rgb', contrast=1.0, depth=-4.0, draggable=False, flipHoriz=np.False_, flipVert=np.False_, image='VM Stimuli/PracticeFO1.bmp', interpolate=True, mask=None, maskParams=None, name='One_Back_Example_Stim_6', opacity=1, ori=0.0, pos=array([-0.3,  0. ]), size=array([0.15, 0.15]), texRes=128.0, units='height', win=Window(...))
19.2581 	EXP 	Created Example_Stim_11 = ImageStim(__class__=<class 'psychopy.visual.image.ImageStim'>, anchor=('center', 'center'), autoLog=True, color=array([1., 1., 1.]), colorSpace='rgb', contrast=1.0, depth=-5.0, draggable=False, flipHoriz=np.False_, flipVert=np.False_, image='VM Stimuli/PracticeFO3.bmp', interpolate=True, mask=None, maskParams=None, name='Example_Stim_11', opacity=1, ori=0.0, pos=array([0., 0.]), size=array([0.3, 0.3]), texRes=128.0, units='height', win=Window(...))
19.2958 	EXP 	Created Stim = ImageStim(__class__=<class 'psychopy.visual.image.ImageStim'>, anchor=('center', 'center'), autoLog=True, color=array([1., 1., 1.]), colorSpace='rgb', contrast=1.0, depth=-2.0, draggable=False, flipHoriz=np.False_, flipVert=np.False_, image='default.png', interpolate=True, mask=None, maskParams=None, name='Stim', opacity=1, ori=0.0, pos=array([0. , 0.1]), size=array([0.4, 0.4]), texRes=128.0, units='height', win=Window(...))
19.3339 	EXP 	Created Stim = ImageStim(__class__=<class 'psychopy.visual.image.ImageStim'>, anchor=('center', 'center'), autoLog=True, color=array([1., 1., 1.]), colorSpace='rgb', contrast=1.0, depth=-2.0, draggable=False, flipHoriz=np.False_, flipVert=np.False_, image='default.png', interpolate=True, mask=None, maskParams=None, name='Stim', opacity=1, ori=0.0, pos=array([0. , 0.1]), size=array([0.4, 0.4]), texRes=128.0, units='height', win=Window(...))
19.6519 	EXP 	Created Stim = ImageStim(__class__=<class 'psychopy.visual.image.ImageStim'>, anchor=('center', 'center'), autoLog=True, color=array([1., 1., 1.]), colorSpace='rgb', contrast=1.0, depth=-2.0, draggable=False, flipHoriz=np.False_, flipVert=np.False_, image='default.png', interpolate=True, mask=None, maskParams=None, name='Stim', opacity=1, ori=0.0, pos=array([0. , 0.1]), size=array([0.4, 0.4]), texRes=128.0, units='height', win=Window(...))
19.6973 	EXP 	Created CueTargetImage_6 = ImageStim(__class__=<class 'psychopy.visual.image.ImageStim'>, anchor=('center', 'center'), autoLog=True, color=array([1., 1., 1.]), colorSpace='rgb', contrast=1.0, depth=-2.0, draggable=False, flipHoriz=np.False_, flipVert=np.False_, image='VM Stimuli/Place3.bmp', interpolate=True, mask=None, maskParams=None, name='CueTargetImage_6', opacity=1, ori=0.0, pos=array([0.25, 0.  ]), size=array([0.4, 0.4]), texRes=128.0, units='height', win=Window(...))
19.7075 	EXP 	Created Stim = ImageStim(__class__=<class 'psychopy.visual.image.ImageStim'>, anchor=('center', 'center'), autoLog=True, color=array([1., 1., 1.]), colorSpace='rgb', contrast=1.0, depth=-2.0, draggable=False, flipHoriz=np.False_, flipVert=np.False_, image='default.png', interpolate=True, mask=None, maskParams=None, name='Stim', opacity=1, ori=0.0, pos=array([0. , 0.1]), size=array([0.4, 0.4]), texRes=128.0, units='height', win=Window(...))
19.7536 	EXP 	Created Stim = ImageStim(__class__=<class 'psychopy.visual.image.ImageStim'>, anchor=('center', 'center'), autoLog=True, color=array([1., 1., 1.]), colorSpace='rgb', contrast=1.0, depth=-2.0, draggable=False, flipHoriz=np.False_, flipVert=np.False_, image='default.png', interpolate=True, mask=None, maskParams=None, name='Stim', opacity=1, ori=0.0, pos=array([0. , 0.1]), size=array([0.4, 0.4]), texRes=128.0, units='height', win=Window(...))
19.8012 	EXP 	Created CueTargetImage_8 = ImageStim(__class__=<class 'psychopy.visual.image.ImageStim'>, anchor=('center', 'center'), autoLog=True, color=array([1., 1., 1.]), colorSpace='rgb', contrast=1.0, depth=-2.0, draggable=False, flipHoriz=np.False_, flipVert=np.False_, image='VM Stimuli/PracticeNC2.bmp', interpolate=True, mask=None, maskParams=None, name='CueTargetImage_8', opacity=1, ori=0.0, pos=array([0.25, 0.  ]), size=array([0.4, 0.4]), texRes=128.0, units='height', win=Window(...))
19.8119 	EXP 	Created Stim = ImageStim(__class__=<class 'psychopy.visual.image.ImageStim'>, anchor=('center', 'center'), autoLog=True, color=array([1., 1., 1.]), colorSpace='rgb', contrast=1.0, depth=-2.0, draggable=False, flipHoriz=np.False_, flipVert=np.False_, image='default.png', interpolate=True, mask=None, maskParams=None, name='Stim', opacity=1, ori=0.0, pos=array([0. , 0.1]), size=array([0.4, 0.4]), texRes=128.0, units='height', win=Window(...))
0.0337 	EXP 	NbackTitle: autoLog = True
0.0337 	EXP 	Instructions_1: autoLog = True
0.0337 	EXP 	Label_faces: autoLog = True
0.0337 	EXP 	Places_label: autoLog = True
0.0337 	EXP 	Instructions_5pt5: autoLog = True
0.0337 	EXP 	Instructions_6: autoLog = True
0.0337 	EXP 	Instructions_6_Target: autoLog = True
0.0337 	EXP 	Instructions_7: autoLog = True
0.0337 	EXP 	Instructions_6_Match_2: autoLog = True
0.0337 	EXP 	Instructions_13: autoLog = True
0.0337 	EXP 	Instructions_6_Match_4: autoLog = True
0.0337 	EXP 	Instructions_6_Match_6: autoLog = True
0.0337 	EXP 	Instructions_10: autoLog = True
0.0337 	EXP 	Instructions_6_Match_3: autoLog = True
0.0337 	EXP 	Instructions_14: autoLog = True
0.0337 	EXP 	Instructions_6_Match_5: autoLog = True
0.0337 	EXP 	Instructions_6_Match_7: autoLog = True
0.0337 	EXP 	Instructions_6pt2: autoLog = True
0.0337 	EXP 	CueFix_1: autoLog = True
0.0337 	EXP 	CueTarget_1: autoLog = True
0.0337 	EXP 	Zero_back: autoLog = True
0.0337 	EXP 	Stim_LeftScreenInstruction: autoLog = True
0.0337 	EXP 	Stim_RightScreenInstruction: autoLog = True
0.0337 	EXP 	Fix: autoLog = True
0.0337 	EXP 	Feedback: autoLog = True
0.0337 	EXP 	Instructions_Space: autoLog = True
0.0337 	EXP 	CueFix_2: autoLog = True
0.0337 	EXP 	CueTarget_2: autoLog = True
0.0337 	EXP 	Zero_back_2: autoLog = True
0.0337 	EXP 	Stim_LeftScreenInstruction: autoLog = True
0.0337 	EXP 	Stim_RightScreenInstruction: autoLog = True
0.0337 	EXP 	Fix: autoLog = True
0.0337 	EXP 	Feedback: autoLog = True
0.0337 	EXP 	Instructions_Space: autoLog = True
0.0337 	EXP 	Instructions_8: autoLog = True
0.0337 	EXP 	Instructions_9: autoLog = True
0.0337 	EXP 	Example_LeftScreenInstruction: autoLog = True
0.0337 	EXP 	Example_RightScreenInstruction: autoLog = True
0.0337 	EXP 	Instructions_12: autoLog = True
0.0337 	EXP 	Instructions_21: autoLog = True
0.0337 	EXP 	Example_LeftScreenInstruction_2: autoLog = True
0.0337 	EXP 	Example_RightScreenInstruction_2: autoLog = True
0.0337 	EXP 	Instructions_24: autoLog = True
0.0337 	EXP 	Example_LeftScreenInstruction_3: autoLog = True
0.0337 	EXP 	Example_RightScreenInstruction_3: autoLog = True
0.0337 	EXP 	Instructions_25: autoLog = True
0.0337 	EXP 	Example_LeftScreenInstruction_4: autoLog = True
0.0337 	EXP 	Example_RightScreenInstruction_4: autoLog = True
0.0337 	EXP 	Instructions_15: autoLog = True
0.0337 	EXP 	Instructions_32: autoLog = True
0.0337 	EXP 	Example_LeftScreenInstruction_5: autoLog = True
0.0337 	EXP 	Example_RightScreenInstruction_5: autoLog = True
0.0337 	EXP 	Instructions_27: autoLog = True
0.0337 	EXP 	Example_LeftScreenInstruction_6: autoLog = True
0.0337 	EXP 	Example_RightScreenInstruction_6: autoLog = True
0.0337 	EXP 	Instructions_33: autoLog = True
0.0337 	EXP 	Example_LeftScreenInstruction_7: autoLog = True
0.0337 	EXP 	Example_RightScreenInstruction_7: autoLog = True
0.0337 	EXP 	Instructions_26: autoLog = True
0.0337 	EXP 	Example_LeftScreenInstruction_8: autoLog = True
0.0337 	EXP 	Example_RightScreenInstruction_8: autoLog = True
0.0337 	EXP 	Instructions: autoLog = True
0.0337 	EXP 	Example_LeftScreenInstruction_9: autoLog = True
0.0337 	EXP 	Example_RightScreenInstruction_9: autoLog = True
0.0337 	EXP 	Instructions_28: autoLog = True
0.0337 	EXP 	Example_LeftScreenInstruction_10: autoLog = True
0.0337 	EXP 	Example_RightScreenInstruction_10: autoLog = True
0.0337 	EXP 	Instructions_4: autoLog = True
0.0337 	EXP 	Example_LeftScreenInstruction_12: autoLog = True
0.0337 	EXP 	Example_RightScreenInstruction_12: autoLog = True
0.0337 	EXP 	Instructions_29: autoLog = True
0.0337 	EXP 	Example_LeftScreenInstruction_11: autoLog = True
0.0337 	EXP 	Example_RightScreenInstruction_11: autoLog = True
0.0337 	EXP 	Instructions_22: autoLog = True
0.0337 	EXP 	Instructions_30: autoLog = True
0.0337 	EXP 	Stim_LeftScreenInstruction: autoLog = True
0.0337 	EXP 	Stim_RightScreenInstruction: autoLog = True
0.0337 	EXP 	Fix: autoLog = True
0.0337 	EXP 	Feedback: autoLog = True
0.0337 	EXP 	Instructions_Space: autoLog = True
0.0337 	EXP 	Stim_LeftScreenInstruction: autoLog = True
0.0337 	EXP 	Stim_RightScreenInstruction: autoLog = True
0.0337 	EXP 	Fix: autoLog = True
0.0337 	EXP 	Feedback: autoLog = True
0.0337 	EXP 	Instructions_36: autoLog = True
0.0337 	EXP 	magenta_fixcross: autoLog = True
0.0337 	EXP 	Instructions_37: autoLog = True
0.0337 	EXP 	Instructions_38: autoLog = True
0.0337 	EXP 	CueFix_5: autoLog = True
0.0337 	EXP 	Cue_2Back: autoLog = True
0.0337 	EXP 	Stim_LeftScreenInstruction: autoLog = True
0.0337 	EXP 	Stim_RightScreenInstruction: autoLog = True
0.0337 	EXP 	Fix: autoLog = True
0.0337 	EXP 	Feedback: autoLog = True
0.0337 	EXP 	CueFix_6: autoLog = True
0.0337 	EXP 	CueTarget_6: autoLog = True
0.0337 	EXP 	Zero_back_3: autoLog = True
0.0337 	EXP 	Stim_LeftScreenInstruction: autoLog = True
0.0337 	EXP 	Stim_RightScreenInstruction: autoLog = True
0.0337 	EXP 	Fix: autoLog = True
0.0337 	EXP 	Feedback: autoLog = True
0.0337 	EXP 	CueFix_7: autoLog = True
0.0337 	EXP 	Cue_2Back_2: autoLog = True
0.0337 	EXP 	Stim_LeftScreenInstruction: autoLog = True
0.0337 	EXP 	Stim_RightScreenInstruction: autoLog = True
0.0337 	EXP 	Fix: autoLog = True
0.0337 	EXP 	Feedback: autoLog = True
0.0337 	EXP 	CueFix_8: autoLog = True
0.0337 	EXP 	CueTarget_8: autoLog = True
0.0337 	EXP 	Zero_back_4: autoLog = True
0.0337 	EXP 	Stim_LeftScreenInstruction: autoLog = True
0.0337 	EXP 	Stim_RightScreenInstruction: autoLog = True
0.0337 	EXP 	Fix: autoLog = True
0.0337 	EXP 	Feedback: autoLog = True
0.0337 	EXP 	AllDone: autoLog = True
0.0888 	INFO 	Keyboard events cleared
0.0887 	EXP 	NbackTitle: autoDraw = True
1.2276 	EXP 	Device response: <KeyPress from None: t=1.0649360828101635, value=space, duration=None>
1.2278 	EXP 	Device response: <KeyPress from None: t=1.0649360828101635, value=space, duration=0.07899412512779236>
1.2330 	DATA 	Keypress: space
1.2460 	INFO 	Keyboard events cleared
1.2459 	EXP 	NbackTitle: autoDraw = False
1.2459 	EXP 	Instructions_1: autoDraw = True
1.2459 	EXP 	Label_faces: autoDraw = True
1.2459 	EXP 	Places_label: autoDraw = True
1.2459 	EXP 	Face_image: autoDraw = True
1.2459 	EXP 	Place_Image: autoDraw = True
2.1743 	EXP 	Device response: <KeyPress from None: t=2.165909332688898, value=space, duration=None>
2.1828 	DATA 	Keypress: space
2.1907 	INFO 	Keyboard events cleared
2.1906 	EXP 	Instructions_1: autoDraw = False
2.1906 	EXP 	Label_faces: autoDraw = False
2.1906 	EXP 	Places_label: autoDraw = False
2.1906 	EXP 	Face_image: autoDraw = False
2.1906 	EXP 	Place_Image: autoDraw = False
2.1906 	EXP 	Instructions_5pt5: autoDraw = True
2.2691 	EXP 	Device response: <KeyPress from None: t=2.165909332688898, value=space, duration=0.09252283396199346>
3.0013 	EXP 	Device response: <KeyPress from None: t=2.999989707954228, value=space, duration=None>
3.0111 	DATA 	Keypress: space
3.0243 	INFO 	Keyboard events cleared
3.0242 	EXP 	Instructions_5pt5: autoDraw = False
3.0242 	EXP 	Instructions_6: autoDraw = True
3.0242 	EXP 	Instructions_6_Target: autoDraw = True
3.0242 	EXP 	TargetImage: autoDraw = True
3.1072 	EXP 	Device response: <KeyPress from None: t=2.999989707954228, value=space, duration=0.10064987512305379>
3.9250 	EXP 	Device response: <KeyPress from None: t=3.921574041713029, value=space, duration=None>
3.9334 	DATA 	Keypress: space
3.9452 	INFO 	Keyboard events cleared
3.9451 	EXP 	Instructions_6: autoDraw = False
3.9451 	EXP 	Instructions_6_Target: autoDraw = False
3.9451 	EXP 	TargetImage: autoDraw = False
3.9451 	EXP 	Instructions_7: autoDraw = True
3.9451 	EXP 	TargetImage_2: autoDraw = True
3.9451 	EXP 	Instructions_6_Match_2: autoDraw = True
4.0145 	EXP 	Device response: <KeyPress from None: t=3.921574041713029, value=space, duration=0.09058354096487164>
6.6476 	EXP 	Device response: <KeyPress from None: t=6.6463271249085665, value=space, duration=None>
6.6575 	DATA 	Keypress: space
6.6723 	INFO 	Keyboard events cleared
6.6722 	EXP 	Instructions_7: autoDraw = False
6.6722 	EXP 	TargetImage_2: autoDraw = False
6.6722 	EXP 	Instructions_6_Match_2: autoDraw = False
6.6722 	EXP 	Instructions_13: autoDraw = True
6.6722 	EXP 	TargetImage_4: autoDraw = True
6.6722 	EXP 	Instructions_6_Match_4: autoDraw = True
6.6722 	EXP 	Instructions_6_Match_6: autoDraw = True
6.7516 	EXP 	Device response: <KeyPress from None: t=6.6463271249085665, value=space, duration=0.09917379217222333>
8.9105 	DATA 	Keypress: space
8.9197 	EXP 	Device response: <KeyPress from None: t=8.906067457981408, value=space, duration=None>
9.0036 	EXP 	Device response: <KeyPress from None: t=8.906067457981408, value=space, duration=0.08820583391934633>
9.8985 	EXP 	Device response: <KeyPress from None: t=9.896535291802138, value=left, duration=None>
9.9168 	DATA 	Keypress: left
9.9279 	INFO 	Keyboard events cleared
9.9278 	EXP 	Instructions_13: autoDraw = False
9.9278 	EXP 	TargetImage_4: autoDraw = False
9.9278 	EXP 	Instructions_6_Match_4: autoDraw = False
9.9278 	EXP 	Instructions_6_Match_6: autoDraw = False
9.9278 	EXP 	Instructions_10: autoDraw = True
9.9278 	EXP 	Instructions_6_Match_3: autoDraw = True
9.9278 	EXP 	TargetImage_3: autoDraw = True
9.9960 	EXP 	Device response: <KeyPress from None: t=9.896535291802138, value=left, duration=0.08980995789170265>
11.2559 	EXP 	Device response: <KeyPress from None: t=11.244384124875069, value=space, duration=None>
11.2630 	DATA 	Keypress: space
11.2772 	INFO 	Keyboard events cleared
11.2771 	EXP 	Instructions_10: autoDraw = False
11.2771 	EXP 	Instructions_6_Match_3: autoDraw = False
11.2771 	EXP 	TargetImage_3: autoDraw = False
11.2771 	EXP 	Instructions_14: autoDraw = True
11.2771 	EXP 	Instructions_6_Match_5: autoDraw = True
11.2771 	EXP 	TargetImage_5: autoDraw = True
11.2771 	EXP 	Instructions_6_Match_7: autoDraw = True
11.3401 	EXP 	Device response: <KeyPress from None: t=11.244384124875069, value=space, duration=0.09319341694936156>
13.5208 	EXP 	Device response: <KeyPress from None: t=13.517760375048965, value=right, duration=None>
13.5256 	DATA 	Keypress: right
13.5335 	INFO 	Keyboard events cleared
13.5334 	EXP 	Instructions_14: autoDraw = False
13.5334 	EXP 	Instructions_6_Match_5: autoDraw = False
13.5334 	EXP 	TargetImage_5: autoDraw = False
13.5334 	EXP 	Instructions_6_Match_7: autoDraw = False
13.5334 	EXP 	Instructions_6pt2: autoDraw = True
13.6622 	EXP 	Device response: <KeyPress from None: t=13.517760375048965, value=right, duration=0.13558562472462654>
14.1967 	EXP 	Device response: <KeyPress from None: t=14.194906041957438, value=space, duration=None>
14.2062 	DATA 	Keypress: space
14.2151 	EXP 	Instructions_6pt2: autoDraw = False
14.2151 	EXP 	CueFix_1: autoDraw = True
14.2680 	EXP 	Device response: <KeyPress from None: t=14.194906041957438, value=space, duration=0.06641729082912207>
14.7085 	EXP 	CueTarget_1: autoDraw = True
14.7085 	EXP 	CueTargetImage_1: autoDraw = True
14.7085 	EXP 	Zero_back: autoDraw = True
14.7223 	EXP 	CueFix_1: autoDraw = False
17.2147 	EXP 	Imported PracticeTrials/PracticeTrials1.xlsx as conditions, 5 conditions, 9 params
17.2155 	EXP 	New trial (rep=0, index=0): <Trial 0 (0 in rep 0) data={'ID': 2, 'Weight': 1, 'Nested': None, 'Procedure': 'PracticeTrialsPROC', 'Stimulus': 'VM Stimuli/PracticeNC2.bmp', 'TargetType': 'nontarget', 'CorrectResponse': 'Nontarget', 'StimType': 'NeutFace', 'BlockType': '0-Back', 'thisN': 0, 'thisTrialN': 0, 'thisRepN': 0}>
17.2621 	INFO 	Keyboard events cleared
17.2620 	EXP 	CueFix_1: autoDraw = False
17.2620 	EXP 	CueTarget_1: autoDraw = False
17.2620 	EXP 	CueTargetImage_1: autoDraw = False
17.2620 	EXP 	Zero_back: autoDraw = False
17.2620 	EXP 	Stim: image = 'VM Stimuli/PracticeNC2.bmp'
17.2620 	EXP 	Stim: autoDraw = True
17.2620 	EXP 	Stim_LeftScreenInstruction: autoDraw = True
17.2620 	EXP 	Stim_RightScreenInstruction: autoDraw = True
19.2237 	EXP 	Stim: autoDraw = False
19.2237 	EXP 	Stim_LeftScreenInstruction: autoDraw = False
19.2237 	EXP 	Stim_RightScreenInstruction: autoDraw = False
19.2237 	EXP 	Feedback: foreColor = <psychopy.colors.Color: yellow, alpha=1.0>
19.2237 	EXP 	Fix: autoDraw = True
19.6933 	EXP 	Feedback: autoDraw = True
19.7279 	EXP 	Fix: autoDraw = False
21.1851 	EXP 	New trial (rep=0, index=1): <Trial 1 (1 in rep 0) data={'ID': 3, 'Weight': 1, 'Nested': None, 'Procedure': 'PracticeTrialsPROC', 'Stimulus': 'VM Stimuli/PracticeNC1.bmp', 'TargetType': 'target', 'CorrectResponse': 'Target', 'StimType': 'NeutFace', 'BlockType': '0-Back', 'thisN': 1, 'thisTrialN': 1, 'thisRepN': 0}>
21.2092 	INFO 	Keyboard events cleared
21.2091 	EXP 	Feedback: autoDraw = False
21.2091 	EXP 	Fix: autoDraw = False
21.2091 	EXP 	Feedback: autoDraw = False
21.2091 	EXP 	Stim: image = 'VM Stimuli/PracticeNC1.bmp'
21.2091 	EXP 	Stim: autoDraw = True
21.2091 	EXP 	Stim_LeftScreenInstruction: autoDraw = True
21.2091 	EXP 	Stim_RightScreenInstruction: autoDraw = True
23.2129 	EXP 	Stim: autoDraw = False
23.2129 	EXP 	Stim_LeftScreenInstruction: autoDraw = False
23.2129 	EXP 	Stim_RightScreenInstruction: autoDraw = False
23.2129 	EXP 	Feedback: foreColor = <psychopy.colors.Color: yellow, alpha=1.0>
23.2129 	EXP 	Fix: autoDraw = True
23.6974 	EXP 	Feedback: autoDraw = True
23.7077 	EXP 	Fix: autoDraw = False
25.1851 	EXP 	New trial (rep=0, index=2): <Trial 2 (2 in rep 0) data={'ID': 4, 'Weight': 1, 'Nested': None, 'Procedure': 'PracticeTrialsPROC', 'Stimulus': 'VM Stimuli/PracticeNC3.bmp', 'TargetType': 'nontarget', 'CorrectResponse': 'Nontarget', 'StimType': 'NeutFace', 'BlockType': '0-Back', 'thisN': 2, 'thisTrialN': 2, 'thisRepN': 0}>
25.2063 	INFO 	Keyboard events cleared
25.2062 	EXP 	Feedback: autoDraw = False
25.2062 	EXP 	Fix: autoDraw = False
25.2062 	EXP 	Feedback: autoDraw = False
25.2062 	EXP 	Stim: image = 'VM Stimuli/PracticeNC3.bmp'
25.2062 	EXP 	Stim: autoDraw = True
25.2062 	EXP 	Stim_LeftScreenInstruction: autoDraw = True
25.2062 	EXP 	Stim_RightScreenInstruction: autoDraw = True
27.2102 	EXP 	Stim: autoDraw = False
27.2102 	EXP 	Stim_LeftScreenInstruction: autoDraw = False
27.2102 	EXP 	Stim_RightScreenInstruction: autoDraw = False
27.2102 	EXP 	Feedback: foreColor = <psychopy.colors.Color: yellow, alpha=1.0>
27.2102 	EXP 	Fix: autoDraw = True
27.6978 	EXP 	Feedback: autoDraw = True
27.7082 	EXP 	Fix: autoDraw = False
29.1903 	EXP 	New trial (rep=0, index=3): <Trial 3 (3 in rep 0) data={'ID': 5, 'Weight': 1, 'Nested': None, 'Procedure': 'PracticeTrialsPROC', 'Stimulus': 'VM Stimuli/PracticeNC2.bmp', 'TargetType': 'nontarget', 'CorrectResponse': 'Nontarget', 'StimType': 'NeutFace', 'BlockType': '0-Back', 'thisN': 3, 'thisTrialN': 3, 'thisRepN': 0}>
29.2133 	INFO 	Keyboard events cleared
29.2132 	EXP 	Feedback: autoDraw = False
29.2132 	EXP 	Fix: autoDraw = False
29.2132 	EXP 	Feedback: autoDraw = False
29.2132 	EXP 	Stim: image = 'VM Stimuli/PracticeNC2.bmp'
29.2132 	EXP 	Stim: autoDraw = True
29.2132 	EXP 	Stim_LeftScreenInstruction: autoDraw = True
29.2132 	EXP 	Stim_RightScreenInstruction: autoDraw = True
31.2141 	EXP 	Stim: autoDraw = False
31.2141 	EXP 	Stim_LeftScreenInstruction: autoDraw = False
31.2141 	EXP 	Stim_RightScreenInstruction: autoDraw = False
31.2141 	EXP 	Feedback: foreColor = <psychopy.colors.Color: yellow, alpha=1.0>
31.2141 	EXP 	Fix: autoDraw = True
31.6968 	EXP 	Feedback: autoDraw = True
31.7071 	EXP 	Fix: autoDraw = False
33.1846 	EXP 	New trial (rep=0, index=4): <Trial 4 (4 in rep 0) data={'ID': 6, 'Weight': 1, 'Nested': None, 'Procedure': 'PracticeTrialsPROC', 'Stimulus': 'VM Stimuli/PracticeNC1.bmp', 'TargetType': 'target', 'CorrectResponse': 'Target', 'StimType': 'NeutFace', 'BlockType': '0-Back', 'thisN': 4, 'thisTrialN': 4, 'thisRepN': 0}>
33.2072 	INFO 	Keyboard events cleared
33.2071 	EXP 	Feedback: autoDraw = False
33.2071 	EXP 	Fix: autoDraw = False
33.2071 	EXP 	Feedback: autoDraw = False
33.2071 	EXP 	Stim: image = 'VM Stimuli/PracticeNC1.bmp'
33.2071 	EXP 	Stim: autoDraw = True
33.2071 	EXP 	Stim_LeftScreenInstruction: autoDraw = True
33.2071 	EXP 	Stim_RightScreenInstruction: autoDraw = True
35.2143 	EXP 	Stim: autoDraw = False
35.2143 	EXP 	Stim_LeftScreenInstruction: autoDraw = False
35.2143 	EXP 	Stim_RightScreenInstruction: autoDraw = False
35.2143 	EXP 	Feedback: foreColor = <psychopy.colors.Color: yellow, alpha=1.0>
35.2143 	EXP 	Fix: autoDraw = True
35.6975 	EXP 	Feedback: autoDraw = True
35.7077 	EXP 	Fix: autoDraw = False
37.1995 	INFO 	Keyboard events cleared
37.1994 	EXP 	Feedback: autoDraw = False
37.1994 	EXP 	Fix: autoDraw = False
37.1994 	EXP 	Feedback: autoDraw = False
37.1994 	EXP 	Instructions_Space: autoDraw = True
37.8895 	EXP 	Device response: <KeyPress from None: t=37.885721874888986, value=space, duration=None>
37.8988 	DATA 	Keypress: space
37.9072 	EXP 	Instructions_Space: autoDraw = False
37.9072 	EXP 	CueFix_2: autoDraw = True
38.0189 	EXP 	Device response: <KeyPress from None: t=37.885721874888986, value=space, duration=0.12361741717904806>
38.4056 	EXP 	CueTarget_2: autoDraw = True
38.4056 	EXP 	CueTargetImage_2: autoDraw = True
38.4056 	EXP 	Zero_back_2: autoDraw = True
38.4188 	EXP 	CueFix_2: autoDraw = False
40.9125 	EXP 	Imported PracticeTrials/PracticeTrials2.xlsx as conditions, 5 conditions, 9 params
40.9129 	EXP 	New trial (rep=0, index=0): <Trial 0 (0 in rep 0) data={'ID': 2, 'Weight': 1, 'Nested': None, 'Procedure': 'PracticeTrialsPROC', 'Stimulus': 'VM Stimuli/Place1.bmp', 'TargetType': 'target', 'CorrectResponse': 'Target', 'StimType': 'Place', 'BlockType': '0-Back', 'thisN': 0, 'thisTrialN': 0, 'thisRepN': 0}>
40.9308 	INFO 	Keyboard events cleared
40.9307 	EXP 	CueFix_2: autoDraw = False
40.9307 	EXP 	CueTarget_2: autoDraw = False
40.9307 	EXP 	CueTargetImage_2: autoDraw = False
40.9307 	EXP 	Zero_back_2: autoDraw = False
40.9307 	EXP 	Stim: image = 'VM Stimuli/Place1.bmp'
40.9307 	EXP 	Stim: autoDraw = True
40.9307 	EXP 	Stim_LeftScreenInstruction: autoDraw = True
40.9307 	EXP 	Stim_RightScreenInstruction: autoDraw = True
42.9080 	EXP 	Stim: autoDraw = False
42.9080 	EXP 	Stim_LeftScreenInstruction: autoDraw = False
42.9080 	EXP 	Stim_RightScreenInstruction: autoDraw = False
42.9080 	EXP 	Feedback: foreColor = <psychopy.colors.Color: yellow, alpha=1.0>
42.9080 	EXP 	Fix: autoDraw = True
43.3872 	EXP 	Feedback: autoDraw = True
43.4101 	EXP 	Fix: autoDraw = False
44.8788 	EXP 	New trial (rep=0, index=1): <Trial 1 (1 in rep 0) data={'ID': 3, 'Weight': 1, 'Nested': None, 'Procedure': 'PracticeTrialsPROC', 'Stimulus': 'VM Stimuli/Place3.bmp', 'TargetType': 'nontarget', 'CorrectResponse': 'Nontarget', 'StimType': 'Place', 'BlockType': '0-Back', 'thisN': 1, 'thisTrialN': 1, 'thisRepN': 0}>
44.9014 	INFO 	Keyboard events cleared
44.9013 	EXP 	Feedback: autoDraw = False
44.9013 	EXP 	Fix: autoDraw = False
44.9013 	EXP 	Feedback: autoDraw = False
44.9013 	EXP 	Stim: image = 'VM Stimuli/Place3.bmp'
44.9013 	EXP 	Stim: autoDraw = True
44.9013 	EXP 	Stim_LeftScreenInstruction: autoDraw = True
44.9013 	EXP 	Stim_RightScreenInstruction: autoDraw = True
46.8961 	EXP 	Stim: autoDraw = False
46.8961 	EXP 	Stim_LeftScreenInstruction: autoDraw = False
46.8961 	EXP 	Stim_RightScreenInstruction: autoDraw = False
46.8961 	EXP 	Stim: autoDraw = False
46.8961 	EXP 	Stim_LeftScreenInstruction: autoDraw = False
46.8961 	EXP 	Stim_RightScreenInstruction: autoDraw = False
46.8961 	EXP 	Feedback: foreColor = <psychopy.colors.Color: yellow, alpha=1.0>
46.8961 	EXP 	Fix: autoDraw = True
47.3959 	EXP 	Fix: autoDraw = False
47.3959 	EXP 	Feedback: autoDraw = True
48.8850 	EXP 	New trial (rep=0, index=2): <Trial 2 (2 in rep 0) data={'ID': 4, 'Weight': 1, 'Nested': None, 'Procedure': 'PracticeTrialsPROC', 'Stimulus': 'VM Stimuli/Place5.bmp', 'TargetType': 'nontarget', 'CorrectResponse': 'Nontarget', 'StimType': 'Place', 'BlockType': '0-Back', 'thisN': 2, 'thisTrialN': 2, 'thisRepN': 0}>
48.9072 	INFO 	Keyboard events cleared
48.9071 	EXP 	Feedback: autoDraw = False
48.9071 	EXP 	Fix: autoDraw = False
48.9071 	EXP 	Feedback: autoDraw = False
48.9071 	EXP 	Stim: image = 'VM Stimuli/Place5.bmp'
48.9071 	EXP 	Stim: autoDraw = True
48.9071 	EXP 	Stim_LeftScreenInstruction: autoDraw = True
48.9071 	EXP 	Stim_RightScreenInstruction: autoDraw = True
50.9060 	EXP 	Stim: autoDraw = False
50.9060 	EXP 	Stim_LeftScreenInstruction: autoDraw = False
50.9060 	EXP 	Stim_RightScreenInstruction: autoDraw = False
50.9060 	EXP 	Feedback: foreColor = <psychopy.colors.Color: yellow, alpha=1.0>
50.9060 	EXP 	Fix: autoDraw = True
51.3879 	EXP 	Feedback: autoDraw = True
51.4111 	EXP 	Fix: autoDraw = False
52.8735 	EXP 	New trial (rep=0, index=3): <Trial 3 (3 in rep 0) data={'ID': 5, 'Weight': 1, 'Nested': None, 'Procedure': 'PracticeTrialsPROC', 'Stimulus': 'VM Stimuli/Place1.bmp', 'TargetType': 'target', 'CorrectResponse': 'Target', 'StimType': 'Place', 'BlockType': '0-Back', 'thisN': 3, 'thisTrialN': 3, 'thisRepN': 0}>
52.8950 	INFO 	Keyboard events cleared
52.8949 	EXP 	Feedback: autoDraw = False
52.8949 	EXP 	Fix: autoDraw = False
52.8949 	EXP 	Feedback: autoDraw = False
52.8949 	EXP 	Stim: image = 'VM Stimuli/Place1.bmp'
52.8949 	EXP 	Stim: autoDraw = True
52.8949 	EXP 	Stim_LeftScreenInstruction: autoDraw = True
52.8949 	EXP 	Stim_RightScreenInstruction: autoDraw = True
54.8961 	EXP 	Stim: autoDraw = False
54.8961 	EXP 	Stim_LeftScreenInstruction: autoDraw = False
54.8961 	EXP 	Stim_RightScreenInstruction: autoDraw = False
54.8961 	EXP 	Stim: autoDraw = False
54.8961 	EXP 	Stim_LeftScreenInstruction: autoDraw = False
54.8961 	EXP 	Stim_RightScreenInstruction: autoDraw = False
54.8961 	EXP 	Feedback: foreColor = <psychopy.colors.Color: yellow, alpha=1.0>
54.8961 	EXP 	Fix: autoDraw = True
55.3968 	EXP 	Fix: autoDraw = False
55.3968 	EXP 	Feedback: autoDraw = True
56.8796 	EXP 	New trial (rep=0, index=4): <Trial 4 (4 in rep 0) data={'ID': 6, 'Weight': 1, 'Nested': None, 'Procedure': 'PracticeTrialsPROC', 'Stimulus': 'VM Stimuli/Place3.bmp', 'TargetType': 'nontarget', 'CorrectResponse': 'Nontarget', 'StimType': 'Place', 'BlockType': '0-Back', 'thisN': 4, 'thisTrialN': 4, 'thisRepN': 0}>
56.8965 	INFO 	Keyboard events cleared
56.8963 	EXP 	Feedback: autoDraw = False
56.8963 	EXP 	Fix: autoDraw = False
56.8963 	EXP 	Feedback: autoDraw = False
56.8963 	EXP 	Stim: image = 'VM Stimuli/Place3.bmp'
56.8963 	EXP 	Stim: autoDraw = True
56.8963 	EXP 	Stim_LeftScreenInstruction: autoDraw = True
56.8963 	EXP 	Stim_RightScreenInstruction: autoDraw = True
58.8981 	EXP 	Stim: autoDraw = False
58.8981 	EXP 	Stim_LeftScreenInstruction: autoDraw = False
58.8981 	EXP 	Stim_RightScreenInstruction: autoDraw = False
58.8981 	EXP 	Stim: autoDraw = False
58.8981 	EXP 	Stim_LeftScreenInstruction: autoDraw = False
58.8981 	EXP 	Stim_RightScreenInstruction: autoDraw = False
58.8981 	EXP 	Feedback: foreColor = <psychopy.colors.Color: yellow, alpha=1.0>
58.8981 	EXP 	Fix: autoDraw = True
59.3921 	EXP 	Feedback: autoDraw = True
59.4172 	EXP 	Fix: autoDraw = False
60.8982 	INFO 	Keyboard events cleared
60.8981 	EXP 	Feedback: autoDraw = False
60.8981 	EXP 	Fix: autoDraw = False
60.8981 	EXP 	Feedback: autoDraw = False
60.8981 	EXP 	Instructions_Space: autoDraw = True
61.5962 	EXP 	Device response: <KeyPress from None: t=61.589039667043835, value=space, duration=None>
61.6091 	DATA 	Keypress: space
61.6183 	INFO 	Keyboard events cleared
61.6182 	EXP 	Instructions_Space: autoDraw = False
61.6182 	EXP 	Instructions_8: autoDraw = True
61.7286 	EXP 	Device response: <KeyPress from None: t=61.589039667043835, value=space, duration=0.13411483261734247>
70.3630 	EXP 	Device response: <KeyPress from None: t=70.35250937473029, value=space, duration=None>
70.3825 	DATA 	Keypress: space
70.4022 	INFO 	Keyboard events cleared
70.4020 	EXP 	Instructions_8: autoDraw = False
70.4020 	EXP 	Example_Stim: image = 'VM Stimuli/PracticeFO1.bmp'
70.4020 	EXP 	Instructions_9: autoDraw = True
70.4020 	EXP 	Example_Stim: autoDraw = True
70.4020 	EXP 	Example_LeftScreenInstruction: autoDraw = True
70.4020 	EXP 	Example_RightScreenInstruction: autoDraw = True
70.4020 	EXP 	Instructions_12: autoDraw = True
70.4752 	EXP 	Device response: <KeyPress from None: t=70.35250937473029, value=space, duration=0.11226120823994279>
74.7186 	EXP 	Device response: <KeyPress from None: t=74.70645729172975, value=space, duration=None>
74.7297 	DATA 	Keypress: space
74.7424 	INFO 	Keyboard events cleared
74.7423 	EXP 	Instructions_9: autoDraw = False
74.7423 	EXP 	Example_Stim: autoDraw = False
74.7423 	EXP 	Example_LeftScreenInstruction: autoDraw = False
74.7423 	EXP 	Example_RightScreenInstruction: autoDraw = False
74.7423 	EXP 	Instructions_12: autoDraw = False
74.7423 	EXP 	Example_Stim_2: image = 'VM Stimuli/PracticeFO2.bmp'
74.7423 	EXP 	Instructions_21: autoDraw = True
74.7423 	EXP 	One_Back_Example_Stim: autoDraw = True
74.7423 	EXP 	Example_Stim_2: autoDraw = True
74.7423 	EXP 	Example_LeftScreenInstruction_2: autoDraw = True
74.7423 	EXP 	Example_RightScreenInstruction_2: autoDraw = True
74.8120 	EXP 	Device response: <KeyPress from None: t=74.70645729172975, value=space, duration=0.10097558330744505>
76.2007 	EXP 	Device response: <KeyPress from None: t=76.19121337495744, value=space, duration=None>
76.2096 	DATA 	Keypress: space
76.2284 	INFO 	Keyboard events cleared
76.2283 	EXP 	Instructions_21: autoDraw = False
76.2283 	EXP 	One_Back_Example_Stim: autoDraw = False
76.2283 	EXP 	Example_Stim_2: autoDraw = False
76.2283 	EXP 	Example_LeftScreenInstruction_2: autoDraw = False
76.2283 	EXP 	Example_RightScreenInstruction_2: autoDraw = False
76.2283 	EXP 	Example_Stim_3: image = 'VM Stimuli/PracticeFO1.bmp'
76.2283 	EXP 	Instructions_24: autoDraw = True
76.2283 	EXP 	Green_Border: autoDraw = True
76.2283 	EXP 	Two_Back_Example_Stim: autoDraw = True
76.2283 	EXP 	One_Back_Example_Stim_2: autoDraw = True
76.2283 	EXP 	Example_Stim_3: autoDraw = True
76.2283 	EXP 	Example_LeftScreenInstruction_3: autoDraw = True
76.2283 	EXP 	Example_RightScreenInstruction_3: autoDraw = True
76.2758 	EXP 	Device response: <KeyPress from None: t=76.19121337495744, value=space, duration=0.07828612485900521>
77.5773 	EXP 	Device response: <KeyPress from None: t=77.57511579198763, value=space, duration=None>
77.5863 	DATA 	Keypress: space
77.6029 	INFO 	Keyboard events cleared
77.6028 	EXP 	Instructions_24: autoDraw = False
77.6028 	EXP 	Green_Border: autoDraw = False
77.6028 	EXP 	Two_Back_Example_Stim: autoDraw = False
77.6028 	EXP 	One_Back_Example_Stim_2: autoDraw = False
77.6028 	EXP 	Example_Stim_3: autoDraw = False
77.6028 	EXP 	Example_LeftScreenInstruction_3: autoDraw = False
77.6028 	EXP 	Example_RightScreenInstruction_3: autoDraw = False
77.6028 	EXP 	Example_Stim_4: image = 'VM Stimuli/PracticeFO3.bmp'
77.6028 	EXP 	Instructions_25: autoDraw = True
77.6028 	EXP 	Two_Back_Example_Stim_2: autoDraw = True
77.6028 	EXP 	One_Back_Example_Stim_3: autoDraw = True
77.6028 	EXP 	Example_Stim_4: autoDraw = True
77.6028 	EXP 	Example_LeftScreenInstruction_4: autoDraw = True
77.6028 	EXP 	Example_RightScreenInstruction_4: autoDraw = True
77.6401 	EXP 	Device response: <KeyPress from None: t=77.57511579198763, value=space, duration=0.05604183301329613>
78.9509 	EXP 	Device response: <KeyPress from None: t=78.94746004184708, value=space, duration=None>
78.9559 	DATA 	Keypress: space
78.9678 	INFO 	Keyboard events cleared
78.9677 	EXP 	Instructions_25: autoDraw = False
78.9677 	EXP 	Two_Back_Example_Stim_2: autoDraw = False
78.9677 	EXP 	One_Back_Example_Stim_3: autoDraw = False
78.9677 	EXP 	Example_Stim_4: autoDraw = False
78.9677 	EXP 	Example_LeftScreenInstruction_4: autoDraw = False
78.9677 	EXP 	Example_RightScreenInstruction_4: autoDraw = False
78.9677 	EXP 	Instructions_15: autoDraw = True
79.0110 	EXP 	Device response: <KeyPress from None: t=78.94746004184708, value=space, duration=0.056281416211277246>
79.8074 	EXP 	Device response: <KeyPress from None: t=79.8024872080423, value=m, duration=None>
79.8076 	EXP 	Device response: <KeyPress from None: t=79.8024872080423, value=space, duration=None>
79.8179 	DATA 	Keypress: m
79.8194 	DATA 	Keypress: space
79.8362 	INFO 	Keyboard events cleared
79.8361 	EXP 	Instructions_15: autoDraw = False
79.8361 	EXP 	Instructions_32: autoDraw = True
79.8361 	EXP 	Example_Stim_5: autoDraw = True
79.8361 	EXP 	Example_LeftScreenInstruction_5: autoDraw = True
79.8361 	EXP 	Example_RightScreenInstruction_5: autoDraw = True
79.8513 	EXP 	Device response: <KeyPress from None: t=79.8024872080423, value=m, duration=0.045051791705191135>
79.8664 	EXP 	Device response: <KeyPress from None: t=79.8024872080423, value=space, duration=0.05803524982184172>
80.6855 	EXP 	Device response: <KeyPress from None: t=80.68102795770392, value=space, duration=None>
80.6916 	DATA 	Keypress: space
80.7053 	INFO 	Keyboard events cleared
80.7052 	EXP 	Instructions_32: autoDraw = False
80.7052 	EXP 	Example_Stim_5: autoDraw = False
80.7052 	EXP 	Example_LeftScreenInstruction_5: autoDraw = False
80.7052 	EXP 	Example_RightScreenInstruction_5: autoDraw = False
80.7052 	EXP 	Instructions_27: autoDraw = True
80.7052 	EXP 	Example_Stim_6: autoDraw = True
80.7052 	EXP 	Example_LeftScreenInstruction_6: autoDraw = True
80.7052 	EXP 	Example_RightScreenInstruction_6: autoDraw = True
80.7567 	EXP 	Device response: <KeyPress from None: t=80.68102795770392, value=space, duration=0.06550825014710426>
81.5514 	EXP 	Device response: <KeyPress from None: t=81.54612029204145, value=space, duration=None>
81.5567 	DATA 	Keypress: space
81.5691 	INFO 	Keyboard events cleared
81.5690 	EXP 	Instructions_27: autoDraw = False
81.5690 	EXP 	Example_Stim_6: autoDraw = False
81.5690 	EXP 	Example_LeftScreenInstruction_6: autoDraw = False
81.5690 	EXP 	Example_RightScreenInstruction_6: autoDraw = False
81.5690 	EXP 	Instructions_33: autoDraw = True
81.5690 	EXP 	Example_Stim_7: autoDraw = True
81.5690 	EXP 	Example_LeftScreenInstruction_7: autoDraw = True
81.5690 	EXP 	Example_RightScreenInstruction_7: autoDraw = True
81.6349 	EXP 	Device response: <KeyPress from None: t=81.54612029204145, value=space, duration=0.07843670761212707>
82.1265 	EXP 	Device response: <KeyPress from None: t=82.11983045795932, value=space, duration=None>
82.1323 	DATA 	Keypress: space
82.1453 	INFO 	Keyboard events cleared
82.1452 	EXP 	Instructions_33: autoDraw = False
82.1452 	EXP 	Example_Stim_7: autoDraw = False
82.1452 	EXP 	Example_LeftScreenInstruction_7: autoDraw = False
82.1452 	EXP 	Example_RightScreenInstruction_7: autoDraw = False
82.1452 	EXP 	Instructions_26: autoDraw = True
82.1452 	EXP 	One_Back_Example_Stim_4: autoDraw = True
82.1452 	EXP 	Example_Stim_8: autoDraw = True
82.1452 	EXP 	Example_LeftScreenInstruction_8: autoDraw = True
82.1452 	EXP 	Example_RightScreenInstruction_8: autoDraw = True
82.1921 	EXP 	Device response: <KeyPress from None: t=82.11983045795932, value=space, duration=0.06662391684949398>
83.0483 	EXP 	Device response: <KeyPress from None: t=83.0427907500416, value=space, duration=None>
83.0547 	DATA 	Keypress: space
83.0683 	INFO 	Keyboard events cleared
83.0682 	EXP 	Instructions_26: autoDraw = False
83.0682 	EXP 	One_Back_Example_Stim_4: autoDraw = False
83.0682 	EXP 	Example_Stim_8: autoDraw = False
83.0682 	EXP 	Example_LeftScreenInstruction_8: autoDraw = False
83.0682 	EXP 	Example_RightScreenInstruction_8: autoDraw = False
83.0682 	EXP 	Instructions: autoDraw = True
83.0682 	EXP 	Example_Stim_9: autoDraw = True
83.0682 	EXP 	Example_LeftScreenInstruction_9: autoDraw = True
83.0682 	EXP 	Example_RightScreenInstruction_9: autoDraw = True
83.1060 	EXP 	Device response: <KeyPress from None: t=83.0427907500416, value=space, duration=0.054577582981437445>
83.6553 	DATA 	Keypress: space
83.6644 	EXP 	Device response: <KeyPress from None: t=83.65002400008962, value=space, duration=None>
83.6831 	INFO 	Keyboard events cleared
83.6831 	EXP 	Instructions: autoDraw = False
83.6831 	EXP 	Example_Stim_9: autoDraw = False
83.6831 	EXP 	Example_LeftScreenInstruction_9: autoDraw = False
83.6831 	EXP 	Example_RightScreenInstruction_9: autoDraw = False
83.6831 	EXP 	Instructions_28: autoDraw = True
83.6831 	EXP 	Two_Back_Example_Stim_3: autoDraw = True
83.6831 	EXP 	One_Back_Example_Stim_5: autoDraw = True
83.6831 	EXP 	Example_Stim_10: autoDraw = True
83.6831 	EXP 	Example_LeftScreenInstruction_10: autoDraw = True
83.6831 	EXP 	Example_RightScreenInstruction_10: autoDraw = True
83.7434 	EXP 	Device response: <KeyPress from None: t=83.65002400008962, value=space, duration=0.0902843326330185>
85.9353 	EXP 	Device response: <KeyPress from None: t=85.93326770793647, value=space, duration=None>
85.9406 	DATA 	Keypress: space
85.9533 	INFO 	Keyboard events cleared
85.9532 	EXP 	Instructions_28: autoDraw = False
85.9532 	EXP 	Two_Back_Example_Stim_3: autoDraw = False
85.9532 	EXP 	One_Back_Example_Stim_5: autoDraw = False
85.9532 	EXP 	Example_Stim_10: autoDraw = False
85.9532 	EXP 	Example_LeftScreenInstruction_10: autoDraw = False
85.9532 	EXP 	Example_RightScreenInstruction_10: autoDraw = False
85.9532 	EXP 	Instructions_4: autoDraw = True
85.9532 	EXP 	Example_Stim_12: autoDraw = True
85.9532 	EXP 	Example_LeftScreenInstruction_12: autoDraw = True
85.9532 	EXP 	Example_RightScreenInstruction_12: autoDraw = True
85.9796 	EXP 	Device response: <KeyPress from None: t=85.93326770793647, value=space, duration=0.04457254195585847>
86.5018 	EXP 	Device response: <KeyPress from None: t=86.49642325006425, value=space, duration=None>
86.5083 	DATA 	Keypress: space
86.5228 	INFO 	Keyboard events cleared
86.5227 	EXP 	Instructions_4: autoDraw = False
86.5227 	EXP 	Example_Stim_12: autoDraw = False
86.5227 	EXP 	Example_LeftScreenInstruction_12: autoDraw = False
86.5227 	EXP 	Example_RightScreenInstruction_12: autoDraw = False
86.5227 	EXP 	Instructions_29: autoDraw = True
86.5227 	EXP 	Green_Border_2: autoDraw = True
86.5227 	EXP 	Two_Back_Example_Stim_4: autoDraw = True
86.5227 	EXP 	One_Back_Example_Stim_6: autoDraw = True
86.5227 	EXP 	Example_Stim_11: autoDraw = True
86.5227 	EXP 	Example_LeftScreenInstruction_11: autoDraw = True
86.5227 	EXP 	Example_RightScreenInstruction_11: autoDraw = True
86.5727 	EXP 	Device response: <KeyPress from None: t=86.49642325006425, value=space, duration=0.06714937463402748>
87.2886 	EXP 	Device response: <KeyPress from None: t=87.2856276249513, value=space, duration=None>
87.2952 	DATA 	Keypress: space
87.3046 	INFO 	Keyboard events cleared
87.3045 	EXP 	Instructions_29: autoDraw = False
87.3045 	EXP 	Green_Border_2: autoDraw = False
87.3045 	EXP 	Two_Back_Example_Stim_4: autoDraw = False
87.3045 	EXP 	One_Back_Example_Stim_6: autoDraw = False
87.3045 	EXP 	Example_Stim_11: autoDraw = False
87.3045 	EXP 	Example_LeftScreenInstruction_11: autoDraw = False
87.3045 	EXP 	Example_RightScreenInstruction_11: autoDraw = False
87.3045 	EXP 	Instructions_22: autoDraw = True
87.3562 	EXP 	Device response: <KeyPress from None: t=87.2856276249513, value=space, duration=0.06550791673362255>
93.5979 	EXP 	Device response: <KeyPress from None: t=93.59479987481609, value=space, duration=None>
93.6071 	DATA 	Keypress: space
93.6160 	INFO 	Keyboard events cleared
93.6159 	EXP 	Instructions_22: autoDraw = False
93.6159 	EXP 	Instructions_30: autoDraw = True
93.6722 	EXP 	Device response: <KeyPress from None: t=93.59479987481609, value=space, duration=0.06742116715759039>
94.6102 	EXP 	Device response: <KeyPress from None: t=94.60729216691107, value=space, duration=None>
94.6290 	EXP 	Imported PracticeTrials/PracticeTrials3.xlsx as conditions, 5 conditions, 9 params
94.6300 	EXP 	New trial (rep=0, index=0): <Trial 0 (0 in rep 0) data={'ID': 1, 'Weight': 1, 'Nested': None, 'Procedure': 'PracticeTrialsPROC', 'Stimulus': 'VM Stimuli/PracticeFO2.bmp', 'TargetType': 'nontarget', 'CorrectResponse': 'Nontarget', 'StimType': 'NegFace', 'BlockType': '2-Back', 'thisN': 0, 'thisTrialN': 0, 'thisRepN': 0}>
94.6414 	DATA 	Keypress: space
94.6528 	INFO 	Keyboard events cleared
94.6527 	EXP 	Instructions_30: autoDraw = False
94.6527 	EXP 	Stim: image = 'VM Stimuli/PracticeFO2.bmp'
94.6527 	EXP 	Stim: autoDraw = True
94.6527 	EXP 	Stim_LeftScreenInstruction: autoDraw = True
94.6527 	EXP 	Stim_RightScreenInstruction: autoDraw = True
94.7140 	EXP 	Device response: <KeyPress from None: t=94.60729216691107, value=space, duration=0.10118429083377123>
96.6248 	EXP 	Stim: autoDraw = False
96.6248 	EXP 	Stim_LeftScreenInstruction: autoDraw = False
96.6248 	EXP 	Stim_RightScreenInstruction: autoDraw = False
96.6248 	EXP 	Feedback: foreColor = <psychopy.colors.Color: yellow, alpha=1.0>
96.6248 	EXP 	Fix: autoDraw = True
97.1158 	EXP 	Feedback: autoDraw = True
97.1261 	EXP 	Fix: autoDraw = False
98.6013 	EXP 	New trial (rep=0, index=1): <Trial 1 (1 in rep 0) data={'ID': 2, 'Weight': 1, 'Nested': None, 'Procedure': 'PracticeTrialsPROC', 'Stimulus': 'VM Stimuli/PracticeFO4.bmp', 'TargetType': 'nontarget', 'CorrectResponse': 'Nontarget', 'StimType': 'NegFace', 'BlockType': '2-Back', 'thisN': 1, 'thisTrialN': 1, 'thisRepN': 0}>
98.6255 	INFO 	Keyboard events cleared
98.6254 	EXP 	Feedback: autoDraw = False
98.6254 	EXP 	Fix: autoDraw = False
98.6254 	EXP 	Feedback: autoDraw = False
98.6254 	EXP 	Stim: image = 'VM Stimuli/PracticeFO4.bmp'
98.6254 	EXP 	Stim: autoDraw = True
98.6254 	EXP 	Stim_LeftScreenInstruction: autoDraw = True
98.6254 	EXP 	Stim_RightScreenInstruction: autoDraw = True
100.6275 	EXP 	Stim: autoDraw = False
100.6275 	EXP 	Stim_LeftScreenInstruction: autoDraw = False
100.6275 	EXP 	Stim_RightScreenInstruction: autoDraw = False
100.6275 	EXP 	Feedback: foreColor = <psychopy.colors.Color: yellow, alpha=1.0>
100.6275 	EXP 	Fix: autoDraw = True
101.1145 	EXP 	Feedback: autoDraw = True
101.1247 	EXP 	Fix: autoDraw = False
102.6009 	EXP 	New trial (rep=0, index=2): <Trial 2 (2 in rep 0) data={'ID': 3, 'Weight': 1, 'Nested': None, 'Procedure': 'PracticeTrialsPROC', 'Stimulus': 'VM Stimuli/PracticeFO2.bmp', 'TargetType': 'target', 'CorrectResponse': 'Target', 'StimType': 'NegFace', 'BlockType': '2-Back', 'thisN': 2, 'thisTrialN': 2, 'thisRepN': 0}>
102.6233 	INFO 	Keyboard events cleared
102.6231 	EXP 	Feedback: autoDraw = False
102.6231 	EXP 	Fix: autoDraw = False
102.6231 	EXP 	Feedback: autoDraw = False
102.6231 	EXP 	Stim: image = 'VM Stimuli/PracticeFO2.bmp'
102.6231 	EXP 	Stim: autoDraw = True
102.6231 	EXP 	Stim_LeftScreenInstruction: autoDraw = True
102.6231 	EXP 	Stim_RightScreenInstruction: autoDraw = True
104.6281 	EXP 	Stim: autoDraw = False
104.6281 	EXP 	Stim_LeftScreenInstruction: autoDraw = False
104.6281 	EXP 	Stim_RightScreenInstruction: autoDraw = False
104.6281 	EXP 	Feedback: foreColor = <psychopy.colors.Color: yellow, alpha=1.0>
104.6281 	EXP 	Fix: autoDraw = True
105.1094 	EXP 	Feedback: autoDraw = True
105.1326 	EXP 	Fix: autoDraw = False
106.5932 	EXP 	New trial (rep=0, index=3): <Trial 3 (3 in rep 0) data={'ID': 4, 'Weight': 1, 'Nested': None, 'Procedure': 'PracticeTrialsPROC', 'Stimulus': 'VM Stimuli/PracticeFO4.bmp', 'TargetType': 'target', 'CorrectResponse': 'Target', 'StimType': 'NegFace', 'BlockType': '2-Back', 'thisN': 3, 'thisTrialN': 3, 'thisRepN': 0}>
106.6077 	EXP 	Feedback: autoDraw = False
106.6077 	EXP 	Fix: autoDraw = False
106.6077 	EXP 	Feedback: autoDraw = False
106.6077 	EXP 	Stim: image = 'VM Stimuli/PracticeFO4.bmp'
106.6236 	INFO 	Keyboard events cleared
106.6235 	EXP 	Stim: autoDraw = True
106.6235 	EXP 	Stim_LeftScreenInstruction: autoDraw = True
106.6235 	EXP 	Stim_RightScreenInstruction: autoDraw = True
108.6235 	EXP 	Stim: autoDraw = False
108.6235 	EXP 	Stim_LeftScreenInstruction: autoDraw = False
108.6235 	EXP 	Stim_RightScreenInstruction: autoDraw = False
108.6235 	EXP 	Feedback: foreColor = <psychopy.colors.Color: yellow, alpha=1.0>
108.6235 	EXP 	Fix: autoDraw = True
109.1174 	EXP 	Feedback: autoDraw = True
109.1276 	EXP 	Fix: autoDraw = False
110.6104 	EXP 	New trial (rep=0, index=4): <Trial 4 (4 in rep 0) data={'ID': 5, 'Weight': 1, 'Nested': None, 'Procedure': 'PracticeTrialsPROC', 'Stimulus': 'VM Stimuli/PracticeFO1.bmp', 'TargetType': 'nontarget', 'CorrectResponse': 'Nontarget', 'StimType': 'NegFace', 'BlockType': '2-Back', 'thisN': 4, 'thisTrialN': 4, 'thisRepN': 0}>
110.6326 	INFO 	Keyboard events cleared
110.6325 	EXP 	Feedback: autoDraw = False
110.6325 	EXP 	Fix: autoDraw = False
110.6325 	EXP 	Feedback: autoDraw = False
110.6325 	EXP 	Stim: image = 'VM Stimuli/PracticeFO1.bmp'
110.6325 	EXP 	Stim: autoDraw = True
110.6325 	EXP 	Stim_LeftScreenInstruction: autoDraw = True
110.6325 	EXP 	Stim_RightScreenInstruction: autoDraw = True
112.6331 	EXP 	Stim: autoDraw = False
112.6331 	EXP 	Stim_LeftScreenInstruction: autoDraw = False
112.6331 	EXP 	Stim_RightScreenInstruction: autoDraw = False
112.6331 	EXP 	Feedback: foreColor = <psychopy.colors.Color: yellow, alpha=1.0>
112.6331 	EXP 	Fix: autoDraw = True
113.1088 	EXP 	Feedback: autoDraw = True
113.1323 	EXP 	Fix: autoDraw = False
114.6147 	INFO 	Keyboard events cleared
114.6146 	EXP 	Feedback: autoDraw = False
114.6146 	EXP 	Fix: autoDraw = False
114.6146 	EXP 	Feedback: autoDraw = False
114.6146 	EXP 	Instructions_Space: autoDraw = True
115.3349 	EXP 	Device response: <KeyPress from None: t=115.33052970794961, value=space, duration=None>
115.3513 	EXP 	Imported PracticeTrials/PracticeTrials4.xlsx as conditions, 5 conditions, 9 params
115.3518 	EXP 	New trial (rep=0, index=0): <Trial 0 (0 in rep 0) data={'ID': 1, 'Weight': 1, 'Nested': None, 'Procedure': 'PracticeTrialsPROC', 'Stimulus': 'VM Stimuli/Place1.bmp', 'TargetType': 'nontarget', 'CorrectResponse': 'Nontarget', 'StimType': 'Place', 'BlockType': '2-Back', 'thisN': 0, 'thisTrialN': 0, 'thisRepN': 0}>
115.3635 	DATA 	Keypress: space
115.3752 	INFO 	Keyboard events cleared
115.3750 	EXP 	Instructions_Space: autoDraw = False
115.3750 	EXP 	Stim: image = 'VM Stimuli/Place1.bmp'
115.3750 	EXP 	Stim: autoDraw = True
115.3750 	EXP 	Stim_LeftScreenInstruction: autoDraw = True
115.3750 	EXP 	Stim_RightScreenInstruction: autoDraw = True
115.5516 	EXP 	Device response: <KeyPress from None: t=115.33052970794961, value=space, duration=0.21218679193407297>
117.3498 	EXP 	Stim: autoDraw = False
117.3498 	EXP 	Stim_LeftScreenInstruction: autoDraw = False
117.3498 	EXP 	Stim_RightScreenInstruction: autoDraw = False
117.3498 	EXP 	Feedback: foreColor = <psychopy.colors.Color: yellow, alpha=1.0>
117.3498 	EXP 	Fix: autoDraw = True
117.8367 	EXP 	Feedback: autoDraw = True
117.8504 	EXP 	Fix: autoDraw = False
119.3233 	EXP 	New trial (rep=0, index=1): <Trial 1 (1 in rep 0) data={'ID': 2, 'Weight': 1, 'Nested': None, 'Procedure': 'PracticeTrialsPROC', 'Stimulus': 'VM Stimuli/Place5.bmp', 'TargetType': 'nontarget', 'CorrectResponse': 'Nontarget', 'StimType': 'Place', 'BlockType': '2-Back', 'thisN': 1, 'thisTrialN': 1, 'thisRepN': 0}>
119.3461 	INFO 	Keyboard events cleared
119.3461 	EXP 	Feedback: autoDraw = False
119.3461 	EXP 	Fix: autoDraw = False
119.3461 	EXP 	Feedback: autoDraw = False
119.3461 	EXP 	Stim: image = 'VM Stimuli/Place5.bmp'
119.3461 	EXP 	Stim: autoDraw = True
119.3461 	EXP 	Stim_LeftScreenInstruction: autoDraw = True
119.3461 	EXP 	Stim_RightScreenInstruction: autoDraw = True
121.3491 	EXP 	Stim: autoDraw = False
121.3491 	EXP 	Stim_LeftScreenInstruction: autoDraw = False
121.3491 	EXP 	Stim_RightScreenInstruction: autoDraw = False
121.3491 	EXP 	Feedback: foreColor = <psychopy.colors.Color: yellow, alpha=1.0>
121.3491 	EXP 	Fix: autoDraw = True
121.8377 	EXP 	Feedback: autoDraw = True
121.8505 	EXP 	Fix: autoDraw = False
123.3288 	EXP 	New trial (rep=0, index=2): <Trial 2 (2 in rep 0) data={'ID': 3, 'Weight': 1, 'Nested': None, 'Procedure': 'PracticeTrialsPROC', 'Stimulus': 'VM Stimuli/Place1.bmp', 'TargetType': 'target', 'CorrectResponse': 'Target', 'StimType': 'Place', 'BlockType': '2-Back', 'thisN': 2, 'thisTrialN': 2, 'thisRepN': 0}>
123.3497 	INFO 	Keyboard events cleared
123.3496 	EXP 	Feedback: autoDraw = False
123.3496 	EXP 	Fix: autoDraw = False
123.3496 	EXP 	Feedback: autoDraw = False
123.3496 	EXP 	Stim: image = 'VM Stimuli/Place1.bmp'
123.3496 	EXP 	Stim: autoDraw = True
123.3496 	EXP 	Stim_LeftScreenInstruction: autoDraw = True
123.3496 	EXP 	Stim_RightScreenInstruction: autoDraw = True
125.3461 	EXP 	Stim: autoDraw = False
125.3461 	EXP 	Stim_LeftScreenInstruction: autoDraw = False
125.3461 	EXP 	Stim_RightScreenInstruction: autoDraw = False
125.3461 	EXP 	Stim: autoDraw = False
125.3461 	EXP 	Stim_LeftScreenInstruction: autoDraw = False
125.3461 	EXP 	Stim_RightScreenInstruction: autoDraw = False
125.3461 	EXP 	Feedback: foreColor = <psychopy.colors.Color: yellow, alpha=1.0>
125.3461 	EXP 	Fix: autoDraw = True
125.8498 	EXP 	Feedback: autoDraw = True
125.8673 	EXP 	Fix: autoDraw = False
127.3341 	EXP 	New trial (rep=0, index=3): <Trial 3 (3 in rep 0) data={'ID': 4, 'Weight': 1, 'Nested': None, 'Procedure': 'PracticeTrialsPROC', 'Stimulus': 'VM Stimuli/Place6.bmp', 'TargetType': 'nontarget', 'CorrectResponse': 'Nontarget', 'StimType': 'Place', 'BlockType': '2-Back', 'thisN': 3, 'thisTrialN': 3, 'thisRepN': 0}>
127.3564 	INFO 	Keyboard events cleared
127.3563 	EXP 	Feedback: autoDraw = False
127.3563 	EXP 	Fix: autoDraw = False
127.3563 	EXP 	Feedback: autoDraw = False
127.3563 	EXP 	Stim: image = 'VM Stimuli/Place6.bmp'
127.3563 	EXP 	Stim: autoDraw = True
127.3563 	EXP 	Stim_LeftScreenInstruction: autoDraw = True
127.3563 	EXP 	Stim_RightScreenInstruction: autoDraw = True
129.3541 	EXP 	Stim: autoDraw = False
129.3541 	EXP 	Stim_LeftScreenInstruction: autoDraw = False
129.3541 	EXP 	Stim_RightScreenInstruction: autoDraw = False
129.3541 	EXP 	Feedback: foreColor = <psychopy.colors.Color: yellow, alpha=1.0>
129.3541 	EXP 	Fix: autoDraw = True
129.8496 	EXP 	Feedback: autoDraw = True
129.8673 	EXP 	Fix: autoDraw = False
131.3327 	EXP 	New trial (rep=0, index=4): <Trial 4 (4 in rep 0) data={'ID': 5, 'Weight': 1, 'Nested': None, 'Procedure': 'PracticeTrialsPROC', 'Stimulus': 'VM Stimuli/Place1.bmp', 'TargetType': 'target', 'CorrectResponse': 'Target', 'StimType': 'Place', 'BlockType': '2-Back', 'thisN': 4, 'thisTrialN': 4, 'thisRepN': 0}>
131.3531 	INFO 	Keyboard events cleared
131.3530 	EXP 	Feedback: autoDraw = False
131.3530 	EXP 	Fix: autoDraw = False
131.3530 	EXP 	Feedback: autoDraw = False
131.3530 	EXP 	Stim: image = 'VM Stimuli/Place1.bmp'
131.3530 	EXP 	Stim: autoDraw = True
131.3530 	EXP 	Stim_LeftScreenInstruction: autoDraw = True
131.3530 	EXP 	Stim_RightScreenInstruction: autoDraw = True
133.3574 	EXP 	Stim: autoDraw = False
133.3574 	EXP 	Stim_LeftScreenInstruction: autoDraw = False
133.3574 	EXP 	Stim_RightScreenInstruction: autoDraw = False
133.3574 	EXP 	Feedback: foreColor = <psychopy.colors.Color: yellow, alpha=1.0>
133.3574 	EXP 	Fix: autoDraw = True
133.8417 	EXP 	Feedback: autoDraw = True
133.8531 	EXP 	Fix: autoDraw = False
135.3609 	INFO 	Keyboard events cleared
135.3608 	EXP 	Feedback: autoDraw = False
135.3608 	EXP 	Fix: autoDraw = False
135.3608 	EXP 	Feedback: autoDraw = False
135.3608 	EXP 	Instructions_36: autoDraw = True
135.3608 	EXP 	magenta_fixcross: autoDraw = True
135.3608 	EXP 	Instructions_37: autoDraw = True
138.5512 	EXP 	Device response: <KeyPress from None: t=138.54860429186374, value=space, duration=None>
138.5574 	DATA 	Keypress: space
138.5658 	INFO 	Keyboard events cleared
138.5657 	EXP 	Instructions_36: autoDraw = False
138.5657 	EXP 	magenta_fixcross: autoDraw = False
138.5657 	EXP 	Instructions_37: autoDraw = False
138.5657 	EXP 	Instructions_38: autoDraw = True
138.6677 	EXP 	Device response: <KeyPress from None: t=138.54860429186374, value=space, duration=0.10158608295023441>
140.8016 	EXP 	Device response: <KeyPress from None: t=140.7995285000652, value=space, duration=None>
140.8107 	DATA 	Keypress: space
140.8197 	EXP 	Instructions_38: autoDraw = False
140.8197 	EXP 	CueFix_5: autoDraw = True
141.0223 	EXP 	Device response: <KeyPress from None: t=140.7995285000652, value=space, duration=0.21430004201829433>
141.3039 	EXP 	Cue_2Back: autoDraw = True
141.3170 	EXP 	CueFix_5: autoDraw = False
142.8550 	EXP 	Device response: <KeyPress from None: t=142.846005667001, value=escape, duration=None>
142.8597 	DATA 	Keypress: escape
142.9554 	EXP 	Device response: <KeyPress from None: t=142.846005667001, value=escape, duration=0.10164170805364847>
142.9554 	EXP 	EmoNback_Practice: status = STOPPED
142.9668 	EXP 	Cue_2Back: autoDraw = False
142.9669 	EXP 	EmoNback_Practice: status = STOPPED
143.0116 	INFO 	saved data to '/Users/akashrathi/Documents/EDC_tasks/EmoNback/EmoNback_Practice/data/AANNNAAA_1_8.csv'
143.0127 	INFO 	saved data to /Users/akashrathi/Documents/EDC_tasks/EmoNback/EmoNback_Practice/data/AANNNAAA_1_8.psydat
143.1640 	WARNING 	Stopping key buffers but this could be dangerous ifother keyboards rely on the same.
143.1641 	WARNING 	Stopping key buffers but this could be dangerous ifother keyboards rely on the same.
143.1641 	WARNING 	Stopping key buffers but this could be dangerous ifother keyboards rely on the same.
143.1641 	WARNING 	Stopping key buffers but this could be dangerous ifother keyboards rely on the same.
143.1641 	WARNING 	Stopping key buffers but this could be dangerous ifother keyboards rely on the same.
143.1641 	WARNING 	Stopping key buffers but this could be dangerous ifother keyboards rely on the same.
143.1641 	WARNING 	Stopping key buffers but this could be dangerous ifother keyboards rely on the same.
143.1641 	WARNING 	Stopping key buffers but this could be dangerous ifother keyboards rely on the same.
143.1641 	WARNING 	Stopping key buffers but this could be dangerous ifother keyboards rely on the same.
143.1641 	WARNING 	Stopping key buffers but this could be dangerous ifother keyboards rely on the same.
143.1641 	WARNING 	Stopping key buffers but this could be dangerous ifother keyboards rely on the same.
143.1641 	WARNING 	Stopping key buffers but this could be dangerous ifother keyboards rely on the same.
143.1641 	WARNING 	Stopping key buffers but this could be dangerous ifother keyboards rely on the same.
143.1641 	WARNING 	Stopping key buffers but this could be dangerous ifother keyboards rely on the same.
143.1641 	WARNING 	Stopping key buffers but this could be dangerous ifother keyboards rely on the same.
143.1642 	WARNING 	Stopping key buffers but this could be dangerous ifother keyboards rely on the same.
143.1642 	WARNING 	Stopping key buffers but this could be dangerous ifother keyboards rely on the same.
143.1642 	WARNING 	Stopping key buffers but this could be dangerous ifother keyboards rely on the same.
143.1642 	WARNING 	Stopping key buffers but this could be dangerous ifother keyboards rely on the same.
143.1642 	WARNING 	Stopping key buffers but this could be dangerous ifother keyboards rely on the same.
143.1642 	WARNING 	Stopping key buffers but this could be dangerous ifother keyboards rely on the same.
143.1642 	WARNING 	Stopping key buffers but this could be dangerous ifother keyboards rely on the same.
143.1642 	WARNING 	Stopping key buffers but this could be dangerous ifother keyboards rely on the same.
143.1642 	WARNING 	Stopping key buffers but this could be dangerous ifother keyboards rely on the same.
143.1642 	WARNING 	Stopping key buffers but this could be dangerous ifother keyboards rely on the same.
143.1642 	WARNING 	Stopping key buffers but this could be dangerous ifother keyboards rely on the same.
143.1642 	WARNING 	Stopping key buffers but this could be dangerous ifother keyboards rely on the same.
143.1642 	WARNING 	Stopping key buffers but this could be dangerous ifother keyboards rely on the same.
143.1642 	WARNING 	Stopping key buffers but this could be dangerous ifother keyboards rely on the same.
143.1642 	WARNING 	Stopping key buffers but this could be dangerous ifother keyboards rely on the same.
143.1642 	WARNING 	Stopping key buffers but this could be dangerous ifother keyboards rely on the same.
