15.4228 	WARNING 	Monitor specification not found. Creating a temporary one...
15.4326 	WARNING 	User requested fullscreen with size [1728 1117], but screen is actually [2240, 1260]. Using actual size
15.5613 	INFO 	Using renderer 'Apple M1' for graphics
15.5614 	INFO 	OpenGL version supported by driver is 2..
15.5779 	EXP 	Created window1 = Window(allowGUI=False, allowStencil=True, autoLog=True, backendConf=UNKNOWN, backgroundFit=<method-wrapper '__getattribute__' of attributeSetter object at 0x15015e920>, backgroundImage=<method-wrapper '__getattribute__' of attributeSetter object at 0x15015e980>, bitsMode=UNKNOWN, blendMode='avg', bpc=(8, 8, 8), color=array([0, 0, 0]), colorSpace='rgb', depthBits=8, fullscr=True, gamma=None, gammaErrorPolicy='raise', infoMsg=UNKNOWN, lms=UNKNOWN, monitor=<psychopy.monitors.calibTools.Monitor object at 0x14ff6e350>, multiSample=False, name='window1', numSamples=2, pos=[np.float64(0.0), np.float64(0.0)], screen=0, size=array([4480, 2520]), stencilBits=8, stereo=False, title='PsychoPy', units='height', useFBO=True, useRetina=True, viewOri=0.0, viewPos=None, viewScale=None, waitBlanking=True, winType='pyglet')
15.5779 	EXP 	window1: backgroundImage = ''
15.5779 	EXP 	window1: backgroundFit = 'none'
16.0268 	INFO 	keyboard.Keyboard is using ptb backend.
16.0899 	INFO 	keyboard.Keyboard is using ptb backend.
16.1389 	INFO 	keyboard.Keyboard is using ptb backend.
16.1871 	INFO 	keyboard.Keyboard is using ptb backend.
16.2350 	INFO 	keyboard.Keyboard is using ptb backend.
16.2831 	INFO 	keyboard.Keyboard is using ptb backend.
16.3331 	INFO 	keyboard.Keyboard is using ptb backend.
16.3834 	INFO 	keyboard.Keyboard is using ptb backend.
16.4317 	INFO 	keyboard.Keyboard is using ptb backend.
16.4792 	INFO 	keyboard.Keyboard is using ptb backend.
16.5270 	INFO 	keyboard.Keyboard is using ptb backend.
16.5744 	INFO 	keyboard.Keyboard is using ptb backend.
16.6220 	INFO 	keyboard.Keyboard is using ptb backend.
16.6698 	INFO 	keyboard.Keyboard is using ptb backend.
16.7179 	INFO 	keyboard.Keyboard is using ptb backend.
16.7660 	INFO 	keyboard.Keyboard is using ptb backend.
16.8133 	INFO 	keyboard.Keyboard is using ptb backend.
16.8613 	INFO 	keyboard.Keyboard is using ptb backend.
16.9087 	INFO 	keyboard.Keyboard is using ptb backend.
16.9573 	INFO 	keyboard.Keyboard is using ptb backend.
17.0082 	INFO 	keyboard.Keyboard is using ptb backend.
17.0580 	INFO 	keyboard.Keyboard is using ptb backend.
17.1083 	INFO 	keyboard.Keyboard is using ptb backend.
17.1560 	INFO 	keyboard.Keyboard is using ptb backend.
17.2040 	INFO 	keyboard.Keyboard is using ptb backend.
17.2517 	INFO 	keyboard.Keyboard is using ptb backend.
17.2997 	INFO 	keyboard.Keyboard is using ptb backend.
17.3477 	INFO 	keyboard.Keyboard is using ptb backend.
17.3953 	INFO 	keyboard.Keyboard is using ptb backend.
17.4429 	INFO 	keyboard.Keyboard is using ptb backend.
17.4910 	INFO 	keyboard.Keyboard is using ptb backend.
17.4910 	EXP 	EmoNback_Practice: status = STARTED
17.7620 	EXP 	Created Face_image = ImageStim(__class__=<class 'psychopy.visual.image.ImageStim'>, anchor=('center', 'center'), autoLog=True, color=array([1., 1., 1.]), colorSpace='rgb', contrast=1.0, depth=-4.0, draggable=False, flipHoriz=np.False_, flipVert=np.False_, image='VM Stimuli/PracticeNC1.bmp', interpolate=True, mask=None, maskParams=None, name='Face_image', opacity=1, ori=0.0, pos=array([-0.3, -0.1]), size=array([0.3, 0.3]), texRes=128.0, units='height', win=Window(...))
17.7670 	EXP 	Created Place_Image = ImageStim(__class__=<class 'psychopy.visual.image.ImageStim'>, anchor=('center', 'center'), autoLog=True, color=array([1., 1., 1.]), colorSpace='rgb', contrast=1.0, depth=-5.0, draggable=False, flipHoriz=np.False_, flipVert=np.False_, image='VM Stimuli/Place1.bmp', interpolate=True, mask=None, maskParams=None, name='Place_Image', opacity=1, ori=0.0, pos=array([ 0.3, -0.1]), size=array([0.3, 0.3]), texRes=128.0, units='height', win=Window(...))
17.8115 	EXP 	Created TargetImage = ImageStim(__class__=<class 'psychopy.visual.image.ImageStim'>, anchor=('center', 'center'), autoLog=True, color=array([1., 1., 1.]), colorSpace='rgb', contrast=1.0, depth=-3.0, draggable=False, flipHoriz=np.False_, flipVert=np.False_, image='VM Stimuli/PracticeNC1.bmp', interpolate=True, mask=None, maskParams=None, name='TargetImage', opacity=1, ori=0.0, pos=array([0.2, 0. ]), size=array([0.22, 0.22]), texRes=128.0, units='height', win=Window(...))
17.8279 	EXP 	Created TargetImage_2 = ImageStim(__class__=<class 'psychopy.visual.image.ImageStim'>, anchor=('center', 'center'), autoLog=True, color=array([1., 1., 1.]), colorSpace='rgb', contrast=1.0, depth=-2.0, draggable=False, flipHoriz=np.False_, flipVert=np.False_, image='VM Stimuli/PracticeNC1.bmp', interpolate=True, mask=None, maskParams=None, name='TargetImage_2', opacity=1, ori=0.0, pos=array([0., 0.]), size=array([0.22, 0.22]), texRes=128.0, units='height', win=Window(...))
17.8647 	EXP 	Created TargetImage_4 = ImageStim(__class__=<class 'psychopy.visual.image.ImageStim'>, anchor=('center', 'center'), autoLog=True, color=array([1., 1., 1.]), colorSpace='rgb', contrast=1.0, depth=-2.0, draggable=False, flipHoriz=np.False_, flipVert=np.False_, image='VM Stimuli/PracticeNC1.bmp', interpolate=True, mask=None, maskParams=None, name='TargetImage_4', opacity=1, ori=0.0, pos=array([0., 0.]), size=array([0.22, 0.22]), texRes=128.0, units='height', win=Window(...))
17.9105 	EXP 	Created TargetImage_3 = ImageStim(__class__=<class 'psychopy.visual.image.ImageStim'>, anchor=('center', 'center'), autoLog=True, color=array([1., 1., 1.]), colorSpace='rgb', contrast=1.0, depth=-3.0, draggable=False, flipHoriz=np.False_, flipVert=np.False_, image='VM Stimuli/PracticeFO1.bmp', interpolate=True, mask=None, maskParams=None, name='TargetImage_3', opacity=1, ori=0.0, pos=array([0., 0.]), size=array([0.22, 0.22]), texRes=128.0, units='height', win=Window(...))
17.9269 	EXP 	Created TargetImage_5 = ImageStim(__class__=<class 'psychopy.visual.image.ImageStim'>, anchor=('center', 'center'), autoLog=True, color=array([1., 1., 1.]), colorSpace='rgb', contrast=1.0, depth=-3.0, draggable=False, flipHoriz=np.False_, flipVert=np.False_, image='VM Stimuli/PracticeFO1.bmp', interpolate=True, mask=None, maskParams=None, name='TargetImage_5', opacity=1, ori=0.0, pos=array([0., 0.]), size=array([0.22, 0.22]), texRes=128.0, units='height', win=Window(...))
18.0422 	EXP 	Created CueTargetImage_1 = ImageStim(__class__=<class 'psychopy.visual.image.ImageStim'>, anchor=('center', 'center'), autoLog=True, color=array([1., 1., 1.]), colorSpace='rgb', contrast=1.0, depth=-2.0, draggable=False, flipHoriz=np.False_, flipVert=np.False_, image='VM Stimuli/PracticeNC1.bmp', interpolate=True, mask=None, maskParams=None, name='CueTargetImage_1', opacity=1, ori=0.0, pos=array([0.25, 0.  ]), size=array([0.4, 0.4]), texRes=128.0, units='height', win=Window(...))
18.0630 	EXP 	Created Stim = ImageStim(__class__=<class 'psychopy.visual.image.ImageStim'>, anchor=('center', 'center'), autoLog=True, color=array([1., 1., 1.]), colorSpace='rgb', contrast=1.0, depth=-2.0, draggable=False, flipHoriz=np.False_, flipVert=np.False_, image='default.png', interpolate=True, mask=None, maskParams=None, name='Stim', opacity=1, ori=0.0, pos=array([0. , 0.1]), size=array([0.4, 0.4]), texRes=128.0, units='height', win=Window(...))
18.1349 	EXP 	Created CueTargetImage_2 = ImageStim(__class__=<class 'psychopy.visual.image.ImageStim'>, anchor=('center', 'center'), autoLog=True, color=array([1., 1., 1.]), colorSpace='rgb', contrast=1.0, depth=-2.0, draggable=False, flipHoriz=np.False_, flipVert=np.False_, image='VM Stimuli/Place1.bmp', interpolate=True, mask=None, maskParams=None, name='CueTargetImage_2', opacity=1, ori=0.0, pos=array([0.25, 0.  ]), size=array([0.4, 0.4]), texRes=128.0, units='height', win=Window(...))
18.1452 	EXP 	Created Stim = ImageStim(__class__=<class 'psychopy.visual.image.ImageStim'>, anchor=('center', 'center'), autoLog=True, color=array([1., 1., 1.]), colorSpace='rgb', contrast=1.0, depth=-2.0, draggable=False, flipHoriz=np.False_, flipVert=np.False_, image='default.png', interpolate=True, mask=None, maskParams=None, name='Stim', opacity=1, ori=0.0, pos=array([0. , 0.1]), size=array([0.4, 0.4]), texRes=128.0, units='height', win=Window(...))
18.2032 	EXP 	Created Example_Stim = ImageStim(__class__=<class 'psychopy.visual.image.ImageStim'>, anchor=('center', 'center'), autoLog=True, color=array([1., 1., 1.]), colorSpace='rgb', contrast=1.0, depth=-2.0, draggable=False, flipHoriz=np.False_, flipVert=np.False_, image='default.png', interpolate=True, mask=None, maskParams=None, name='Example_Stim', opacity=1, ori=0.0, pos=array([0., 0.]), size=array([0.22, 0.22]), texRes=128.0, units='height', win=Window(...))
18.2343 	EXP 	Created One_Back_Example_Stim = ImageStim(__class__=<class 'psychopy.visual.image.ImageStim'>, anchor=('center', 'center'), autoLog=True, color=array([1., 1., 1.]), colorSpace='rgb', contrast=1.0, depth=-2.0, draggable=False, flipHoriz=np.False_, flipVert=np.False_, image='VM Stimuli/PracticeFO1.bmp', interpolate=True, mask=None, maskParams=None, name='One_Back_Example_Stim', opacity=1, ori=0.0, pos=array([-0.3,  0. ]), size=array([0.15, 0.15]), texRes=128.0, units='height', win=Window(...))
18.2375 	EXP 	Created Example_Stim_2 = ImageStim(__class__=<class 'psychopy.visual.image.ImageStim'>, anchor=('center', 'center'), autoLog=True, color=array([1., 1., 1.]), colorSpace='rgb', contrast=1.0, depth=-3.0, draggable=False, flipHoriz=np.False_, flipVert=np.False_, image='default.png', interpolate=True, mask=None, maskParams=None, name='Example_Stim_2', opacity=1, ori=0.0, pos=array([0., 0.]), size=array([0.22, 0.22]), texRes=128.0, units='height', win=Window(...))
18.2594 	EXP 	Created Green_Border = Rect(__class__=<class 'psychopy.visual.rect.Rect'>, anchor=('center', 'center'), autoDraw=False, autoLog=True, closeShape=True, color=method-wrapper(...), colorSpace='rgb', contrast=None, depth=-2.0, draggable=False, fillColor=array([-0.60784314,  0.60784314, -0.60784314]), fillColorSpace='rgb', fillRGB=array([-0.60784314,  0.60784314, -0.60784314]), interpolate=True, lineColor=array([-0.60784314,  0.60784314, -0.60784314]), lineColorSpace='rgb', lineRGB=array([-0.60784314,  0.60784314, -0.60784314]), lineWidth=1.0, name='Green_Border', opacity=1.0, ori=0.0, pos=array([-0.5,  0. ]), size=array([0.15, 0.15]), units='height', vertices=ndarray(...), win=Window(...))
18.2614 	EXP 	Created Two_Back_Example_Stim = ImageStim(__class__=<class 'psychopy.visual.image.ImageStim'>, anchor=('center', 'center'), autoLog=True, color=array([1., 1., 1.]), colorSpace='rgb', contrast=1.0, depth=-3.0, draggable=False, flipHoriz=np.False_, flipVert=np.False_, image='VM Stimuli/PracticeFO1.bmp', interpolate=True, mask=None, maskParams=None, name='Two_Back_Example_Stim', opacity=1, ori=0.0, pos=array([-0.5,  0. ]), size=array([0.13, 0.13]), texRes=128.0, units='height', win=Window(...))
18.2662 	EXP 	Created One_Back_Example_Stim_2 = ImageStim(__class__=<class 'psychopy.visual.image.ImageStim'>, anchor=('center', 'center'), autoLog=True, color=array([1., 1., 1.]), colorSpace='rgb', contrast=1.0, depth=-4.0, draggable=False, flipHoriz=np.False_, flipVert=np.False_, image='VM Stimuli/PracticeFO2.bmp', interpolate=True, mask=None, maskParams=None, name='One_Back_Example_Stim_2', opacity=1, ori=0.0, pos=array([-0.3,  0. ]), size=array([0.15, 0.15]), texRes=128.0, units='height', win=Window(...))
18.2694 	EXP 	Created Example_Stim_3 = ImageStim(__class__=<class 'psychopy.visual.image.ImageStim'>, anchor=('center', 'center'), autoLog=True, color=array([1., 1., 1.]), colorSpace='rgb', contrast=1.0, depth=-5.0, draggable=False, flipHoriz=np.False_, flipVert=np.False_, image='default.png', interpolate=True, mask=None, maskParams=None, name='Example_Stim_3', opacity=1, ori=0.0, pos=array([0., 0.]), size=array([0.22, 0.22]), texRes=128.0, units='height', win=Window(...))
18.2926 	EXP 	Created Two_Back_Example_Stim_2 = ImageStim(__class__=<class 'psychopy.visual.image.ImageStim'>, anchor=('center', 'center'), autoLog=True, color=array([1., 1., 1.]), colorSpace='rgb', contrast=1.0, depth=-2.0, draggable=False, flipHoriz=np.False_, flipVert=np.False_, image='VM Stimuli/PracticeFO2.bmp', interpolate=True, mask=None, maskParams=None, name='Two_Back_Example_Stim_2', opacity=1, ori=0.0, pos=array([-0.5,  0. ]), size=array([0.13, 0.13]), texRes=128.0, units='height', win=Window(...))
18.2945 	EXP 	Created One_Back_Example_Stim_3 = ImageStim(__class__=<class 'psychopy.visual.image.ImageStim'>, anchor=('center', 'center'), autoLog=True, color=array([1., 1., 1.]), colorSpace='rgb', contrast=1.0, depth=-3.0, draggable=False, flipHoriz=np.False_, flipVert=np.False_, image='VM Stimuli/PracticeFO1.bmp', interpolate=True, mask=None, maskParams=None, name='One_Back_Example_Stim_3', opacity=1, ori=0.0, pos=array([-0.3,  0. ]), size=array([0.15, 0.15]), texRes=128.0, units='height', win=Window(...))
18.2977 	EXP 	Created Example_Stim_4 = ImageStim(__class__=<class 'psychopy.visual.image.ImageStim'>, anchor=('center', 'center'), autoLog=True, color=array([1., 1., 1.]), colorSpace='rgb', contrast=1.0, depth=-4.0, draggable=False, flipHoriz=np.False_, flipVert=np.False_, image='default.png', interpolate=True, mask=None, maskParams=None, name='Example_Stim_4', opacity=1, ori=0.0, pos=array([0., 0.]), size=array([0.22, 0.22]), texRes=128.0, units='height', win=Window(...))
18.3323 	EXP 	Created Example_Stim_5 = ImageStim(__class__=<class 'psychopy.visual.image.ImageStim'>, anchor=('center', 'center'), autoLog=True, color=array([1., 1., 1.]), colorSpace='rgb', contrast=1.0, depth=-2.0, draggable=False, flipHoriz=np.False_, flipVert=np.False_, image='VM Stimuli/PracticeFO2.bmp', interpolate=True, mask=None, maskParams=None, name='Example_Stim_5', opacity=1, ori=0.0, pos=array([0., 0.]), size=array([0.3, 0.3]), texRes=128.0, units='height', win=Window(...))
18.3554 	EXP 	Created Example_Stim_6 = ImageStim(__class__=<class 'psychopy.visual.image.ImageStim'>, anchor=('center', 'center'), autoLog=True, color=array([1., 1., 1.]), colorSpace='rgb', contrast=1.0, depth=-2.0, draggable=False, flipHoriz=np.False_, flipVert=np.False_, image='VM Stimuli/PracticeFO2.bmp', interpolate=True, mask=None, maskParams=None, name='Example_Stim_6', opacity=1, ori=0.0, pos=array([0., 0.]), size=array([0.3, 0.3]), texRes=128.0, units='height', win=Window(...))
18.3781 	EXP 	Created Example_Stim_7 = ImageStim(__class__=<class 'psychopy.visual.image.ImageStim'>, anchor=('center', 'center'), autoLog=True, color=array([1., 1., 1.]), colorSpace='rgb', contrast=1.0, depth=-2.0, draggable=False, flipHoriz=np.False_, flipVert=np.False_, image='VM Stimuli/PracticeFO3.bmp', interpolate=True, mask=None, maskParams=None, name='Example_Stim_7', opacity=1, ori=0.0, pos=array([0., 0.]), size=array([0.3, 0.3]), texRes=128.0, units='height', win=Window(...))
18.4011 	EXP 	Created One_Back_Example_Stim_4 = ImageStim(__class__=<class 'psychopy.visual.image.ImageStim'>, anchor=('center', 'center'), autoLog=True, color=array([1., 1., 1.]), colorSpace='rgb', contrast=1.0, depth=-2.0, draggable=False, flipHoriz=np.False_, flipVert=np.False_, image='VM Stimuli/PracticeFO2.bmp', interpolate=True, mask=None, maskParams=None, name='One_Back_Example_Stim_4', opacity=1, ori=0.0, pos=array([-0.3,  0. ]), size=array([0.15, 0.15]), texRes=128.0, units='height', win=Window(...))
18.4028 	EXP 	Created Example_Stim_8 = ImageStim(__class__=<class 'psychopy.visual.image.ImageStim'>, anchor=('center', 'center'), autoLog=True, color=array([1., 1., 1.]), colorSpace='rgb', contrast=1.0, depth=-3.0, draggable=False, flipHoriz=np.False_, flipVert=np.False_, image='VM Stimuli/PracticeFO3.bmp', interpolate=True, mask=None, maskParams=None, name='Example_Stim_8', opacity=1, ori=0.0, pos=array([0., 0.]), size=array([0.3, 0.3]), texRes=128.0, units='height', win=Window(...))
18.4287 	EXP 	Created Example_Stim_9 = ImageStim(__class__=<class 'psychopy.visual.image.ImageStim'>, anchor=('center', 'center'), autoLog=True, color=array([1., 1., 1.]), colorSpace='rgb', contrast=1.0, depth=-2.0, draggable=False, flipHoriz=np.False_, flipVert=np.False_, image='VM Stimuli/PracticeFO1.bmp', interpolate=True, mask=None, maskParams=None, name='Example_Stim_9', opacity=1, ori=0.0, pos=array([0., 0.]), size=array([0.3, 0.3]), texRes=128.0, units='height', win=Window(...))
18.4525 	EXP 	Created Two_Back_Example_Stim_3 = ImageStim(__class__=<class 'psychopy.visual.image.ImageStim'>, anchor=('center', 'center'), autoLog=True, color=array([1., 1., 1.]), colorSpace='rgb', contrast=1.0, depth=-2.0, draggable=False, flipHoriz=np.False_, flipVert=np.False_, image='VM Stimuli/PracticeFO2.bmp', interpolate=True, mask=None, maskParams=None, name='Two_Back_Example_Stim_3', opacity=1, ori=0.0, pos=array([-0.5,  0. ]), size=array([0.15, 0.15]), texRes=128.0, units='height', win=Window(...))
18.4543 	EXP 	Created One_Back_Example_Stim_5 = ImageStim(__class__=<class 'psychopy.visual.image.ImageStim'>, anchor=('center', 'center'), autoLog=True, color=array([1., 1., 1.]), colorSpace='rgb', contrast=1.0, depth=-3.0, draggable=False, flipHoriz=np.False_, flipVert=np.False_, image='VM Stimuli/PracticeFO3.bmp', interpolate=True, mask=None, maskParams=None, name='One_Back_Example_Stim_5', opacity=1, ori=0.0, pos=array([-0.3,  0. ]), size=array([0.15, 0.15]), texRes=128.0, units='height', win=Window(...))
18.4560 	EXP 	Created Example_Stim_10 = ImageStim(__class__=<class 'psychopy.visual.image.ImageStim'>, anchor=('center', 'center'), autoLog=True, color=array([1., 1., 1.]), colorSpace='rgb', contrast=1.0, depth=-4.0, draggable=False, flipHoriz=np.False_, flipVert=np.False_, image='VM Stimuli/PracticeFO1.bmp', interpolate=True, mask=None, maskParams=None, name='Example_Stim_10', opacity=1, ori=0.0, pos=array([0., 0.]), size=array([0.3, 0.3]), texRes=128.0, units='height', win=Window(...))
18.4790 	EXP 	Created Example_Stim_12 = ImageStim(__class__=<class 'psychopy.visual.image.ImageStim'>, anchor=('center', 'center'), autoLog=True, color=array([1., 1., 1.]), colorSpace='rgb', contrast=1.0, depth=-2.0, draggable=False, flipHoriz=np.False_, flipVert=np.False_, image='VM Stimuli/PracticeFO3.bmp', interpolate=True, mask=None, maskParams=None, name='Example_Stim_12', opacity=1, ori=0.0, pos=array([0., 0.]), size=array([0.3, 0.3]), texRes=128.0, units='height', win=Window(...))
18.5006 	EXP 	Created Green_Border_2 = Rect(__class__=<class 'psychopy.visual.rect.Rect'>, anchor=('center', 'center'), autoDraw=False, autoLog=True, closeShape=True, color=method-wrapper(...), colorSpace='rgb', contrast=None, depth=-2.0, draggable=False, fillColor=array([-0.60784314,  0.60784314, -0.60784314]), fillColorSpace='rgb', fillRGB=array([-0.60784314,  0.60784314, -0.60784314]), interpolate=True, lineColor=array([-0.60784314,  0.60784314, -0.60784314]), lineColorSpace='rgb', lineRGB=array([-0.60784314,  0.60784314, -0.60784314]), lineWidth=1.0, name='Green_Border_2', opacity=1.0, ori=0.0, pos=array([-0.5,  0. ]), size=array([0.15, 0.15]), units='height', vertices=ndarray(...), win=Window(...))
18.5027 	EXP 	Created Two_Back_Example_Stim_4 = ImageStim(__class__=<class 'psychopy.visual.image.ImageStim'>, anchor=('center', 'center'), autoLog=True, color=array([1., 1., 1.]), colorSpace='rgb', contrast=1.0, depth=-3.0, draggable=False, flipHoriz=np.False_, flipVert=np.False_, image='VM Stimuli/PracticeFO3.bmp', interpolate=True, mask=None, maskParams=None, name='Two_Back_Example_Stim_4', opacity=1, ori=0.0, pos=array([-0.5,  0. ]), size=array([0.13, 0.13]), texRes=128.0, units='height', win=Window(...))
18.5045 	EXP 	Created One_Back_Example_Stim_6 = ImageStim(__class__=<class 'psychopy.visual.image.ImageStim'>, anchor=('center', 'center'), autoLog=True, color=array([1., 1., 1.]), colorSpace='rgb', contrast=1.0, depth=-4.0, draggable=False, flipHoriz=np.False_, flipVert=np.False_, image='VM Stimuli/PracticeFO1.bmp', interpolate=True, mask=None, maskParams=None, name='One_Back_Example_Stim_6', opacity=1, ori=0.0, pos=array([-0.3,  0. ]), size=array([0.15, 0.15]), texRes=128.0, units='height', win=Window(...))
18.5062 	EXP 	Created Example_Stim_11 = ImageStim(__class__=<class 'psychopy.visual.image.ImageStim'>, anchor=('center', 'center'), autoLog=True, color=array([1., 1., 1.]), colorSpace='rgb', contrast=1.0, depth=-5.0, draggable=False, flipHoriz=np.False_, flipVert=np.False_, image='VM Stimuli/PracticeFO3.bmp', interpolate=True, mask=None, maskParams=None, name='Example_Stim_11', opacity=1, ori=0.0, pos=array([0., 0.]), size=array([0.3, 0.3]), texRes=128.0, units='height', win=Window(...))
18.5439 	EXP 	Created Stim = ImageStim(__class__=<class 'psychopy.visual.image.ImageStim'>, anchor=('center', 'center'), autoLog=True, color=array([1., 1., 1.]), colorSpace='rgb', contrast=1.0, depth=-2.0, draggable=False, flipHoriz=np.False_, flipVert=np.False_, image='default.png', interpolate=True, mask=None, maskParams=None, name='Stim', opacity=1, ori=0.0, pos=array([0. , 0.1]), size=array([0.4, 0.4]), texRes=128.0, units='height', win=Window(...))
18.5819 	EXP 	Created Stim = ImageStim(__class__=<class 'psychopy.visual.image.ImageStim'>, anchor=('center', 'center'), autoLog=True, color=array([1., 1., 1.]), colorSpace='rgb', contrast=1.0, depth=-2.0, draggable=False, flipHoriz=np.False_, flipVert=np.False_, image='default.png', interpolate=True, mask=None, maskParams=None, name='Stim', opacity=1, ori=0.0, pos=array([0. , 0.1]), size=array([0.4, 0.4]), texRes=128.0, units='height', win=Window(...))
18.8966 	EXP 	Created Stim = ImageStim(__class__=<class 'psychopy.visual.image.ImageStim'>, anchor=('center', 'center'), autoLog=True, color=array([1., 1., 1.]), colorSpace='rgb', contrast=1.0, depth=-2.0, draggable=False, flipHoriz=np.False_, flipVert=np.False_, image='default.png', interpolate=True, mask=None, maskParams=None, name='Stim', opacity=1, ori=0.0, pos=array([0. , 0.1]), size=array([0.4, 0.4]), texRes=128.0, units='height', win=Window(...))
18.9411 	EXP 	Created CueTargetImage_6 = ImageStim(__class__=<class 'psychopy.visual.image.ImageStim'>, anchor=('center', 'center'), autoLog=True, color=array([1., 1., 1.]), colorSpace='rgb', contrast=1.0, depth=-2.0, draggable=False, flipHoriz=np.False_, flipVert=np.False_, image='VM Stimuli/Place3.bmp', interpolate=True, mask=None, maskParams=None, name='CueTargetImage_6', opacity=1, ori=0.0, pos=array([0.25, 0.  ]), size=array([0.4, 0.4]), texRes=128.0, units='height', win=Window(...))
18.9514 	EXP 	Created Stim = ImageStim(__class__=<class 'psychopy.visual.image.ImageStim'>, anchor=('center', 'center'), autoLog=True, color=array([1., 1., 1.]), colorSpace='rgb', contrast=1.0, depth=-2.0, draggable=False, flipHoriz=np.False_, flipVert=np.False_, image='default.png', interpolate=True, mask=None, maskParams=None, name='Stim', opacity=1, ori=0.0, pos=array([0. , 0.1]), size=array([0.4, 0.4]), texRes=128.0, units='height', win=Window(...))
18.9955 	EXP 	Created Stim = ImageStim(__class__=<class 'psychopy.visual.image.ImageStim'>, anchor=('center', 'center'), autoLog=True, color=array([1., 1., 1.]), colorSpace='rgb', contrast=1.0, depth=-2.0, draggable=False, flipHoriz=np.False_, flipVert=np.False_, image='default.png', interpolate=True, mask=None, maskParams=None, name='Stim', opacity=1, ori=0.0, pos=array([0. , 0.1]), size=array([0.4, 0.4]), texRes=128.0, units='height', win=Window(...))
19.0407 	EXP 	Created CueTargetImage_8 = ImageStim(__class__=<class 'psychopy.visual.image.ImageStim'>, anchor=('center', 'center'), autoLog=True, color=array([1., 1., 1.]), colorSpace='rgb', contrast=1.0, depth=-2.0, draggable=False, flipHoriz=np.False_, flipVert=np.False_, image='VM Stimuli/PracticeNC2.bmp', interpolate=True, mask=None, maskParams=None, name='CueTargetImage_8', opacity=1, ori=0.0, pos=array([0.25, 0.  ]), size=array([0.4, 0.4]), texRes=128.0, units='height', win=Window(...))
19.0511 	EXP 	Created Stim = ImageStim(__class__=<class 'psychopy.visual.image.ImageStim'>, anchor=('center', 'center'), autoLog=True, color=array([1., 1., 1.]), colorSpace='rgb', contrast=1.0, depth=-2.0, draggable=False, flipHoriz=np.False_, flipVert=np.False_, image='default.png', interpolate=True, mask=None, maskParams=None, name='Stim', opacity=1, ori=0.0, pos=array([0. , 0.1]), size=array([0.4, 0.4]), texRes=128.0, units='height', win=Window(...))
0.0359 	EXP 	NbackTitle: autoLog = True
0.0359 	EXP 	Instructions_1: autoLog = True
0.0359 	EXP 	Label_faces: autoLog = True
0.0359 	EXP 	Places_label: autoLog = True
0.0359 	EXP 	Instructions_5pt5: autoLog = True
0.0359 	EXP 	Instructions_6: autoLog = True
0.0359 	EXP 	Instructions_6_Target: autoLog = True
0.0359 	EXP 	Instructions_7: autoLog = True
0.0359 	EXP 	Instructions_6_Match_2: autoLog = True
0.0359 	EXP 	Instructions_13: autoLog = True
0.0359 	EXP 	Instructions_6_Match_4: autoLog = True
0.0359 	EXP 	Instructions_6_Match_6: autoLog = True
0.0359 	EXP 	Instructions_10: autoLog = True
0.0359 	EXP 	Instructions_6_Match_3: autoLog = True
0.0359 	EXP 	Instructions_14: autoLog = True
0.0359 	EXP 	Instructions_6_Match_5: autoLog = True
0.0359 	EXP 	Instructions_6_Match_7: autoLog = True
0.0359 	EXP 	Instructions_6pt2: autoLog = True
0.0359 	EXP 	CueFix_1: autoLog = True
0.0359 	EXP 	CueTarget_1: autoLog = True
0.0359 	EXP 	Zero_back: autoLog = True
0.0359 	EXP 	Stim_LeftScreenInstruction: autoLog = True
0.0359 	EXP 	Stim_RightScreenInstruction: autoLog = True
0.0359 	EXP 	Fix: autoLog = True
0.0359 	EXP 	Feedback: autoLog = True
0.0359 	EXP 	Instructions_Space: autoLog = True
0.0359 	EXP 	CueFix_2: autoLog = True
0.0359 	EXP 	CueTarget_2: autoLog = True
0.0359 	EXP 	Zero_back_2: autoLog = True
0.0359 	EXP 	Stim_LeftScreenInstruction: autoLog = True
0.0359 	EXP 	Stim_RightScreenInstruction: autoLog = True
0.0359 	EXP 	Fix: autoLog = True
0.0359 	EXP 	Feedback: autoLog = True
0.0359 	EXP 	Instructions_Space: autoLog = True
0.0359 	EXP 	Instructions_8: autoLog = True
0.0359 	EXP 	Instructions_9: autoLog = True
0.0359 	EXP 	Example_LeftScreenInstruction: autoLog = True
0.0359 	EXP 	Example_RightScreenInstruction: autoLog = True
0.0359 	EXP 	Instructions_12: autoLog = True
0.0359 	EXP 	Instructions_21: autoLog = True
0.0359 	EXP 	Example_LeftScreenInstruction_2: autoLog = True
0.0359 	EXP 	Example_RightScreenInstruction_2: autoLog = True
0.0359 	EXP 	Instructions_24: autoLog = True
0.0359 	EXP 	Example_LeftScreenInstruction_3: autoLog = True
0.0359 	EXP 	Example_RightScreenInstruction_3: autoLog = True
0.0359 	EXP 	Instructions_25: autoLog = True
0.0359 	EXP 	Example_LeftScreenInstruction_4: autoLog = True
0.0359 	EXP 	Example_RightScreenInstruction_4: autoLog = True
0.0359 	EXP 	Instructions_15: autoLog = True
0.0359 	EXP 	Instructions_32: autoLog = True
0.0359 	EXP 	Example_LeftScreenInstruction_5: autoLog = True
0.0359 	EXP 	Example_RightScreenInstruction_5: autoLog = True
0.0359 	EXP 	Instructions_27: autoLog = True
0.0359 	EXP 	Example_LeftScreenInstruction_6: autoLog = True
0.0359 	EXP 	Example_RightScreenInstruction_6: autoLog = True
0.0359 	EXP 	Instructions_33: autoLog = True
0.0359 	EXP 	Example_LeftScreenInstruction_7: autoLog = True
0.0359 	EXP 	Example_RightScreenInstruction_7: autoLog = True
0.0359 	EXP 	Instructions_26: autoLog = True
0.0359 	EXP 	Example_LeftScreenInstruction_8: autoLog = True
0.0359 	EXP 	Example_RightScreenInstruction_8: autoLog = True
0.0359 	EXP 	Instructions: autoLog = True
0.0359 	EXP 	Example_LeftScreenInstruction_9: autoLog = True
0.0359 	EXP 	Example_RightScreenInstruction_9: autoLog = True
0.0359 	EXP 	Instructions_28: autoLog = True
0.0359 	EXP 	Example_LeftScreenInstruction_10: autoLog = True
0.0359 	EXP 	Example_RightScreenInstruction_10: autoLog = True
0.0359 	EXP 	Instructions_4: autoLog = True
0.0359 	EXP 	Example_LeftScreenInstruction_12: autoLog = True
0.0359 	EXP 	Example_RightScreenInstruction_12: autoLog = True
0.0359 	EXP 	Instructions_29: autoLog = True
0.0359 	EXP 	Example_LeftScreenInstruction_11: autoLog = True
0.0359 	EXP 	Example_RightScreenInstruction_11: autoLog = True
0.0359 	EXP 	Instructions_22: autoLog = True
0.0359 	EXP 	Instructions_30: autoLog = True
0.0359 	EXP 	Stim_LeftScreenInstruction: autoLog = True
0.0359 	EXP 	Stim_RightScreenInstruction: autoLog = True
0.0359 	EXP 	Fix: autoLog = True
0.0359 	EXP 	Feedback: autoLog = True
0.0359 	EXP 	Instructions_Space: autoLog = True
0.0359 	EXP 	Stim_LeftScreenInstruction: autoLog = True
0.0359 	EXP 	Stim_RightScreenInstruction: autoLog = True
0.0359 	EXP 	Fix: autoLog = True
0.0359 	EXP 	Feedback: autoLog = True
0.0359 	EXP 	Instructions_36: autoLog = True
0.0359 	EXP 	magenta_fixcross: autoLog = True
0.0359 	EXP 	Instructions_37: autoLog = True
0.0359 	EXP 	Instructions_38: autoLog = True
0.0359 	EXP 	CueFix_5: autoLog = True
0.0359 	EXP 	Cue_2Back: autoLog = True
0.0359 	EXP 	Stim_LeftScreenInstruction: autoLog = True
0.0359 	EXP 	Stim_RightScreenInstruction: autoLog = True
0.0359 	EXP 	Fix: autoLog = True
0.0359 	EXP 	Feedback: autoLog = True
0.0359 	EXP 	CueFix_6: autoLog = True
0.0359 	EXP 	CueTarget_6: autoLog = True
0.0359 	EXP 	Zero_back_3: autoLog = True
0.0359 	EXP 	Stim_LeftScreenInstruction: autoLog = True
0.0359 	EXP 	Stim_RightScreenInstruction: autoLog = True
0.0359 	EXP 	Fix: autoLog = True
0.0359 	EXP 	Feedback: autoLog = True
0.0359 	EXP 	CueFix_7: autoLog = True
0.0359 	EXP 	Cue_2Back_2: autoLog = True
0.0359 	EXP 	Stim_LeftScreenInstruction: autoLog = True
0.0359 	EXP 	Stim_RightScreenInstruction: autoLog = True
0.0359 	EXP 	Fix: autoLog = True
0.0359 	EXP 	Feedback: autoLog = True
0.0359 	EXP 	CueFix_8: autoLog = True
0.0359 	EXP 	CueTarget_8: autoLog = True
0.0359 	EXP 	Zero_back_4: autoLog = True
0.0359 	EXP 	Stim_LeftScreenInstruction: autoLog = True
0.0359 	EXP 	Stim_RightScreenInstruction: autoLog = True
0.0359 	EXP 	Fix: autoLog = True
0.0359 	EXP 	Feedback: autoLog = True
0.0359 	EXP 	AllDone: autoLog = True
0.0895 	INFO 	Keyboard events cleared
0.0894 	EXP 	NbackTitle: autoDraw = True
7.1360 	EXP 	Device response: <KeyPress from None: t=6.966826875228435, value=space, duration=None>
7.1363 	EXP 	Device response: <KeyPress from None: t=6.966826875228435, value=space, duration=0.07861295808106661>
7.1415 	DATA 	Keypress: space
7.1552 	INFO 	Keyboard events cleared
7.1551 	EXP 	NbackTitle: autoDraw = False
7.1551 	EXP 	Instructions_1: autoDraw = True
7.1551 	EXP 	Label_faces: autoDraw = True
7.1551 	EXP 	Places_label: autoDraw = True
7.1551 	EXP 	Face_image: autoDraw = True
7.1551 	EXP 	Place_Image: autoDraw = True
8.8380 	EXP 	Device response: <KeyPress from None: t=8.832665374968201, value=space, duration=None>
8.8472 	DATA 	Keypress: space
8.8554 	INFO 	Keyboard events cleared
8.8553 	EXP 	Instructions_1: autoDraw = False
8.8553 	EXP 	Label_faces: autoDraw = False
8.8553 	EXP 	Places_label: autoDraw = False
8.8553 	EXP 	Face_image: autoDraw = False
8.8553 	EXP 	Place_Image: autoDraw = False
8.8553 	EXP 	Instructions_5pt5: autoDraw = True
8.9340 	EXP 	Device response: <KeyPress from None: t=8.832665374968201, value=space, duration=0.09191954135894775>
9.8451 	EXP 	Device response: <KeyPress from None: t=9.835475000087172, value=space, duration=None>
9.8548 	DATA 	Keypress: space
9.8679 	INFO 	Keyboard events cleared
9.8678 	EXP 	Instructions_5pt5: autoDraw = False
9.8678 	EXP 	Instructions_6: autoDraw = True
9.8678 	EXP 	Instructions_6_Target: autoDraw = True
9.8678 	EXP 	TargetImage: autoDraw = True
9.9195 	EXP 	Device response: <KeyPress from None: t=9.835475000087172, value=space, duration=0.07986091589555144>
11.8462 	EXP 	Device response: <KeyPress from None: t=11.837893875315785, value=space, duration=None>
11.8546 	DATA 	Keypress: space
11.8666 	INFO 	Keyboard events cleared
11.8665 	EXP 	Instructions_6: autoDraw = False
11.8665 	EXP 	Instructions_6_Target: autoDraw = False
11.8665 	EXP 	TargetImage: autoDraw = False
11.8665 	EXP 	Instructions_7: autoDraw = True
11.8665 	EXP 	TargetImage_2: autoDraw = True
11.8665 	EXP 	Instructions_6_Match_2: autoDraw = True
11.9239 	EXP 	Device response: <KeyPress from None: t=11.837893875315785, value=space, duration=0.07858037482947111>
15.7921 	EXP 	Device response: <KeyPress from None: t=15.786691708024591, value=space, duration=None>
15.8012 	DATA 	Keypress: space
15.8159 	INFO 	Keyboard events cleared
15.8158 	EXP 	Instructions_7: autoDraw = False
15.8158 	EXP 	TargetImage_2: autoDraw = False
15.8158 	EXP 	Instructions_6_Match_2: autoDraw = False
15.8158 	EXP 	Instructions_13: autoDraw = True
15.8158 	EXP 	TargetImage_4: autoDraw = True
15.8158 	EXP 	Instructions_6_Match_4: autoDraw = True
15.8158 	EXP 	Instructions_6_Match_6: autoDraw = True
15.8662 	EXP 	Device response: <KeyPress from None: t=15.786691708024591, value=space, duration=0.07868579216301441>
21.0240 	EXP 	Device response: <KeyPress from None: t=21.008337125182152, value=space, duration=None>
21.0285 	DATA 	Keypress: space
21.1008 	EXP 	Device response: <KeyPress from None: t=21.008337125182152, value=space, duration=0.08475695783272386>
22.0458 	EXP 	Device response: <KeyPress from None: t=22.041726666036993, value=space, duration=None>
22.0488 	DATA 	Keypress: space
22.1790 	EXP 	Device response: <KeyPress from None: t=22.041726666036993, value=space, duration=0.13490425003692508>
22.6989 	EXP 	Device response: <KeyPress from None: t=22.69409858295694, value=left, duration=None>
22.7762 	DATA 	Keypress: left
22.7883 	INFO 	Keyboard events cleared
22.7881 	EXP 	Instructions_13: autoDraw = False
22.7881 	EXP 	TargetImage_4: autoDraw = False
22.7881 	EXP 	Instructions_6_Match_4: autoDraw = False
22.7881 	EXP 	Instructions_6_Match_6: autoDraw = False
22.7881 	EXP 	Instructions_10: autoDraw = True
22.7881 	EXP 	Instructions_6_Match_3: autoDraw = True
22.7881 	EXP 	TargetImage_3: autoDraw = True
24.2948 	EXP 	Device response: <KeyPress from None: t=24.291199875064194, value=space, duration=None>
24.3028 	DATA 	Keypress: space
24.3174 	INFO 	Keyboard events cleared
24.3173 	EXP 	Instructions_10: autoDraw = False
24.3173 	EXP 	Instructions_6_Match_3: autoDraw = False
24.3173 	EXP 	TargetImage_3: autoDraw = False
24.3173 	EXP 	Instructions_14: autoDraw = True
24.3173 	EXP 	Instructions_6_Match_5: autoDraw = True
24.3173 	EXP 	TargetImage_5: autoDraw = True
24.3173 	EXP 	Instructions_6_Match_7: autoDraw = True
24.3875 	EXP 	Device response: <KeyPress from None: t=24.291199875064194, value=space, duration=0.0894040409475565>
28.0670 	EXP 	Device response: <KeyPress from None: t=28.05963187525049, value=right, duration=None>
28.0712 	DATA 	Keypress: right
28.0786 	INFO 	Keyboard events cleared
28.0785 	EXP 	Instructions_14: autoDraw = False
28.0785 	EXP 	Instructions_6_Match_5: autoDraw = False
28.0785 	EXP 	TargetImage_5: autoDraw = False
28.0785 	EXP 	Instructions_6_Match_7: autoDraw = False
28.0785 	EXP 	Instructions_6pt2: autoDraw = True
28.1575 	EXP 	Device response: <KeyPress from None: t=28.05963187525049, value=right, duration=0.09246341604739428>
28.9137 	EXP 	Device response: <KeyPress from None: t=28.903917000163347, value=space, duration=None>
28.9198 	DATA 	Keypress: space
28.9292 	EXP 	Instructions_6pt2: autoDraw = False
28.9292 	EXP 	CueFix_1: autoDraw = True
29.0061 	EXP 	Device response: <KeyPress from None: t=28.903917000163347, value=space, duration=0.0901529579423368>
29.4279 	EXP 	CueTarget_1: autoDraw = True
29.4279 	EXP 	CueTargetImage_1: autoDraw = True
29.4279 	EXP 	Zero_back: autoDraw = True
29.4415 	EXP 	CueFix_1: autoDraw = False
31.9321 	EXP 	Imported PracticeTrials/PracticeTrials1.xlsx as conditions, 5 conditions, 9 params
31.9331 	EXP 	New trial (rep=0, index=0): <Trial 0 (0 in rep 0) data={'ID': 2, 'Weight': 1, 'Nested': None, 'Procedure': 'PracticeTrialsPROC', 'Stimulus': 'VM Stimuli/PracticeNC2.bmp', 'TargetType': 'nontarget', 'CorrectResponse': 'Nontarget', 'StimType': 'NeutFace', 'BlockType': '0-Back', 'thisN': 0, 'thisTrialN': 0, 'thisRepN': 0}>
31.9843 	INFO 	Keyboard events cleared
31.9842 	EXP 	CueFix_1: autoDraw = False
31.9842 	EXP 	CueTarget_1: autoDraw = False
31.9842 	EXP 	CueTargetImage_1: autoDraw = False
31.9842 	EXP 	Zero_back: autoDraw = False
31.9842 	EXP 	Stim: image = 'VM Stimuli/PracticeNC2.bmp'
31.9842 	EXP 	Stim: autoDraw = True
31.9842 	EXP 	Stim_LeftScreenInstruction: autoDraw = True
31.9842 	EXP 	Stim_RightScreenInstruction: autoDraw = True
32.1493 	EXP 	Device response: <KeyPress from None: t=32.14515983313322, value=escape, duration=None>
32.1518 	DATA 	Keypress: escape
32.2156 	EXP 	Device response: <KeyPress from None: t=32.14515983313322, value=escape, duration=0.0685968748293817>
32.2157 	EXP 	EmoNback_Practice: status = STOPPED
32.2238 	EXP 	Stim: autoDraw = False
32.2238 	EXP 	Stim_LeftScreenInstruction: autoDraw = False
32.2238 	EXP 	Stim_RightScreenInstruction: autoDraw = False
32.2239 	EXP 	EmoNback_Practice: status = STOPPED
32.2310 	INFO 	saved data to '/Users/akashrathi/Documents/EDC_tasks/EmoNback/EmoNback_Practice/data/AANNNAAA_1_7.csv'
32.2328 	INFO 	saved data to /Users/akashrathi/Documents/EDC_tasks/EmoNback/EmoNback_Practice/data/AANNNAAA_1_7.psydat
32.3616 	WARNING 	Stopping key buffers but this could be dangerous ifother keyboards rely on the same.
32.3617 	WARNING 	Stopping key buffers but this could be dangerous ifother keyboards rely on the same.
32.3617 	WARNING 	Stopping key buffers but this could be dangerous ifother keyboards rely on the same.
32.3617 	WARNING 	Stopping key buffers but this could be dangerous ifother keyboards rely on the same.
32.3617 	WARNING 	Stopping key buffers but this could be dangerous ifother keyboards rely on the same.
32.3617 	WARNING 	Stopping key buffers but this could be dangerous ifother keyboards rely on the same.
32.3617 	WARNING 	Stopping key buffers but this could be dangerous ifother keyboards rely on the same.
32.3617 	WARNING 	Stopping key buffers but this could be dangerous ifother keyboards rely on the same.
32.3617 	WARNING 	Stopping key buffers but this could be dangerous ifother keyboards rely on the same.
32.3617 	WARNING 	Stopping key buffers but this could be dangerous ifother keyboards rely on the same.
32.3617 	WARNING 	Stopping key buffers but this could be dangerous ifother keyboards rely on the same.
32.3617 	WARNING 	Stopping key buffers but this could be dangerous ifother keyboards rely on the same.
32.3617 	WARNING 	Stopping key buffers but this could be dangerous ifother keyboards rely on the same.
32.3617 	WARNING 	Stopping key buffers but this could be dangerous ifother keyboards rely on the same.
32.3617 	WARNING 	Stopping key buffers but this could be dangerous ifother keyboards rely on the same.
32.3618 	WARNING 	Stopping key buffers but this could be dangerous ifother keyboards rely on the same.
32.3618 	WARNING 	Stopping key buffers but this could be dangerous ifother keyboards rely on the same.
32.3618 	WARNING 	Stopping key buffers but this could be dangerous ifother keyboards rely on the same.
32.3618 	WARNING 	Stopping key buffers but this could be dangerous ifother keyboards rely on the same.
32.3618 	WARNING 	Stopping key buffers but this could be dangerous ifother keyboards rely on the same.
32.3618 	WARNING 	Stopping key buffers but this could be dangerous ifother keyboards rely on the same.
32.3618 	WARNING 	Stopping key buffers but this could be dangerous ifother keyboards rely on the same.
32.3618 	WARNING 	Stopping key buffers but this could be dangerous ifother keyboards rely on the same.
32.3618 	WARNING 	Stopping key buffers but this could be dangerous ifother keyboards rely on the same.
32.3618 	WARNING 	Stopping key buffers but this could be dangerous ifother keyboards rely on the same.
32.3618 	WARNING 	Stopping key buffers but this could be dangerous ifother keyboards rely on the same.
32.3618 	WARNING 	Stopping key buffers but this could be dangerous ifother keyboards rely on the same.
32.3618 	WARNING 	Stopping key buffers but this could be dangerous ifother keyboards rely on the same.
32.3618 	WARNING 	Stopping key buffers but this could be dangerous ifother keyboards rely on the same.
32.3618 	WARNING 	Stopping key buffers but this could be dangerous ifother keyboards rely on the same.
32.3618 	WARNING 	Stopping key buffers but this could be dangerous ifother keyboards rely on the same.
